#
# There is insufficient memory for the Java Runtime Environment to continue.
# Native memory allocation (mmap) failed to map 27262976 bytes for Failed to commit area from 0x0000000088200000 to 0x0000000089c00000 of length 27262976.
# Possible reasons:
#   The system is out of physical RAM or swap space
#   The process is running with CompressedOops enabled, and the Java Heap may be blocking the growth of the native heap
# Possible solutions:
#   Reduce memory load on the system
#   Increase physical memory or swap space
#   Check if swap backing store is full
#   Decrease Java heap size (-Xmx/-Xms)
#   Decrease number of Java threads
#   Decrease Java thread stack sizes (-Xss)
#   Set larger code cache with -XX:ReservedCodeCacheSize=
#   JVM is running with Unscaled Compressed Oops mode in which the Java heap is
#     placed in the first 4GB address space. The Java Heap base address is the
#     maximum limit for the native heap growth. Please use -XX:HeapBaseMinAddress
#     to set the Java Heap base and to place the Java Heap above 4GB virtual address.
# This output file may be truncated or incomplete.
#
#  Out of Memory Error (./src/hotspot/os/windows/os_windows.cpp:3301), pid=7140, tid=2848
#
# JRE version: OpenJDK Runtime Environment (11.0.11+9) (build 11.0.11+9-b60-7590822)
# Java VM: OpenJDK 64-Bit Server VM (11.0.11+9-b60-7590822, mixed mode, tiered, compressed oops, g1 gc, windows-amd64)
# No core dump will be written. Minidumps are not enabled by default on client versions of Windows
#

---------------  S U M M A R Y ------------

Command Line: --add-opens=java.base/java.util=ALL-UNNAMED --add-opens=java.base/java.lang=ALL-UNNAMED --add-opens=java.base/java.lang.invoke=ALL-UNNAMED --add-opens=java.base/java.util=ALL-UNNAMED --add-opens=java.prefs/java.util.prefs=ALL-UNNAMED --add-opens=java.prefs/java.util.prefs=ALL-UNNAMED --add-opens=java.base/java.nio.charset=ALL-UNNAMED --add-opens=java.base/java.net=ALL-UNNAMED --add-opens=java.base/java.util.concurrent.atomic=ALL-UNNAMED -Xmx2048m -Dfile.encoding=UTF-8 -Duser.country=ZA -Duser.language=en -Duser.variant org.gradle.launcher.daemon.bootstrap.GradleDaemon 7.2

Host: Intel(R) Celeron(R) CPU N3350 @ 1.10GHz, 2 cores, 3G,  Windows 10 , 64 bit Build 19041 (10.0.19041.1645)
Time: Mon May  2 18:07:12 2022 South Africa Standard Time elapsed time: 40.298112 seconds (0d 0h 0m 40s)

---------------  T H R E A D  ---------------

Current thread (0x00000213ba2f1000):  VMThread "VM Thread" [stack: 0x000000f7fe600000,0x000000f7fe700000] [id=2848]

Stack: [0x000000f7fe600000,0x000000f7fe700000]
[error occurred during error reporting (printing stack bounds), id 0xc0000005, EXCEPTION_ACCESS_VIOLATION (0xc0000005) at pc=0x00000213a3f00f3d]

Native frames: (J=compiled Java code, j=interpreted, Vv=VM code, C=native code)
V  [jvm.dll+0x5f214a]
V  [jvm.dll+0x726fb5]
V  [jvm.dll+0x7285cd]
V  [jvm.dll+0x728be5]
V  [jvm.dll+0x728b9b]
V  [jvm.dll+0x5f14e8]
V  [jvm.dll+0x5f1c78]
C  [ntdll.dll+0xa20cf]
C  [ntdll.dll+0x51454]
C  [ntdll.dll+0xa0bfe]
C  0x00000213a3f00f3d

VM_Operation (0x000000f7ff8f74b0): G1CollectForAllocation, mode: safepoint, requested by thread 0x00000213bbbec000


---------------  P R O C E S S  ---------------

Threads class SMR info:
_java_thread_list=0x00000213bd682670, length=56, elements={
0x00000213a03fd000, 0x00000213ba2f4000, 0x00000213ba2ff800, 0x00000213ba352000,
0x00000213ba353000, 0x00000213ba354000, 0x00000213ba358800, 0x00000213ba35f000,
0x00000213bacd8000, 0x00000213badd0800, 0x00000213bc7f2000, 0x00000213bb24b800,
0x00000213bc642000, 0x00000213bc4aa000, 0x00000213bc5e2800, 0x00000213bb168000,
0x00000213bbbec000, 0x00000213bcf23800, 0x00000213bbde0000, 0x00000213bcdc9800,
0x00000213bcdcb000, 0x00000213bcdc5800, 0x00000213bcdcc000, 0x00000213bcdc6000,
0x00000213bcdc7000, 0x00000213bcdc7800, 0x00000213bcdc8800, 0x00000213bcdca000,
0x00000213be8df000, 0x00000213be8e4000, 0x00000213be8e3000, 0x00000213be8e4800,
0x00000213be8e2000, 0x00000213be8e5800, 0x00000213be8e0000, 0x00000213be8ea800,
0x00000213be8eb000, 0x00000213be8ec000, 0x00000213be8e6800, 0x00000213be8ed000,
0x00000213be8e7000, 0x00000213be8e8800, 0x00000213be8e9800, 0x00000213be8ed800,
0x00000213be8e8000, 0x00000213bf0a4000, 0x00000213bf0a2800, 0x00000213bf0a1000,
0x00000213bf0a3800, 0x00000213bf0a5000, 0x00000213bf0a7800, 0x00000213bf0a6000,
0x00000213bf0a6800, 0x00000213bf0a1800, 0x00000213bf0ae000, 0x00000213bf0a8000
}

Java Threads: ( => current thread )
  0x00000213a03fd000 JavaThread "main" [_thread_blocked, id=9224, stack(0x000000f7fe000000,0x000000f7fe100000)]
  0x00000213ba2f4000 JavaThread "Reference Handler" daemon [_thread_blocked, id=8644, stack(0x000000f7fe700000,0x000000f7fe800000)]
  0x00000213ba2ff800 JavaThread "Finalizer" daemon [_thread_blocked, id=32, stack(0x000000f7fe800000,0x000000f7fe900000)]
  0x00000213ba352000 JavaThread "Signal Dispatcher" daemon [_thread_blocked, id=1064, stack(0x000000f7fe900000,0x000000f7fea00000)]
  0x00000213ba353000 JavaThread "Attach Listener" daemon [_thread_blocked, id=1896, stack(0x000000f7fea00000,0x000000f7feb00000)]
  0x00000213ba354000 JavaThread "Service Thread" daemon [_thread_blocked, id=6292, stack(0x000000f7feb00000,0x000000f7fec00000)]
  0x00000213ba358800 JavaThread "C2 CompilerThread0" daemon [_thread_in_native, id=10232, stack(0x000000f7fec00000,0x000000f7fed00000)]
  0x00000213ba35f000 JavaThread "C1 CompilerThread0" daemon [_thread_blocked, id=2776, stack(0x000000f7fed00000,0x000000f7fee00000)]
  0x00000213bacd8000 JavaThread "Sweeper thread" daemon [_thread_blocked, id=9404, stack(0x000000f7fee00000,0x000000f7fef00000)]
  0x00000213badd0800 JavaThread "Common-Cleaner" daemon [_thread_blocked, id=7324, stack(0x000000f7fef00000,0x000000f7ff000000)]
  0x00000213bc7f2000 JavaThread "Daemon health stats" [_thread_blocked, id=3312, stack(0x000000f7ff200000,0x000000f7ff300000)]
  0x00000213bb24b800 JavaThread "Incoming local TCP Connector on port 57114" [_thread_in_native, id=2292, stack(0x000000f7ff300000,0x000000f7ff400000)]
  0x00000213bc642000 JavaThread "Daemon periodic checks" [_thread_blocked, id=6036, stack(0x000000f7ff400000,0x000000f7ff500000)]
  0x00000213bc4aa000 JavaThread "Daemon" [_thread_blocked, id=8760, stack(0x000000f7ff500000,0x000000f7ff600000)]
  0x00000213bc5e2800 JavaThread "Handler for socket connection from /127.0.0.1:57114 to /127.0.0.1:57115" [_thread_in_native, id=2792, stack(0x000000f7ff600000,0x000000f7ff700000)]
  0x00000213bb168000 JavaThread "Cancel handler" [_thread_blocked, id=1844, stack(0x000000f7ff700000,0x000000f7ff800000)]
  0x00000213bbbec000 JavaThread "Daemon worker" [_thread_blocked, id=3880, stack(0x000000f7ff800000,0x000000f7ff900000)]
  0x00000213bcf23800 JavaThread "Asynchronous log dispatcher for DefaultDaemonConnection: socket connection from /127.0.0.1:57114 to /127.0.0.1:57115" [_thread_blocked, id=6732, stack(0x000000f7ff900000,0x000000f7ffa00000)]
  0x00000213bbde0000 JavaThread "Stdin handler" [_thread_blocked, id=6384, stack(0x000000f7ffa00000,0x000000f7ffb00000)]
  0x00000213bcdc9800 JavaThread "Daemon client event forwarder" [_thread_blocked, id=6492, stack(0x000000f7ffb00000,0x000000f7ffc00000)]
  0x00000213bcdcb000 JavaThread "Cache worker for journal cache (C:\Users\Mickley Khoza\.gradle\caches\journal-1)" [_thread_blocked, id=4880, stack(0x000000f7ffc00000,0x000000f7ffd00000)]
  0x00000213bcdc5800 JavaThread "File lock request listener" [_thread_in_native, id=5264, stack(0x000000f7ffd00000,0x000000f7ffe00000)]
  0x00000213bcdcc000 JavaThread "Cache worker for file hash cache (C:\Users\Mickley Khoza\.gradle\caches\7.2\fileHashes)" [_thread_blocked, id=7760, stack(0x000000f7ffe00000,0x000000f7fff00000)]
  0x00000213bcdc6000 JavaThread "Cache worker for file hash cache (C:\Users\Mickley Khoza\AndroidStudioProjects\Practical02\.gradle\7.2\fileHashes)" [_thread_blocked, id=5164, stack(0x000000f7fff00000,0x000000f800000000)]
  0x00000213bcdc7000 JavaThread "File watcher server" daemon [_thread_in_native, id=4100, stack(0x000000f780000000,0x000000f780100000)]
  0x00000213bcdc7800 JavaThread "File watcher consumer" daemon [_thread_blocked, id=532, stack(0x000000f780100000,0x000000f780200000)]
  0x00000213bcdc8800 JavaThread "Cache worker for checksums cache (C:\Users\Mickley Khoza\AndroidStudioProjects\Practical02\.gradle\checksums)" [_thread_blocked, id=10156, stack(0x000000f780200000,0x000000f780300000)]
  0x00000213bcdca000 JavaThread "Cache worker for cache directory md-supplier (C:\Users\Mickley Khoza\.gradle\caches\7.2\md-supplier)" [_thread_blocked, id=7172, stack(0x000000f780300000,0x000000f780400000)]
  0x00000213be8df000 JavaThread "Cache worker for cache directory md-rule (C:\Users\Mickley Khoza\.gradle\caches\7.2\md-rule)" [_thread_blocked, id=2120, stack(0x000000f780400000,0x000000f780500000)]
  0x00000213be8e4000 JavaThread "Cache worker for execution history cache (C:\Users\Mickley Khoza\.gradle\caches\7.2\executionHistory)" [_thread_blocked, id=9432, stack(0x000000f780500000,0x000000f780600000)]
  0x00000213be8e3000 JavaThread "jar transforms" [_thread_blocked, id=5684, stack(0x000000f780600000,0x000000f780700000)]
  0x00000213be8e4800 JavaThread "Cache worker for file content cache (C:\Users\Mickley Khoza\.gradle\caches\7.2\fileContent)" [_thread_blocked, id=6652, stack(0x000000f780700000,0x000000f780800000)]
  0x00000213be8e2000 JavaThread "jar transforms Thread 2" [_thread_blocked, id=10152, stack(0x000000f780800000,0x000000f780900000)]
  0x00000213be8e5800 JavaThread "Cache worker for dependencies-accessors (C:\Users\Mickley Khoza\AndroidStudioProjects\Practical02\.gradle\7.2\dependencies-accessors)" [_thread_blocked, id=8200, stack(0x000000f780900000,0x000000f780a00000)]
  0x00000213be8e0000 JavaThread "Cache worker for Build Output Cleanup Cache (C:\Users\Mickley Khoza\AndroidStudioProjects\Practical02\.gradle\buildOutputCleanup)" [_thread_blocked, id=8684, stack(0x000000f780a00000,0x000000f780b00000)]
  0x00000213be8ea800 JavaThread "Unconstrained build operations" [_thread_blocked, id=2960, stack(0x000000f780b00000,0x000000f780c00000)]
  0x00000213be8eb000 JavaThread "Unconstrained build operations Thread 2" [_thread_blocked, id=7888, stack(0x000000f780c00000,0x000000f780d00000)]
  0x00000213be8ec000 JavaThread "Unconstrained build operations Thread 3" [_thread_blocked, id=7112, stack(0x000000f780d00000,0x000000f780e00000)]
  0x00000213be8e6800 JavaThread "Unconstrained build operations Thread 4" [_thread_blocked, id=280, stack(0x000000f780e00000,0x000000f780f00000)]
  0x00000213be8ed000 JavaThread "Unconstrained build operations Thread 5" [_thread_blocked, id=804, stack(0x000000f780f00000,0x000000f781000000)]
  0x00000213be8e7000 JavaThread "Unconstrained build operations Thread 6" [_thread_blocked, id=7976, stack(0x000000f781000000,0x000000f781100000)]
  0x00000213be8e8800 JavaThread "Unconstrained build operations Thread 7" [_thread_blocked, id=8352, stack(0x000000f781100000,0x000000f781200000)]
  0x00000213be8e9800 JavaThread "Unconstrained build operations Thread 8" [_thread_blocked, id=504, stack(0x000000f781200000,0x000000f781300000)]
  0x00000213be8ed800 JavaThread "Unconstrained build operations Thread 9" [_thread_blocked, id=2372, stack(0x000000f781300000,0x000000f781400000)]
  0x00000213be8e8000 JavaThread "Unconstrained build operations Thread 10" [_thread_blocked, id=10036, stack(0x000000f781400000,0x000000f781500000)]
  0x00000213bf0a4000 JavaThread "Unconstrained build operations Thread 11" [_thread_blocked, id=8924, stack(0x000000f781500000,0x000000f781600000)]
  0x00000213bf0a2800 JavaThread "Unconstrained build operations Thread 12" [_thread_blocked, id=5068, stack(0x000000f781600000,0x000000f781700000)]
  0x00000213bf0a1000 JavaThread "Unconstrained build operations Thread 13" [_thread_blocked, id=9316, stack(0x000000f781700000,0x000000f781800000)]
  0x00000213bf0a3800 JavaThread "Unconstrained build operations Thread 14" [_thread_blocked, id=5460, stack(0x000000f781800000,0x000000f781900000)]
  0x00000213bf0a5000 JavaThread "Unconstrained build operations Thread 15" [_thread_blocked, id=2436, stack(0x000000f781900000,0x000000f781a00000)]
  0x00000213bf0a7800 JavaThread "Unconstrained build operations Thread 16" [_thread_blocked, id=1112, stack(0x000000f781a00000,0x000000f781b00000)]
  0x00000213bf0a6000 JavaThread "Unconstrained build operations Thread 17" [_thread_blocked, id=7992, stack(0x000000f781b00000,0x000000f781c00000)]
  0x00000213bf0a6800 JavaThread "Unconstrained build operations Thread 18" [_thread_blocked, id=3004, stack(0x000000f781c00000,0x000000f781d00000)]
  0x00000213bf0a1800 JavaThread "Unconstrained build operations Thread 19" [_thread_blocked, id=6228, stack(0x000000f781d00000,0x000000f781e00000)]
  0x00000213bf0ae000 JavaThread "Unconstrained build operations Thread 20" [_thread_blocked, id=9856, stack(0x000000f781e00000,0x000000f781f00000)]
  0x00000213bf0a8000 JavaThread "Memory manager" [_thread_blocked, id=6832, stack(0x000000f781f00000,0x000000f782000000)]

Other Threads:
=>0x00000213ba2f1000 VMThread "VM Thread" [stack: 0x000000f7fe600000,0x000000f7fe700000] [id=2848]
  0x00000213bae31800 WatcherThread [stack: 0x000000f7ff000000,0x000000f7ff100000] [id=9500]
  0x00000213a0414800 GCTaskThread "GC Thread#0" [stack: 0x000000f7fe100000,0x000000f7fe200000] [id=2064]
  0x00000213baf50000 GCTaskThread "GC Thread#1" [stack: 0x000000f7ff100000,0x000000f7ff200000] [id=8028]
  0x00000213a0445000 ConcurrentGCThread "G1 Main Marker" [stack: 0x000000f7fe200000,0x000000f7fe300000] [id=10020]
  0x00000213a0449000 ConcurrentGCThread "G1 Conc#0" [stack: 0x000000f7fe300000,0x000000f7fe400000] [id=444]
  0x00000213a0499000 ConcurrentGCThread "G1 Refine#0" [stack: 0x000000f7fe400000,0x000000f7fe500000] [id=2668]
  0x00000213a049a000 ConcurrentGCThread "G1 Young RemSet Sampling" [stack: 0x000000f7fe500000,0x000000f7fe600000] [id=4656]

Threads with active compile tasks:
C2 CompilerThread0  40332 7212       4       java.lang.Class::annotationData (44 bytes)

VM state:at safepoint (normal execution)

VM Mutex/Monitor currently owned by a thread:  ([mutex/lock_event])
[0x00000213a03f9bc0] Threads_lock - owner thread: 0x00000213ba2f1000
[0x00000213a03fa3a0] Heap_lock - owner thread: 0x00000213bbbec000

Heap address: 0x0000000080000000, size: 2048 MB, Compressed Oops mode: 32-bit
Narrow klass base: 0x0000000000000000, Narrow klass shift: 3
Compressed class space size: 1073741824 Address: 0x0000000100000000

Heap:
 garbage-first heap   total 159744K, used 67305K [0x0000000080000000, 0x0000000100000000)
  region size 1024K, 5 young (5120K), 5 survivors (5120K)
 Metaspace       used 74756K, capacity 76384K, committed 76708K, reserved 1116160K
  class space    used 9666K, capacity 10287K, committed 10368K, reserved 1048576K
Heap Regions: E=young(eden), S=young(survivor), O=old, HS=humongous(starts), HC=humongous(continues), CS=collection set, F=free, A=archive, TAMS=top-at-mark-start (previous, next)
|   0|0x0000000080000000, 0x0000000080100000, 0x0000000080100000|100%| O|  |TAMS 0x0000000080100000, 0x0000000080100000| Untracked 
|   1|0x0000000080100000, 0x0000000080200000, 0x0000000080200000|100%| O|  |TAMS 0x0000000080200000, 0x0000000080200000| Untracked 
|   2|0x0000000080200000, 0x0000000080300000, 0x0000000080300000|100%| O|  |TAMS 0x0000000080300000, 0x0000000080300000| Untracked 
|   3|0x0000000080300000, 0x0000000080400000, 0x0000000080400000|100%| O|  |TAMS 0x0000000080400000, 0x0000000080400000| Untracked 
|   4|0x0000000080400000, 0x0000000080500000, 0x0000000080500000|100%|HS|  |TAMS 0x0000000080500000, 0x0000000080500000| Complete 
|   5|0x0000000080500000, 0x0000000080600000, 0x0000000080600000|100%|HC|  |TAMS 0x0000000080600000, 0x0000000080600000| Complete 
|   6|0x0000000080600000, 0x0000000080700000, 0x0000000080700000|100%|HC|  |TAMS 0x0000000080700000, 0x0000000080700000| Complete 
|   7|0x0000000080700000, 0x0000000080800000, 0x0000000080800000|100%| O|  |TAMS 0x0000000080800000, 0x0000000080800000| Untracked 
|   8|0x0000000080800000, 0x0000000080900000, 0x0000000080900000|100%| O|  |TAMS 0x0000000080900000, 0x0000000080900000| Untracked 
|   9|0x0000000080900000, 0x0000000080a00000, 0x0000000080a00000|100%| O|  |TAMS 0x0000000080a00000, 0x0000000080a00000| Untracked 
|  10|0x0000000080a00000, 0x0000000080b00000, 0x0000000080b00000|100%| O|  |TAMS 0x0000000080b00000, 0x0000000080b00000| Untracked 
|  11|0x0000000080b00000, 0x0000000080c00000, 0x0000000080c00000|100%| O|  |TAMS 0x0000000080c00000, 0x0000000080c00000| Untracked 
|  12|0x0000000080c00000, 0x0000000080d00000, 0x0000000080d00000|100%| O|  |TAMS 0x0000000080d00000, 0x0000000080d00000| Untracked 
|  13|0x0000000080d00000, 0x0000000080e00000, 0x0000000080e00000|100%| O|  |TAMS 0x0000000080e00000, 0x0000000080e00000| Untracked 
|  14|0x0000000080e00000, 0x0000000080f00000, 0x0000000080f00000|100%| O|  |TAMS 0x0000000080f00000, 0x0000000080f00000| Untracked 
|  15|0x0000000080f00000, 0x0000000081000000, 0x0000000081000000|100%| O|  |TAMS 0x0000000081000000, 0x0000000081000000| Untracked 
|  16|0x0000000081000000, 0x0000000081100000, 0x0000000081100000|100%| O|  |TAMS 0x0000000081100000, 0x0000000081100000| Untracked 
|  17|0x0000000081100000, 0x0000000081200000, 0x0000000081200000|100%| O|  |TAMS 0x0000000081200000, 0x0000000081200000| Untracked 
|  18|0x0000000081200000, 0x0000000081300000, 0x0000000081300000|100%| O|  |TAMS 0x0000000081300000, 0x0000000081300000| Untracked 
|  19|0x0000000081300000, 0x0000000081400000, 0x0000000081400000|100%| O|  |TAMS 0x0000000081400000, 0x0000000081400000| Untracked 
|  20|0x0000000081400000, 0x0000000081500000, 0x0000000081500000|100%| O|  |TAMS 0x0000000081500000, 0x0000000081500000| Untracked 
|  21|0x0000000081500000, 0x0000000081600000, 0x0000000081600000|100%| O|  |TAMS 0x0000000081600000, 0x0000000081600000| Untracked 
|  22|0x0000000081600000, 0x0000000081700000, 0x0000000081700000|100%| O|  |TAMS 0x0000000081700000, 0x0000000081700000| Untracked 
|  23|0x0000000081700000, 0x0000000081800000, 0x0000000081800000|100%| O|  |TAMS 0x0000000081800000, 0x0000000081800000| Untracked 
|  24|0x0000000081800000, 0x0000000081900000, 0x0000000081900000|100%| O|  |TAMS 0x0000000081900000, 0x0000000081900000| Untracked 
|  25|0x0000000081900000, 0x0000000081a00000, 0x0000000081a00000|100%| O|  |TAMS 0x0000000081a00000, 0x0000000081a00000| Untracked 
|  26|0x0000000081a00000, 0x0000000081b00000, 0x0000000081b00000|100%| O|  |TAMS 0x0000000081b00000, 0x0000000081b00000| Untracked 
|  27|0x0000000081b00000, 0x0000000081c00000, 0x0000000081c00000|100%| O|  |TAMS 0x0000000081c00000, 0x0000000081c00000| Untracked 
|  28|0x0000000081c00000, 0x0000000081d00000, 0x0000000081d00000|100%|HS|  |TAMS 0x0000000081d00000, 0x0000000081d00000| Complete 
|  29|0x0000000081d00000, 0x0000000081e00000, 0x0000000081e00000|100%|HS|  |TAMS 0x0000000081e00000, 0x0000000081e00000| Complete 
|  30|0x0000000081e00000, 0x0000000081f00000, 0x0000000081f00000|100%|HS|  |TAMS 0x0000000081f00000, 0x0000000081f00000| Complete 
|  31|0x0000000081f00000, 0x0000000082000000, 0x0000000082000000|100%|HS|  |TAMS 0x0000000082000000, 0x0000000082000000| Complete 
|  32|0x0000000082000000, 0x0000000082100000, 0x0000000082100000|100%|HS|  |TAMS 0x0000000082100000, 0x0000000082100000| Complete 
|  33|0x0000000082100000, 0x0000000082200000, 0x0000000082200000|100%|HC|  |TAMS 0x0000000082200000, 0x0000000082200000| Complete 
|  34|0x0000000082200000, 0x0000000082300000, 0x0000000082300000|100%|HC|  |TAMS 0x0000000082300000, 0x0000000082300000| Complete 
|  35|0x0000000082300000, 0x0000000082400000, 0x0000000082400000|100%|HS|  |TAMS 0x0000000082400000, 0x0000000082400000| Complete 
|  36|0x0000000082400000, 0x0000000082500000, 0x0000000082500000|100%|HC|  |TAMS 0x0000000082500000, 0x0000000082500000| Complete 
|  37|0x0000000082500000, 0x0000000082600000, 0x0000000082600000|100%| O|  |TAMS 0x0000000082600000, 0x0000000082600000| Untracked 
|  38|0x0000000082600000, 0x0000000082700000, 0x0000000082700000|100%| O|  |TAMS 0x0000000082700000, 0x0000000082700000| Untracked 
|  39|0x0000000082700000, 0x0000000082800000, 0x0000000082800000|100%| O|  |TAMS 0x0000000082800000, 0x0000000082800000| Untracked 
|  40|0x0000000082800000, 0x0000000082900000, 0x0000000082900000|100%| O|  |TAMS 0x0000000082900000, 0x0000000082900000| Untracked 
|  41|0x0000000082900000, 0x0000000082a00000, 0x0000000082a00000|100%| O|  |TAMS 0x0000000082a00000, 0x0000000082a00000| Untracked 
|  42|0x0000000082a00000, 0x0000000082b00000, 0x0000000082b00000|100%| O|  |TAMS 0x0000000082b00000, 0x0000000082b00000| Untracked 
|  43|0x0000000082b00000, 0x0000000082c00000, 0x0000000082c00000|100%| O|  |TAMS 0x0000000082c00000, 0x0000000082c00000| Untracked 
|  44|0x0000000082c00000, 0x0000000082d00000, 0x0000000082d00000|100%| O|  |TAMS 0x0000000082d00000, 0x0000000082d00000| Untracked 
|  45|0x0000000082d00000, 0x0000000082e00000, 0x0000000082e00000|100%| O|  |TAMS 0x0000000082e00000, 0x0000000082e00000| Untracked 
|  46|0x0000000082e00000, 0x0000000082f00000, 0x0000000082f00000|100%| O|  |TAMS 0x0000000082f00000, 0x0000000082f00000| Untracked 
|  47|0x0000000082f00000, 0x0000000083000000, 0x0000000083000000|100%| O|  |TAMS 0x0000000083000000, 0x0000000083000000| Untracked 
|  48|0x0000000083000000, 0x0000000083100000, 0x0000000083100000|100%| O|  |TAMS 0x0000000083100000, 0x0000000083100000| Untracked 
|  49|0x0000000083100000, 0x0000000083200000, 0x0000000083200000|100%| O|  |TAMS 0x00000000831e0000, 0x0000000083200000| Untracked 
|  50|0x0000000083200000, 0x0000000083300000, 0x0000000083300000|100%| O|  |TAMS 0x0000000083200000, 0x0000000083300000| Untracked 
|  51|0x0000000083300000, 0x0000000083400000, 0x0000000083400000|100%| O|  |TAMS 0x0000000083300000, 0x0000000083400000| Untracked 
|  52|0x0000000083400000, 0x0000000083500000, 0x0000000083500000|100%| O|  |TAMS 0x0000000083400000, 0x0000000083500000| Untracked 
|  53|0x0000000083500000, 0x0000000083600000, 0x0000000083600000|100%| O|  |TAMS 0x0000000083500000, 0x0000000083600000| Untracked 
|  54|0x0000000083600000, 0x0000000083700000, 0x0000000083700000|100%| O|  |TAMS 0x0000000083600000, 0x0000000083700000| Untracked 
|  55|0x0000000083700000, 0x0000000083800000, 0x0000000083800000|100%| O|  |TAMS 0x0000000083700000, 0x0000000083800000| Untracked 
|  56|0x0000000083800000, 0x0000000083900000, 0x0000000083900000|100%| O|  |TAMS 0x0000000083800000, 0x0000000083900000| Untracked 
|  57|0x0000000083900000, 0x0000000083a00000, 0x0000000083a00000|100%| O|  |TAMS 0x0000000083900000, 0x0000000083a00000| Untracked 
|  58|0x0000000083a00000, 0x0000000083b00000, 0x0000000083b00000|100%| O|  |TAMS 0x0000000083a00000, 0x0000000083b00000| Untracked 
|  59|0x0000000083b00000, 0x0000000083c00000, 0x0000000083c00000|100%| O|  |TAMS 0x0000000083b00000, 0x0000000083c00000| Untracked 
|  60|0x0000000083c00000, 0x0000000083cba400, 0x0000000083d00000| 72%| O|  |TAMS 0x0000000083c00000, 0x0000000083cba400| Untracked 
|  61|0x0000000083d00000, 0x0000000083d00000, 0x0000000083e00000|  0%| F|  |TAMS 0x0000000083d00000, 0x0000000083d00000| Untracked 
|  62|0x0000000083e00000, 0x0000000083e00000, 0x0000000083f00000|  0%| F|  |TAMS 0x0000000083e00000, 0x0000000083e00000| Untracked 
|  63|0x0000000083f00000, 0x0000000083f00000, 0x0000000084000000|  0%| F|  |TAMS 0x0000000083f00000, 0x0000000083f00000| Untracked 
|  64|0x0000000084000000, 0x0000000084000000, 0x0000000084100000|  0%| F|  |TAMS 0x0000000084000000, 0x0000000084000000| Untracked 
|  65|0x0000000084100000, 0x0000000084100000, 0x0000000084200000|  0%| F|  |TAMS 0x0000000084100000, 0x0000000084100000| Untracked 
|  66|0x0000000084200000, 0x0000000084200000, 0x0000000084300000|  0%| F|  |TAMS 0x0000000084200000, 0x0000000084200000| Untracked 
|  67|0x0000000084300000, 0x0000000084300000, 0x0000000084400000|  0%| F|  |TAMS 0x0000000084300000, 0x0000000084300000| Untracked 
|  68|0x0000000084400000, 0x0000000084400000, 0x0000000084500000|  0%| F|  |TAMS 0x0000000084400000, 0x0000000084400000| Untracked 
|  69|0x0000000084500000, 0x0000000084500000, 0x0000000084600000|  0%| F|  |TAMS 0x0000000084500000, 0x0000000084500000| Untracked 
|  70|0x0000000084600000, 0x0000000084600000, 0x0000000084700000|  0%| F|  |TAMS 0x0000000084600000, 0x0000000084600000| Untracked 
|  71|0x0000000084700000, 0x0000000084700000, 0x0000000084800000|  0%| F|  |TAMS 0x0000000084700000, 0x0000000084700000| Untracked 
|  72|0x0000000084800000, 0x0000000084800000, 0x0000000084900000|  0%| F|  |TAMS 0x0000000084800000, 0x0000000084800000| Untracked 
|  73|0x0000000084900000, 0x0000000084900000, 0x0000000084a00000|  0%| F|  |TAMS 0x0000000084900000, 0x0000000084900000| Untracked 
|  74|0x0000000084a00000, 0x0000000084a00000, 0x0000000084b00000|  0%| F|  |TAMS 0x0000000084a00000, 0x0000000084a00000| Untracked 
|  75|0x0000000084b00000, 0x0000000084b00000, 0x0000000084c00000|  0%| F|  |TAMS 0x0000000084b00000, 0x0000000084b00000| Untracked 
|  76|0x0000000084c00000, 0x0000000084c00000, 0x0000000084d00000|  0%| F|  |TAMS 0x0000000084c00000, 0x0000000084c00000| Untracked 
|  77|0x0000000084d00000, 0x0000000084d00000, 0x0000000084e00000|  0%| F|  |TAMS 0x0000000084d00000, 0x0000000084d00000| Untracked 
|  78|0x0000000084e00000, 0x0000000084e00000, 0x0000000084f00000|  0%| F|  |TAMS 0x0000000084e00000, 0x0000000084e00000| Untracked 
|  79|0x0000000084f00000, 0x0000000084f00000, 0x0000000085000000|  0%| F|  |TAMS 0x0000000084f00000, 0x0000000084f00000| Untracked 
|  80|0x0000000085000000, 0x0000000085000000, 0x0000000085100000|  0%| F|  |TAMS 0x0000000085000000, 0x0000000085000000| Untracked 
|  81|0x0000000085100000, 0x0000000085200000, 0x0000000085200000|100%| S|CS|TAMS 0x0000000085100000, 0x0000000085100000| Complete 
|  82|0x0000000085200000, 0x0000000085300000, 0x0000000085300000|100%| S|CS|TAMS 0x0000000085200000, 0x0000000085200000| Complete 
|  83|0x0000000085300000, 0x0000000085400000, 0x0000000085400000|100%| S|CS|TAMS 0x0000000085300000, 0x0000000085300000| Complete 
|  84|0x0000000085400000, 0x0000000085500000, 0x0000000085500000|100%| S|CS|TAMS 0x0000000085400000, 0x0000000085400000| Complete 
|  85|0x0000000085500000, 0x0000000085500000, 0x0000000085600000|  0%| F|  |TAMS 0x0000000085500000, 0x0000000085500000| Untracked 
|  86|0x0000000085600000, 0x0000000085600000, 0x0000000085700000|  0%| F|  |TAMS 0x0000000085600000, 0x0000000085600000| Untracked 
|  87|0x0000000085700000, 0x0000000085700000, 0x0000000085800000|  0%| F|  |TAMS 0x0000000085700000, 0x0000000085700000| Untracked 
|  88|0x0000000085800000, 0x0000000085900000, 0x0000000085900000|100%| S|CS|TAMS 0x0000000085800000, 0x0000000085800000| Complete 
|  89|0x0000000085900000, 0x0000000085900000, 0x0000000085a00000|  0%| F|  |TAMS 0x0000000085900000, 0x0000000085900000| Untracked 
|  90|0x0000000085a00000, 0x0000000085a00000, 0x0000000085b00000|  0%| F|  |TAMS 0x0000000085a00000, 0x0000000085a00000| Untracked 
|  91|0x0000000085b00000, 0x0000000085b00000, 0x0000000085c00000|  0%| F|  |TAMS 0x0000000085b00000, 0x0000000085b00000| Untracked 
|  92|0x0000000085c00000, 0x0000000085c00000, 0x0000000085d00000|  0%| F|  |TAMS 0x0000000085c00000, 0x0000000085c00000| Untracked 
|  93|0x0000000085d00000, 0x0000000085d00000, 0x0000000085e00000|  0%| F|  |TAMS 0x0000000085d00000, 0x0000000085d00000| Untracked 
|  94|0x0000000085e00000, 0x0000000085e00000, 0x0000000085f00000|  0%| F|  |TAMS 0x0000000085e00000, 0x0000000085e00000| Untracked 
|  95|0x0000000085f00000, 0x0000000085f00000, 0x0000000086000000|  0%| F|  |TAMS 0x0000000085f00000, 0x0000000085f00000| Untracked 
|  96|0x0000000086000000, 0x0000000086000000, 0x0000000086100000|  0%| F|  |TAMS 0x0000000086000000, 0x0000000086000000| Untracked 
|  97|0x0000000086100000, 0x0000000086100000, 0x0000000086200000|  0%| F|  |TAMS 0x0000000086100000, 0x0000000086100000| Untracked 
|  98|0x0000000086200000, 0x0000000086200000, 0x0000000086300000|  0%| F|  |TAMS 0x0000000086200000, 0x0000000086200000| Untracked 
|  99|0x0000000086300000, 0x0000000086300000, 0x0000000086400000|  0%| F|  |TAMS 0x0000000086300000, 0x0000000086300000| Untracked 
| 100|0x0000000086400000, 0x0000000086400000, 0x0000000086500000|  0%| F|  |TAMS 0x0000000086400000, 0x0000000086400000| Untracked 
| 101|0x0000000086500000, 0x0000000086500000, 0x0000000086600000|  0%| F|  |TAMS 0x0000000086500000, 0x0000000086500000| Untracked 
| 102|0x0000000086600000, 0x0000000086600000, 0x0000000086700000|  0%| F|  |TAMS 0x0000000086600000, 0x0000000086600000| Untracked 
| 103|0x0000000086700000, 0x0000000086700000, 0x0000000086800000|  0%| F|  |TAMS 0x0000000086700000, 0x0000000086700000| Untracked 
| 104|0x0000000086800000, 0x0000000086800000, 0x0000000086900000|  0%| F|  |TAMS 0x0000000086800000, 0x0000000086800000| Untracked 
| 105|0x0000000086900000, 0x0000000086900000, 0x0000000086a00000|  0%| F|  |TAMS 0x0000000086900000, 0x0000000086900000| Untracked 
| 106|0x0000000086a00000, 0x0000000086a00000, 0x0000000086b00000|  0%| F|  |TAMS 0x0000000086a00000, 0x0000000086a00000| Untracked 
| 107|0x0000000086b00000, 0x0000000086b00000, 0x0000000086c00000|  0%| F|  |TAMS 0x0000000086b00000, 0x0000000086b00000| Untracked 
| 108|0x0000000086c00000, 0x0000000086c00000, 0x0000000086d00000|  0%| F|  |TAMS 0x0000000086c00000, 0x0000000086c00000| Untracked 
| 109|0x0000000086d00000, 0x0000000086d00000, 0x0000000086e00000|  0%| F|  |TAMS 0x0000000086d00000, 0x0000000086d00000| Untracked 
| 110|0x0000000086e00000, 0x0000000086e00000, 0x0000000086f00000|  0%| F|  |TAMS 0x0000000086e00000, 0x0000000086e00000| Untracked 
| 111|0x0000000086f00000, 0x0000000086f00000, 0x0000000087000000|  0%| F|  |TAMS 0x0000000086f00000, 0x0000000086f00000| Untracked 
| 112|0x0000000087000000, 0x0000000087000000, 0x0000000087100000|  0%| F|  |TAMS 0x0000000087000000, 0x0000000087000000| Untracked 
| 113|0x0000000087100000, 0x0000000087100000, 0x0000000087200000|  0%| F|  |TAMS 0x0000000087100000, 0x0000000087100000| Untracked 
| 114|0x0000000087200000, 0x0000000087200000, 0x0000000087300000|  0%| F|  |TAMS 0x0000000087200000, 0x0000000087200000| Untracked 
| 115|0x0000000087300000, 0x0000000087300000, 0x0000000087400000|  0%| F|  |TAMS 0x0000000087300000, 0x0000000087300000| Untracked 
| 116|0x0000000087400000, 0x0000000087400000, 0x0000000087500000|  0%| F|  |TAMS 0x0000000087400000, 0x0000000087400000| Untracked 
| 117|0x0000000087500000, 0x0000000087500000, 0x0000000087600000|  0%| F|  |TAMS 0x0000000087500000, 0x0000000087500000| Untracked 
| 118|0x0000000087600000, 0x0000000087600000, 0x0000000087700000|  0%| F|  |TAMS 0x0000000087600000, 0x0000000087600000| Untracked 
| 119|0x0000000087700000, 0x0000000087700000, 0x0000000087800000|  0%| F|  |TAMS 0x0000000087700000, 0x0000000087700000| Untracked 
| 120|0x0000000087800000, 0x0000000087800000, 0x0000000087900000|  0%| F|  |TAMS 0x0000000087800000, 0x0000000087800000| Untracked 
| 121|0x0000000087900000, 0x0000000087900000, 0x0000000087a00000|  0%| F|  |TAMS 0x0000000087900000, 0x0000000087900000| Untracked 
| 122|0x0000000087a00000, 0x0000000087a00000, 0x0000000087b00000|  0%| F|  |TAMS 0x0000000087a00000, 0x0000000087a00000| Untracked 
| 123|0x0000000087b00000, 0x0000000087b00000, 0x0000000087c00000|  0%| F|  |TAMS 0x0000000087b00000, 0x0000000087b00000| Untracked 
| 124|0x0000000087c00000, 0x0000000087c00000, 0x0000000087d00000|  0%| F|  |TAMS 0x0000000087c00000, 0x0000000087c00000| Untracked 
| 125|0x0000000087d00000, 0x0000000087d00000, 0x0000000087e00000|  0%| F|  |TAMS 0x0000000087d00000, 0x0000000087d00000| Untracked 
| 126|0x0000000087e00000, 0x0000000087e00000, 0x0000000087f00000|  0%| F|  |TAMS 0x0000000087e00000, 0x0000000087e00000| Untracked 
| 127|0x0000000087f00000, 0x0000000087f00000, 0x0000000088000000|  0%| F|  |TAMS 0x0000000087f00000, 0x0000000087f00000| Untracked 
| 128|0x0000000088000000, 0x0000000088000000, 0x0000000088100000|  0%| F|  |TAMS 0x0000000088000000, 0x0000000088000000| Untracked 
| 129|0x0000000088100000, 0x0000000088100000, 0x0000000088200000|  0%| F|  |TAMS 0x0000000088100000, 0x0000000088100000| Untracked 

Card table byte_map: [0x00000213b3710000,0x00000213b3b10000] _byte_map_base: 0x00000213b3310000

Marking Bits (Prev, Next): (CMBitMap*) 0x00000213a043c3b0, (CMBitMap*) 0x00000213a043c378
 Prev Bits: [0x00000213b5f10000, 0x00000213b7f10000)
 Next Bits: [0x00000213b3f10000, 0x00000213b5f10000)

Polling page: 0x000002139ea40000

Metaspace:

Usage:
  Non-class:     64.55 MB capacity,    63.57 MB ( 98%) used,   819.41 KB (  1%) free+waste,   187.00 KB ( <1%) overhead. 
      Class:     10.05 MB capacity,     9.44 MB ( 94%) used,   534.10 KB (  5%) free+waste,    86.81 KB ( <1%) overhead. 
       Both:     74.59 MB capacity,    73.00 MB ( 98%) used,     1.32 MB (  2%) free+waste,   273.81 KB ( <1%) overhead. 

Virtual space:
  Non-class space:       66.00 MB reserved,      64.79 MB ( 98%) committed 
      Class space:        1.00 GB reserved,      10.13 MB ( <1%) committed 
             Both:        1.06 GB reserved,      74.91 MB (  7%) committed 

Chunk freelists:
   Non-Class:  51.00 KB
       Class:  17.00 KB
        Both:  68.00 KB

MaxMetaspaceSize: 17179869184.00 GB
CompressedClassSpaceSize: 1.00 GB

CodeHeap 'non-profiled nmethods': size=120064Kb used=3772Kb max_used=3772Kb free=116291Kb
 bounds [0x00000213ab9c0000, 0x00000213abd70000, 0x00000213b2f00000]
CodeHeap 'profiled nmethods': size=120000Kb used=15831Kb max_used=15831Kb free=104168Kb
 bounds [0x00000213a4490000, 0x00000213a5410000, 0x00000213ab9c0000]
CodeHeap 'non-nmethods': size=5696Kb used=2256Kb max_used=2294Kb free=3439Kb
 bounds [0x00000213a3f00000, 0x00000213a4170000, 0x00000213a4490000]
 total_blobs=8116 nmethods=7255 adapters=773
 compilation: enabled
              stopped_count=0, restarted_count=0
 full_count=0

Compilation events (20 events):
Event: 40.153 Thread 0x00000213ba35f000 7305       2       org.gradle.internal.typeconversion.NotationConverterToNotationParserAdapter$ResultImpl::converted (11 bytes)
Event: 40.154 Thread 0x00000213ba35f000 nmethod 7305 0x00000213a5403210 code [0x00000213a54033c0, 0x00000213a5403518]
Event: 40.165 Thread 0x00000213ba35f000 7306       2       java.lang.Class::getProtectionDomain (63 bytes)
Event: 40.166 Thread 0x00000213ba35f000 nmethod 7306 0x00000213a5403590 code [0x00000213a54037c0, 0x00000213a5403c28]
Event: 40.215 Thread 0x00000213ba35f000 7308       1       org.gradle.api.internal.DefaultMutationGuard::access$000 (5 bytes)
Event: 40.215 Thread 0x00000213ba35f000 nmethod 7308 0x00000213abd6e590 code [0x00000213abd6e740, 0x00000213abd6e7d8]
Event: 40.221 Thread 0x00000213ba35f000 7309       2       org.objectweb.asm.AnnotationVisitor::<init> (94 bytes)
Event: 40.222 Thread 0x00000213ba35f000 nmethod 7309 0x00000213a5403e10 code [0x00000213a5404020, 0x00000213a5404548]
Event: 40.223 Thread 0x00000213ba35f000 7310       2       org.gradle.internal.instantiation.generator.AbstractClassGenerator$DslMixInPropertyType::addSetMethods (180 bytes)
Event: 40.226 Thread 0x00000213ba35f000 nmethod 7310 0x00000213a5404790 code [0x00000213a5404a40, 0x00000213a5405188]
Event: 40.233 Thread 0x00000213ba35f000 7311       2       org.gradle.cache.internal.DefaultCrossBuildInMemoryCacheFactory$DefaultCrossBuildInMemoryCache::maybeGetRetainedValue (25 bytes)
Event: 40.234 Thread 0x00000213ba35f000 nmethod 7311 0x00000213a5405610 code [0x00000213a54057e0, 0x00000213a5405978]
Event: 40.239 Thread 0x00000213ba35f000 7312       1       org.gradle.internal.graph.CachingDirectedGraphWalker$NodeDetails::access$300 (5 bytes)
Event: 40.239 Thread 0x00000213ba35f000 nmethod 7312 0x00000213abd6e890 code [0x00000213abd6ea40, 0x00000213abd6ead8]
Event: 40.239 Thread 0x00000213ba35f000 7313       1       org.gradle.internal.graph.CachingDirectedGraphWalker$NodeDetails::access$500 (5 bytes)
Event: 40.239 Thread 0x00000213ba35f000 nmethod 7313 0x00000213abd6eb90 code [0x00000213abd6ed40, 0x00000213abd6edd8]
Event: 40.239 Thread 0x00000213ba35f000 7314       1       org.gradle.internal.graph.CachingDirectedGraphWalker$NodeDetails::access$200 (5 bytes)
Event: 40.240 Thread 0x00000213ba35f000 nmethod 7314 0x00000213abd6ee90 code [0x00000213abd6f040, 0x00000213abd6f0d8]
Event: 40.244 Thread 0x00000213ba35f000 7315       2       jdk.internal.reflect.ClassFileAssembler::opc_athrow (12 bytes)
Event: 40.245 Thread 0x00000213ba35f000 nmethod 7315 0x00000213a5405a90 code [0x00000213a5405c40, 0x00000213a5405dc8]

GC Heap History (20 events):
Event: 19.110 GC heap after
{Heap after GC invocations=16 (full 0):
 garbage-first heap   total 92160K, used 30362K [0x0000000080000000, 0x0000000100000000)
  region size 1024K, 5 young (5120K), 5 survivors (5120K)
 Metaspace       used 43937K, capacity 45019K, committed 45052K, reserved 1089536K
  class space    used 5595K, capacity 5983K, committed 6016K, reserved 1048576K
}
Event: 20.297 GC heap before
{Heap before GC invocations=16 (full 0):
 garbage-first heap   total 92160K, used 65178K [0x0000000080000000, 0x0000000100000000)
  region size 1024K, 39 young (39936K), 5 survivors (5120K)
 Metaspace       used 46417K, capacity 47517K, committed 47740K, reserved 1091584K
  class space    used 5959K, capacity 6370K, committed 6400K, reserved 1048576K
}
Event: 20.318 GC heap after
{Heap after GC invocations=17 (full 0):
 garbage-first heap   total 110592K, used 31476K [0x0000000080000000, 0x0000000100000000)
  region size 1024K, 3 young (3072K), 3 survivors (3072K)
 Metaspace       used 46417K, capacity 47517K, committed 47740K, reserved 1091584K
  class space    used 5959K, capacity 6370K, committed 6400K, reserved 1048576K
}
Event: 23.856 GC heap before
{Heap before GC invocations=17 (full 0):
 garbage-first heap   total 110592K, used 78580K [0x0000000080000000, 0x0000000100000000)
  region size 1024K, 45 young (46080K), 3 survivors (3072K)
 Metaspace       used 48536K, capacity 49737K, committed 49788K, reserved 1093632K
  class space    used 6174K, capacity 6610K, committed 6656K, reserved 1048576K
}
Event: 23.881 GC heap after
{Heap after GC invocations=18 (full 0):
 garbage-first heap   total 110592K, used 38912K [0x0000000080000000, 0x0000000100000000)
  region size 1024K, 6 young (6144K), 6 survivors (6144K)
 Metaspace       used 48536K, capacity 49737K, committed 49788K, reserved 1093632K
  class space    used 6174K, capacity 6610K, committed 6656K, reserved 1048576K
}
Event: 26.466 GC heap before
{Heap before GC invocations=18 (full 0):
 garbage-first heap   total 110592K, used 87040K [0x0000000080000000, 0x0000000100000000)
  region size 1024K, 48 young (49152K), 6 survivors (6144K)
 Metaspace       used 52712K, capacity 54096K, committed 54268K, reserved 1095680K
  class space    used 6683K, capacity 7176K, committed 7296K, reserved 1048576K
}
Event: 26.496 GC heap after
{Heap after GC invocations=19 (full 0):
 garbage-first heap   total 110592K, used 50627K [0x0000000080000000, 0x0000000100000000)
  region size 1024K, 6 young (6144K), 6 survivors (6144K)
 Metaspace       used 52712K, capacity 54096K, committed 54268K, reserved 1095680K
  class space    used 6683K, capacity 7176K, committed 7296K, reserved 1048576K
}
Event: 28.757 GC heap before
{Heap before GC invocations=19 (full 0):
 garbage-first heap   total 110592K, used 86467K [0x0000000080000000, 0x0000000100000000)
  region size 1024K, 41 young (41984K), 6 survivors (6144K)
 Metaspace       used 57580K, capacity 59020K, committed 59260K, reserved 1101824K
  class space    used 7291K, capacity 7810K, committed 7936K, reserved 1048576K
}
Event: 28.781 GC heap after
{Heap after GC invocations=20 (full 0):
 garbage-first heap   total 110592K, used 52608K [0x0000000080000000, 0x0000000100000000)
  region size 1024K, 2 young (2048K), 2 survivors (2048K)
 Metaspace       used 57580K, capacity 59020K, committed 59260K, reserved 1101824K
  class space    used 7291K, capacity 7810K, committed 7936K, reserved 1048576K
}
Event: 28.956 GC heap before
{Heap before GC invocations=20 (full 0):
 garbage-first heap   total 110592K, used 53632K [0x0000000080000000, 0x0000000100000000)
  region size 1024K, 4 young (4096K), 2 survivors (2048K)
 Metaspace       used 58405K, capacity 59891K, committed 59940K, reserved 1101824K
  class space    used 7389K, capacity 7931K, committed 7936K, reserved 1048576K
}
Event: 28.966 GC heap after
{Heap after GC invocations=21 (full 0):
 garbage-first heap   total 133120K, used 52523K [0x0000000080000000, 0x0000000100000000)
  region size 1024K, 2 young (2048K), 2 survivors (2048K)
 Metaspace       used 58405K, capacity 59891K, committed 59940K, reserved 1101824K
  class space    used 7389K, capacity 7931K, committed 7936K, reserved 1048576K
}
Event: 32.338 GC heap before
{Heap before GC invocations=22 (full 0):
 garbage-first heap   total 133120K, used 95531K [0x0000000080000000, 0x0000000100000000)
  region size 1024K, 45 young (46080K), 2 survivors (2048K)
 Metaspace       used 62873K, capacity 64358K, committed 64676K, reserved 1105920K
  class space    used 7932K, capacity 8474K, committed 8576K, reserved 1048576K
}
Event: 32.360 GC heap after
{Heap after GC invocations=23 (full 0):
 garbage-first heap   total 133120K, used 56339K [0x0000000080000000, 0x0000000100000000)
  region size 1024K, 6 young (6144K), 6 survivors (6144K)
 Metaspace       used 62873K, capacity 64358K, committed 64676K, reserved 1105920K
  class space    used 7932K, capacity 8474K, committed 8576K, reserved 1048576K
}
Event: 34.722 GC heap before
{Heap before GC invocations=23 (full 0):
 garbage-first heap   total 133120K, used 100371K [0x0000000080000000, 0x0000000100000000)
  region size 1024K, 48 young (49152K), 6 survivors (6144K)
 Metaspace       used 66681K, capacity 68231K, committed 68516K, reserved 1110016K
  class space    used 8414K, capacity 8966K, committed 9088K, reserved 1048576K
}
Event: 34.748 GC heap after
{Heap after GC invocations=24 (full 0):
 garbage-first heap   total 133120K, used 58633K [0x0000000080000000, 0x0000000100000000)
  region size 1024K, 3 young (3072K), 3 survivors (3072K)
 Metaspace       used 66681K, capacity 68231K, committed 68516K, reserved 1110016K
  class space    used 8414K, capacity 8966K, committed 9088K, reserved 1048576K
}
Event: 35.797 GC heap before
{Heap before GC invocations=24 (full 0):
 garbage-first heap   total 133120K, used 102665K [0x0000000080000000, 0x0000000100000000)
  region size 1024K, 46 young (47104K), 3 survivors (3072K)
 Metaspace       used 67327K, capacity 68962K, committed 69156K, reserved 1110016K
  class space    used 8501K, capacity 9103K, committed 9216K, reserved 1048576K
}
Event: 35.820 GC heap after
{Heap after GC invocations=25 (full 0):
 garbage-first heap   total 133120K, used 62311K [0x0000000080000000, 0x0000000100000000)
  region size 1024K, 6 young (6144K), 6 survivors (6144K)
 Metaspace       used 67327K, capacity 68962K, committed 69156K, reserved 1110016K
  class space    used 8501K, capacity 9103K, committed 9216K, reserved 1048576K
}
Event: 37.863 GC heap before
{Heap before GC invocations=25 (full 0):
 garbage-first heap   total 133120K, used 105319K [0x0000000080000000, 0x0000000100000000)
  region size 1024K, 48 young (49152K), 6 survivors (6144K)
 Metaspace       used 71085K, capacity 72680K, committed 72740K, reserved 1112064K
  class space    used 9139K, capacity 9723K, committed 9728K, reserved 1048576K
}
Event: 37.895 GC heap after
{Heap after GC invocations=26 (full 0):
 garbage-first heap   total 133120K, used 64739K [0x0000000080000000, 0x0000000100000000)
  region size 1024K, 3 young (3072K), 3 survivors (3072K)
 Metaspace       used 71085K, capacity 72680K, committed 72740K, reserved 1112064K
  class space    used 9139K, capacity 9723K, committed 9728K, reserved 1048576K
}
Event: 40.259 GC heap before
{Heap before GC invocations=26 (full 0):
 garbage-first heap   total 133120K, used 106723K [0x0000000080000000, 0x0000000100000000)
  region size 1024K, 44 young (45056K), 3 survivors (3072K)
 Metaspace       used 74756K, capacity 76384K, committed 76708K, reserved 1116160K
  class space    used 9666K, capacity 10287K, committed 10368K, reserved 1048576K
}

Deoptimization events (20 events):
Event: 39.771 Thread 0x00000213bbbec000 DEOPT PACKING pc=0x00000213abcf1c70 sp=0x000000f7ff8fb1e0
Event: 39.771 Thread 0x00000213bbbec000 DEOPT UNPACKING pc=0x00000213a3f262a9 sp=0x000000f7ff8fb190 mode 2
Event: 40.014 Thread 0x00000213bbbec000 Uncommon trap: trap_request=0xffffff4d fr.pc=0x00000213aba25664 relative=0x0000000000000984
Event: 40.014 Thread 0x00000213bbbec000 Uncommon trap: reason=unstable_if action=reinterpret pc=0x00000213aba25664 method=java.util.HashMap.resize()[Ljava/util/HashMap$Node; @ 203 c2
Event: 40.014 Thread 0x00000213bbbec000 DEOPT PACKING pc=0x00000213aba25664 sp=0x000000f7ff8f9330
Event: 40.014 Thread 0x00000213bbbec000 DEOPT UNPACKING pc=0x00000213a3f262a9 sp=0x000000f7ff8f92d0 mode 2
Event: 40.014 Thread 0x00000213bbbec000 Uncommon trap: trap_request=0xffffff4d fr.pc=0x00000213abcbf444 relative=0x0000000000002864
Event: 40.014 Thread 0x00000213bbbec000 Uncommon trap: reason=unstable_if action=reinterpret pc=0x00000213abcbf444 method=java.util.HashMap.getNode(ILjava/lang/Object;)Ljava/util/HashMap$Node; @ 84 c2
Event: 40.014 Thread 0x00000213bbbec000 DEOPT PACKING pc=0x00000213abcbf444 sp=0x000000f7ff8f93d0
Event: 40.014 Thread 0x00000213bbbec000 DEOPT UNPACKING pc=0x00000213a3f262a9 sp=0x000000f7ff8f92c8 mode 2
Event: 40.014 Thread 0x00000213bbbec000 Uncommon trap: trap_request=0xffffff4d fr.pc=0x00000213abcdef94 relative=0x00000000000002d4
Event: 40.014 Thread 0x00000213bbbec000 Uncommon trap: reason=unstable_if action=reinterpret pc=0x00000213abcdef94 method=java.util.HashMap.getNode(ILjava/lang/Object;)Ljava/util/HashMap$Node; @ 84 c2
Event: 40.014 Thread 0x00000213bbbec000 DEOPT PACKING pc=0x00000213abcdef94 sp=0x000000f7ff8f9390
Event: 40.014 Thread 0x00000213bbbec000 DEOPT UNPACKING pc=0x00000213a3f262a9 sp=0x000000f7ff8f92b0 mode 2
Event: 40.014 Thread 0x00000213bbbec000 Uncommon trap: trap_request=0xffffff4d fr.pc=0x00000213abc52974 relative=0x00000000000001b4
Event: 40.014 Thread 0x00000213bbbec000 Uncommon trap: reason=unstable_if action=reinterpret pc=0x00000213abc52974 method=java.util.HashMap.getNode(ILjava/lang/Object;)Ljava/util/HashMap$Node; @ 84 c2
Event: 40.014 Thread 0x00000213bbbec000 DEOPT PACKING pc=0x00000213abc52974 sp=0x000000f7ff8f9330
Event: 40.014 Thread 0x00000213bbbec000 DEOPT UNPACKING pc=0x00000213a3f262a9 sp=0x000000f7ff8f92b8 mode 2
Event: 40.076 Thread 0x00000213bbbec000 DEOPT PACKING pc=0x00000213a4bd719f sp=0x000000f7ff8f9520
Event: 40.076 Thread 0x00000213bbbec000 DEOPT UNPACKING pc=0x00000213a3f266bf sp=0x000000f7ff8f89e0 mode 0

Classes redefined (0 events):
No events

Internal exceptions (20 events):
Event: 35.898 Thread 0x00000213bbbec000 Exception <a 'java/lang/ClassNotFoundException'{0x0000000087e1a780}: org/gradle/api/internal/artifacts/dsl/dependencies/DefaultDependencyHandler_DecoratedBeanInfo> (0x0000000087e1a780) thrown at [./src/hotspot/share/classfile/systemDictionary.cpp, line 231]
Event: 35.900 Thread 0x00000213bbbec000 Exception <a 'java/lang/ClassNotFoundException'{0x0000000087e64400}: org/gradle/api/internal/artifacts/dsl/dependencies/DefaultDependencyHandlerBeanInfo> (0x0000000087e64400) thrown at [./src/hotspot/share/classfile/systemDictionary.cpp, line 231]
Event: 35.903 Thread 0x00000213bbbec000 Exception <a 'java/lang/ClassNotFoundException'{0x0000000087eadf78}: org/gradle/api/internal/artifacts/dsl/dependencies/DefaultDependencyHandlerCustomizer> (0x0000000087eadf78) thrown at [./src/hotspot/share/classfile/systemDictionary.cpp, line 231]
Event: 35.911 Thread 0x00000213bbbec000 Exception <a 'java/lang/ClassNotFoundException'{0x0000000087d21628}: org/gradle/api/internal/artifacts/dsl/dependencies/DefaultDependencyHandler_DecoratedCustomizer> (0x0000000087d21628) thrown at [./src/hotspot/share/classfile/systemDictionary.cpp, line 231]
Event: 35.935 Thread 0x00000213bbbec000 Exception <a 'java/lang/ClassNotFoundException'{0x0000000087c23518}: groovy/lang/GString$1BeanInfo> (0x0000000087c23518) thrown at [./src/hotspot/share/classfile/systemDictionary.cpp, line 231]
Event: 35.938 Thread 0x00000213bbbec000 Exception <a 'java/lang/ClassNotFoundException'{0x0000000087c5ef28}: groovy/lang/GStringBeanInfo> (0x0000000087c5ef28) thrown at [./src/hotspot/share/classfile/systemDictionary.cpp, line 231]
Event: 35.941 Thread 0x00000213bbbec000 Exception <a 'java/lang/ClassNotFoundException'{0x0000000087c9ad08}: groovy/lang/GStringCustomizer> (0x0000000087c9ad08) thrown at [./src/hotspot/share/classfile/systemDictionary.cpp, line 231]
Event: 35.948 Thread 0x00000213bbbec000 Exception <a 'java/lang/ClassNotFoundException'{0x0000000087ce0808}: groovy/lang/GString$1Customizer> (0x0000000087ce0808) thrown at [./src/hotspot/share/classfile/systemDictionary.cpp, line 231]
Event: 35.967 Thread 0x00000213bbbec000 Exception <a 'java/lang/ClassNotFoundException'{0x000000008789eb38}: org/codehaus/groovy/runtime/GStringImplBeanInfo> (0x000000008789eb38) thrown at [./src/hotspot/share/classfile/systemDictionary.cpp, line 231]
Event: 35.984 Thread 0x00000213bbbec000 Exception <a 'java/lang/ClassNotFoundException'{0x00000000875585e0}: org/codehaus/groovy/runtime/GStringImplCustomizer> (0x00000000875585e0) thrown at [./src/hotspot/share/classfile/systemDictionary.cpp, line 231]
Event: 38.689 Thread 0x00000213bbbec000 Exception <a 'java/lang/ClassNotFoundException'{0x00000000874e7110}: com/android/build/gradle/internal/api/ApkVariantOutputImpl_DecoratedBeanInfo> (0x00000000874e7110) thrown at [./src/hotspot/share/classfile/systemDictionary.cpp, line 231]
Event: 38.691 Thread 0x00000213bbbec000 Exception <a 'java/lang/ClassNotFoundException'{0x0000000087303038}: com/android/build/gradle/internal/api/ApkVariantOutputImplBeanInfo> (0x0000000087303038) thrown at [./src/hotspot/share/classfile/systemDictionary.cpp, line 231]
Event: 38.692 Thread 0x00000213bbbec000 Exception <a 'java/lang/ClassNotFoundException'{0x000000008731f358}: com/android/build/gradle/internal/api/BaseVariantOutputImplBeanInfo> (0x000000008731f358) thrown at [./src/hotspot/share/classfile/systemDictionary.cpp, line 231]
Event: 38.693 Thread 0x00000213bbbec000 Exception <a 'java/lang/ClassNotFoundException'{0x000000008733b6e0}: com/android/build/gradle/internal/api/BaseVariantOutputImplCustomizer> (0x000000008733b6e0) thrown at [./src/hotspot/share/classfile/systemDictionary.cpp, line 231]
Event: 38.697 Thread 0x00000213bbbec000 Exception <a 'java/lang/ClassNotFoundException'{0x000000008736a100}: com/android/build/gradle/internal/api/ApkVariantOutputImplCustomizer> (0x000000008736a100) thrown at [./src/hotspot/share/classfile/systemDictionary.cpp, line 231]
Event: 38.700 Thread 0x00000213bbbec000 Exception <a 'java/lang/ClassNotFoundException'{0x0000000087395408}: com/android/build/gradle/internal/api/ApkVariantOutputImpl_DecoratedCustomizer> (0x0000000087395408) thrown at [./src/hotspot/share/classfile/systemDictionary.cpp, line 231]
Event: 38.787 Thread 0x00000213bbbec000 Exception <a 'java/lang/ClassNotFoundException'{0x0000000087106078}: com/android/build/gradle/internal/api/ReadOnlyBuildTypeBeanInfo> (0x0000000087106078) thrown at [./src/hotspot/share/classfile/systemDictionary.cpp, line 231]
Event: 38.790 Thread 0x00000213bbbec000 Exception <a 'java/lang/ClassNotFoundException'{0x00000000871213d8}: com/android/build/gradle/internal/api/ReadOnlyBaseConfigBeanInfo> (0x00000000871213d8) thrown at [./src/hotspot/share/classfile/systemDictionary.cpp, line 231]
Event: 38.792 Thread 0x00000213bbbec000 Exception <a 'java/lang/ClassNotFoundException'{0x000000008713cdc8}: com/android/build/gradle/internal/api/ReadOnlyBaseConfigCustomizer> (0x000000008713cdc8) thrown at [./src/hotspot/share/classfile/systemDictionary.cpp, line 231]
Event: 38.805 Thread 0x00000213bbbec000 Exception <a 'java/lang/ClassNotFoundException'{0x00000000871685c0}: com/android/build/gradle/internal/api/ReadOnlyBuildTypeCustomizer> (0x00000000871685c0) thrown at [./src/hotspot/share/classfile/systemDictionary.cpp, line 231]

Events (20 events):
Event: 40.198 loading class org/gradle/workers/WorkerConfiguration done
Event: 40.199 loading class org/gradle/workers/ForkingWorkerSpec
Event: 40.199 loading class org/gradle/workers/ForkingWorkerSpec done
Event: 40.200 loading class org/gradle/workers/WorkQueue
Event: 40.200 loading class org/gradle/workers/WorkQueue done
Event: 40.202 loading class org/gradle/workers/internal/AdapterWorkParameters
Event: 40.202 loading class org/gradle/workers/internal/AdapterWorkParameters done
Event: 40.206 loading class org/gradle/internal/service/scopes/Scopes$Project
Event: 40.206 loading class org/gradle/internal/service/scopes/Scopes$Project done
Event: 40.209 loading class org/gradle/internal/work/DefaultConditionalExecutionQueue
Event: 40.209 loading class org/gradle/internal/work/DefaultConditionalExecutionQueue done
Event: 40.211 loading class org/gradle/internal/work/DefaultConditionalExecutionQueue$QueueState
Event: 40.211 loading class org/gradle/internal/work/DefaultConditionalExecutionQueue$QueueState done
Event: 40.241 loading class com/android/build/gradle/internal/tasks/MergeJavaResourceTask$Companion
Event: 40.241 loading class com/android/build/gradle/internal/tasks/MergeJavaResourceTask$Companion done
Event: 40.255 loading class com/android/build/gradle/internal/tasks/MergeJavaResourceTask$Companion$predicate$1
Event: 40.255 loading class com/android/build/gradle/internal/tasks/MergeJavaResourceTask$Companion$predicate$1 done
Event: 40.258 loading class com/android/build/gradle/internal/tasks/MergeJavaResourceTaskKt
Event: 40.258 loading class com/android/build/gradle/internal/tasks/MergeJavaResourceTaskKt done
Event: 40.258 Executing VM operation: G1CollectForAllocation


Dynamic libraries:
0x00007ff7d4270000 - 0x00007ff7d427a000 	C:\Program Files\Android\Android Studio\jre\bin\java.exe
0x00007ffb43050000 - 0x00007ffb43245000 	C:\WINDOWS\SYSTEM32\ntdll.dll
0x00007ffb42140000 - 0x00007ffb421fe000 	C:\WINDOWS\System32\KERNEL32.DLL
0x00007ffb40c50000 - 0x00007ffb40f18000 	C:\WINDOWS\System32\KERNELBASE.dll
0x00007ffb409f0000 - 0x00007ffb40af0000 	C:\WINDOWS\System32\ucrtbase.dll
0x00007ffb21350000 - 0x00007ffb21367000 	C:\Program Files\Android\Android Studio\jre\bin\VCRUNTIME140.dll
0x00007ffb27230000 - 0x00007ffb27249000 	C:\Program Files\Android\Android Studio\jre\bin\jli.dll
0x00007ffb42de0000 - 0x00007ffb42f80000 	C:\WINDOWS\System32\USER32.dll
0x00007ffb40770000 - 0x00007ffb40792000 	C:\WINDOWS\System32\win32u.dll
0x00007ffb41b10000 - 0x00007ffb41b3a000 	C:\WINDOWS\System32\GDI32.dll
0x00007ffb40850000 - 0x00007ffb4095b000 	C:\WINDOWS\System32\gdi32full.dll
0x00007ffb27a10000 - 0x00007ffb27caa000 	C:\WINDOWS\WinSxS\amd64_microsoft.windows.common-controls_6595b64144ccf1df_6.0.19041.1110_none_60b5254171f9507e\COMCTL32.dll
0x00007ffb40f20000 - 0x00007ffb40fbd000 	C:\WINDOWS\System32\msvcp_win.dll
0x00007ffb42c10000 - 0x00007ffb42cae000 	C:\WINDOWS\System32\msvcrt.dll
0x00007ffb42fe0000 - 0x00007ffb43010000 	C:\WINDOWS\System32\IMM32.DLL
0x00007ffafe570000 - 0x00007ffafe60d000 	C:\Program Files\Android\Android Studio\jre\bin\msvcp140.dll
0x00007ffaf4470000 - 0x00007ffaf4f45000 	C:\Program Files\Android\Android Studio\jre\bin\server\jvm.dll
0x00007ffb410b0000 - 0x00007ffb4115e000 	C:\WINDOWS\System32\ADVAPI32.dll
0x00007ffb42a70000 - 0x00007ffb42b0c000 	C:\WINDOWS\System32\sechost.dll
0x00007ffb42cb0000 - 0x00007ffb42dd5000 	C:\WINDOWS\System32\RPCRT4.dll
0x00007ffb41c40000 - 0x00007ffb41c48000 	C:\WINDOWS\System32\PSAPI.DLL
0x00007ffb3c4a0000 - 0x00007ffb3c4a9000 	C:\WINDOWS\SYSTEM32\WSOCK32.dll
0x00007ffb42ba0000 - 0x00007ffb42c0b000 	C:\WINDOWS\System32\WS2_32.dll
0x00007ffb2a700000 - 0x00007ffb2a727000 	C:\WINDOWS\SYSTEM32\WINMM.dll
0x00007ffb3ef20000 - 0x00007ffb3ef2a000 	C:\WINDOWS\SYSTEM32\VERSION.dll
0x00007ffb3f020000 - 0x00007ffb3f032000 	C:\WINDOWS\SYSTEM32\kernel.appcore.dll
0x00007ffb3c460000 - 0x00007ffb3c471000 	C:\Program Files\Android\Android Studio\jre\bin\verify.dll
0x00007ffb3ba70000 - 0x00007ffb3bc54000 	C:\WINDOWS\SYSTEM32\DBGHELP.DLL
0x00007ffb2f920000 - 0x00007ffb2f94c000 	C:\WINDOWS\SYSTEM32\dbgcore.DLL
0x00007ffb40960000 - 0x00007ffb409e2000 	C:\WINDOWS\System32\bcryptPrimitives.dll
0x00007ffb2e200000 - 0x00007ffb2e229000 	C:\Program Files\Android\Android Studio\jre\bin\java.dll
0x00007ffb3c0d0000 - 0x00007ffb3c0db000 	C:\Program Files\Android\Android Studio\jre\bin\jimage.dll
0x00007ffb39890000 - 0x00007ffb398a8000 	C:\Program Files\Android\Android Studio\jre\bin\zip.dll
0x00007ffb42200000 - 0x00007ffb42944000 	C:\WINDOWS\System32\SHELL32.dll
0x00007ffb3e6d0000 - 0x00007ffb3ee64000 	C:\WINDOWS\SYSTEM32\windows.storage.dll
0x00007ffb415a0000 - 0x00007ffb418f4000 	C:\WINDOWS\System32\combase.dll
0x00007ffb401e0000 - 0x00007ffb4020c000 	C:\WINDOWS\SYSTEM32\Wldp.dll
0x00007ffb41220000 - 0x00007ffb412cd000 	C:\WINDOWS\System32\SHCORE.dll
0x00007ffb412d0000 - 0x00007ffb41325000 	C:\WINDOWS\System32\shlwapi.dll
0x00007ffb406b0000 - 0x00007ffb406cf000 	C:\WINDOWS\SYSTEM32\profapi.dll
0x00007ffb32d40000 - 0x00007ffb32d5a000 	C:\Program Files\Android\Android Studio\jre\bin\net.dll
0x00007ffb31c20000 - 0x00007ffb31d2a000 	C:\WINDOWS\SYSTEM32\WINHTTP.dll
0x00007ffb3ff40000 - 0x00007ffb3ffaa000 	C:\WINDOWS\system32\mswsock.dll
0x00007ffb32ac0000 - 0x00007ffb32ad4000 	C:\Program Files\Android\Android Studio\jre\bin\nio.dll
0x00007ffb16d10000 - 0x00007ffb16d37000 	C:\Users\Mickley Khoza\.gradle\native\e1d6ef7f7dcc3fd88c89a11ec53ec762bb8ba0a96d01ffa2cd45eb1d1d8dd5c5\windows-amd64\native-platform.dll
0x00007ffafbe80000 - 0x00007ffafbfc4000 	C:\Users\Mickley Khoza\.gradle\native\5664cfc778a61ccfe75a443a1ab52a65af34e5dc3c78e0209fed803814484fcb\windows-amd64\native-platform-file-events.dll
0x00007ffb3bf90000 - 0x00007ffb3bf9a000 	C:\Program Files\Android\Android Studio\jre\bin\management.dll
0x00007ffb39920000 - 0x00007ffb3992d000 	C:\Program Files\Android\Android Studio\jre\bin\management_ext.dll
0x00007ffb40140000 - 0x00007ffb40158000 	C:\WINDOWS\SYSTEM32\CRYPTSP.dll
0x00007ffb3f850000 - 0x00007ffb3f884000 	C:\WINDOWS\system32\rsaenh.dll
0x00007ffb41010000 - 0x00007ffb41037000 	C:\WINDOWS\System32\bcrypt.dll
0x00007ffb40670000 - 0x00007ffb4069e000 	C:\WINDOWS\SYSTEM32\USERENV.dll
0x00007ffb40130000 - 0x00007ffb4013c000 	C:\WINDOWS\SYSTEM32\CRYPTBASE.dll
0x00007ffb3fbe0000 - 0x00007ffb3fc1b000 	C:\WINDOWS\SYSTEM32\IPHLPAPI.DLL
0x00007ffb41590000 - 0x00007ffb41598000 	C:\WINDOWS\System32\NSI.dll
0x00007ffb327b0000 - 0x00007ffb327c7000 	C:\WINDOWS\SYSTEM32\dhcpcsvc6.DLL
0x00007ffb32810000 - 0x00007ffb3282d000 	C:\WINDOWS\SYSTEM32\dhcpcsvc.DLL
0x00007ffb3fc20000 - 0x00007ffb3fceb000 	C:\WINDOWS\SYSTEM32\DNSAPI.dll

dbghelp: loaded successfully - version: 4.0.5 - missing functions: none
symbol engine: initialized successfully - sym options: 0x614 - pdb path: .;C:\Program Files\Android\Android Studio\jre\bin;C:\WINDOWS\SYSTEM32;C:\WINDOWS\WinSxS\amd64_microsoft.windows.common-controls_6595b64144ccf1df_6.0.19041.1110_none_60b5254171f9507e;C:\Program Files\Android\Android Studio\jre\bin\server;C:\Users\Mickley Khoza\.gradle\native\e1d6ef7f7dcc3fd88c89a11ec53ec762bb8ba0a96d01ffa2cd45eb1d1d8dd5c5\windows-amd64;C:\Users\Mickley Khoza\.gradle\native\5664cfc778a61ccfe75a443a1ab52a65af34e5dc3c78e0209fed803814484fcb\windows-amd64

VM Arguments:
jvm_args: --add-opens=java.base/java.util=ALL-UNNAMED --add-opens=java.base/java.lang=ALL-UNNAMED --add-opens=java.base/java.lang.invoke=ALL-UNNAMED --add-opens=java.base/java.util=ALL-UNNAMED --add-opens=java.prefs/java.util.prefs=ALL-UNNAMED --add-opens=java.prefs/java.util.prefs=ALL-UNNAMED --add-opens=java.base/java.nio.charset=ALL-UNNAMED --add-opens=java.base/java.net=ALL-UNNAMED --add-opens=java.base/java.util.concurrent.atomic=ALL-UNNAMED -Xmx2048m -Dfile.encoding=UTF-8 -Duser.country=ZA -Duser.language=en -Duser.variant 
java_command: org.gradle.launcher.daemon.bootstrap.GradleDaemon 7.2
java_class_path (initial): C:\Users\Mickley Khoza\.gradle\wrapper\dists\gradle-7.2-bin\2dnblmf4td7x66yl1d74lt32g\gradle-7.2\lib\gradle-launcher-7.2.jar
Launcher Type: SUN_STANDARD

[Global flags]
     intx CICompilerCount                          = 2                                         {product} {ergonomic}
     uint ConcGCThreads                            = 1                                         {product} {ergonomic}
     uint G1ConcRefinementThreads                  = 2                                         {product} {ergonomic}
   size_t G1HeapRegionSize                         = 1048576                                   {product} {ergonomic}
    uintx GCDrainStackTargetSize                   = 64                                        {product} {ergonomic}
   size_t InitialHeapSize                          = 65011712                                  {product} {ergonomic}
   size_t MarkStackSize                            = 4194304                                   {product} {ergonomic}
   size_t MaxHeapSize                              = 2147483648                                {product} {command line}
   size_t MaxNewSize                               = 1287651328                                {product} {ergonomic}
   size_t MinHeapDeltaBytes                        = 1048576                                   {product} {ergonomic}
    uintx NonNMethodCodeHeapSize                   = 5825164                                {pd product} {ergonomic}
    uintx NonProfiledCodeHeapSize                  = 122916538                              {pd product} {ergonomic}
    uintx ProfiledCodeHeapSize                     = 122916538                              {pd product} {ergonomic}
    uintx ReservedCodeCacheSize                    = 251658240                              {pd product} {ergonomic}
     bool SegmentedCodeCache                       = true                                      {product} {ergonomic}
     bool UseCompressedClassPointers               = true                                 {lp64_product} {ergonomic}
     bool UseCompressedOops                        = true                                 {lp64_product} {ergonomic}
     bool UseG1GC                                  = true                                      {product} {ergonomic}
     bool UseLargePagesIndividualAllocation        = false                                  {pd product} {ergonomic}

Logging:
Log output configuration:
 #0: stdout all=warning uptime,level,tags
 #1: stderr all=off uptime,level,tags

Environment Variables:
PATH=C:\Program Files\Common Files\Oracle\Java\javapath;C:\WINDOWS\system32;C:\WINDOWS;C:\WINDOWS\System32\Wbem;C:\WINDOWS\System32\WindowsPowerShell\v1.0\;C:\WINDOWS\System32\OpenSSH\;C:\Users\Administrator\AppData\Local\Microsoft\WindowsApps;C:\Recovery\OEM\Backup\;C:\Program Files\Intel\TXE Components\DAL\;C:\Program Files (x86)\Intel\TXE Components\DAL\;%JAVA_HOME%\bin;C:\Program Files\Git\cmd;C:\WINDOWS\system32;C:\WINDOWS;C:\WINDOWS\System32\Wbem;C:\WINDOWS\System32\WindowsPowerShell\v1.0\;C:\WINDOWS\System32\OpenSSH\;C:\ProgramData\chocolatey\bin;C:\Users\Mickley Khoza\AppData\Local\Microsoft\WindowsApps;;C:\Program Files\JetBrains\IntelliJ IDEA 2021.2.1\bin;
USERNAME=Mickley Khoza
OS=Windows_NT
PROCESSOR_IDENTIFIER=Intel64 Family 6 Model 92 Stepping 9, GenuineIntel



---------------  S Y S T E M  ---------------

OS: Windows 10 , 64 bit Build 19041 (10.0.19041.1645)
OS uptime: 0 days 12:01 hours

CPU:total 2 (initial active 2) (2 cores per cpu, 1 threads per core) family 6 model 92 stepping 9 microcode 0x38, cmov, cx8, fxsr, mmx, sse, sse2, sse3, ssse3, sse4.1, sse4.2, popcnt, aes, clmul, erms, 3dnowpref, tsc, tscinvbit, sha

Memory: 4k page, system-wide physical 3927M (296M free)
TotalPageFile size 6598M (AvailPageFile size 23M)
current process WorkingSet (physical memory assigned to process): 341M, peak: 342M
current process commit charge ("private bytes"): 364M, peak: 390M

vm_info: OpenJDK 64-Bit Server VM (11.0.11+9-b60-7590822) for windows-amd64 JRE (11.0.11+9-b60-7590822), built on Jul 29 2021 21:43:44 by "builder" with MS VC++ 14.0 (VS2015)

END.
