#
# There is insufficient memory for the Java Runtime Environment to continue.
# Native memory allocation (malloc) failed to allocate 1380176 bytes for Chunk::new
# Possible reasons:
#   The system is out of physical RAM or swap space
#   The process is running with CompressedOops enabled, and the Java Heap may be blocking the growth of the native heap
# Possible solutions:
#   Reduce memory load on the system
#   Increase physical memory or swap space
#   Check if swap backing store is full
#   Decrease Java heap size (-Xmx/-Xms)
#   Decrease number of Java threads
#   Decrease Java thread stack sizes (-Xss)
#   Set larger code cache with -XX:ReservedCodeCacheSize=
#   JVM is running with Unscaled Compressed Oops mode in which the Java heap is
#     placed in the first 4GB address space. The Java Heap base address is the
#     maximum limit for the native heap growth. Please use -XX:HeapBaseMinAddress
#     to set the Java Heap base and to place the Java Heap above 4GB virtual address.
# This output file may be truncated or incomplete.
#
#  Out of Memory Error (./src/hotspot/share/memory/arena.cpp:197), pid=9888, tid=804
#
# JRE version: OpenJDK Runtime Environment (11.0.11+9) (build 11.0.11+9-b60-7590822)
# Java VM: OpenJDK 64-Bit Server VM (11.0.11+9-b60-7590822, mixed mode, tiered, compressed oops, g1 gc, windows-amd64)
# No core dump will be written. Minidumps are not enabled by default on client versions of Windows
#

---------------  S U M M A R Y ------------

Command Line: --add-opens=java.base/java.util=ALL-UNNAMED --add-opens=java.base/java.lang=ALL-UNNAMED --add-opens=java.base/java.lang.invoke=ALL-UNNAMED --add-opens=java.base/java.util=ALL-UNNAMED --add-opens=java.prefs/java.util.prefs=ALL-UNNAMED --add-opens=java.prefs/java.util.prefs=ALL-UNNAMED --add-opens=java.base/java.nio.charset=ALL-UNNAMED --add-opens=java.base/java.net=ALL-UNNAMED --add-opens=java.base/java.util.concurrent.atomic=ALL-UNNAMED -Xmx2048m -Dfile.encoding=UTF-8 -Duser.country=ZA -Duser.language=en -Duser.variant org.gradle.launcher.daemon.bootstrap.GradleDaemon 7.2

Host: Intel(R) Celeron(R) CPU N3350 @ 1.10GHz, 2 cores, 3G,  Windows 10 , 64 bit Build 19041 (10.0.19041.1645)
Time: Mon May  2 18:05:58 2022 South Africa Standard Time elapsed time: 53.734558 seconds (0d 0h 0m 53s)

---------------  T H R E A D  ---------------

Current thread (0x000001a406c43800):  JavaThread "C2 CompilerThread0" daemon [_thread_in_native, id=804, stack(0x00000048f3200000,0x00000048f3300000)]


Current CompileTask:
C2:  53734 7364 %     4       org.gradle.internal.instantiation.generator.AbstractClassGenerator::inspectType @ 107 (560 bytes)

Stack: [0x00000048f3200000,0x00000048f3300000]
Native frames: (J=compiled Java code, j=interpreted, Vv=VM code, C=native code)
V  [jvm.dll+0x5f214a]
V  [jvm.dll+0x726fb5]
V  [jvm.dll+0x7285cd]
V  [jvm.dll+0x728c83]
V  [jvm.dll+0x243278]
V  [jvm.dll+0xbc53c]
V  [jvm.dll+0xbca3c]
V  [jvm.dll+0x353e7d]
V  [jvm.dll+0x19895c]
V  [jvm.dll+0x1fc2ee]
V  [jvm.dll+0x1fb3d4]
V  [jvm.dll+0x183d6c]
V  [jvm.dll+0x209a57]
V  [jvm.dll+0x2082a1]
V  [jvm.dll+0x6ef58f]
V  [jvm.dll+0x6e80b5]
V  [jvm.dll+0x5f1036]
C  [ucrtbase.dll+0x21bb2]
C  [KERNEL32.DLL+0x17034]
C  [ntdll.dll+0x52651]


---------------  P R O C E S S  ---------------

Threads class SMR info:
_java_thread_list=0x000001a40a1ff6e0, length=56, elements={
0x000001a46cccc000, 0x000001a406bdb000, 0x000001a406be5000, 0x000001a406c3c800,
0x000001a406c3e000, 0x000001a406c3f000, 0x000001a406c43800, 0x000001a406c47800,
0x000001a406c52800, 0x000001a4076b1800, 0x000001a4081e8800, 0x000001a4095a4800,
0x000001a408d98800, 0x000001a4078e5800, 0x000001a4078e6800, 0x000001a40788b800,
0x000001a409668800, 0x000001a408a8e000, 0x000001a408a8e800, 0x000001a408f2f800,
0x000001a408f2c800, 0x000001a408f30800, 0x000001a408f31800, 0x000001a408f2b800,
0x000001a408f2d000, 0x000001a408f32000, 0x000001a408f2e000, 0x000001a408f2f000,
0x000001a40b266000, 0x000001a40b267000, 0x000001a40b263800, 0x000001a40b265800,
0x000001a40b26a800, 0x000001a40b26c800, 0x000001a40b26d800, 0x000001a40b26e800,
0x000001a40b268800, 0x000001a40b26f000, 0x000001a40b269800, 0x000001a40b270000,
0x000001a40b271000, 0x000001a40b271800, 0x000001a40b272800, 0x000001a40844c800,
0x000001a40844d000, 0x000001a40844a000, 0x000001a40844e000, 0x000001a40844b800,
0x000001a408448800, 0x000001a40844f000, 0x000001a408449000, 0x000001a408450800,
0x000001a40844f800, 0x000001a40844b000, 0x000001a408455800, 0x000001a408456000
}

Java Threads: ( => current thread )
  0x000001a46cccc000 JavaThread "main" [_thread_blocked, id=10000, stack(0x00000048f2600000,0x00000048f2700000)]
  0x000001a406bdb000 JavaThread "Reference Handler" daemon [_thread_blocked, id=7940, stack(0x00000048f2d00000,0x00000048f2e00000)]
  0x000001a406be5000 JavaThread "Finalizer" daemon [_thread_blocked, id=7088, stack(0x00000048f2e00000,0x00000048f2f00000)]
  0x000001a406c3c800 JavaThread "Signal Dispatcher" daemon [_thread_blocked, id=9864, stack(0x00000048f2f00000,0x00000048f3000000)]
  0x000001a406c3e000 JavaThread "Attach Listener" daemon [_thread_blocked, id=4100, stack(0x00000048f3000000,0x00000048f3100000)]
  0x000001a406c3f000 JavaThread "Service Thread" daemon [_thread_blocked, id=9308, stack(0x00000048f3100000,0x00000048f3200000)]
=>0x000001a406c43800 JavaThread "C2 CompilerThread0" daemon [_thread_in_native, id=804, stack(0x00000048f3200000,0x00000048f3300000)]
  0x000001a406c47800 JavaThread "C1 CompilerThread0" daemon [_thread_blocked, id=532, stack(0x00000048f3300000,0x00000048f3400000)]
  0x000001a406c52800 JavaThread "Sweeper thread" daemon [_thread_blocked, id=10156, stack(0x00000048f3400000,0x00000048f3500000)]
  0x000001a4076b1800 JavaThread "Common-Cleaner" daemon [_thread_blocked, id=7076, stack(0x00000048f3500000,0x00000048f3600000)]
  0x000001a4081e8800 JavaThread "Daemon health stats" [_thread_blocked, id=9432, stack(0x00000048f3800000,0x00000048f3900000)]
  0x000001a4095a4800 JavaThread "Incoming local TCP Connector on port 57089" [_thread_in_native, id=9752, stack(0x00000048f3900000,0x00000048f3a00000)]
  0x000001a408d98800 JavaThread "Daemon periodic checks" [_thread_blocked, id=9596, stack(0x00000048f3a00000,0x00000048f3b00000)]
  0x000001a4078e5800 JavaThread "Daemon" [_thread_blocked, id=6832, stack(0x00000048f3b00000,0x00000048f3c00000)]
  0x000001a4078e6800 JavaThread "Handler for socket connection from /127.0.0.1:57089 to /127.0.0.1:57090" [_thread_in_native, id=4436, stack(0x00000048f3c00000,0x00000048f3d00000)]
  0x000001a40788b800 JavaThread "Cancel handler" [_thread_blocked, id=3556, stack(0x00000048f3d00000,0x00000048f3e00000)]
  0x000001a409668800 JavaThread "Daemon worker" [_thread_in_vm, id=9904, stack(0x00000048f3e00000,0x00000048f3f00000)]
  0x000001a408a8e000 JavaThread "Asynchronous log dispatcher for DefaultDaemonConnection: socket connection from /127.0.0.1:57089 to /127.0.0.1:57090" [_thread_blocked, id=2664, stack(0x00000048f3f00000,0x00000048f4000000)]
  0x000001a408a8e800 JavaThread "Stdin handler" [_thread_blocked, id=5684, stack(0x00000048f4000000,0x00000048f4100000)]
  0x000001a408f2f800 JavaThread "Daemon client event forwarder" [_thread_blocked, id=6080, stack(0x00000048f4100000,0x00000048f4200000)]
  0x000001a408f2c800 JavaThread "Cache worker for journal cache (C:\Users\Mickley Khoza\.gradle\caches\journal-1)" [_thread_blocked, id=4356, stack(0x00000048f4200000,0x00000048f4300000)]
  0x000001a408f30800 JavaThread "File lock request listener" [_thread_in_native, id=9544, stack(0x00000048f4300000,0x00000048f4400000)]
  0x000001a408f31800 JavaThread "Cache worker for file hash cache (C:\Users\Mickley Khoza\.gradle\caches\7.2\fileHashes)" [_thread_blocked, id=1872, stack(0x00000048f4400000,0x00000048f4500000)]
  0x000001a408f2b800 JavaThread "Cache worker for file hash cache (C:\Users\Mickley Khoza\AndroidStudioProjects\Practical02\.gradle\7.2\fileHashes)" [_thread_blocked, id=316, stack(0x00000048f4500000,0x00000048f4600000)]
  0x000001a408f2d000 JavaThread "File watcher server" daemon [_thread_in_native, id=8104, stack(0x00000048f4600000,0x00000048f4700000)]
  0x000001a408f32000 JavaThread "File watcher consumer" daemon [_thread_blocked, id=7800, stack(0x00000048f4700000,0x00000048f4800000)]
  0x000001a408f2e000 JavaThread "Cache worker for checksums cache (C:\Users\Mickley Khoza\AndroidStudioProjects\Practical02\.gradle\checksums)" [_thread_blocked, id=4720, stack(0x00000048f4800000,0x00000048f4900000)]
  0x000001a408f2f000 JavaThread "Cache worker for cache directory md-supplier (C:\Users\Mickley Khoza\.gradle\caches\7.2\md-supplier)" [_thread_blocked, id=4348, stack(0x00000048f4900000,0x00000048f4a00000)]
  0x000001a40b266000 JavaThread "Cache worker for cache directory md-rule (C:\Users\Mickley Khoza\.gradle\caches\7.2\md-rule)" [_thread_blocked, id=4352, stack(0x00000048f4a00000,0x00000048f4b00000)]
  0x000001a40b267000 JavaThread "Cache worker for execution history cache (C:\Users\Mickley Khoza\.gradle\caches\7.2\executionHistory)" [_thread_blocked, id=2752, stack(0x00000048f4b00000,0x00000048f4c00000)]
  0x000001a40b263800 JavaThread "jar transforms" [_thread_blocked, id=7752, stack(0x00000048f4c00000,0x00000048f4d00000)]
  0x000001a40b265800 JavaThread "Cache worker for file content cache (C:\Users\Mickley Khoza\.gradle\caches\7.2\fileContent)" [_thread_blocked, id=8276, stack(0x00000048f4d00000,0x00000048f4e00000)]
  0x000001a40b26a800 JavaThread "jar transforms Thread 2" [_thread_blocked, id=7464, stack(0x00000048f4e00000,0x00000048f4f00000)]
  0x000001a40b26c800 JavaThread "Cache worker for dependencies-accessors (C:\Users\Mickley Khoza\AndroidStudioProjects\Practical02\.gradle\7.2\dependencies-accessors)" [_thread_blocked, id=540, stack(0x00000048f4f00000,0x00000048f5000000)]
  0x000001a40b26d800 JavaThread "Cache worker for Build Output Cleanup Cache (C:\Users\Mickley Khoza\AndroidStudioProjects\Practical02\.gradle\buildOutputCleanup)" [_thread_blocked, id=3308, stack(0x00000048f5000000,0x00000048f5100000)]
  0x000001a40b26e800 JavaThread "Unconstrained build operations" [_thread_blocked, id=6652, stack(0x00000048f5100000,0x00000048f5200000)]
  0x000001a40b268800 JavaThread "Unconstrained build operations Thread 2" [_thread_blocked, id=8032, stack(0x00000048f5200000,0x00000048f5300000)]
  0x000001a40b26f000 JavaThread "Unconstrained build operations Thread 3" [_thread_blocked, id=2896, stack(0x00000048f5300000,0x00000048f5400000)]
  0x000001a40b269800 JavaThread "Unconstrained build operations Thread 4" [_thread_blocked, id=8360, stack(0x00000048f5400000,0x00000048f5500000)]
  0x000001a40b270000 JavaThread "Unconstrained build operations Thread 5" [_thread_blocked, id=1452, stack(0x00000048f5500000,0x00000048f5600000)]
  0x000001a40b271000 JavaThread "Unconstrained build operations Thread 6" [_thread_blocked, id=476, stack(0x00000048f5600000,0x00000048f5700000)]
  0x000001a40b271800 JavaThread "Unconstrained build operations Thread 7" [_thread_blocked, id=2800, stack(0x00000048f5700000,0x00000048f5800000)]
  0x000001a40b272800 JavaThread "Unconstrained build operations Thread 8" [_thread_blocked, id=7136, stack(0x00000048f5800000,0x00000048f5900000)]
  0x000001a40844c800 JavaThread "Unconstrained build operations Thread 9" [_thread_blocked, id=1460, stack(0x00000048f5900000,0x00000048f5a00000)]
  0x000001a40844d000 JavaThread "Unconstrained build operations Thread 10" [_thread_blocked, id=5156, stack(0x00000048f5a00000,0x00000048f5b00000)]
  0x000001a40844a000 JavaThread "Unconstrained build operations Thread 11" [_thread_blocked, id=7948, stack(0x00000048f5b00000,0x00000048f5c00000)]
  0x000001a40844e000 JavaThread "Unconstrained build operations Thread 12" [_thread_blocked, id=7100, stack(0x00000048f5c00000,0x00000048f5d00000)]
  0x000001a40844b800 JavaThread "Unconstrained build operations Thread 13" [_thread_blocked, id=8228, stack(0x00000048f5d00000,0x00000048f5e00000)]
  0x000001a408448800 JavaThread "Unconstrained build operations Thread 14" [_thread_blocked, id=3724, stack(0x00000048f5e00000,0x00000048f5f00000)]
  0x000001a40844f000 JavaThread "Unconstrained build operations Thread 15" [_thread_blocked, id=1756, stack(0x00000048f5f00000,0x00000048f6000000)]
  0x000001a408449000 JavaThread "Unconstrained build operations Thread 16" [_thread_blocked, id=5660, stack(0x00000048f6000000,0x00000048f6100000)]
  0x000001a408450800 JavaThread "Unconstrained build operations Thread 17" [_thread_blocked, id=9960, stack(0x00000048f6100000,0x00000048f6200000)]
  0x000001a40844f800 JavaThread "Unconstrained build operations Thread 18" [_thread_blocked, id=9392, stack(0x00000048f6200000,0x00000048f6300000)]
  0x000001a40844b000 JavaThread "Unconstrained build operations Thread 19" [_thread_blocked, id=5152, stack(0x00000048f6300000,0x00000048f6400000)]
  0x000001a408455800 JavaThread "Unconstrained build operations Thread 20" [_thread_blocked, id=2960, stack(0x00000048f6400000,0x00000048f6500000)]
  0x000001a408456000 JavaThread "Memory manager" [_thread_blocked, id=280, stack(0x00000048f6700000,0x00000048f6800000)]

Other Threads:
  0x000001a406bd7800 VMThread "VM Thread" [stack: 0x00000048f2c00000,0x00000048f2d00000] [id=116]
  0x000001a4076fc000 WatcherThread [stack: 0x00000048f3600000,0x00000048f3700000] [id=8848]
  0x000001a46cce4000 GCTaskThread "GC Thread#0" [stack: 0x00000048f2700000,0x00000048f2800000] [id=7760]
  0x000001a4077b6800 GCTaskThread "GC Thread#1" [stack: 0x00000048f3700000,0x00000048f3800000] [id=4192]
  0x000001a46cd13800 ConcurrentGCThread "G1 Main Marker" [stack: 0x00000048f2800000,0x00000048f2900000] [id=7696]
  0x000001a46cd18000 ConcurrentGCThread "G1 Conc#0" [stack: 0x00000048f2900000,0x00000048f2a00000] [id=9908]
  0x000001a46cd67800 ConcurrentGCThread "G1 Refine#0" [stack: 0x00000048f2a00000,0x00000048f2b00000] [id=1832]
  0x000001a46cd68800 ConcurrentGCThread "G1 Young RemSet Sampling" [stack: 0x00000048f2b00000,0x00000048f2c00000] [id=6704]

Threads with active compile tasks:
C2 CompilerThread0  53792 7364 %     4       org.gradle.internal.instantiation.generator.AbstractClassGenerator::inspectType @ 107 (560 bytes)

VM state:not at safepoint (normal execution)

VM Mutex/Monitor currently owned by a thread: None

Heap address: 0x0000000080000000, size: 2048 MB, Compressed Oops mode: 32-bit
Narrow klass base: 0x0000000000000000, Narrow klass shift: 3
Compressed class space size: 1073741824 Address: 0x0000000100000000

Heap:
 garbage-first heap   total 133120K, used 81742K [0x0000000080000000, 0x0000000100000000)
  region size 1024K, 17 young (17408K), 4 survivors (4096K)
 Metaspace       used 74913K, capacity 76627K, committed 76796K, reserved 1116160K
  class space    used 9680K, capacity 10322K, committed 10368K, reserved 1048576K
Heap Regions: E=young(eden), S=young(survivor), O=old, HS=humongous(starts), HC=humongous(continues), CS=collection set, F=free, A=archive, TAMS=top-at-mark-start (previous, next)
|   0|0x0000000080000000, 0x0000000080100000, 0x0000000080100000|100%| O|  |TAMS 0x0000000080100000, 0x0000000080000000| Untracked 
|   1|0x0000000080100000, 0x0000000080200000, 0x0000000080200000|100%| O|  |TAMS 0x0000000080200000, 0x0000000080100000| Untracked 
|   2|0x0000000080200000, 0x0000000080300000, 0x0000000080300000|100%| O|  |TAMS 0x0000000080300000, 0x0000000080200000| Untracked 
|   3|0x0000000080300000, 0x0000000080400000, 0x0000000080400000|100%| O|  |TAMS 0x0000000080400000, 0x0000000080300000| Untracked 
|   4|0x0000000080400000, 0x0000000080500000, 0x0000000080500000|100%|HS|  |TAMS 0x0000000080500000, 0x0000000080400000| Complete 
|   5|0x0000000080500000, 0x0000000080600000, 0x0000000080600000|100%|HC|  |TAMS 0x0000000080600000, 0x0000000080500000| Complete 
|   6|0x0000000080600000, 0x0000000080700000, 0x0000000080700000|100%|HC|  |TAMS 0x0000000080700000, 0x0000000080600000| Complete 
|   7|0x0000000080700000, 0x0000000080800000, 0x0000000080800000|100%| O|  |TAMS 0x0000000080800000, 0x0000000080700000| Untracked 
|   8|0x0000000080800000, 0x0000000080900000, 0x0000000080900000|100%| O|  |TAMS 0x0000000080900000, 0x0000000080800000| Untracked 
|   9|0x0000000080900000, 0x0000000080a00000, 0x0000000080a00000|100%| O|  |TAMS 0x0000000080a00000, 0x0000000080900000| Untracked 
|  10|0x0000000080a00000, 0x0000000080b00000, 0x0000000080b00000|100%| O|  |TAMS 0x0000000080b00000, 0x0000000080a00000| Untracked 
|  11|0x0000000080b00000, 0x0000000080c00000, 0x0000000080c00000|100%| O|  |TAMS 0x0000000080c00000, 0x0000000080b00000| Untracked 
|  12|0x0000000080c00000, 0x0000000080d00000, 0x0000000080d00000|100%| O|  |TAMS 0x0000000080d00000, 0x0000000080c00000| Untracked 
|  13|0x0000000080d00000, 0x0000000080e00000, 0x0000000080e00000|100%| O|  |TAMS 0x0000000080e00000, 0x0000000080d00000| Untracked 
|  14|0x0000000080e00000, 0x0000000080f00000, 0x0000000080f00000|100%| O|  |TAMS 0x0000000080f00000, 0x0000000080e00000| Untracked 
|  15|0x0000000080f00000, 0x0000000081000000, 0x0000000081000000|100%| O|  |TAMS 0x0000000081000000, 0x0000000080f00000| Untracked 
|  16|0x0000000081000000, 0x0000000081100000, 0x0000000081100000|100%| O|  |TAMS 0x0000000081100000, 0x0000000081000000| Untracked 
|  17|0x0000000081100000, 0x0000000081200000, 0x0000000081200000|100%| O|  |TAMS 0x0000000081200000, 0x0000000081100000| Untracked 
|  18|0x0000000081200000, 0x0000000081300000, 0x0000000081300000|100%| O|  |TAMS 0x0000000081300000, 0x0000000081200000| Untracked 
|  19|0x0000000081300000, 0x0000000081400000, 0x0000000081400000|100%| O|  |TAMS 0x0000000081400000, 0x0000000081300000| Untracked 
|  20|0x0000000081400000, 0x0000000081500000, 0x0000000081500000|100%| O|  |TAMS 0x0000000081500000, 0x0000000081400000| Untracked 
|  21|0x0000000081500000, 0x0000000081600000, 0x0000000081600000|100%| O|  |TAMS 0x0000000081600000, 0x0000000081500000| Untracked 
|  22|0x0000000081600000, 0x0000000081700000, 0x0000000081700000|100%| O|  |TAMS 0x0000000081700000, 0x0000000081600000| Untracked 
|  23|0x0000000081700000, 0x0000000081800000, 0x0000000081800000|100%| O|  |TAMS 0x0000000081800000, 0x0000000081700000| Untracked 
|  24|0x0000000081800000, 0x0000000081900000, 0x0000000081900000|100%| O|  |TAMS 0x0000000081900000, 0x0000000081800000| Untracked 
|  25|0x0000000081900000, 0x0000000081a00000, 0x0000000081a00000|100%| O|  |TAMS 0x0000000081a00000, 0x0000000081900000| Untracked 
|  26|0x0000000081a00000, 0x0000000081b00000, 0x0000000081b00000|100%| O|  |TAMS 0x0000000081b00000, 0x0000000081a00000| Untracked 
|  27|0x0000000081b00000, 0x0000000081c00000, 0x0000000081c00000|100%| O|  |TAMS 0x0000000081c00000, 0x0000000081b00000| Untracked 
|  28|0x0000000081c00000, 0x0000000081d00000, 0x0000000081d00000|100%| O|  |TAMS 0x0000000081d00000, 0x0000000081c00000| Untracked 
|  29|0x0000000081d00000, 0x0000000081e00000, 0x0000000081e00000|100%|HS|  |TAMS 0x0000000081e00000, 0x0000000081d00000| Complete 
|  30|0x0000000081e00000, 0x0000000081f00000, 0x0000000081f00000|100%|HS|  |TAMS 0x0000000081f00000, 0x0000000081e00000| Complete 
|  31|0x0000000081f00000, 0x0000000082000000, 0x0000000082000000|100%|HS|  |TAMS 0x0000000082000000, 0x0000000081f00000| Complete 
|  32|0x0000000082000000, 0x0000000082100000, 0x0000000082100000|100%|HS|  |TAMS 0x0000000082100000, 0x0000000082000000| Complete 
|  33|0x0000000082100000, 0x0000000082200000, 0x0000000082200000|100%| O|  |TAMS 0x0000000082200000, 0x0000000082100000| Untracked 
|  34|0x0000000082200000, 0x0000000082300000, 0x0000000082300000|100%| O|  |TAMS 0x0000000082300000, 0x0000000082200000| Untracked 
|  35|0x0000000082300000, 0x0000000082400000, 0x0000000082400000|100%|HS|  |TAMS 0x0000000082400000, 0x0000000082300000| Complete 
|  36|0x0000000082400000, 0x0000000082500000, 0x0000000082500000|100%|HC|  |TAMS 0x0000000082500000, 0x0000000082400000| Complete 
|  37|0x0000000082500000, 0x0000000082600000, 0x0000000082600000|100%|HC|  |TAMS 0x0000000082600000, 0x0000000082500000| Complete 
|  38|0x0000000082600000, 0x0000000082700000, 0x0000000082700000|100%| O|  |TAMS 0x0000000082700000, 0x0000000082600000| Untracked 
|  39|0x0000000082700000, 0x0000000082800000, 0x0000000082800000|100%| O|  |TAMS 0x0000000082800000, 0x0000000082700000| Untracked 
|  40|0x0000000082800000, 0x0000000082900000, 0x0000000082900000|100%| O|  |TAMS 0x0000000082900000, 0x0000000082800000| Untracked 
|  41|0x0000000082900000, 0x0000000082a00000, 0x0000000082a00000|100%| O|  |TAMS 0x0000000082a00000, 0x0000000082900000| Untracked 
|  42|0x0000000082a00000, 0x0000000082b00000, 0x0000000082b00000|100%| O|  |TAMS 0x0000000082b00000, 0x0000000082a00000| Untracked 
|  43|0x0000000082b00000, 0x0000000082c00000, 0x0000000082c00000|100%|HS|  |TAMS 0x0000000082c00000, 0x0000000082b00000| Complete 
|  44|0x0000000082c00000, 0x0000000082d00000, 0x0000000082d00000|100%|HC|  |TAMS 0x0000000082d00000, 0x0000000082c00000| Complete 
|  45|0x0000000082d00000, 0x0000000082e00000, 0x0000000082e00000|100%| O|  |TAMS 0x0000000082e00000, 0x0000000082d00000| Untracked 
|  46|0x0000000082e00000, 0x0000000082f00000, 0x0000000082f00000|100%| O|  |TAMS 0x0000000082f00000, 0x0000000082e00000| Untracked 
|  47|0x0000000082f00000, 0x0000000083000000, 0x0000000083000000|100%| O|  |TAMS 0x0000000083000000, 0x0000000082f00000| Untracked 
|  48|0x0000000083000000, 0x0000000083100000, 0x0000000083100000|100%| O|  |TAMS 0x0000000083100000, 0x0000000083000000| Untracked 
|  49|0x0000000083100000, 0x0000000083200000, 0x0000000083200000|100%| O|  |TAMS 0x0000000083200000, 0x0000000083100000| Untracked 
|  50|0x0000000083200000, 0x0000000083300000, 0x0000000083300000|100%| O|  |TAMS 0x0000000083300000, 0x0000000083200000| Untracked 
|  51|0x0000000083300000, 0x0000000083400000, 0x0000000083400000|100%| O|  |TAMS 0x0000000083400000, 0x0000000083300000| Untracked 
|  52|0x0000000083400000, 0x0000000083500000, 0x0000000083500000|100%| O|  |TAMS 0x0000000083500000, 0x0000000083400000| Untracked 
|  53|0x0000000083500000, 0x0000000083600000, 0x0000000083600000|100%| O|  |TAMS 0x0000000083600000, 0x0000000083500000| Untracked 
|  54|0x0000000083600000, 0x0000000083700000, 0x0000000083700000|100%| O|  |TAMS 0x0000000083700000, 0x0000000083600000| Untracked 
|  55|0x0000000083700000, 0x0000000083800000, 0x0000000083800000|100%| O|  |TAMS 0x0000000083800000, 0x0000000083700000| Untracked 
|  56|0x0000000083800000, 0x0000000083900000, 0x0000000083900000|100%| O|  |TAMS 0x0000000083900000, 0x0000000083800000| Untracked 
|  57|0x0000000083900000, 0x0000000083a00000, 0x0000000083a00000|100%| O|  |TAMS 0x0000000083a00000, 0x0000000083900000| Untracked 
|  58|0x0000000083a00000, 0x0000000083b00000, 0x0000000083b00000|100%| O|  |TAMS 0x0000000083b00000, 0x0000000083a00000| Untracked 
|  59|0x0000000083b00000, 0x0000000083c00000, 0x0000000083c00000|100%| O|  |TAMS 0x0000000083c00000, 0x0000000083b00000| Untracked 
|  60|0x0000000083c00000, 0x0000000083d00000, 0x0000000083d00000|100%| O|  |TAMS 0x0000000083d00000, 0x0000000083c00000| Untracked 
|  61|0x0000000083d00000, 0x0000000083e00000, 0x0000000083e00000|100%| O|  |TAMS 0x0000000083e00000, 0x0000000083d00000| Untracked 
|  62|0x0000000083e00000, 0x0000000083f00000, 0x0000000083f00000|100%| O|  |TAMS 0x0000000083f00000, 0x0000000083e00000| Untracked 
|  63|0x0000000083f00000, 0x0000000083fde000, 0x0000000084000000| 86%| O|  |TAMS 0x0000000083fde000, 0x0000000083f00000| Untracked 
|  64|0x0000000084000000, 0x0000000084000000, 0x0000000084100000|  0%| F|  |TAMS 0x0000000084000000, 0x0000000084000000| Untracked 
|  65|0x0000000084100000, 0x0000000084100000, 0x0000000084200000|  0%| F|  |TAMS 0x0000000084100000, 0x0000000084100000| Untracked 
|  66|0x0000000084200000, 0x0000000084200000, 0x0000000084300000|  0%| F|  |TAMS 0x0000000084200000, 0x0000000084200000| Untracked 
|  67|0x0000000084300000, 0x0000000084300000, 0x0000000084400000|  0%| F|  |TAMS 0x0000000084300000, 0x0000000084300000| Untracked 
|  68|0x0000000084400000, 0x0000000084400000, 0x0000000084500000|  0%| F|  |TAMS 0x0000000084400000, 0x0000000084400000| Untracked 
|  69|0x0000000084500000, 0x0000000084500000, 0x0000000084600000|  0%| F|  |TAMS 0x0000000084500000, 0x0000000084500000| Untracked 
|  70|0x0000000084600000, 0x0000000084600000, 0x0000000084700000|  0%| F|  |TAMS 0x0000000084600000, 0x0000000084600000| Untracked 
|  71|0x0000000084700000, 0x0000000084700000, 0x0000000084800000|  0%| F|  |TAMS 0x0000000084700000, 0x0000000084700000| Untracked 
|  72|0x0000000084800000, 0x0000000084800000, 0x0000000084900000|  0%| F|  |TAMS 0x0000000084800000, 0x0000000084800000| Untracked 
|  73|0x0000000084900000, 0x0000000084900000, 0x0000000084a00000|  0%| F|  |TAMS 0x0000000084900000, 0x0000000084900000| Untracked 
|  74|0x0000000084a00000, 0x0000000084a00000, 0x0000000084b00000|  0%| F|  |TAMS 0x0000000084a00000, 0x0000000084a00000| Untracked 
|  75|0x0000000084b00000, 0x0000000084b00000, 0x0000000084c00000|  0%| F|  |TAMS 0x0000000084b00000, 0x0000000084b00000| Untracked 
|  76|0x0000000084c00000, 0x0000000084c00000, 0x0000000084d00000|  0%| F|  |TAMS 0x0000000084c00000, 0x0000000084c00000| Untracked 
|  77|0x0000000084d00000, 0x0000000084d00000, 0x0000000084e00000|  0%| F|  |TAMS 0x0000000084d00000, 0x0000000084d00000| Untracked 
|  78|0x0000000084e00000, 0x0000000084e00000, 0x0000000084f00000|  0%| F|  |TAMS 0x0000000084e00000, 0x0000000084e00000| Untracked 
|  79|0x0000000084f00000, 0x0000000084f00000, 0x0000000085000000|  0%| F|  |TAMS 0x0000000084f00000, 0x0000000084f00000| Untracked 
|  80|0x0000000085000000, 0x0000000085000000, 0x0000000085100000|  0%| F|  |TAMS 0x0000000085000000, 0x0000000085000000| Untracked 
|  81|0x0000000085100000, 0x0000000085100000, 0x0000000085200000|  0%| F|  |TAMS 0x0000000085100000, 0x0000000085100000| Untracked 
|  82|0x0000000085200000, 0x0000000085200000, 0x0000000085300000|  0%| F|  |TAMS 0x0000000085200000, 0x0000000085200000| Untracked 
|  83|0x0000000085300000, 0x0000000085300000, 0x0000000085400000|  0%| F|  |TAMS 0x0000000085300000, 0x0000000085300000| Untracked 
|  84|0x0000000085400000, 0x0000000085400000, 0x0000000085500000|  0%| F|  |TAMS 0x0000000085400000, 0x0000000085400000| Untracked 
|  85|0x0000000085500000, 0x0000000085500000, 0x0000000085600000|  0%| F|  |TAMS 0x0000000085500000, 0x0000000085500000| Untracked 
|  86|0x0000000085600000, 0x0000000085600000, 0x0000000085700000|  0%| F|  |TAMS 0x0000000085600000, 0x0000000085600000| Untracked 
|  87|0x0000000085700000, 0x0000000085700000, 0x0000000085800000|  0%| F|  |TAMS 0x0000000085700000, 0x0000000085700000| Untracked 
|  88|0x0000000085800000, 0x0000000085800000, 0x0000000085900000|  0%| F|  |TAMS 0x0000000085800000, 0x0000000085800000| Untracked 
|  89|0x0000000085900000, 0x0000000085900000, 0x0000000085a00000|  0%| F|  |TAMS 0x0000000085900000, 0x0000000085900000| Untracked 
|  90|0x0000000085a00000, 0x0000000085a00000, 0x0000000085b00000|  0%| F|  |TAMS 0x0000000085a00000, 0x0000000085a00000| Untracked 
|  91|0x0000000085b00000, 0x0000000085bf5a48, 0x0000000085c00000| 95%| S|CS|TAMS 0x0000000085b00000, 0x0000000085b00000| Complete 
|  92|0x0000000085c00000, 0x0000000085d00000, 0x0000000085d00000|100%| S|CS|TAMS 0x0000000085c00000, 0x0000000085c00000| Complete 
|  93|0x0000000085d00000, 0x0000000085e00000, 0x0000000085e00000|100%| S|CS|TAMS 0x0000000085d00000, 0x0000000085d00000| Complete 
|  94|0x0000000085e00000, 0x0000000085f00000, 0x0000000085f00000|100%| S|CS|TAMS 0x0000000085e00000, 0x0000000085e00000| Complete 
|  95|0x0000000085f00000, 0x0000000085f00000, 0x0000000086000000|  0%| F|  |TAMS 0x0000000085f00000, 0x0000000085f00000| Untracked 
|  96|0x0000000086000000, 0x0000000086000000, 0x0000000086100000|  0%| F|  |TAMS 0x0000000086000000, 0x0000000086000000| Untracked 
|  97|0x0000000086100000, 0x0000000086100000, 0x0000000086200000|  0%| F|  |TAMS 0x0000000086100000, 0x0000000086100000| Untracked 
|  98|0x0000000086200000, 0x0000000086200000, 0x0000000086300000|  0%| F|  |TAMS 0x0000000086200000, 0x0000000086200000| Untracked 
|  99|0x0000000086300000, 0x0000000086300000, 0x0000000086400000|  0%| F|  |TAMS 0x0000000086300000, 0x0000000086300000| Untracked 
| 100|0x0000000086400000, 0x0000000086400000, 0x0000000086500000|  0%| F|  |TAMS 0x0000000086400000, 0x0000000086400000| Untracked 
| 101|0x0000000086500000, 0x0000000086500000, 0x0000000086600000|  0%| F|  |TAMS 0x0000000086500000, 0x0000000086500000| Untracked 
| 102|0x0000000086600000, 0x0000000086600000, 0x0000000086700000|  0%| F|  |TAMS 0x0000000086600000, 0x0000000086600000| Untracked 
| 103|0x0000000086700000, 0x0000000086700000, 0x0000000086800000|  0%| F|  |TAMS 0x0000000086700000, 0x0000000086700000| Untracked 
| 104|0x0000000086800000, 0x0000000086800000, 0x0000000086900000|  0%| F|  |TAMS 0x0000000086800000, 0x0000000086800000| Untracked 
| 105|0x0000000086900000, 0x0000000086900000, 0x0000000086a00000|  0%| F|  |TAMS 0x0000000086900000, 0x0000000086900000| Untracked 
| 106|0x0000000086a00000, 0x0000000086a00000, 0x0000000086b00000|  0%| F|  |TAMS 0x0000000086a00000, 0x0000000086a00000| Untracked 
| 107|0x0000000086b00000, 0x0000000086b00000, 0x0000000086c00000|  0%| F|  |TAMS 0x0000000086b00000, 0x0000000086b00000| Untracked 
| 108|0x0000000086c00000, 0x0000000086c00000, 0x0000000086d00000|  0%| F|  |TAMS 0x0000000086c00000, 0x0000000086c00000| Untracked 
| 109|0x0000000086d00000, 0x0000000086d00000, 0x0000000086e00000|  0%| F|  |TAMS 0x0000000086d00000, 0x0000000086d00000| Untracked 
| 110|0x0000000086e00000, 0x0000000086e00000, 0x0000000086f00000|  0%| F|  |TAMS 0x0000000086e00000, 0x0000000086e00000| Untracked 
| 111|0x0000000086f00000, 0x0000000086f00000, 0x0000000087000000|  0%| F|  |TAMS 0x0000000086f00000, 0x0000000086f00000| Untracked 
| 112|0x0000000087000000, 0x0000000087000000, 0x0000000087100000|  0%| F|  |TAMS 0x0000000087000000, 0x0000000087000000| Untracked 
| 113|0x0000000087100000, 0x0000000087100000, 0x0000000087200000|  0%| F|  |TAMS 0x0000000087100000, 0x0000000087100000| Untracked 
| 114|0x0000000087200000, 0x0000000087200000, 0x0000000087300000|  0%| F|  |TAMS 0x0000000087200000, 0x0000000087200000| Untracked 
| 115|0x0000000087300000, 0x0000000087300000, 0x0000000087400000|  0%| F|  |TAMS 0x0000000087300000, 0x0000000087300000| Untracked 
| 116|0x0000000087400000, 0x0000000087400000, 0x0000000087500000|  0%| F|  |TAMS 0x0000000087400000, 0x0000000087400000| Untracked 
| 117|0x0000000087500000, 0x0000000087581db0, 0x0000000087600000| 50%| E|  |TAMS 0x0000000087500000, 0x0000000087500000| Complete 
| 118|0x0000000087600000, 0x0000000087700000, 0x0000000087700000|100%| E|CS|TAMS 0x0000000087600000, 0x0000000087600000| Complete 
| 119|0x0000000087700000, 0x0000000087800000, 0x0000000087800000|100%| E|CS|TAMS 0x0000000087700000, 0x0000000087700000| Complete 
| 120|0x0000000087800000, 0x0000000087900000, 0x0000000087900000|100%| E|CS|TAMS 0x0000000087800000, 0x0000000087800000| Complete 
| 121|0x0000000087900000, 0x0000000087a00000, 0x0000000087a00000|100%| E|CS|TAMS 0x0000000087900000, 0x0000000087900000| Complete 
| 122|0x0000000087a00000, 0x0000000087b00000, 0x0000000087b00000|100%| E|CS|TAMS 0x0000000087a00000, 0x0000000087a00000| Complete 
| 123|0x0000000087b00000, 0x0000000087c00000, 0x0000000087c00000|100%| E|CS|TAMS 0x0000000087b00000, 0x0000000087b00000| Complete 
| 124|0x0000000087c00000, 0x0000000087d00000, 0x0000000087d00000|100%| E|CS|TAMS 0x0000000087c00000, 0x0000000087c00000| Complete 
| 125|0x0000000087d00000, 0x0000000087e00000, 0x0000000087e00000|100%| E|CS|TAMS 0x0000000087d00000, 0x0000000087d00000| Complete 
| 126|0x0000000087e00000, 0x0000000087f00000, 0x0000000087f00000|100%| E|CS|TAMS 0x0000000087e00000, 0x0000000087e00000| Complete 
| 127|0x0000000087f00000, 0x0000000088000000, 0x0000000088000000|100%| E|CS|TAMS 0x0000000087f00000, 0x0000000087f00000| Complete 
| 128|0x0000000088000000, 0x0000000088100000, 0x0000000088100000|100%| E|CS|TAMS 0x0000000088000000, 0x0000000088000000| Complete 
| 129|0x0000000088100000, 0x0000000088200000, 0x0000000088200000|100%| E|CS|TAMS 0x0000000088100000, 0x0000000088100000| Complete 

Card table byte_map: [0x000001a400000000,0x000001a400400000] _byte_map_base: 0x000001a3ffc00000

Marking Bits (Prev, Next): (CMBitMap*) 0x000001a46cd0aa58, (CMBitMap*) 0x000001a46cd0aa90
 Prev Bits: [0x000001a400800000, 0x000001a402800000)
 Next Bits: [0x000001a402800000, 0x000001a404800000)

Polling page: 0x000001a46b360000

Metaspace:

Usage:
  Non-class:     64.75 MB capacity,    63.71 MB ( 98%) used,   878.39 KB (  1%) free+waste,   187.69 KB ( <1%) overhead. 
      Class:     10.08 MB capacity,     9.45 MB ( 94%) used,   553.95 KB (  5%) free+waste,    87.06 KB ( <1%) overhead. 
       Both:     74.83 MB capacity,    73.16 MB ( 98%) used,     1.40 MB (  2%) free+waste,   274.75 KB ( <1%) overhead. 

Virtual space:
  Non-class space:       66.00 MB reserved,      64.87 MB ( 98%) committed 
      Class space:        1.00 GB reserved,      10.13 MB ( <1%) committed 
             Both:        1.06 GB reserved,      75.00 MB (  7%) committed 

Chunk freelists:
   Non-Class:  58.00 KB
       Class:  14.00 KB
        Both:  72.00 KB

MaxMetaspaceSize: 17179869184.00 GB
CompressedClassSpaceSize: 1.00 GB

CodeHeap 'non-profiled nmethods': size=120064Kb used=4005Kb max_used=4005Kb free=116058Kb
 bounds [0x000001a478290000, 0x000001a478680000, 0x000001a47f7d0000]
CodeHeap 'profiled nmethods': size=120000Kb used=16301Kb max_used=16301Kb free=103698Kb
 bounds [0x000001a470d60000, 0x000001a471d50000, 0x000001a478290000]
CodeHeap 'non-nmethods': size=5696Kb used=2256Kb max_used=2300Kb free=3439Kb
 bounds [0x000001a4707d0000, 0x000001a470a40000, 0x000001a470d60000]
 total_blobs=8315 nmethods=7454 adapters=773
 compilation: enabled
              stopped_count=0, restarted_count=0
 full_count=0

Compilation events (20 events):
Event: 53.656 Thread 0x000001a406c47800 7471       1       org.gradle.api.internal.tasks.CachingTaskDependencyResolveContext::access$000 (5 bytes)
Event: 53.657 Thread 0x000001a406c47800 nmethod 7471 0x000001a478678610 code [0x000001a4786787c0, 0x000001a478678858]
Event: 53.674 Thread 0x000001a406c47800 7472       3       org.gradle.api.internal.collections.CollectionFilter::filter (39 bytes)
Event: 53.675 Thread 0x000001a406c47800 nmethod 7472 0x000001a471d3cc90 code [0x000001a471d3cea0, 0x000001a471d3d368]
Event: 53.679 Thread 0x000001a406c47800 7473   !   3       com.sun.proxy.$Proxy50::annotationType (29 bytes)
Event: 53.679 Thread 0x000001a406c47800 nmethod 7473 0x000001a471d3d510 code [0x000001a471d3d700, 0x000001a471d3dad8]
Event: 53.681 Thread 0x000001a406c47800 7474       3       org.gradle.internal.instantiation.generator.AbstractClassGenerator$PropertyMetadata::getGenericType (34 bytes)
Event: 53.685 Thread 0x000001a406c47800 nmethod 7474 0x000001a471d3dc90 code [0x000001a471d3df00, 0x000001a471d3ea48]
Event: 53.695 Thread 0x000001a406c47800 7475       3       org.gradle.internal.model.CalculatedValueContainer::<init> (26 bytes)
Event: 53.696 Thread 0x000001a406c47800 nmethod 7475 0x000001a471d3ed90 code [0x000001a471d3ef60, 0x000001a471d3f228]
Event: 53.697 Thread 0x000001a406c47800 7476       3       org.gradle.api.internal.collections.CollectionFilter$1::execute (24 bytes)
Event: 53.698 Thread 0x000001a406c47800 nmethod 7476 0x000001a471d3f390 code [0x000001a471d3f560, 0x000001a471d3f7b8]
Event: 53.708 Thread 0x000001a406c47800 7477       3       com.android.build.gradle.options.ProjectOptions::get (35 bytes)
Event: 53.709 Thread 0x000001a406c47800 nmethod 7477 0x000001a471d3f910 code [0x000001a471d3fb40, 0x000001a471d402e8]
Event: 53.715 Thread 0x000001a406c47800 7478       3       org.objectweb.asm.SymbolTable::putBootstrapMethods (56 bytes)
Event: 53.716 Thread 0x000001a406c47800 nmethod 7478 0x000001a471d40590 code [0x000001a471d407a0, 0x000001a471d40a88]
Event: 53.719 Thread 0x000001a406c47800 7479       3       org.gradle.api.internal.provider.AbstractProperty::disallowChanges (8 bytes)
Event: 53.720 Thread 0x000001a406c47800 nmethod 7479 0x000001a471d40c90 code [0x000001a471d40e40, 0x000001a471d41008]
Event: 53.720 Thread 0x000001a406c47800 7480       3       org.gradle.api.internal.provider.AbstractProperty$NonFinalizedValue::disallowChanges (6 bytes)
Event: 53.720 Thread 0x000001a406c47800 nmethod 7480 0x000001a471d41110 code [0x000001a471d412c0, 0x000001a471d413b8]

GC Heap History (20 events):
Event: 42.157 GC heap before
{Heap before GC invocations=39 (full 0):
 garbage-first heap   total 92160K, used 67769K [0x0000000080000000, 0x0000000100000000)
  region size 1024K, 18 young (18432K), 2 survivors (2048K)
 Metaspace       used 60464K, capacity 61986K, committed 62076K, reserved 1103872K
  class space    used 7639K, capacity 8178K, committed 8192K, reserved 1048576K
}
Event: 42.180 GC heap after
{Heap after GC invocations=40 (full 0):
 garbage-first heap   total 92160K, used 57179K [0x0000000080000000, 0x0000000100000000)
  region size 1024K, 3 young (3072K), 3 survivors (3072K)
 Metaspace       used 60464K, capacity 61986K, committed 62076K, reserved 1103872K
  class space    used 7639K, capacity 8178K, committed 8192K, reserved 1048576K
}
Event: 43.044 GC heap before
{Heap before GC invocations=40 (full 0):
 garbage-first heap   total 92160K, used 71515K [0x0000000080000000, 0x0000000100000000)
  region size 1024K, 17 young (17408K), 3 survivors (3072K)
 Metaspace       used 62235K, capacity 63780K, committed 63868K, reserved 1105920K
  class space    used 7847K, capacity 8407K, committed 8448K, reserved 1048576K
}
Event: 43.071 GC heap after
{Heap after GC invocations=41 (full 0):
 garbage-first heap   total 92160K, used 58186K [0x0000000080000000, 0x0000000100000000)
  region size 1024K, 2 young (2048K), 2 survivors (2048K)
 Metaspace       used 62235K, capacity 63780K, committed 63868K, reserved 1105920K
  class space    used 7847K, capacity 8407K, committed 8448K, reserved 1048576K
}
Event: 43.928 GC heap before
{Heap before GC invocations=42 (full 0):
 garbage-first heap   total 92160K, used 71498K [0x0000000080000000, 0x0000000100000000)
  region size 1024K, 15 young (15360K), 2 survivors (2048K)
 Metaspace       used 63276K, capacity 64802K, committed 65020K, reserved 1105920K
  class space    used 7968K, capacity 8512K, committed 8576K, reserved 1048576K
}
Event: 43.938 GC heap after
{Heap after GC invocations=43 (full 0):
 garbage-first heap   total 92160K, used 58839K [0x0000000080000000, 0x0000000100000000)
  region size 1024K, 2 young (2048K), 2 survivors (2048K)
 Metaspace       used 63276K, capacity 64802K, committed 65020K, reserved 1105920K
  class space    used 7968K, capacity 8512K, committed 8576K, reserved 1048576K
}
Event: 44.426 GC heap before
{Heap before GC invocations=43 (full 0):
 garbage-first heap   total 92160K, used 67031K [0x0000000080000000, 0x0000000100000000)
  region size 1024K, 11 young (11264K), 2 survivors (2048K)
 Metaspace       used 64142K, capacity 65590K, committed 65660K, reserved 1105920K
  class space    used 8091K, capacity 8646K, committed 8704K, reserved 1048576K
}
Event: 44.437 GC heap after
{Heap after GC invocations=44 (full 0):
 garbage-first heap   total 110592K, used 59662K [0x0000000080000000, 0x0000000100000000)
  region size 1024K, 2 young (2048K), 2 survivors (2048K)
 Metaspace       used 64142K, capacity 65590K, committed 65660K, reserved 1105920K
  class space    used 8091K, capacity 8646K, committed 8704K, reserved 1048576K
}
Event: 45.773 GC heap before
{Heap before GC invocations=45 (full 0):
 garbage-first heap   total 110592K, used 81166K [0x0000000080000000, 0x0000000100000000)
  region size 1024K, 22 young (22528K), 2 survivors (2048K)
 Metaspace       used 66217K, capacity 67675K, committed 67708K, reserved 1107968K
  class space    used 8360K, capacity 8932K, committed 8960K, reserved 1048576K
}
Event: 45.785 GC heap after
{Heap after GC invocations=46 (full 0):
 garbage-first heap   total 110592K, used 60125K [0x0000000080000000, 0x0000000100000000)
  region size 1024K, 2 young (2048K), 2 survivors (2048K)
 Metaspace       used 66217K, capacity 67675K, committed 67708K, reserved 1107968K
  class space    used 8360K, capacity 8932K, committed 8960K, reserved 1048576K
}
Event: 46.628 GC heap before
{Heap before GC invocations=46 (full 0):
 garbage-first heap   total 110592K, used 81629K [0x0000000080000000, 0x0000000100000000)
  region size 1024K, 23 young (23552K), 2 survivors (2048K)
 Metaspace       used 67116K, capacity 68802K, committed 68860K, reserved 1110016K
  class space    used 8480K, capacity 9069K, committed 9088K, reserved 1048576K
}
Event: 46.646 GC heap after
{Heap after GC invocations=47 (full 0):
 garbage-first heap   total 110592K, used 61959K [0x0000000080000000, 0x0000000100000000)
  region size 1024K, 3 young (3072K), 3 survivors (3072K)
 Metaspace       used 67116K, capacity 68802K, committed 68860K, reserved 1110016K
  class space    used 8480K, capacity 9069K, committed 9088K, reserved 1048576K
}
Event: 47.998 GC heap before
{Heap before GC invocations=48 (full 0):
 garbage-first heap   total 110592K, used 84487K [0x0000000080000000, 0x0000000100000000)
  region size 1024K, 25 young (25600K), 3 survivors (3072K)
 Metaspace       used 67146K, capacity 68836K, committed 68988K, reserved 1110016K
  class space    used 8486K, capacity 9103K, committed 9216K, reserved 1048576K
}
Event: 48.018 GC heap after
{Heap after GC invocations=49 (full 0):
 garbage-first heap   total 110592K, used 63737K [0x0000000080000000, 0x0000000100000000)
  region size 1024K, 4 young (4096K), 4 survivors (4096K)
 Metaspace       used 67146K, capacity 68836K, committed 68988K, reserved 1110016K
  class space    used 8486K, capacity 9103K, committed 9216K, reserved 1048576K
}
Event: 48.416 GC heap before
{Heap before GC invocations=49 (full 0):
 garbage-first heap   total 110592K, used 85241K [0x0000000080000000, 0x0000000100000000)
  region size 1024K, 25 young (25600K), 4 survivors (4096K)
 Metaspace       used 67407K, capacity 68972K, committed 69244K, reserved 1110016K
  class space    used 8506K, capacity 9105K, committed 9216K, reserved 1048576K
}
Event: 48.435 GC heap after
{Heap after GC invocations=50 (full 0):
 garbage-first heap   total 133120K, used 65509K [0x0000000080000000, 0x0000000100000000)
  region size 1024K, 4 young (4096K), 4 survivors (4096K)
 Metaspace       used 67407K, capacity 68972K, committed 69244K, reserved 1110016K
  class space    used 8506K, capacity 9105K, committed 9216K, reserved 1048576K
}
Event: 50.802 GC heap before
{Heap before GC invocations=51 (full 0):
 garbage-first heap   total 133120K, used 96229K [0x0000000080000000, 0x0000000100000000)
  region size 1024K, 34 young (34816K), 4 survivors (4096K)
 Metaspace       used 71166K, capacity 72784K, committed 72956K, reserved 1112064K
  class space    used 9145K, capacity 9757K, committed 9856K, reserved 1048576K
}
Event: 50.825 GC heap after
{Heap after GC invocations=52 (full 0):
 garbage-first heap   total 133120K, used 67333K [0x0000000080000000, 0x0000000100000000)
  region size 1024K, 4 young (4096K), 4 survivors (4096K)
 Metaspace       used 71166K, capacity 72784K, committed 72956K, reserved 1112064K
  class space    used 9145K, capacity 9757K, committed 9856K, reserved 1048576K
}
Event: 52.728 GC heap before
{Heap before GC invocations=52 (full 0):
 garbage-first heap   total 133120K, used 99077K [0x0000000080000000, 0x0000000100000000)
  region size 1024K, 35 young (35840K), 4 survivors (4096K)
 Metaspace       used 74075K, capacity 75691K, committed 75900K, reserved 1116160K
  class space    used 9564K, capacity 10208K, committed 10240K, reserved 1048576K
}
Event: 52.757 GC heap after
{Heap after GC invocations=53 (full 0):
 garbage-first heap   total 133120K, used 69454K [0x0000000080000000, 0x0000000100000000)
  region size 1024K, 4 young (4096K), 4 survivors (4096K)
 Metaspace       used 74075K, capacity 75691K, committed 75900K, reserved 1116160K
  class space    used 9564K, capacity 10208K, committed 10240K, reserved 1048576K
}

Deoptimization events (20 events):
Event: 53.240 Thread 0x000001a409668800 Uncommon trap: trap_request=0xffffff4d fr.pc=0x000001a4782b6e80 relative=0x0000000000000060
Event: 53.240 Thread 0x000001a409668800 Uncommon trap: reason=unstable_if action=reinterpret pc=0x000001a4782b6e80 method=java.io.WinNTFileSystem.isSlash(C)Z @ 9 c2
Event: 53.240 Thread 0x000001a409668800 DEOPT PACKING pc=0x000001a4782b6e80 sp=0x00000048f3ef8e90
Event: 53.240 Thread 0x000001a409668800 DEOPT UNPACKING pc=0x000001a4707f62a9 sp=0x00000048f3ef8e18 mode 2
Event: 53.350 Thread 0x000001a409668800 Uncommon trap: trap_request=0xffffff4d fr.pc=0x000001a4782fbfe0 relative=0x0000000000000980
Event: 53.350 Thread 0x000001a409668800 Uncommon trap: reason=unstable_if action=reinterpret pc=0x000001a4782fbfe0 method=java.util.HashMap.resize()[Ljava/util/HashMap$Node; @ 203 c2
Event: 53.350 Thread 0x000001a409668800 DEOPT PACKING pc=0x000001a4782fbfe0 sp=0x00000048f3ef8cf0
Event: 53.350 Thread 0x000001a409668800 DEOPT UNPACKING pc=0x000001a4707f62a9 sp=0x00000048f3ef8c90 mode 2
Event: 53.350 Thread 0x000001a409668800 Uncommon trap: trap_request=0xffffff4d fr.pc=0x000001a47853e2e8 relative=0x0000000000002408
Event: 53.350 Thread 0x000001a409668800 Uncommon trap: reason=unstable_if action=reinterpret pc=0x000001a47853e2e8 method=java.util.HashMap.getNode(ILjava/lang/Object;)Ljava/util/HashMap$Node; @ 84 c2
Event: 53.350 Thread 0x000001a409668800 DEOPT PACKING pc=0x000001a47853e2e8 sp=0x00000048f3ef8d90
Event: 53.350 Thread 0x000001a409668800 DEOPT UNPACKING pc=0x000001a4707f62a9 sp=0x00000048f3ef8c78 mode 2
Event: 53.350 Thread 0x000001a409668800 Uncommon trap: trap_request=0xffffff4d fr.pc=0x000001a4785ded84 relative=0x00000000000002c4
Event: 53.350 Thread 0x000001a409668800 Uncommon trap: reason=unstable_if action=reinterpret pc=0x000001a4785ded84 method=java.util.HashMap.getNode(ILjava/lang/Object;)Ljava/util/HashMap$Node; @ 84 c2
Event: 53.350 Thread 0x000001a409668800 DEOPT PACKING pc=0x000001a4785ded84 sp=0x00000048f3ef8d40
Event: 53.350 Thread 0x000001a409668800 DEOPT UNPACKING pc=0x000001a4707f62a9 sp=0x00000048f3ef8c60 mode 2
Event: 53.350 Thread 0x000001a409668800 Uncommon trap: trap_request=0xffffff4d fr.pc=0x000001a47852fbe8 relative=0x00000000000001a8
Event: 53.350 Thread 0x000001a409668800 Uncommon trap: reason=unstable_if action=reinterpret pc=0x000001a47852fbe8 method=java.util.HashMap.getNode(ILjava/lang/Object;)Ljava/util/HashMap$Node; @ 84 c2
Event: 53.350 Thread 0x000001a409668800 DEOPT PACKING pc=0x000001a47852fbe8 sp=0x00000048f3ef8ce0
Event: 53.350 Thread 0x000001a409668800 DEOPT UNPACKING pc=0x000001a4707f62a9 sp=0x00000048f3ef8c68 mode 2

Classes redefined (0 events):
No events

Internal exceptions (20 events):
Event: 48.308 Thread 0x000001a409668800 Exception <a 'java/lang/ClassNotFoundException'{0x000000008605eed8}: org/gradle/api/internal/artifacts/dsl/dependencies/DefaultDependencyHandler_DecoratedBeanInfo> (0x000000008605eed8) thrown at [./src/hotspot/share/classfile/systemDictionary.cpp, line 231]
Event: 48.310 Thread 0x000001a409668800 Exception <a 'java/lang/ClassNotFoundException'{0x00000000860a8dc0}: org/gradle/api/internal/artifacts/dsl/dependencies/DefaultDependencyHandlerBeanInfo> (0x00000000860a8dc0) thrown at [./src/hotspot/share/classfile/systemDictionary.cpp, line 231]
Event: 48.313 Thread 0x000001a409668800 Exception <a 'java/lang/ClassNotFoundException'{0x00000000860f2970}: org/gradle/api/internal/artifacts/dsl/dependencies/DefaultDependencyHandlerCustomizer> (0x00000000860f2970) thrown at [./src/hotspot/share/classfile/systemDictionary.cpp, line 231]
Event: 48.319 Thread 0x000001a409668800 Exception <a 'java/lang/ClassNotFoundException'{0x0000000085f65f48}: org/gradle/api/internal/artifacts/dsl/dependencies/DefaultDependencyHandler_DecoratedCustomizer> (0x0000000085f65f48) thrown at [./src/hotspot/share/classfile/systemDictionary.cpp, line 231]
Event: 48.350 Thread 0x000001a409668800 Exception <a 'java/lang/ClassNotFoundException'{0x0000000085e680f8}: groovy/lang/GString$1BeanInfo> (0x0000000085e680f8) thrown at [./src/hotspot/share/classfile/systemDictionary.cpp, line 231]
Event: 48.352 Thread 0x000001a409668800 Exception <a 'java/lang/ClassNotFoundException'{0x0000000085ea3d80}: groovy/lang/GStringBeanInfo> (0x0000000085ea3d80) thrown at [./src/hotspot/share/classfile/systemDictionary.cpp, line 231]
Event: 48.357 Thread 0x000001a409668800 Exception <a 'java/lang/ClassNotFoundException'{0x0000000085edfba0}: groovy/lang/GStringCustomizer> (0x0000000085edfba0) thrown at [./src/hotspot/share/classfile/systemDictionary.cpp, line 231]
Event: 48.364 Thread 0x000001a409668800 Exception <a 'java/lang/ClassNotFoundException'{0x0000000085d25b38}: groovy/lang/GString$1Customizer> (0x0000000085d25b38) thrown at [./src/hotspot/share/classfile/systemDictionary.cpp, line 231]
Event: 48.384 Thread 0x000001a409668800 Exception <a 'java/lang/ClassNotFoundException'{0x0000000085ae42e0}: org/codehaus/groovy/runtime/GStringImplBeanInfo> (0x0000000085ae42e0) thrown at [./src/hotspot/share/classfile/systemDictionary.cpp, line 231]
Event: 48.391 Thread 0x000001a409668800 Exception <a 'java/lang/ClassNotFoundException'{0x000000008579e4e0}: org/codehaus/groovy/runtime/GStringImplCustomizer> (0x000000008579e4e0) thrown at [./src/hotspot/share/classfile/systemDictionary.cpp, line 231]
Event: 51.627 Thread 0x000001a409668800 Exception <a 'java/lang/ClassNotFoundException'{0x0000000087496a60}: com/android/build/gradle/internal/api/ApkVariantOutputImpl_DecoratedBeanInfo> (0x0000000087496a60) thrown at [./src/hotspot/share/classfile/systemDictionary.cpp, line 231]
Event: 51.628 Thread 0x000001a409668800 Exception <a 'java/lang/ClassNotFoundException'{0x00000000874b2488}: com/android/build/gradle/internal/api/ApkVariantOutputImplBeanInfo> (0x00000000874b2488) thrown at [./src/hotspot/share/classfile/systemDictionary.cpp, line 231]
Event: 51.630 Thread 0x000001a409668800 Exception <a 'java/lang/ClassNotFoundException'{0x00000000874ce7a8}: com/android/build/gradle/internal/api/BaseVariantOutputImplBeanInfo> (0x00000000874ce7a8) thrown at [./src/hotspot/share/classfile/systemDictionary.cpp, line 231]
Event: 51.632 Thread 0x000001a409668800 Exception <a 'java/lang/ClassNotFoundException'{0x00000000874eab30}: com/android/build/gradle/internal/api/BaseVariantOutputImplCustomizer> (0x00000000874eab30) thrown at [./src/hotspot/share/classfile/systemDictionary.cpp, line 231]
Event: 51.634 Thread 0x000001a409668800 Exception <a 'java/lang/ClassNotFoundException'{0x0000000087319a28}: com/android/build/gradle/internal/api/ApkVariantOutputImplCustomizer> (0x0000000087319a28) thrown at [./src/hotspot/share/classfile/systemDictionary.cpp, line 231]
Event: 51.637 Thread 0x000001a409668800 Exception <a 'java/lang/ClassNotFoundException'{0x0000000087344ae0}: com/android/build/gradle/internal/api/ApkVariantOutputImpl_DecoratedCustomizer> (0x0000000087344ae0) thrown at [./src/hotspot/share/classfile/systemDictionary.cpp, line 231]
Event: 51.731 Thread 0x000001a409668800 Exception <a 'java/lang/ClassNotFoundException'{0x00000000872b5618}: com/android/build/gradle/internal/api/ReadOnlyBuildTypeBeanInfo> (0x00000000872b5618) thrown at [./src/hotspot/share/classfile/systemDictionary.cpp, line 231]
Event: 51.732 Thread 0x000001a409668800 Exception <a 'java/lang/ClassNotFoundException'{0x00000000872d0978}: com/android/build/gradle/internal/api/ReadOnlyBaseConfigBeanInfo> (0x00000000872d0978) thrown at [./src/hotspot/share/classfile/systemDictionary.cpp, line 231]
Event: 51.734 Thread 0x000001a409668800 Exception <a 'java/lang/ClassNotFoundException'{0x00000000872ec368}: com/android/build/gradle/internal/api/ReadOnlyBaseConfigCustomizer> (0x00000000872ec368) thrown at [./src/hotspot/share/classfile/systemDictionary.cpp, line 231]
Event: 51.748 Thread 0x000001a409668800 Exception <a 'java/lang/ClassNotFoundException'{0x00000000871185c0}: com/android/build/gradle/internal/api/ReadOnlyBuildTypeCustomizer> (0x00000000871185c0) thrown at [./src/hotspot/share/classfile/systemDictionary.cpp, line 231]

Events (20 events):
Event: 53.647 loading class com/android/build/gradle/internal/tasks/MergeJavaResourceTaskKt
Event: 53.647 loading class com/android/build/gradle/internal/tasks/MergeJavaResourceTaskKt done
Event: 53.650 loading class com/android/build/gradle/internal/tasks/MergeJavaResourceTaskKt$getProjectJavaRes$1
Event: 53.650 loading class com/android/build/gradle/internal/tasks/MergeJavaResourceTaskKt$getProjectJavaRes$1 done
Event: 53.658 loading class com/android/build/gradle/internal/tasks/DexMergingTask$SharedParams
Event: 53.658 loading class com/android/build/gradle/internal/tasks/DexMergingTask$SharedParams done
Event: 53.663 loading class org/gradle/api/tasks/InputDirectory
Event: 53.663 loading class org/gradle/api/tasks/InputDirectory done
Event: 53.676 loading class com/android/build/gradle/internal/tasks/DexMergingTask$SharedParams$MainDexListConfig
Event: 53.676 loading class com/android/build/gradle/internal/tasks/DexMergingTask$SharedParams$MainDexListConfig done
Event: 53.688 loading class com/android/build/gradle/internal/tasks/DexMergingTask$CreationAction$configure$2
Event: 53.688 loading class com/android/build/gradle/internal/tasks/DexMergingTask$CreationAction$configure$2 done
Event: 53.691 loading class com/android/build/gradle/internal/dependency/VariantDependencies$Companion$getComponentFilter$3
Event: 53.691 loading class com/android/build/gradle/internal/dependency/VariantDependencies$Companion$getComponentFilter$3 done
Event: 53.699 loading class com/android/build/gradle/internal/tasks/DexMergingTask$CreationAction$getDexDirs$forAction$1
Event: 53.699 loading class com/android/build/gradle/internal/tasks/DexMergingTask$CreationAction$getDexDirs$forAction$1 done
Event: 53.703 loading class org/gradle/api/internal/provider/ValueSupplier$PlusProducer
Event: 53.703 loading class org/gradle/api/internal/provider/ValueSupplier$PlusProducer done
Event: 53.722 loading class com/android/build/gradle/internal/tasks/AppMetadataTask$Companion
Event: 53.722 loading class com/android/build/gradle/internal/tasks/AppMetadataTask$Companion done


Dynamic libraries:
0x00007ff7d4270000 - 0x00007ff7d427a000 	C:\Program Files\Android\Android Studio\jre\bin\java.exe
0x00007ffb43050000 - 0x00007ffb43245000 	C:\WINDOWS\SYSTEM32\ntdll.dll
0x00007ffb42140000 - 0x00007ffb421fe000 	C:\WINDOWS\System32\KERNEL32.DLL
0x00007ffb40c50000 - 0x00007ffb40f18000 	C:\WINDOWS\System32\KERNELBASE.dll
0x00007ffb409f0000 - 0x00007ffb40af0000 	C:\WINDOWS\System32\ucrtbase.dll
0x00007ffb27230000 - 0x00007ffb27249000 	C:\Program Files\Android\Android Studio\jre\bin\jli.dll
0x00007ffb21350000 - 0x00007ffb21367000 	C:\Program Files\Android\Android Studio\jre\bin\VCRUNTIME140.dll
0x00007ffb42de0000 - 0x00007ffb42f80000 	C:\WINDOWS\System32\USER32.dll
0x00007ffb40770000 - 0x00007ffb40792000 	C:\WINDOWS\System32\win32u.dll
0x00007ffb41b10000 - 0x00007ffb41b3a000 	C:\WINDOWS\System32\GDI32.dll
0x00007ffb27a10000 - 0x00007ffb27caa000 	C:\WINDOWS\WinSxS\amd64_microsoft.windows.common-controls_6595b64144ccf1df_6.0.19041.1110_none_60b5254171f9507e\COMCTL32.dll
0x00007ffb40850000 - 0x00007ffb4095b000 	C:\WINDOWS\System32\gdi32full.dll
0x00007ffb42c10000 - 0x00007ffb42cae000 	C:\WINDOWS\System32\msvcrt.dll
0x00007ffb40f20000 - 0x00007ffb40fbd000 	C:\WINDOWS\System32\msvcp_win.dll
0x00007ffb42fe0000 - 0x00007ffb43010000 	C:\WINDOWS\System32\IMM32.DLL
0x00007ffafe570000 - 0x00007ffafe60d000 	C:\Program Files\Android\Android Studio\jre\bin\msvcp140.dll
0x00007ffaf4470000 - 0x00007ffaf4f45000 	C:\Program Files\Android\Android Studio\jre\bin\server\jvm.dll
0x00007ffb410b0000 - 0x00007ffb4115e000 	C:\WINDOWS\System32\ADVAPI32.dll
0x00007ffb42a70000 - 0x00007ffb42b0c000 	C:\WINDOWS\System32\sechost.dll
0x00007ffb42cb0000 - 0x00007ffb42dd5000 	C:\WINDOWS\System32\RPCRT4.dll
0x00007ffb41c40000 - 0x00007ffb41c48000 	C:\WINDOWS\System32\PSAPI.DLL
0x00007ffb3c4a0000 - 0x00007ffb3c4a9000 	C:\WINDOWS\SYSTEM32\WSOCK32.dll
0x00007ffb42ba0000 - 0x00007ffb42c0b000 	C:\WINDOWS\System32\WS2_32.dll
0x00007ffb2a700000 - 0x00007ffb2a727000 	C:\WINDOWS\SYSTEM32\WINMM.dll
0x00007ffb3ef20000 - 0x00007ffb3ef2a000 	C:\WINDOWS\SYSTEM32\VERSION.dll
0x00007ffb3f020000 - 0x00007ffb3f032000 	C:\WINDOWS\SYSTEM32\kernel.appcore.dll
0x00007ffb3c460000 - 0x00007ffb3c471000 	C:\Program Files\Android\Android Studio\jre\bin\verify.dll
0x00007ffb3ba70000 - 0x00007ffb3bc54000 	C:\WINDOWS\SYSTEM32\DBGHELP.DLL
0x00007ffb2f920000 - 0x00007ffb2f94c000 	C:\WINDOWS\SYSTEM32\dbgcore.DLL
0x00007ffb40960000 - 0x00007ffb409e2000 	C:\WINDOWS\System32\bcryptPrimitives.dll
0x00007ffb2e200000 - 0x00007ffb2e229000 	C:\Program Files\Android\Android Studio\jre\bin\java.dll
0x00007ffb3c0d0000 - 0x00007ffb3c0db000 	C:\Program Files\Android\Android Studio\jre\bin\jimage.dll
0x00007ffb39890000 - 0x00007ffb398a8000 	C:\Program Files\Android\Android Studio\jre\bin\zip.dll
0x00007ffb42200000 - 0x00007ffb42944000 	C:\WINDOWS\System32\SHELL32.dll
0x00007ffb3e6d0000 - 0x00007ffb3ee64000 	C:\WINDOWS\SYSTEM32\windows.storage.dll
0x00007ffb415a0000 - 0x00007ffb418f4000 	C:\WINDOWS\System32\combase.dll
0x00007ffb401e0000 - 0x00007ffb4020c000 	C:\WINDOWS\SYSTEM32\Wldp.dll
0x00007ffb41220000 - 0x00007ffb412cd000 	C:\WINDOWS\System32\SHCORE.dll
0x00007ffb412d0000 - 0x00007ffb41325000 	C:\WINDOWS\System32\shlwapi.dll
0x00007ffb406b0000 - 0x00007ffb406cf000 	C:\WINDOWS\SYSTEM32\profapi.dll
0x00007ffb32d40000 - 0x00007ffb32d5a000 	C:\Program Files\Android\Android Studio\jre\bin\net.dll
0x00007ffb31c20000 - 0x00007ffb31d2a000 	C:\WINDOWS\SYSTEM32\WINHTTP.dll
0x00007ffb3ff40000 - 0x00007ffb3ffaa000 	C:\WINDOWS\system32\mswsock.dll
0x00007ffb32ac0000 - 0x00007ffb32ad4000 	C:\Program Files\Android\Android Studio\jre\bin\nio.dll
0x00007ffb16d10000 - 0x00007ffb16d37000 	C:\Users\Mickley Khoza\.gradle\native\e1d6ef7f7dcc3fd88c89a11ec53ec762bb8ba0a96d01ffa2cd45eb1d1d8dd5c5\windows-amd64\native-platform.dll
0x00007ffaef010000 - 0x00007ffaef154000 	C:\Users\Mickley Khoza\.gradle\native\5664cfc778a61ccfe75a443a1ab52a65af34e5dc3c78e0209fed803814484fcb\windows-amd64\native-platform-file-events.dll
0x00007ffb3bf90000 - 0x00007ffb3bf9a000 	C:\Program Files\Android\Android Studio\jre\bin\management.dll
0x00007ffb39920000 - 0x00007ffb3992d000 	C:\Program Files\Android\Android Studio\jre\bin\management_ext.dll
0x00007ffb40140000 - 0x00007ffb40158000 	C:\WINDOWS\SYSTEM32\CRYPTSP.dll
0x00007ffb3f850000 - 0x00007ffb3f884000 	C:\WINDOWS\system32\rsaenh.dll
0x00007ffb41010000 - 0x00007ffb41037000 	C:\WINDOWS\System32\bcrypt.dll
0x00007ffb40670000 - 0x00007ffb4069e000 	C:\WINDOWS\SYSTEM32\USERENV.dll
0x00007ffb40130000 - 0x00007ffb4013c000 	C:\WINDOWS\SYSTEM32\CRYPTBASE.dll
0x00007ffb3fbe0000 - 0x00007ffb3fc1b000 	C:\WINDOWS\SYSTEM32\IPHLPAPI.DLL
0x00007ffb41590000 - 0x00007ffb41598000 	C:\WINDOWS\System32\NSI.dll
0x00007ffb327b0000 - 0x00007ffb327c7000 	C:\WINDOWS\SYSTEM32\dhcpcsvc6.DLL
0x00007ffb32810000 - 0x00007ffb3282d000 	C:\WINDOWS\SYSTEM32\dhcpcsvc.DLL
0x00007ffb3fc20000 - 0x00007ffb3fceb000 	C:\WINDOWS\SYSTEM32\DNSAPI.dll

dbghelp: loaded successfully - version: 4.0.5 - missing functions: none
symbol engine: initialized successfully - sym options: 0x614 - pdb path: .;C:\Program Files\Android\Android Studio\jre\bin;C:\WINDOWS\SYSTEM32;C:\WINDOWS\WinSxS\amd64_microsoft.windows.common-controls_6595b64144ccf1df_6.0.19041.1110_none_60b5254171f9507e;C:\Program Files\Android\Android Studio\jre\bin\server;C:\Users\Mickley Khoza\.gradle\native\e1d6ef7f7dcc3fd88c89a11ec53ec762bb8ba0a96d01ffa2cd45eb1d1d8dd5c5\windows-amd64;C:\Users\Mickley Khoza\.gradle\native\5664cfc778a61ccfe75a443a1ab52a65af34e5dc3c78e0209fed803814484fcb\windows-amd64

VM Arguments:
jvm_args: --add-opens=java.base/java.util=ALL-UNNAMED --add-opens=java.base/java.lang=ALL-UNNAMED --add-opens=java.base/java.lang.invoke=ALL-UNNAMED --add-opens=java.base/java.util=ALL-UNNAMED --add-opens=java.prefs/java.util.prefs=ALL-UNNAMED --add-opens=java.prefs/java.util.prefs=ALL-UNNAMED --add-opens=java.base/java.nio.charset=ALL-UNNAMED --add-opens=java.base/java.net=ALL-UNNAMED --add-opens=java.base/java.util.concurrent.atomic=ALL-UNNAMED -Xmx2048m -Dfile.encoding=UTF-8 -Duser.country=ZA -Duser.language=en -Duser.variant 
java_command: org.gradle.launcher.daemon.bootstrap.GradleDaemon 7.2
java_class_path (initial): C:\Users\Mickley Khoza\.gradle\wrapper\dists\gradle-7.2-bin\2dnblmf4td7x66yl1d74lt32g\gradle-7.2\lib\gradle-launcher-7.2.jar
Launcher Type: SUN_STANDARD

[Global flags]
     intx CICompilerCount                          = 2                                         {product} {ergonomic}
     uint ConcGCThreads                            = 1                                         {product} {ergonomic}
     uint G1ConcRefinementThreads                  = 2                                         {product} {ergonomic}
   size_t G1HeapRegionSize                         = 1048576                                   {product} {ergonomic}
    uintx GCDrainStackTargetSize                   = 64                                        {product} {ergonomic}
   size_t InitialHeapSize                          = 65011712                                  {product} {ergonomic}
   size_t MarkStackSize                            = 4194304                                   {product} {ergonomic}
   size_t MaxHeapSize                              = 2147483648                                {product} {command line}
   size_t MaxNewSize                               = 1287651328                                {product} {ergonomic}
   size_t MinHeapDeltaBytes                        = 1048576                                   {product} {ergonomic}
    uintx NonNMethodCodeHeapSize                   = 5825164                                {pd product} {ergonomic}
    uintx NonProfiledCodeHeapSize                  = 122916538                              {pd product} {ergonomic}
    uintx ProfiledCodeHeapSize                     = 122916538                              {pd product} {ergonomic}
    uintx ReservedCodeCacheSize                    = 251658240                              {pd product} {ergonomic}
     bool SegmentedCodeCache                       = true                                      {product} {ergonomic}
     bool UseCompressedClassPointers               = true                                 {lp64_product} {ergonomic}
     bool UseCompressedOops                        = true                                 {lp64_product} {ergonomic}
     bool UseG1GC                                  = true                                      {product} {ergonomic}
     bool UseLargePagesIndividualAllocation        = false                                  {pd product} {ergonomic}

Logging:
Log output configuration:
 #0: stdout all=warning uptime,level,tags
 #1: stderr all=off uptime,level,tags

Environment Variables:
PATH=C:\Program Files\Common Files\Oracle\Java\javapath;C:\WINDOWS\system32;C:\WINDOWS;C:\WINDOWS\System32\Wbem;C:\WINDOWS\System32\WindowsPowerShell\v1.0\;C:\WINDOWS\System32\OpenSSH\;C:\Users\Administrator\AppData\Local\Microsoft\WindowsApps;C:\Recovery\OEM\Backup\;C:\Program Files\Intel\TXE Components\DAL\;C:\Program Files (x86)\Intel\TXE Components\DAL\;%JAVA_HOME%\bin;C:\Program Files\Git\cmd;C:\WINDOWS\system32;C:\WINDOWS;C:\WINDOWS\System32\Wbem;C:\WINDOWS\System32\WindowsPowerShell\v1.0\;C:\WINDOWS\System32\OpenSSH\;C:\ProgramData\chocolatey\bin;C:\Users\Mickley Khoza\AppData\Local\Microsoft\WindowsApps;;C:\Program Files\JetBrains\IntelliJ IDEA 2021.2.1\bin;
USERNAME=Mickley Khoza
OS=Windows_NT
PROCESSOR_IDENTIFIER=Intel64 Family 6 Model 92 Stepping 9, GenuineIntel



---------------  S Y S T E M  ---------------

OS: Windows 10 , 64 bit Build 19041 (10.0.19041.1645)
OS uptime: 0 days 12:00 hours

CPU:total 2 (initial active 2) (2 cores per cpu, 1 threads per core) family 6 model 92 stepping 9 microcode 0x38, cmov, cx8, fxsr, mmx, sse, sse2, sse3, ssse3, sse4.1, sse4.2, popcnt, aes, clmul, erms, 3dnowpref, tsc, tscinvbit, sha

Memory: 4k page, system-wide physical 3927M (208M free)
TotalPageFile size 6598M (AvailPageFile size 6M)
current process WorkingSet (physical memory assigned to process): 340M, peak: 342M
current process commit charge ("private bytes"): 362M, peak: 363M

vm_info: OpenJDK 64-Bit Server VM (11.0.11+9-b60-7590822) for windows-amd64 JRE (11.0.11+9-b60-7590822), built on Jul 29 2021 21:43:44 by "builder" with MS VC++ 14.0 (VS2015)

END.
