#
# There is insufficient memory for the Java Runtime Environment to continue.
# Native memory allocation (malloc) failed to allocate 1043056 bytes for Chunk::new
# Possible reasons:
#   The system is out of physical RAM or swap space
#   The process is running with CompressedOops enabled, and the Java Heap may be blocking the growth of the native heap
# Possible solutions:
#   Reduce memory load on the system
#   Increase physical memory or swap space
#   Check if swap backing store is full
#   Decrease Java heap size (-Xmx/-Xms)
#   Decrease number of Java threads
#   Decrease Java thread stack sizes (-Xss)
#   Set larger code cache with -XX:ReservedCodeCacheSize=
#   JVM is running with Unscaled Compressed Oops mode in which the Java heap is
#     placed in the first 4GB address space. The Java Heap base address is the
#     maximum limit for the native heap growth. Please use -XX:HeapBaseMinAddress
#     to set the Java Heap base and to place the Java Heap above 4GB virtual address.
# This output file may be truncated or incomplete.
#
#  Out of Memory Error (./src/hotspot/share/memory/arena.cpp:197), pid=8724, tid=2272
#
# JRE version: OpenJDK Runtime Environment (11.0.11+9) (build 11.0.11+9-b60-7590822)
# Java VM: OpenJDK 64-Bit Server VM (11.0.11+9-b60-7590822, mixed mode, tiered, compressed oops, g1 gc, windows-amd64)
# No core dump will be written. Minidumps are not enabled by default on client versions of Windows
#

---------------  S U M M A R Y ------------

Command Line: --add-opens=java.base/java.util=ALL-UNNAMED --add-opens=java.base/java.lang=ALL-UNNAMED --add-opens=java.base/java.lang.invoke=ALL-UNNAMED --add-opens=java.base/java.util=ALL-UNNAMED --add-opens=java.prefs/java.util.prefs=ALL-UNNAMED --add-opens=java.prefs/java.util.prefs=ALL-UNNAMED --add-opens=java.base/java.nio.charset=ALL-UNNAMED --add-opens=java.base/java.net=ALL-UNNAMED --add-opens=java.base/java.util.concurrent.atomic=ALL-UNNAMED -Xmx2048m -Dfile.encoding=UTF-8 -Duser.country=ZA -Duser.language=en -Duser.variant org.gradle.launcher.daemon.bootstrap.GradleDaemon 7.2

Host: Intel(R) Celeron(R) CPU N3350 @ 1.10GHz, 2 cores, 3G,  Windows 10 , 64 bit Build 19041 (10.0.19041.1645)
Time: Mon May  2 18:08:56 2022 South Africa Standard Time elapsed time: 38.440302 seconds (0d 0h 0m 38s)

---------------  T H R E A D  ---------------

Current thread (0x0000024bf5c0b800):  JavaThread "C2 CompilerThread0" daemon [_thread_in_native, id=2272, stack(0x000000806f500000,0x000000806f600000)]


Current CompileTask:
C2:  38440 7280 %     4       org.gradle.internal.instantiation.generator.AbstractClassGenerator::inspectType @ 107 (560 bytes)

Stack: [0x000000806f500000,0x000000806f600000]
Native frames: (J=compiled Java code, j=interpreted, Vv=VM code, C=native code)
V  [jvm.dll+0x5f214a]
V  [jvm.dll+0x726fb5]
V  [jvm.dll+0x7285cd]
V  [jvm.dll+0x728c83]
V  [jvm.dll+0x243278]
V  [jvm.dll+0xbc53c]
V  [jvm.dll+0xbca3c]
V  [jvm.dll+0x2b5c34]
V  [jvm.dll+0x508488]
V  [jvm.dll+0x1fd70e]
V  [jvm.dll+0x1fb35f]
V  [jvm.dll+0x183d6c]
V  [jvm.dll+0x209a57]
V  [jvm.dll+0x2082a1]
V  [jvm.dll+0x6ef58f]
V  [jvm.dll+0x6e80b5]
V  [jvm.dll+0x5f1036]
C  [ucrtbase.dll+0x21bb2]
C  [KERNEL32.DLL+0x17034]
C  [ntdll.dll+0x52651]


---------------  P R O C E S S  ---------------

Threads class SMR info:
_java_thread_list=0x0000024bf8f39c00, length=56, elements={
0x0000024bdc503800, 0x0000024bf5ba9000, 0x0000024bf5baa800, 0x0000024bf5c06800,
0x0000024bf5c08000, 0x0000024bf5c0a000, 0x0000024bf5c0b800, 0x0000024bf5c11000,
0x0000024bf5c19800, 0x0000024bf6676800, 0x0000024bf7c00000, 0x0000024bf794d000,
0x0000024bf7629800, 0x0000024bf7758800, 0x0000024bf7315000, 0x0000024bf7316000,
0x0000024bf7b50800, 0x0000024bf7d7c800, 0x0000024bf7a4b000, 0x0000024bf7a4b800,
0x0000024bf7a4d800, 0x0000024bf7a4c800, 0x0000024bf8529800, 0x0000024bf852a800,
0x0000024bf8528800, 0x0000024bf852c000, 0x0000024bf852b000, 0x0000024bf8526800,
0x0000024bf8527000, 0x0000024bf852d000, 0x0000024bf8528000, 0x0000024bf8534000,
0x0000024bf852e800, 0x0000024bf8530000, 0x0000024bf8533800, 0x0000024bf8531000,
0x0000024bf8531800, 0x0000024bf8532800, 0x0000024bf8535000, 0x0000024bfa8b5000,
0x0000024bfa8b4000, 0x0000024bfa8b5800, 0x0000024bfa8b6800, 0x0000024bfa8b7800,
0x0000024bfa8b3800, 0x0000024bfa8ba800, 0x0000024bfa8be000, 0x0000024bfa8b8000,
0x0000024bfa8bb800, 0x0000024bfa8b9000, 0x0000024bfa8be800, 0x0000024bfa8bc800,
0x0000024bfa8bd000, 0x0000024bfa8bf800, 0x0000024bfa8ba000, 0x0000024bfa8c1000
}

Java Threads: ( => current thread )
  0x0000024bdc503800 JavaThread "main" [_thread_blocked, id=7408, stack(0x000000806e900000,0x000000806ea00000)]
  0x0000024bf5ba9000 JavaThread "Reference Handler" daemon [_thread_blocked, id=8548, stack(0x000000806f000000,0x000000806f100000)]
  0x0000024bf5baa800 JavaThread "Finalizer" daemon [_thread_blocked, id=6684, stack(0x000000806f100000,0x000000806f200000)]
  0x0000024bf5c06800 JavaThread "Signal Dispatcher" daemon [_thread_blocked, id=7224, stack(0x000000806f200000,0x000000806f300000)]
  0x0000024bf5c08000 JavaThread "Attach Listener" daemon [_thread_blocked, id=9812, stack(0x000000806f300000,0x000000806f400000)]
  0x0000024bf5c0a000 JavaThread "Service Thread" daemon [_thread_blocked, id=7060, stack(0x000000806f400000,0x000000806f500000)]
=>0x0000024bf5c0b800 JavaThread "C2 CompilerThread0" daemon [_thread_in_native, id=2272, stack(0x000000806f500000,0x000000806f600000)]
  0x0000024bf5c11000 JavaThread "C1 CompilerThread0" daemon [_thread_blocked, id=10124, stack(0x000000806f600000,0x000000806f700000)]
  0x0000024bf5c19800 JavaThread "Sweeper thread" daemon [_thread_blocked, id=2536, stack(0x000000806f700000,0x000000806f800000)]
  0x0000024bf6676800 JavaThread "Common-Cleaner" daemon [_thread_blocked, id=2472, stack(0x000000806f800000,0x000000806f900000)]
  0x0000024bf7c00000 JavaThread "Daemon health stats" [_thread_blocked, id=8572, stack(0x000000806fb00000,0x000000806fc00000)]
  0x0000024bf794d000 JavaThread "Incoming local TCP Connector on port 57158" [_thread_in_native, id=1064, stack(0x000000806fc00000,0x000000806fd00000)]
  0x0000024bf7629800 JavaThread "Daemon periodic checks" [_thread_blocked, id=1896, stack(0x000000806fd00000,0x000000806fe00000)]
  0x0000024bf7758800 JavaThread "Daemon" [_thread_blocked, id=6292, stack(0x000000806fe00000,0x000000806ff00000)]
  0x0000024bf7315000 JavaThread "Handler for socket connection from /127.0.0.1:57158 to /127.0.0.1:57159" [_thread_in_native, id=8840, stack(0x000000806ff00000,0x0000008070000000)]
  0x0000024bf7316000 JavaThread "Cancel handler" [_thread_blocked, id=10232, stack(0x0000008070000000,0x0000008070100000)]
  0x0000024bf7b50800 JavaThread "Daemon worker" [_thread_in_vm, id=9404, stack(0x0000008070100000,0x0000008070200000)]
  0x0000024bf7d7c800 JavaThread "Asynchronous log dispatcher for DefaultDaemonConnection: socket connection from /127.0.0.1:57158 to /127.0.0.1:57159" [_thread_blocked, id=8028, stack(0x0000008070200000,0x0000008070300000)]
  0x0000024bf7a4b000 JavaThread "Stdin handler" [_thread_blocked, id=2292, stack(0x0000008070300000,0x0000008070400000)]
  0x0000024bf7a4b800 JavaThread "Daemon client event forwarder" [_thread_blocked, id=2792, stack(0x0000008070400000,0x0000008070500000)]
  0x0000024bf7a4d800 JavaThread "Cache worker for journal cache (C:\Users\Mickley Khoza\.gradle\caches\journal-1)" [_thread_blocked, id=6384, stack(0x0000008070500000,0x0000008070600000)]
  0x0000024bf7a4c800 JavaThread "File lock request listener" [_thread_in_native, id=8040, stack(0x0000008070600000,0x0000008070700000)]
  0x0000024bf8529800 JavaThread "Cache worker for file hash cache (C:\Users\Mickley Khoza\.gradle\caches\7.2\fileHashes)" [_thread_blocked, id=6732, stack(0x0000008070700000,0x0000008070800000)]
  0x0000024bf852a800 JavaThread "Cache worker for file hash cache (C:\Users\Mickley Khoza\AndroidStudioProjects\Practical02\.gradle\7.2\fileHashes)" [_thread_blocked, id=8268, stack(0x0000008070800000,0x0000008070900000)]
  0x0000024bf8528800 JavaThread "File watcher server" daemon [_thread_in_native, id=10156, stack(0x0000008070900000,0x0000008070a00000)]
  0x0000024bf852c000 JavaThread "File watcher consumer" daemon [_thread_blocked, id=7172, stack(0x0000008070a00000,0x0000008070b00000)]
  0x0000024bf852b000 JavaThread "Cache worker for checksums cache (C:\Users\Mickley Khoza\AndroidStudioProjects\Practical02\.gradle\checksums)" [_thread_blocked, id=6420, stack(0x0000008070b00000,0x0000008070c00000)]
  0x0000024bf8526800 JavaThread "Cache worker for cache directory md-supplier (C:\Users\Mickley Khoza\.gradle\caches\7.2\md-supplier)" [_thread_blocked, id=9432, stack(0x0000008070c00000,0x0000008070d00000)]
  0x0000024bf8527000 JavaThread "Cache worker for cache directory md-rule (C:\Users\Mickley Khoza\.gradle\caches\7.2\md-rule)" [_thread_blocked, id=10152, stack(0x0000008070d00000,0x0000008070e00000)]
  0x0000024bf852d000 JavaThread "Cache worker for execution history cache (C:\Users\Mickley Khoza\.gradle\caches\7.2\executionHistory)" [_thread_blocked, id=5460, stack(0x0000008070e00000,0x0000008070f00000)]
  0x0000024bf8528000 JavaThread "jar transforms" [_thread_blocked, id=5152, stack(0x0000008070f00000,0x0000008071000000)]
  0x0000024bf8534000 JavaThread "Cache worker for file content cache (C:\Users\Mickley Khoza\.gradle\caches\7.2\fileContent)" [_thread_blocked, id=6536, stack(0x0000008071000000,0x0000008071100000)]
  0x0000024bf852e800 JavaThread "jar transforms Thread 2" [_thread_blocked, id=4888, stack(0x0000008071100000,0x0000008071200000)]
  0x0000024bf8530000 JavaThread "Cache worker for dependencies-accessors (C:\Users\Mickley Khoza\AndroidStudioProjects\Practical02\.gradle\7.2\dependencies-accessors)" [_thread_blocked, id=2060, stack(0x0000008071200000,0x0000008071300000)]
  0x0000024bf8533800 JavaThread "Cache worker for Build Output Cleanup Cache (C:\Users\Mickley Khoza\AndroidStudioProjects\Practical02\.gradle\buildOutputCleanup)" [_thread_blocked, id=3564, stack(0x0000008071300000,0x0000008071400000)]
  0x0000024bf8531000 JavaThread "Unconstrained build operations" [_thread_blocked, id=2432, stack(0x0000008071400000,0x0000008071500000)]
  0x0000024bf8531800 JavaThread "Unconstrained build operations Thread 2" [_thread_blocked, id=2720, stack(0x0000008071500000,0x0000008071600000)]
  0x0000024bf8532800 JavaThread "Unconstrained build operations Thread 3" [_thread_blocked, id=4276, stack(0x0000008071600000,0x0000008071700000)]
  0x0000024bf8535000 JavaThread "Unconstrained build operations Thread 4" [_thread_blocked, id=7276, stack(0x0000008071700000,0x0000008071800000)]
  0x0000024bfa8b5000 JavaThread "Unconstrained build operations Thread 5" [_thread_blocked, id=9904, stack(0x0000008071800000,0x0000008071900000)]
  0x0000024bfa8b4000 JavaThread "Unconstrained build operations Thread 6" [_thread_blocked, id=7548, stack(0x0000008071900000,0x0000008071a00000)]
  0x0000024bfa8b5800 JavaThread "Unconstrained build operations Thread 7" [_thread_blocked, id=7088, stack(0x0000008071a00000,0x0000008071b00000)]
  0x0000024bfa8b6800 JavaThread "Unconstrained build operations Thread 8" [_thread_blocked, id=8956, stack(0x0000008071b00000,0x0000008071c00000)]
  0x0000024bfa8b7800 JavaThread "Unconstrained build operations Thread 9" [_thread_blocked, id=6688, stack(0x0000008071c00000,0x0000008071d00000)]
  0x0000024bfa8b3800 JavaThread "Unconstrained build operations Thread 10" [_thread_blocked, id=6924, stack(0x0000008071d00000,0x0000008071e00000)]
  0x0000024bfa8ba800 JavaThread "Unconstrained build operations Thread 11" [_thread_blocked, id=2804, stack(0x0000008071e00000,0x0000008071f00000)]
  0x0000024bfa8be000 JavaThread "Unconstrained build operations Thread 12" [_thread_blocked, id=1784, stack(0x0000008071f00000,0x0000008072000000)]
  0x0000024bfa8b8000 JavaThread "Unconstrained build operations Thread 13" [_thread_blocked, id=8296, stack(0x0000008072000000,0x0000008072100000)]
  0x0000024bfa8bb800 JavaThread "Unconstrained build operations Thread 14" [_thread_blocked, id=8072, stack(0x0000008072100000,0x0000008072200000)]
  0x0000024bfa8b9000 JavaThread "Unconstrained build operations Thread 15" [_thread_blocked, id=7100, stack(0x0000008072200000,0x0000008072300000)]
  0x0000024bfa8be800 JavaThread "Unconstrained build operations Thread 16" [_thread_blocked, id=2840, stack(0x0000008072300000,0x0000008072400000)]
  0x0000024bfa8bc800 JavaThread "Unconstrained build operations Thread 17" [_thread_blocked, id=3728, stack(0x0000008072400000,0x0000008072500000)]
  0x0000024bfa8bd000 JavaThread "Unconstrained build operations Thread 18" [_thread_blocked, id=3060, stack(0x0000008072500000,0x0000008072600000)]
  0x0000024bfa8bf800 JavaThread "Unconstrained build operations Thread 19" [_thread_blocked, id=5976, stack(0x0000008072600000,0x0000008072700000)]
  0x0000024bfa8ba000 JavaThread "Unconstrained build operations Thread 20" [_thread_blocked, id=492, stack(0x0000008072700000,0x0000008072800000)]
  0x0000024bfa8c1000 JavaThread "Memory manager" [_thread_blocked, id=3132, stack(0x0000008072800000,0x0000008072900000)]

Other Threads:
  0x0000024bf5ba1000 VMThread "VM Thread" [stack: 0x000000806ef00000,0x000000806f000000] [id=9420]
  0x0000024bf66a8000 WatcherThread [stack: 0x000000806f900000,0x000000806fa00000] [id=4820]
  0x0000024bdc51b800 GCTaskThread "GC Thread#0" [stack: 0x000000806ea00000,0x000000806eb00000] [id=1628]
  0x0000024bf677b800 GCTaskThread "GC Thread#1" [stack: 0x000000806fa00000,0x000000806fb00000] [id=4624]
  0x0000024bdc54c800 ConcurrentGCThread "G1 Main Marker" [stack: 0x000000806eb00000,0x000000806ec00000] [id=8756]
  0x0000024bdc54e000 ConcurrentGCThread "G1 Conc#0" [stack: 0x000000806ec00000,0x000000806ed00000] [id=8320]
  0x0000024bdc5a1800 ConcurrentGCThread "G1 Refine#0" [stack: 0x000000806ed00000,0x000000806ee00000] [id=7148]
  0x0000024bdc5a2800 ConcurrentGCThread "G1 Young RemSet Sampling" [stack: 0x000000806ee00000,0x000000806ef00000] [id=8852]

Threads with active compile tasks:
C2 CompilerThread0  38484 7280 %     4       org.gradle.internal.instantiation.generator.AbstractClassGenerator::inspectType @ 107 (560 bytes)

VM state:not at safepoint (normal execution)

VM Mutex/Monitor currently owned by a thread: None

Heap address: 0x0000000080000000, size: 2048 MB, Compressed Oops mode: 32-bit
Narrow klass base: 0x0000000000000000, Narrow klass shift: 3
Compressed class space size: 1073741824 Address: 0x0000000100000000

Heap:
 garbage-first heap   total 159744K, used 66877K [0x0000000080000000, 0x0000000100000000)
  region size 1024K, 6 young (6144K), 5 survivors (5120K)
 Metaspace       used 74631K, capacity 76289K, committed 76452K, reserved 1116160K
  class space    used 9635K, capacity 10253K, committed 10368K, reserved 1048576K
Heap Regions: E=young(eden), S=young(survivor), O=old, HS=humongous(starts), HC=humongous(continues), CS=collection set, F=free, A=archive, TAMS=top-at-mark-start (previous, next)
|   0|0x0000000080000000, 0x0000000080100000, 0x0000000080100000|100%| O|  |TAMS 0x0000000080100000, 0x0000000080100000| Untracked 
|   1|0x0000000080100000, 0x0000000080200000, 0x0000000080200000|100%| O|  |TAMS 0x0000000080200000, 0x0000000080200000| Untracked 
|   2|0x0000000080200000, 0x0000000080300000, 0x0000000080300000|100%| O|  |TAMS 0x0000000080300000, 0x0000000080300000| Untracked 
|   3|0x0000000080300000, 0x0000000080400000, 0x0000000080400000|100%| O|  |TAMS 0x0000000080400000, 0x0000000080400000| Untracked 
|   4|0x0000000080400000, 0x0000000080500000, 0x0000000080500000|100%|HS|  |TAMS 0x0000000080500000, 0x0000000080500000| Complete 
|   5|0x0000000080500000, 0x0000000080600000, 0x0000000080600000|100%|HC|  |TAMS 0x0000000080600000, 0x0000000080600000| Complete 
|   6|0x0000000080600000, 0x0000000080700000, 0x0000000080700000|100%|HC|  |TAMS 0x0000000080700000, 0x0000000080700000| Complete 
|   7|0x0000000080700000, 0x0000000080800000, 0x0000000080800000|100%| O|  |TAMS 0x0000000080800000, 0x0000000080800000| Untracked 
|   8|0x0000000080800000, 0x0000000080900000, 0x0000000080900000|100%| O|  |TAMS 0x0000000080900000, 0x0000000080900000| Untracked 
|   9|0x0000000080900000, 0x0000000080a00000, 0x0000000080a00000|100%| O|  |TAMS 0x0000000080a00000, 0x0000000080a00000| Untracked 
|  10|0x0000000080a00000, 0x0000000080b00000, 0x0000000080b00000|100%| O|  |TAMS 0x0000000080b00000, 0x0000000080b00000| Untracked 
|  11|0x0000000080b00000, 0x0000000080c00000, 0x0000000080c00000|100%| O|  |TAMS 0x0000000080c00000, 0x0000000080c00000| Untracked 
|  12|0x0000000080c00000, 0x0000000080d00000, 0x0000000080d00000|100%| O|  |TAMS 0x0000000080d00000, 0x0000000080d00000| Untracked 
|  13|0x0000000080d00000, 0x0000000080e00000, 0x0000000080e00000|100%| O|  |TAMS 0x0000000080e00000, 0x0000000080e00000| Untracked 
|  14|0x0000000080e00000, 0x0000000080f00000, 0x0000000080f00000|100%| O|  |TAMS 0x0000000080f00000, 0x0000000080f00000| Untracked 
|  15|0x0000000080f00000, 0x0000000081000000, 0x0000000081000000|100%| O|  |TAMS 0x0000000081000000, 0x0000000081000000| Untracked 
|  16|0x0000000081000000, 0x0000000081100000, 0x0000000081100000|100%| O|  |TAMS 0x0000000081100000, 0x0000000081100000| Untracked 
|  17|0x0000000081100000, 0x0000000081200000, 0x0000000081200000|100%| O|  |TAMS 0x0000000081200000, 0x0000000081200000| Untracked 
|  18|0x0000000081200000, 0x0000000081300000, 0x0000000081300000|100%| O|  |TAMS 0x0000000081300000, 0x0000000081300000| Untracked 
|  19|0x0000000081300000, 0x0000000081400000, 0x0000000081400000|100%| O|  |TAMS 0x0000000081400000, 0x0000000081400000| Untracked 
|  20|0x0000000081400000, 0x0000000081500000, 0x0000000081500000|100%| O|  |TAMS 0x0000000081500000, 0x0000000081500000| Untracked 
|  21|0x0000000081500000, 0x0000000081600000, 0x0000000081600000|100%| O|  |TAMS 0x0000000081600000, 0x0000000081600000| Untracked 
|  22|0x0000000081600000, 0x0000000081700000, 0x0000000081700000|100%| O|  |TAMS 0x0000000081700000, 0x0000000081700000| Untracked 
|  23|0x0000000081700000, 0x0000000081800000, 0x0000000081800000|100%| O|  |TAMS 0x0000000081800000, 0x0000000081800000| Untracked 
|  24|0x0000000081800000, 0x0000000081900000, 0x0000000081900000|100%| O|  |TAMS 0x0000000081900000, 0x0000000081900000| Untracked 
|  25|0x0000000081900000, 0x0000000081a00000, 0x0000000081a00000|100%| O|  |TAMS 0x0000000081a00000, 0x0000000081a00000| Untracked 
|  26|0x0000000081a00000, 0x0000000081b00000, 0x0000000081b00000|100%| O|  |TAMS 0x0000000081b00000, 0x0000000081b00000| Untracked 
|  27|0x0000000081b00000, 0x0000000081c00000, 0x0000000081c00000|100%| O|  |TAMS 0x0000000081c00000, 0x0000000081c00000| Untracked 
|  28|0x0000000081c00000, 0x0000000081d00000, 0x0000000081d00000|100%|HS|  |TAMS 0x0000000081d00000, 0x0000000081d00000| Complete 
|  29|0x0000000081d00000, 0x0000000081e00000, 0x0000000081e00000|100%|HS|  |TAMS 0x0000000081e00000, 0x0000000081e00000| Complete 
|  30|0x0000000081e00000, 0x0000000081f00000, 0x0000000081f00000|100%|HS|  |TAMS 0x0000000081f00000, 0x0000000081f00000| Complete 
|  31|0x0000000081f00000, 0x0000000082000000, 0x0000000082000000|100%|HS|  |TAMS 0x0000000082000000, 0x0000000082000000| Complete 
|  32|0x0000000082000000, 0x0000000082100000, 0x0000000082100000|100%|HS|  |TAMS 0x0000000082100000, 0x0000000082100000| Complete 
|  33|0x0000000082100000, 0x0000000082200000, 0x0000000082200000|100%|HC|  |TAMS 0x0000000082200000, 0x0000000082200000| Complete 
|  34|0x0000000082200000, 0x0000000082300000, 0x0000000082300000|100%|HC|  |TAMS 0x0000000082300000, 0x0000000082300000| Complete 
|  35|0x0000000082300000, 0x0000000082400000, 0x0000000082400000|100%|HS|  |TAMS 0x0000000082400000, 0x0000000082400000| Complete 
|  36|0x0000000082400000, 0x0000000082500000, 0x0000000082500000|100%|HC|  |TAMS 0x0000000082500000, 0x0000000082500000| Complete 
|  37|0x0000000082500000, 0x0000000082600000, 0x0000000082600000|100%| O|  |TAMS 0x0000000082600000, 0x0000000082600000| Untracked 
|  38|0x0000000082600000, 0x0000000082700000, 0x0000000082700000|100%| O|  |TAMS 0x0000000082700000, 0x0000000082700000| Untracked 
|  39|0x0000000082700000, 0x0000000082800000, 0x0000000082800000|100%| O|  |TAMS 0x0000000082800000, 0x0000000082800000| Untracked 
|  40|0x0000000082800000, 0x0000000082900000, 0x0000000082900000|100%| O|  |TAMS 0x0000000082900000, 0x0000000082900000| Untracked 
|  41|0x0000000082900000, 0x0000000082a00000, 0x0000000082a00000|100%| O|  |TAMS 0x0000000082a00000, 0x0000000082a00000| Untracked 
|  42|0x0000000082a00000, 0x0000000082b00000, 0x0000000082b00000|100%| O|  |TAMS 0x0000000082b00000, 0x0000000082b00000| Untracked 
|  43|0x0000000082b00000, 0x0000000082c00000, 0x0000000082c00000|100%| O|  |TAMS 0x0000000082c00000, 0x0000000082c00000| Untracked 
|  44|0x0000000082c00000, 0x0000000082d00000, 0x0000000082d00000|100%| O|  |TAMS 0x0000000082d00000, 0x0000000082d00000| Untracked 
|  45|0x0000000082d00000, 0x0000000082e00000, 0x0000000082e00000|100%| O|  |TAMS 0x0000000082e00000, 0x0000000082e00000| Untracked 
|  46|0x0000000082e00000, 0x0000000082f00000, 0x0000000082f00000|100%| O|  |TAMS 0x0000000082f00000, 0x0000000082f00000| Untracked 
|  47|0x0000000082f00000, 0x0000000083000000, 0x0000000083000000|100%| O|  |TAMS 0x0000000083000000, 0x0000000083000000| Untracked 
|  48|0x0000000083000000, 0x0000000083100000, 0x0000000083100000|100%| O|  |TAMS 0x0000000083000000, 0x0000000083100000| Untracked 
|  49|0x0000000083100000, 0x0000000083200000, 0x0000000083200000|100%| O|  |TAMS 0x0000000083100000, 0x0000000083200000| Untracked 
|  50|0x0000000083200000, 0x0000000083300000, 0x0000000083300000|100%| O|  |TAMS 0x0000000083200000, 0x0000000083300000| Untracked 
|  51|0x0000000083300000, 0x0000000083400000, 0x0000000083400000|100%| O|  |TAMS 0x0000000083300000, 0x0000000083400000| Untracked 
|  52|0x0000000083400000, 0x0000000083500000, 0x0000000083500000|100%| O|  |TAMS 0x0000000083400000, 0x0000000083500000| Untracked 
|  53|0x0000000083500000, 0x0000000083600000, 0x0000000083600000|100%| O|  |TAMS 0x0000000083500000, 0x0000000083600000| Untracked 
|  54|0x0000000083600000, 0x0000000083700000, 0x0000000083700000|100%| O|  |TAMS 0x0000000083600000, 0x0000000083700000| Untracked 
|  55|0x0000000083700000, 0x0000000083800000, 0x0000000083800000|100%| O|  |TAMS 0x00000000837f3200, 0x0000000083800000| Untracked 
|  56|0x0000000083800000, 0x0000000083900000, 0x0000000083900000|100%| O|  |TAMS 0x0000000083800000, 0x0000000083900000| Untracked 
|  57|0x0000000083900000, 0x0000000083a00000, 0x0000000083a00000|100%| O|  |TAMS 0x0000000083900000, 0x0000000083a00000| Untracked 
|  58|0x0000000083a00000, 0x0000000083b00000, 0x0000000083b00000|100%| O|  |TAMS 0x0000000083a00000, 0x0000000083b00000| Untracked 
|  59|0x0000000083b00000, 0x0000000083c00000, 0x0000000083c00000|100%| O|  |TAMS 0x0000000083b00000, 0x0000000083c00000| Untracked 
|  60|0x0000000083c00000, 0x0000000083c4f600, 0x0000000083d00000| 31%| O|  |TAMS 0x0000000083c00000, 0x0000000083c4f600| Untracked 
|  61|0x0000000083d00000, 0x0000000083d00000, 0x0000000083e00000|  0%| F|  |TAMS 0x0000000083d00000, 0x0000000083d00000| Untracked 
|  62|0x0000000083e00000, 0x0000000083e00000, 0x0000000083f00000|  0%| F|  |TAMS 0x0000000083e00000, 0x0000000083e00000| Untracked 
|  63|0x0000000083f00000, 0x0000000083f00000, 0x0000000084000000|  0%| F|  |TAMS 0x0000000083f00000, 0x0000000083f00000| Untracked 
|  64|0x0000000084000000, 0x0000000084000000, 0x0000000084100000|  0%| F|  |TAMS 0x0000000084000000, 0x0000000084000000| Untracked 
|  65|0x0000000084100000, 0x0000000084100000, 0x0000000084200000|  0%| F|  |TAMS 0x0000000084100000, 0x0000000084100000| Untracked 
|  66|0x0000000084200000, 0x0000000084200000, 0x0000000084300000|  0%| F|  |TAMS 0x0000000084200000, 0x0000000084200000| Untracked 
|  67|0x0000000084300000, 0x0000000084300000, 0x0000000084400000|  0%| F|  |TAMS 0x0000000084300000, 0x0000000084300000| Untracked 
|  68|0x0000000084400000, 0x0000000084400000, 0x0000000084500000|  0%| F|  |TAMS 0x0000000084400000, 0x0000000084400000| Untracked 
|  69|0x0000000084500000, 0x0000000084500000, 0x0000000084600000|  0%| F|  |TAMS 0x0000000084500000, 0x0000000084500000| Untracked 
|  70|0x0000000084600000, 0x0000000084600000, 0x0000000084700000|  0%| F|  |TAMS 0x0000000084600000, 0x0000000084600000| Untracked 
|  71|0x0000000084700000, 0x0000000084700000, 0x0000000084800000|  0%| F|  |TAMS 0x0000000084700000, 0x0000000084700000| Untracked 
|  72|0x0000000084800000, 0x0000000084800000, 0x0000000084900000|  0%| F|  |TAMS 0x0000000084800000, 0x0000000084800000| Untracked 
|  73|0x0000000084900000, 0x0000000084900000, 0x0000000084a00000|  0%| F|  |TAMS 0x0000000084900000, 0x0000000084900000| Untracked 
|  74|0x0000000084a00000, 0x0000000084a00000, 0x0000000084b00000|  0%| F|  |TAMS 0x0000000084a00000, 0x0000000084a00000| Untracked 
|  75|0x0000000084b00000, 0x0000000084b00000, 0x0000000084c00000|  0%| F|  |TAMS 0x0000000084b00000, 0x0000000084b00000| Untracked 
|  76|0x0000000084c00000, 0x0000000084c00000, 0x0000000084d00000|  0%| F|  |TAMS 0x0000000084c00000, 0x0000000084c00000| Untracked 
|  77|0x0000000084d00000, 0x0000000084d00000, 0x0000000084e00000|  0%| F|  |TAMS 0x0000000084d00000, 0x0000000084d00000| Untracked 
|  78|0x0000000084e00000, 0x0000000084e00000, 0x0000000084f00000|  0%| F|  |TAMS 0x0000000084e00000, 0x0000000084e00000| Untracked 
|  79|0x0000000084f00000, 0x0000000084f00000, 0x0000000085000000|  0%| F|  |TAMS 0x0000000084f00000, 0x0000000084f00000| Untracked 
|  80|0x0000000085000000, 0x0000000085000000, 0x0000000085100000|  0%| F|  |TAMS 0x0000000085000000, 0x0000000085000000| Untracked 
|  81|0x0000000085100000, 0x0000000085100000, 0x0000000085200000|  0%| F|  |TAMS 0x0000000085100000, 0x0000000085100000| Untracked 
|  82|0x0000000085200000, 0x0000000085300000, 0x0000000085300000|100%| S|CS|TAMS 0x0000000085200000, 0x0000000085200000| Complete 
|  83|0x0000000085300000, 0x0000000085400000, 0x0000000085400000|100%| S|CS|TAMS 0x0000000085300000, 0x0000000085300000| Complete 
|  84|0x0000000085400000, 0x0000000085500000, 0x0000000085500000|100%| S|CS|TAMS 0x0000000085400000, 0x0000000085400000| Complete 
|  85|0x0000000085500000, 0x0000000085600000, 0x0000000085600000|100%| S|CS|TAMS 0x0000000085500000, 0x0000000085500000| Complete 
|  86|0x0000000085600000, 0x0000000085600000, 0x0000000085700000|  0%| F|  |TAMS 0x0000000085600000, 0x0000000085600000| Untracked 
|  87|0x0000000085700000, 0x0000000085700000, 0x0000000085800000|  0%| F|  |TAMS 0x0000000085700000, 0x0000000085700000| Untracked 
|  88|0x0000000085800000, 0x0000000085800000, 0x0000000085900000|  0%| F|  |TAMS 0x0000000085800000, 0x0000000085800000| Untracked 
|  89|0x0000000085900000, 0x0000000085a00000, 0x0000000085a00000|100%| S|CS|TAMS 0x0000000085900000, 0x0000000085900000| Complete 
|  90|0x0000000085a00000, 0x0000000085a00000, 0x0000000085b00000|  0%| F|  |TAMS 0x0000000085a00000, 0x0000000085a00000| Untracked 
|  91|0x0000000085b00000, 0x0000000085b00000, 0x0000000085c00000|  0%| F|  |TAMS 0x0000000085b00000, 0x0000000085b00000| Untracked 
|  92|0x0000000085c00000, 0x0000000085c00000, 0x0000000085d00000|  0%| F|  |TAMS 0x0000000085c00000, 0x0000000085c00000| Untracked 
|  93|0x0000000085d00000, 0x0000000085d00000, 0x0000000085e00000|  0%| F|  |TAMS 0x0000000085d00000, 0x0000000085d00000| Untracked 
|  94|0x0000000085e00000, 0x0000000085e00000, 0x0000000085f00000|  0%| F|  |TAMS 0x0000000085e00000, 0x0000000085e00000| Untracked 
|  95|0x0000000085f00000, 0x0000000085f00000, 0x0000000086000000|  0%| F|  |TAMS 0x0000000085f00000, 0x0000000085f00000| Untracked 
|  96|0x0000000086000000, 0x0000000086000000, 0x0000000086100000|  0%| F|  |TAMS 0x0000000086000000, 0x0000000086000000| Untracked 
|  97|0x0000000086100000, 0x0000000086100000, 0x0000000086200000|  0%| F|  |TAMS 0x0000000086100000, 0x0000000086100000| Untracked 
|  98|0x0000000086200000, 0x0000000086200000, 0x0000000086300000|  0%| F|  |TAMS 0x0000000086200000, 0x0000000086200000| Untracked 
|  99|0x0000000086300000, 0x0000000086300000, 0x0000000086400000|  0%| F|  |TAMS 0x0000000086300000, 0x0000000086300000| Untracked 
| 100|0x0000000086400000, 0x0000000086400000, 0x0000000086500000|  0%| F|  |TAMS 0x0000000086400000, 0x0000000086400000| Untracked 
| 101|0x0000000086500000, 0x0000000086500000, 0x0000000086600000|  0%| F|  |TAMS 0x0000000086500000, 0x0000000086500000| Untracked 
| 102|0x0000000086600000, 0x0000000086600000, 0x0000000086700000|  0%| F|  |TAMS 0x0000000086600000, 0x0000000086600000| Untracked 
| 103|0x0000000086700000, 0x0000000086700000, 0x0000000086800000|  0%| F|  |TAMS 0x0000000086700000, 0x0000000086700000| Untracked 
| 104|0x0000000086800000, 0x0000000086800000, 0x0000000086900000|  0%| F|  |TAMS 0x0000000086800000, 0x0000000086800000| Untracked 
| 105|0x0000000086900000, 0x0000000086900000, 0x0000000086a00000|  0%| F|  |TAMS 0x0000000086900000, 0x0000000086900000| Untracked 
| 106|0x0000000086a00000, 0x0000000086a00000, 0x0000000086b00000|  0%| F|  |TAMS 0x0000000086a00000, 0x0000000086a00000| Untracked 
| 107|0x0000000086b00000, 0x0000000086b00000, 0x0000000086c00000|  0%| F|  |TAMS 0x0000000086b00000, 0x0000000086b00000| Untracked 
| 108|0x0000000086c00000, 0x0000000086c00000, 0x0000000086d00000|  0%| F|  |TAMS 0x0000000086c00000, 0x0000000086c00000| Untracked 
| 109|0x0000000086d00000, 0x0000000086d00000, 0x0000000086e00000|  0%| F|  |TAMS 0x0000000086d00000, 0x0000000086d00000| Untracked 
| 110|0x0000000086e00000, 0x0000000086e00000, 0x0000000086f00000|  0%| F|  |TAMS 0x0000000086e00000, 0x0000000086e00000| Untracked 
| 111|0x0000000086f00000, 0x0000000086f00000, 0x0000000087000000|  0%| F|  |TAMS 0x0000000086f00000, 0x0000000086f00000| Untracked 
| 112|0x0000000087000000, 0x0000000087000000, 0x0000000087100000|  0%| F|  |TAMS 0x0000000087000000, 0x0000000087000000| Untracked 
| 113|0x0000000087100000, 0x0000000087100000, 0x0000000087200000|  0%| F|  |TAMS 0x0000000087100000, 0x0000000087100000| Untracked 
| 114|0x0000000087200000, 0x0000000087200000, 0x0000000087300000|  0%| F|  |TAMS 0x0000000087200000, 0x0000000087200000| Untracked 
| 115|0x0000000087300000, 0x0000000087300000, 0x0000000087400000|  0%| F|  |TAMS 0x0000000087300000, 0x0000000087300000| Untracked 
| 116|0x0000000087400000, 0x0000000087400000, 0x0000000087500000|  0%| F|  |TAMS 0x0000000087400000, 0x0000000087400000| Untracked 
| 117|0x0000000087500000, 0x0000000087500000, 0x0000000087600000|  0%| F|  |TAMS 0x0000000087500000, 0x0000000087500000| Untracked 
| 118|0x0000000087600000, 0x0000000087600000, 0x0000000087700000|  0%| F|  |TAMS 0x0000000087600000, 0x0000000087600000| Untracked 
| 119|0x0000000087700000, 0x0000000087700000, 0x0000000087800000|  0%| F|  |TAMS 0x0000000087700000, 0x0000000087700000| Untracked 
| 120|0x0000000087800000, 0x0000000087800000, 0x0000000087900000|  0%| F|  |TAMS 0x0000000087800000, 0x0000000087800000| Untracked 
| 121|0x0000000087900000, 0x0000000087900000, 0x0000000087a00000|  0%| F|  |TAMS 0x0000000087900000, 0x0000000087900000| Untracked 
| 122|0x0000000087a00000, 0x0000000087a00000, 0x0000000087b00000|  0%| F|  |TAMS 0x0000000087a00000, 0x0000000087a00000| Untracked 
| 123|0x0000000087b00000, 0x0000000087b00000, 0x0000000087c00000|  0%| F|  |TAMS 0x0000000087b00000, 0x0000000087b00000| Untracked 
| 124|0x0000000087c00000, 0x0000000087c00000, 0x0000000087d00000|  0%| F|  |TAMS 0x0000000087c00000, 0x0000000087c00000| Untracked 
| 125|0x0000000087d00000, 0x0000000087d00000, 0x0000000087e00000|  0%| F|  |TAMS 0x0000000087d00000, 0x0000000087d00000| Untracked 
| 126|0x0000000087e00000, 0x0000000087e00000, 0x0000000087f00000|  0%| F|  |TAMS 0x0000000087e00000, 0x0000000087e00000| Untracked 
| 127|0x0000000087f00000, 0x0000000087f00000, 0x0000000088000000|  0%| F|  |TAMS 0x0000000087f00000, 0x0000000087f00000| Untracked 
| 128|0x0000000088000000, 0x0000000088000000, 0x0000000088100000|  0%| F|  |TAMS 0x0000000088000000, 0x0000000088000000| Untracked 
| 129|0x0000000088100000, 0x0000000088100000, 0x0000000088200000|  0%| F|  |TAMS 0x0000000088100000, 0x0000000088100000| Untracked 
| 130|0x0000000088200000, 0x0000000088200000, 0x0000000088300000|  0%| F|  |TAMS 0x0000000088200000, 0x0000000088200000| Untracked 
| 131|0x0000000088300000, 0x0000000088300000, 0x0000000088400000|  0%| F|  |TAMS 0x0000000088300000, 0x0000000088300000| Untracked 
| 132|0x0000000088400000, 0x0000000088400000, 0x0000000088500000|  0%| F|  |TAMS 0x0000000088400000, 0x0000000088400000| Untracked 
| 133|0x0000000088500000, 0x0000000088500000, 0x0000000088600000|  0%| F|  |TAMS 0x0000000088500000, 0x0000000088500000| Untracked 
| 134|0x0000000088600000, 0x0000000088600000, 0x0000000088700000|  0%| F|  |TAMS 0x0000000088600000, 0x0000000088600000| Untracked 
| 135|0x0000000088700000, 0x0000000088700000, 0x0000000088800000|  0%| F|  |TAMS 0x0000000088700000, 0x0000000088700000| Untracked 
| 136|0x0000000088800000, 0x0000000088800000, 0x0000000088900000|  0%| F|  |TAMS 0x0000000088800000, 0x0000000088800000| Untracked 
| 137|0x0000000088900000, 0x0000000088900000, 0x0000000088a00000|  0%| F|  |TAMS 0x0000000088900000, 0x0000000088900000| Untracked 
| 138|0x0000000088a00000, 0x0000000088a00000, 0x0000000088b00000|  0%| F|  |TAMS 0x0000000088a00000, 0x0000000088a00000| Untracked 
| 139|0x0000000088b00000, 0x0000000088b00000, 0x0000000088c00000|  0%| F|  |TAMS 0x0000000088b00000, 0x0000000088b00000| Untracked 
| 140|0x0000000088c00000, 0x0000000088c00000, 0x0000000088d00000|  0%| F|  |TAMS 0x0000000088c00000, 0x0000000088c00000| Untracked 
| 141|0x0000000088d00000, 0x0000000088d00000, 0x0000000088e00000|  0%| F|  |TAMS 0x0000000088d00000, 0x0000000088d00000| Untracked 
| 142|0x0000000088e00000, 0x0000000088e00000, 0x0000000088f00000|  0%| F|  |TAMS 0x0000000088e00000, 0x0000000088e00000| Untracked 
| 143|0x0000000088f00000, 0x0000000088f00000, 0x0000000089000000|  0%| F|  |TAMS 0x0000000088f00000, 0x0000000088f00000| Untracked 
| 144|0x0000000089000000, 0x0000000089000000, 0x0000000089100000|  0%| F|  |TAMS 0x0000000089000000, 0x0000000089000000| Untracked 
| 145|0x0000000089100000, 0x0000000089100000, 0x0000000089200000|  0%| F|  |TAMS 0x0000000089100000, 0x0000000089100000| Untracked 
| 146|0x0000000089200000, 0x0000000089200000, 0x0000000089300000|  0%| F|  |TAMS 0x0000000089200000, 0x0000000089200000| Untracked 
| 147|0x0000000089300000, 0x0000000089300000, 0x0000000089400000|  0%| F|  |TAMS 0x0000000089300000, 0x0000000089300000| Untracked 
| 148|0x0000000089400000, 0x0000000089400000, 0x0000000089500000|  0%| F|  |TAMS 0x0000000089400000, 0x0000000089400000| Untracked 
| 149|0x0000000089500000, 0x0000000089500000, 0x0000000089600000|  0%| F|  |TAMS 0x0000000089500000, 0x0000000089500000| Untracked 
| 150|0x0000000089600000, 0x0000000089600000, 0x0000000089700000|  0%| F|  |TAMS 0x0000000089600000, 0x0000000089600000| Untracked 
| 151|0x0000000089700000, 0x0000000089700000, 0x0000000089800000|  0%| F|  |TAMS 0x0000000089700000, 0x0000000089700000| Untracked 
| 152|0x0000000089800000, 0x0000000089800000, 0x0000000089900000|  0%| F|  |TAMS 0x0000000089800000, 0x0000000089800000| Untracked 
| 153|0x0000000089900000, 0x0000000089900000, 0x0000000089a00000|  0%| F|  |TAMS 0x0000000089900000, 0x0000000089900000| Untracked 
| 154|0x0000000089a00000, 0x0000000089a00000, 0x0000000089b00000|  0%| F|  |TAMS 0x0000000089a00000, 0x0000000089a00000| Untracked 
| 155|0x0000000089b00000, 0x0000000089b80800, 0x0000000089c00000| 50%| E|  |TAMS 0x0000000089b00000, 0x0000000089b00000| Complete 

Card table byte_map: [0x0000024bef000000,0x0000024bef400000] _byte_map_base: 0x0000024beec00000

Marking Bits (Prev, Next): (CMBitMap*) 0x0000024bdc543b50, (CMBitMap*) 0x0000024bdc543b18
 Prev Bits: [0x0000024bf1800000, 0x0000024bf3800000)
 Next Bits: [0x0000024bef800000, 0x0000024bf1800000)

Polling page: 0x0000024bda320000

Metaspace:

Usage:
  Non-class:     64.49 MB capacity,    63.47 MB ( 98%) used,   852.40 KB (  1%) free+waste,   187.13 KB ( <1%) overhead. 
      Class:     10.01 MB capacity,     9.41 MB ( 94%) used,   530.89 KB (  5%) free+waste,    86.63 KB ( <1%) overhead. 
       Both:     74.50 MB capacity,    72.88 MB ( 98%) used,     1.35 MB (  2%) free+waste,   273.75 KB ( <1%) overhead. 

Virtual space:
  Non-class space:       66.00 MB reserved,      64.54 MB ( 98%) committed 
      Class space:        1.00 GB reserved,      10.13 MB ( <1%) committed 
             Both:        1.06 GB reserved,      74.66 MB (  7%) committed 

Chunk freelists:
   Non-Class:  48.00 KB
       Class:  19.00 KB
        Both:  67.00 KB

MaxMetaspaceSize: 17179869184.00 GB
CompressedClassSpaceSize: 1.00 GB

CodeHeap 'non-profiled nmethods': size=120064Kb used=3660Kb max_used=3660Kb free=116403Kb
 bounds [0x0000024be7ac0000, 0x0000024be7e60000, 0x0000024bef000000]
CodeHeap 'profiled nmethods': size=120000Kb used=15450Kb max_used=15450Kb free=104549Kb
 bounds [0x0000024be0590000, 0x0000024be14b0000, 0x0000024be7ac0000]
CodeHeap 'non-nmethods': size=5696Kb used=2257Kb max_used=2297Kb free=3438Kb
 bounds [0x0000024be0000000, 0x0000024be0270000, 0x0000024be0590000]
 total_blobs=8126 nmethods=7265 adapters=773
 compilation: enabled
              stopped_count=0, restarted_count=0
 full_count=0

Compilation events (20 events):
Event: 38.320 Thread 0x0000024bf5c11000 7301   !   3       org.gradle.internal.typeconversion.ErrorHandlingNotationParser::parseNotation (98 bytes)
Event: 38.323 Thread 0x0000024bf5c11000 nmethod 7301 0x0000024be149f990 code [0x0000024be149fd60, 0x0000024be14a1758]
Event: 38.336 Thread 0x0000024bf5c11000 7302       3       org.gradle.api.internal.artifacts.configurations.DefaultConfiguration$DefaultResolutionHost::<init> (6 bytes)
Event: 38.336 Thread 0x0000024bf5c11000 nmethod 7302 0x0000024be14a2010 code [0x0000024be14a21c0, 0x0000024be14a23d8]
Event: 38.336 Thread 0x0000024bf5c11000 7303       3       org.gradle.api.internal.artifacts.configurations.DefaultConfiguration$SelectedArtifactsProvider::<init> (6 bytes)
Event: 38.337 Thread 0x0000024bf5c11000 nmethod 7303 0x0000024be14a2510 code [0x0000024be14a26c0, 0x0000024be14a28d8]
Event: 38.337 Thread 0x0000024bf5c11000 7304       3       org.gradle.api.internal.artifacts.configurations.DefaultConfiguration$ConfigurationFileCollection::<init> (16 bytes)
Event: 38.337 Thread 0x0000024bf5c11000 nmethod 7304 0x0000024be14a2a10 code [0x0000024be14a2bc0, 0x0000024be14a2d08]
Event: 38.337 Thread 0x0000024bf5c11000 7305       3       org.gradle.api.internal.artifacts.configurations.DefaultConfiguration$ConfigurationFileCollection::<init> (44 bytes)
Event: 38.337 Thread 0x0000024bf5c11000 nmethod 7305 0x0000024be14a2e10 code [0x0000024be14a2fe0, 0x0000024be14a3458]
Event: 38.354 Thread 0x0000024bf5c11000 7306       3       com.google.common.collect.LinkedHashMultimap$ValueSet::rehashIfNecessary (88 bytes)
Event: 38.356 Thread 0x0000024bf5c11000 nmethod 7306 0x0000024be14a3590 code [0x0000024be14a37c0, 0x0000024be14a3fa8]
Event: 38.357 Thread 0x0000024bf5c11000 7307       3       org.gradle.util.internal.CollectionUtils::collectArray (49 bytes)
Event: 38.358 Thread 0x0000024bf5c11000 nmethod 7307 0x0000024be14a4210 code [0x0000024be14a4400, 0x0000024be14a4828]
Event: 38.367 Thread 0x0000024bf5c11000 7308       1       org.gradle.api.internal.provider.ValueSupplier$Present::isMissing (2 bytes)
Event: 38.367 Thread 0x0000024bf5c11000 nmethod 7308 0x0000024be7e53010 code [0x0000024be7e531c0, 0x0000024be7e53278]
Event: 38.385 Thread 0x0000024bf5c11000 7309       3       org.gradle.util.internal.DeferredUtil::isNestableDeferred (20 bytes)
Event: 38.386 Thread 0x0000024bf5c11000 nmethod 7309 0x0000024be14a4a10 code [0x0000024be14a4be0, 0x0000024be14a4fb8]
Event: 38.390 Thread 0x0000024bf5c11000 7310       3       org.gradle.internal.instantiation.generator.AbstractClassGenerator::isManagedProperty (35 bytes)
Event: 38.393 Thread 0x0000024bf5c11000 nmethod 7310 0x0000024be14a5090 code [0x0000024be14a52e0, 0x0000024be14a5be8]

GC Heap History (20 events):
Event: 18.962 GC heap before
{Heap before GC invocations=14 (full 0):
 garbage-first heap   total 92160K, used 65152K [0x0000000080000000, 0x0000000100000000)
  region size 1024K, 42 young (43008K), 6 survivors (6144K)
 Metaspace       used 44356K, capacity 45458K, committed 45692K, reserved 1089536K
  class space    used 5657K, capacity 6022K, committed 6144K, reserved 1048576K
}
Event: 18.988 GC heap after
{Heap after GC invocations=15 (full 0):
 garbage-first heap   total 110592K, used 30023K [0x0000000080000000, 0x0000000100000000)
  region size 1024K, 5 young (5120K), 5 survivors (5120K)
 Metaspace       used 44356K, capacity 45458K, committed 45692K, reserved 1089536K
  class space    used 5657K, capacity 6022K, committed 6144K, reserved 1048576K
}
Event: 21.907 GC heap before
{Heap before GC invocations=15 (full 0):
 garbage-first heap   total 110592K, used 77127K [0x0000000080000000, 0x0000000100000000)
  region size 1024K, 51 young (52224K), 5 survivors (5120K)
 Metaspace       used 47712K, capacity 48920K, committed 49148K, reserved 1091584K
  class space    used 6079K, capacity 6491K, committed 6528K, reserved 1048576K
}
Event: 21.933 GC heap after
{Heap after GC invocations=16 (full 0):
 garbage-first heap   total 110592K, used 32093K [0x0000000080000000, 0x0000000100000000)
  region size 1024K, 4 young (4096K), 4 survivors (4096K)
 Metaspace       used 47712K, capacity 48920K, committed 49148K, reserved 1091584K
  class space    used 6079K, capacity 6491K, committed 6528K, reserved 1048576K
}
Event: 24.804 GC heap before
{Heap before GC invocations=16 (full 0):
 garbage-first heap   total 110592K, used 90461K [0x0000000080000000, 0x0000000100000000)
  region size 1024K, 53 young (54272K), 4 survivors (4096K)
 Metaspace       used 50365K, capacity 51647K, committed 51836K, reserved 1093632K
  class space    used 6400K, capacity 6869K, committed 6912K, reserved 1048576K
}
Event: 24.832 GC heap after
{Heap after GC invocations=17 (full 0):
 garbage-first heap   total 110592K, used 49648K [0x0000000080000000, 0x0000000100000000)
  region size 1024K, 7 young (7168K), 7 survivors (7168K)
 Metaspace       used 50365K, capacity 51647K, committed 51836K, reserved 1093632K
  class space    used 6400K, capacity 6869K, committed 6912K, reserved 1048576K
}
Event: 26.705 GC heap before
{Heap before GC invocations=17 (full 0):
 garbage-first heap   total 110592K, used 84464K [0x0000000080000000, 0x0000000100000000)
  region size 1024K, 41 young (41984K), 7 survivors (7168K)
 Metaspace       used 55221K, capacity 56537K, committed 56828K, reserved 1099776K
  class space    used 6984K, capacity 7452K, committed 7552K, reserved 1048576K
}
Event: 26.725 GC heap after
{Heap after GC invocations=18 (full 0):
 garbage-first heap   total 110592K, used 51632K [0x0000000080000000, 0x0000000100000000)
  region size 1024K, 2 young (2048K), 2 survivors (2048K)
 Metaspace       used 55221K, capacity 56537K, committed 56828K, reserved 1099776K
  class space    used 6984K, capacity 7452K, committed 7552K, reserved 1048576K
}
Event: 28.131 GC heap before
{Heap before GC invocations=18 (full 0):
 garbage-first heap   total 110592K, used 71088K [0x0000000080000000, 0x0000000100000000)
  region size 1024K, 22 young (22528K), 2 survivors (2048K)
 Metaspace       used 58443K, capacity 59867K, committed 59940K, reserved 1101824K
  class space    used 7385K, capacity 7899K, committed 7936K, reserved 1048576K
}
Event: 28.145 GC heap after
{Heap after GC invocations=19 (full 0):
 garbage-first heap   total 133120K, used 52172K [0x0000000080000000, 0x0000000100000000)
  region size 1024K, 2 young (2048K), 2 survivors (2048K)
 Metaspace       used 58443K, capacity 59867K, committed 59940K, reserved 1101824K
  class space    used 7385K, capacity 7899K, committed 7936K, reserved 1048576K
}
Event: 30.508 GC heap before
{Heap before GC invocations=20 (full 0):
 garbage-first heap   total 133120K, used 95180K [0x0000000080000000, 0x0000000100000000)
  region size 1024K, 45 young (46080K), 2 survivors (2048K)
 Metaspace       used 62892K, capacity 64359K, committed 64676K, reserved 1105920K
  class space    used 7932K, capacity 8474K, committed 8576K, reserved 1048576K
}
Event: 30.534 GC heap after
{Heap after GC invocations=21 (full 0):
 garbage-first heap   total 133120K, used 56024K [0x0000000080000000, 0x0000000100000000)
  region size 1024K, 6 young (6144K), 6 survivors (6144K)
 Metaspace       used 62892K, capacity 64359K, committed 64676K, reserved 1105920K
  class space    used 7932K, capacity 8474K, committed 8576K, reserved 1048576K
}
Event: 32.824 GC heap before
{Heap before GC invocations=21 (full 0):
 garbage-first heap   total 133120K, used 100056K [0x0000000080000000, 0x0000000100000000)
  region size 1024K, 48 young (49152K), 6 survivors (6144K)
 Metaspace       used 66738K, capacity 68236K, committed 68516K, reserved 1110016K
  class space    used 8413K, capacity 8966K, committed 9088K, reserved 1048576K
}
Event: 32.854 GC heap after
{Heap after GC invocations=22 (full 0):
 garbage-first heap   total 133120K, used 58308K [0x0000000080000000, 0x0000000100000000)
  region size 1024K, 3 young (3072K), 3 survivors (3072K)
 Metaspace       used 66738K, capacity 68236K, committed 68516K, reserved 1110016K
  class space    used 8413K, capacity 8966K, committed 9088K, reserved 1048576K
}
Event: 33.794 GC heap before
{Heap before GC invocations=22 (full 0):
 garbage-first heap   total 133120K, used 101316K [0x0000000080000000, 0x0000000100000000)
  region size 1024K, 45 young (46080K), 3 survivors (3072K)
 Metaspace       used 67367K, capacity 68965K, committed 69156K, reserved 1110016K
  class space    used 8498K, capacity 9102K, committed 9216K, reserved 1048576K
}
Event: 33.818 GC heap after
{Heap after GC invocations=23 (full 0):
 garbage-first heap   total 133120K, used 61931K [0x0000000080000000, 0x0000000100000000)
  region size 1024K, 6 young (6144K), 6 survivors (6144K)
 Metaspace       used 67367K, capacity 68965K, committed 69156K, reserved 1110016K
  class space    used 8498K, capacity 9102K, committed 9216K, reserved 1048576K
}
Event: 35.689 GC heap before
{Heap before GC invocations=23 (full 0):
 garbage-first heap   total 133120K, used 103915K [0x0000000080000000, 0x0000000100000000)
  region size 1024K, 47 young (48128K), 6 survivors (6144K)
 Metaspace       used 70895K, capacity 72516K, committed 72740K, reserved 1112064K
  class space    used 9097K, capacity 9688K, committed 9728K, reserved 1048576K
}
Event: 35.719 GC heap after
{Heap after GC invocations=24 (full 0):
 garbage-first heap   total 133120K, used 64312K [0x0000000080000000, 0x0000000100000000)
  region size 1024K, 3 young (3072K), 3 survivors (3072K)
 Metaspace       used 70895K, capacity 72516K, committed 72740K, reserved 1112064K
  class space    used 9097K, capacity 9688K, committed 9728K, reserved 1048576K
}
Event: 38.401 GC heap before
{Heap before GC invocations=24 (full 0):
 garbage-first heap   total 133120K, used 105272K [0x0000000080000000, 0x0000000100000000)
  region size 1024K, 43 young (44032K), 3 survivors (3072K)
 Metaspace       used 74626K, capacity 76286K, committed 76452K, reserved 1116160K
  class space    used 9634K, capacity 10252K, committed 10368K, reserved 1048576K
}
Event: 38.431 GC heap after
{Heap after GC invocations=25 (full 0):
 garbage-first heap   total 159744K, used 66877K [0x0000000080000000, 0x0000000100000000)
  region size 1024K, 5 young (5120K), 5 survivors (5120K)
 Metaspace       used 74626K, capacity 76286K, committed 76452K, reserved 1116160K
  class space    used 9634K, capacity 10252K, committed 10368K, reserved 1048576K
}

Deoptimization events (20 events):
Event: 37.866 Thread 0x0000024bf7b50800 Uncommon trap: trap_request=0xffffff4d fr.pc=0x0000024be7cdf71c relative=0x000000000000013c
Event: 37.866 Thread 0x0000024bf7b50800 Uncommon trap: reason=unstable_if action=reinterpret pc=0x0000024be7cdf71c method=java.io.WinNTFileSystem.normalize(Ljava/lang/String;)Ljava/lang/String; @ 74 c2
Event: 37.866 Thread 0x0000024bf7b50800 DEOPT PACKING pc=0x0000024be7cdf71c sp=0x00000080701f9650
Event: 37.866 Thread 0x0000024bf7b50800 DEOPT UNPACKING pc=0x0000024be00262a9 sp=0x00000080701f9638 mode 2
Event: 38.218 Thread 0x0000024bf7b50800 Uncommon trap: trap_request=0xffffff4d fr.pc=0x0000024be7b25c0c relative=0x000000000000098c
Event: 38.218 Thread 0x0000024bf7b50800 Uncommon trap: reason=unstable_if action=reinterpret pc=0x0000024be7b25c0c method=java.util.HashMap.resize()[Ljava/util/HashMap$Node; @ 203 c2
Event: 38.218 Thread 0x0000024bf7b50800 DEOPT PACKING pc=0x0000024be7b25c0c sp=0x00000080701f9020
Event: 38.218 Thread 0x0000024bf7b50800 DEOPT UNPACKING pc=0x0000024be00262a9 sp=0x00000080701f8fc0 mode 2
Event: 38.218 Thread 0x0000024bf7b50800 Uncommon trap: trap_request=0xffffff4d fr.pc=0x0000024be7dbd3cc relative=0x000000000000286c
Event: 38.218 Thread 0x0000024bf7b50800 Uncommon trap: reason=unstable_if action=reinterpret pc=0x0000024be7dbd3cc method=java.util.HashMap.getNode(ILjava/lang/Object;)Ljava/util/HashMap$Node; @ 84 c2
Event: 38.218 Thread 0x0000024bf7b50800 DEOPT PACKING pc=0x0000024be7dbd3cc sp=0x00000080701f90c0
Event: 38.218 Thread 0x0000024bf7b50800 DEOPT UNPACKING pc=0x0000024be00262a9 sp=0x00000080701f8fa8 mode 2
Event: 38.218 Thread 0x0000024bf7b50800 Uncommon trap: trap_request=0xffffff4d fr.pc=0x0000024be7ddcb94 relative=0x00000000000002d4
Event: 38.218 Thread 0x0000024bf7b50800 Uncommon trap: reason=unstable_if action=reinterpret pc=0x0000024be7ddcb94 method=java.util.HashMap.getNode(ILjava/lang/Object;)Ljava/util/HashMap$Node; @ 84 c2
Event: 38.218 Thread 0x0000024bf7b50800 DEOPT PACKING pc=0x0000024be7ddcb94 sp=0x00000080701f9070
Event: 38.218 Thread 0x0000024bf7b50800 DEOPT UNPACKING pc=0x0000024be00262a9 sp=0x00000080701f8f90 mode 2
Event: 38.218 Thread 0x0000024bf7b50800 Uncommon trap: trap_request=0xffffff4d fr.pc=0x0000024be7d56074 relative=0x00000000000001b4
Event: 38.218 Thread 0x0000024bf7b50800 Uncommon trap: reason=unstable_if action=reinterpret pc=0x0000024be7d56074 method=java.util.HashMap.getNode(ILjava/lang/Object;)Ljava/util/HashMap$Node; @ 84 c2
Event: 38.218 Thread 0x0000024bf7b50800 DEOPT PACKING pc=0x0000024be7d56074 sp=0x00000080701f9010
Event: 38.218 Thread 0x0000024bf7b50800 DEOPT UNPACKING pc=0x0000024be00262a9 sp=0x00000080701f8f98 mode 2

Classes redefined (0 events):
No events

Internal exceptions (20 events):
Event: 33.902 Thread 0x0000024bf7b50800 Exception <a 'java/lang/ClassNotFoundException'{0x0000000087ede3c0}: org/gradle/api/internal/artifacts/dsl/dependencies/DefaultDependencyHandler_DecoratedBeanInfo> (0x0000000087ede3c0) thrown at [./src/hotspot/share/classfile/systemDictionary.cpp, line 231]
Event: 33.906 Thread 0x0000024bf7b50800 Exception <a 'java/lang/ClassNotFoundException'{0x0000000087d285a8}: org/gradle/api/internal/artifacts/dsl/dependencies/DefaultDependencyHandlerBeanInfo> (0x0000000087d285a8) thrown at [./src/hotspot/share/classfile/systemDictionary.cpp, line 231]
Event: 33.908 Thread 0x0000024bf7b50800 Exception <a 'java/lang/ClassNotFoundException'{0x0000000087d71ec8}: org/gradle/api/internal/artifacts/dsl/dependencies/DefaultDependencyHandlerCustomizer> (0x0000000087d71ec8) thrown at [./src/hotspot/share/classfile/systemDictionary.cpp, line 231]
Event: 33.914 Thread 0x0000024bf7b50800 Exception <a 'java/lang/ClassNotFoundException'{0x0000000087de5260}: org/gradle/api/internal/artifacts/dsl/dependencies/DefaultDependencyHandler_DecoratedCustomizer> (0x0000000087de5260) thrown at [./src/hotspot/share/classfile/systemDictionary.cpp, line 231]
Event: 33.939 Thread 0x0000024bf7b50800 Exception <a 'java/lang/ClassNotFoundException'{0x0000000087ce71d8}: groovy/lang/GString$1BeanInfo> (0x0000000087ce71d8) thrown at [./src/hotspot/share/classfile/systemDictionary.cpp, line 231]
Event: 33.941 Thread 0x0000024bf7b50800 Exception <a 'java/lang/ClassNotFoundException'{0x0000000087b23080}: groovy/lang/GStringBeanInfo> (0x0000000087b23080) thrown at [./src/hotspot/share/classfile/systemDictionary.cpp, line 231]
Event: 33.944 Thread 0x0000024bf7b50800 Exception <a 'java/lang/ClassNotFoundException'{0x0000000087b5ebd8}: groovy/lang/GStringCustomizer> (0x0000000087b5ebd8) thrown at [./src/hotspot/share/classfile/systemDictionary.cpp, line 231]
Event: 33.952 Thread 0x0000024bf7b50800 Exception <a 'java/lang/ClassNotFoundException'{0x0000000087ba4928}: groovy/lang/GString$1Customizer> (0x0000000087ba4928) thrown at [./src/hotspot/share/classfile/systemDictionary.cpp, line 231]
Event: 33.972 Thread 0x0000024bf7b50800 Exception <a 'java/lang/ClassNotFoundException'{0x0000000087762a10}: org/codehaus/groovy/runtime/GStringImplBeanInfo> (0x0000000087762a10) thrown at [./src/hotspot/share/classfile/systemDictionary.cpp, line 231]
Event: 33.982 Thread 0x0000024bf7b50800 Exception <a 'java/lang/ClassNotFoundException'{0x000000008741c740}: org/codehaus/groovy/runtime/GStringImplCustomizer> (0x000000008741c740) thrown at [./src/hotspot/share/classfile/systemDictionary.cpp, line 231]
Event: 36.915 Thread 0x0000024bf7b50800 Exception <a 'java/lang/ClassNotFoundException'{0x00000000872aa4b0}: com/android/build/gradle/internal/api/ApkVariantOutputImpl_DecoratedBeanInfo> (0x00000000872aa4b0) thrown at [./src/hotspot/share/classfile/systemDictionary.cpp, line 231]
Event: 36.916 Thread 0x0000024bf7b50800 Exception <a 'java/lang/ClassNotFoundException'{0x00000000872c5ed8}: com/android/build/gradle/internal/api/ApkVariantOutputImplBeanInfo> (0x00000000872c5ed8) thrown at [./src/hotspot/share/classfile/systemDictionary.cpp, line 231]
Event: 36.917 Thread 0x0000024bf7b50800 Exception <a 'java/lang/ClassNotFoundException'{0x00000000872e21f8}: com/android/build/gradle/internal/api/BaseVariantOutputImplBeanInfo> (0x00000000872e21f8) thrown at [./src/hotspot/share/classfile/systemDictionary.cpp, line 231]
Event: 36.919 Thread 0x0000024bf7b50800 Exception <a 'java/lang/ClassNotFoundException'{0x00000000872fe580}: com/android/build/gradle/internal/api/BaseVariantOutputImplCustomizer> (0x00000000872fe580) thrown at [./src/hotspot/share/classfile/systemDictionary.cpp, line 231]
Event: 36.924 Thread 0x0000024bf7b50800 Exception <a 'java/lang/ClassNotFoundException'{0x000000008712d440}: com/android/build/gradle/internal/api/ApkVariantOutputImplCustomizer> (0x000000008712d440) thrown at [./src/hotspot/share/classfile/systemDictionary.cpp, line 231]
Event: 36.926 Thread 0x0000024bf7b50800 Exception <a 'java/lang/ClassNotFoundException'{0x00000000871584f8}: com/android/build/gradle/internal/api/ApkVariantOutputImpl_DecoratedCustomizer> (0x00000000871584f8) thrown at [./src/hotspot/share/classfile/systemDictionary.cpp, line 231]
Event: 36.998 Thread 0x0000024bf7b50800 Exception <a 'java/lang/ClassNotFoundException'{0x00000000870ca780}: com/android/build/gradle/internal/api/ReadOnlyBuildTypeBeanInfo> (0x00000000870ca780) thrown at [./src/hotspot/share/classfile/systemDictionary.cpp, line 231]
Event: 36.999 Thread 0x0000024bf7b50800 Exception <a 'java/lang/ClassNotFoundException'{0x00000000870e5ae0}: com/android/build/gradle/internal/api/ReadOnlyBaseConfigBeanInfo> (0x00000000870e5ae0) thrown at [./src/hotspot/share/classfile/systemDictionary.cpp, line 231]
Event: 37.001 Thread 0x0000024bf7b50800 Exception <a 'java/lang/ClassNotFoundException'{0x0000000086f01a00}: com/android/build/gradle/internal/api/ReadOnlyBaseConfigCustomizer> (0x0000000086f01a00) thrown at [./src/hotspot/share/classfile/systemDictionary.cpp, line 231]
Event: 37.014 Thread 0x0000024bf7b50800 Exception <a 'java/lang/ClassNotFoundException'{0x0000000086f2d1f8}: com/android/build/gradle/internal/api/ReadOnlyBuildTypeCustomizer> (0x0000000086f2d1f8) thrown at [./src/hotspot/share/classfile/systemDictionary.cpp, line 231]

Events (20 events):
Event: 38.376 loading class com/android/build/gradle/internal/scope/InternalArtifactType$ANNOTATIONS_TYPEDEF_FILE
Event: 38.376 loading class com/android/build/gradle/internal/scope/InternalArtifactType$ANNOTATIONS_TYPEDEF_FILE done
Event: 38.376 loading class com/android/build/gradle/internal/scope/InternalArtifactType$AAR_MAIN_JAR
Event: 38.376 loading class com/android/build/gradle/internal/scope/InternalArtifactType$AAR_MAIN_JAR done
Event: 38.378 loading class com/android/build/gradle/internal/scope/InternalArtifactType$AAR_LIBS_DIRECTORY
Event: 38.378 loading class com/android/build/gradle/internal/scope/InternalArtifactType$AAR_LIBS_DIRECTORY done
Event: 38.379 loading class com/android/build/gradle/internal/scope/InternalArtifactType$APK_FOR_LOCAL_TEST
Event: 38.379 loading class com/android/build/gradle/internal/scope/InternalArtifactType$APK_FOR_LOCAL_TEST done
Event: 38.379 loading class com/android/build/gradle/internal/scope/InternalArtifactType$ASSET_PACK_BUNDLE
Event: 38.379 loading class com/android/build/gradle/internal/scope/InternalArtifactType$ASSET_PACK_BUNDLE done
Event: 38.380 loading class com/android/build/gradle/internal/scope/InternalArtifactType$MAIN_DEX_LIST_FOR_BUNDLE
Event: 38.380 loading class com/android/build/gradle/internal/scope/InternalArtifactType$MAIN_DEX_LIST_FOR_BUNDLE done
Event: 38.382 loading class com/android/build/gradle/internal/scope/InternalArtifactType$FEATURE_DATA_BINDING_BASE_FEATURE_INFO
Event: 38.382 loading class com/android/build/gradle/internal/scope/InternalArtifactType$FEATURE_DATA_BINDING_BASE_FEATURE_INFO done
Event: 38.383 loading class com/android/build/gradle/internal/scope/InternalArtifactType$FEATURE_DATA_BINDING_FEATURE_INFO
Event: 38.383 loading class com/android/build/gradle/internal/scope/InternalArtifactType$FEATURE_DATA_BINDING_FEATURE_INFO done
Event: 38.383 loading class com/android/build/gradle/internal/scope/InternalArtifactType$FEATURE_DEX
Event: 38.383 loading class com/android/build/gradle/internal/scope/InternalArtifactType$FEATURE_DEX done
Event: 38.400 Executing VM operation: G1CollectForAllocation
Event: 38.432 Executing VM operation: G1CollectForAllocation done


Dynamic libraries:
0x00007ff7d4270000 - 0x00007ff7d427a000 	C:\Program Files\Android\Android Studio\jre\bin\java.exe
0x00007ffb43050000 - 0x00007ffb43245000 	C:\WINDOWS\SYSTEM32\ntdll.dll
0x00007ffb42140000 - 0x00007ffb421fe000 	C:\WINDOWS\System32\KERNEL32.DLL
0x00007ffb40c50000 - 0x00007ffb40f18000 	C:\WINDOWS\System32\KERNELBASE.dll
0x00007ffb409f0000 - 0x00007ffb40af0000 	C:\WINDOWS\System32\ucrtbase.dll
0x00007ffb27230000 - 0x00007ffb27249000 	C:\Program Files\Android\Android Studio\jre\bin\jli.dll
0x00007ffb42de0000 - 0x00007ffb42f80000 	C:\WINDOWS\System32\USER32.dll
0x00007ffb21350000 - 0x00007ffb21367000 	C:\Program Files\Android\Android Studio\jre\bin\VCRUNTIME140.dll
0x00007ffb40770000 - 0x00007ffb40792000 	C:\WINDOWS\System32\win32u.dll
0x00007ffb41b10000 - 0x00007ffb41b3a000 	C:\WINDOWS\System32\GDI32.dll
0x00007ffb40850000 - 0x00007ffb4095b000 	C:\WINDOWS\System32\gdi32full.dll
0x00007ffb40f20000 - 0x00007ffb40fbd000 	C:\WINDOWS\System32\msvcp_win.dll
0x00007ffb27a10000 - 0x00007ffb27caa000 	C:\WINDOWS\WinSxS\amd64_microsoft.windows.common-controls_6595b64144ccf1df_6.0.19041.1110_none_60b5254171f9507e\COMCTL32.dll
0x00007ffb42c10000 - 0x00007ffb42cae000 	C:\WINDOWS\System32\msvcrt.dll
0x00007ffb42fe0000 - 0x00007ffb43010000 	C:\WINDOWS\System32\IMM32.DLL
0x00007ffafe570000 - 0x00007ffafe60d000 	C:\Program Files\Android\Android Studio\jre\bin\msvcp140.dll
0x00007ffaf4470000 - 0x00007ffaf4f45000 	C:\Program Files\Android\Android Studio\jre\bin\server\jvm.dll
0x00007ffb410b0000 - 0x00007ffb4115e000 	C:\WINDOWS\System32\ADVAPI32.dll
0x00007ffb42a70000 - 0x00007ffb42b0c000 	C:\WINDOWS\System32\sechost.dll
0x00007ffb42cb0000 - 0x00007ffb42dd5000 	C:\WINDOWS\System32\RPCRT4.dll
0x00007ffb41c40000 - 0x00007ffb41c48000 	C:\WINDOWS\System32\PSAPI.DLL
0x00007ffb3c4a0000 - 0x00007ffb3c4a9000 	C:\WINDOWS\SYSTEM32\WSOCK32.dll
0x00007ffb42ba0000 - 0x00007ffb42c0b000 	C:\WINDOWS\System32\WS2_32.dll
0x00007ffb2a700000 - 0x00007ffb2a727000 	C:\WINDOWS\SYSTEM32\WINMM.dll
0x00007ffb3ef20000 - 0x00007ffb3ef2a000 	C:\WINDOWS\SYSTEM32\VERSION.dll
0x00007ffb3f020000 - 0x00007ffb3f032000 	C:\WINDOWS\SYSTEM32\kernel.appcore.dll
0x00007ffb3c460000 - 0x00007ffb3c471000 	C:\Program Files\Android\Android Studio\jre\bin\verify.dll
0x00007ffb3ba70000 - 0x00007ffb3bc54000 	C:\WINDOWS\SYSTEM32\DBGHELP.DLL
0x00007ffb2f920000 - 0x00007ffb2f94c000 	C:\WINDOWS\SYSTEM32\dbgcore.DLL
0x00007ffb40960000 - 0x00007ffb409e2000 	C:\WINDOWS\System32\bcryptPrimitives.dll
0x00007ffb2e200000 - 0x00007ffb2e229000 	C:\Program Files\Android\Android Studio\jre\bin\java.dll
0x00007ffb3c0d0000 - 0x00007ffb3c0db000 	C:\Program Files\Android\Android Studio\jre\bin\jimage.dll
0x00007ffb39890000 - 0x00007ffb398a8000 	C:\Program Files\Android\Android Studio\jre\bin\zip.dll
0x00007ffb42200000 - 0x00007ffb42944000 	C:\WINDOWS\System32\SHELL32.dll
0x00007ffb3e6d0000 - 0x00007ffb3ee64000 	C:\WINDOWS\SYSTEM32\windows.storage.dll
0x00007ffb415a0000 - 0x00007ffb418f4000 	C:\WINDOWS\System32\combase.dll
0x00007ffb401e0000 - 0x00007ffb4020c000 	C:\WINDOWS\SYSTEM32\Wldp.dll
0x00007ffb41220000 - 0x00007ffb412cd000 	C:\WINDOWS\System32\SHCORE.dll
0x00007ffb412d0000 - 0x00007ffb41325000 	C:\WINDOWS\System32\shlwapi.dll
0x00007ffb406b0000 - 0x00007ffb406cf000 	C:\WINDOWS\SYSTEM32\profapi.dll
0x00007ffb32d40000 - 0x00007ffb32d5a000 	C:\Program Files\Android\Android Studio\jre\bin\net.dll
0x00007ffb31c20000 - 0x00007ffb31d2a000 	C:\WINDOWS\SYSTEM32\WINHTTP.dll
0x00007ffb3ff40000 - 0x00007ffb3ffaa000 	C:\WINDOWS\system32\mswsock.dll
0x00007ffb32ac0000 - 0x00007ffb32ad4000 	C:\Program Files\Android\Android Studio\jre\bin\nio.dll
0x00007ffb16d10000 - 0x00007ffb16d37000 	C:\Users\Mickley Khoza\.gradle\native\e1d6ef7f7dcc3fd88c89a11ec53ec762bb8ba0a96d01ffa2cd45eb1d1d8dd5c5\windows-amd64\native-platform.dll
0x00007ffafbe80000 - 0x00007ffafbfc4000 	C:\Users\Mickley Khoza\.gradle\native\5664cfc778a61ccfe75a443a1ab52a65af34e5dc3c78e0209fed803814484fcb\windows-amd64\native-platform-file-events.dll
0x00007ffb3bf90000 - 0x00007ffb3bf9a000 	C:\Program Files\Android\Android Studio\jre\bin\management.dll
0x00007ffb39920000 - 0x00007ffb3992d000 	C:\Program Files\Android\Android Studio\jre\bin\management_ext.dll
0x00007ffb40140000 - 0x00007ffb40158000 	C:\WINDOWS\SYSTEM32\CRYPTSP.dll
0x00007ffb3f850000 - 0x00007ffb3f884000 	C:\WINDOWS\system32\rsaenh.dll
0x00007ffb41010000 - 0x00007ffb41037000 	C:\WINDOWS\System32\bcrypt.dll
0x00007ffb40670000 - 0x00007ffb4069e000 	C:\WINDOWS\SYSTEM32\USERENV.dll
0x00007ffb40130000 - 0x00007ffb4013c000 	C:\WINDOWS\SYSTEM32\CRYPTBASE.dll
0x00007ffb3fbe0000 - 0x00007ffb3fc1b000 	C:\WINDOWS\SYSTEM32\IPHLPAPI.DLL
0x00007ffb41590000 - 0x00007ffb41598000 	C:\WINDOWS\System32\NSI.dll
0x00007ffb327b0000 - 0x00007ffb327c7000 	C:\WINDOWS\SYSTEM32\dhcpcsvc6.DLL
0x00007ffb32810000 - 0x00007ffb3282d000 	C:\WINDOWS\SYSTEM32\dhcpcsvc.DLL
0x00007ffb3fc20000 - 0x00007ffb3fceb000 	C:\WINDOWS\SYSTEM32\DNSAPI.dll

dbghelp: loaded successfully - version: 4.0.5 - missing functions: none
symbol engine: initialized successfully - sym options: 0x614 - pdb path: .;C:\Program Files\Android\Android Studio\jre\bin;C:\WINDOWS\SYSTEM32;C:\WINDOWS\WinSxS\amd64_microsoft.windows.common-controls_6595b64144ccf1df_6.0.19041.1110_none_60b5254171f9507e;C:\Program Files\Android\Android Studio\jre\bin\server;C:\Users\Mickley Khoza\.gradle\native\e1d6ef7f7dcc3fd88c89a11ec53ec762bb8ba0a96d01ffa2cd45eb1d1d8dd5c5\windows-amd64;C:\Users\Mickley Khoza\.gradle\native\5664cfc778a61ccfe75a443a1ab52a65af34e5dc3c78e0209fed803814484fcb\windows-amd64

VM Arguments:
jvm_args: --add-opens=java.base/java.util=ALL-UNNAMED --add-opens=java.base/java.lang=ALL-UNNAMED --add-opens=java.base/java.lang.invoke=ALL-UNNAMED --add-opens=java.base/java.util=ALL-UNNAMED --add-opens=java.prefs/java.util.prefs=ALL-UNNAMED --add-opens=java.prefs/java.util.prefs=ALL-UNNAMED --add-opens=java.base/java.nio.charset=ALL-UNNAMED --add-opens=java.base/java.net=ALL-UNNAMED --add-opens=java.base/java.util.concurrent.atomic=ALL-UNNAMED -Xmx2048m -Dfile.encoding=UTF-8 -Duser.country=ZA -Duser.language=en -Duser.variant 
java_command: org.gradle.launcher.daemon.bootstrap.GradleDaemon 7.2
java_class_path (initial): C:\Users\Mickley Khoza\.gradle\wrapper\dists\gradle-7.2-bin\2dnblmf4td7x66yl1d74lt32g\gradle-7.2\lib\gradle-launcher-7.2.jar
Launcher Type: SUN_STANDARD

[Global flags]
     intx CICompilerCount                          = 2                                         {product} {ergonomic}
     uint ConcGCThreads                            = 1                                         {product} {ergonomic}
     uint G1ConcRefinementThreads                  = 2                                         {product} {ergonomic}
   size_t G1HeapRegionSize                         = 1048576                                   {product} {ergonomic}
    uintx GCDrainStackTargetSize                   = 64                                        {product} {ergonomic}
   size_t InitialHeapSize                          = 65011712                                  {product} {ergonomic}
   size_t MarkStackSize                            = 4194304                                   {product} {ergonomic}
   size_t MaxHeapSize                              = 2147483648                                {product} {command line}
   size_t MaxNewSize                               = 1287651328                                {product} {ergonomic}
   size_t MinHeapDeltaBytes                        = 1048576                                   {product} {ergonomic}
    uintx NonNMethodCodeHeapSize                   = 5825164                                {pd product} {ergonomic}
    uintx NonProfiledCodeHeapSize                  = 122916538                              {pd product} {ergonomic}
    uintx ProfiledCodeHeapSize                     = 122916538                              {pd product} {ergonomic}
    uintx ReservedCodeCacheSize                    = 251658240                              {pd product} {ergonomic}
     bool SegmentedCodeCache                       = true                                      {product} {ergonomic}
     bool UseCompressedClassPointers               = true                                 {lp64_product} {ergonomic}
     bool UseCompressedOops                        = true                                 {lp64_product} {ergonomic}
     bool UseG1GC                                  = true                                      {product} {ergonomic}
     bool UseLargePagesIndividualAllocation        = false                                  {pd product} {ergonomic}

Logging:
Log output configuration:
 #0: stdout all=warning uptime,level,tags
 #1: stderr all=off uptime,level,tags

Environment Variables:
PATH=C:\Program Files\Common Files\Oracle\Java\javapath;C:\WINDOWS\system32;C:\WINDOWS;C:\WINDOWS\System32\Wbem;C:\WINDOWS\System32\WindowsPowerShell\v1.0\;C:\WINDOWS\System32\OpenSSH\;C:\Users\Administrator\AppData\Local\Microsoft\WindowsApps;C:\Recovery\OEM\Backup\;C:\Program Files\Intel\TXE Components\DAL\;C:\Program Files (x86)\Intel\TXE Components\DAL\;%JAVA_HOME%\bin;C:\Program Files\Git\cmd;C:\WINDOWS\system32;C:\WINDOWS;C:\WINDOWS\System32\Wbem;C:\WINDOWS\System32\WindowsPowerShell\v1.0\;C:\WINDOWS\System32\OpenSSH\;C:\ProgramData\chocolatey\bin;C:\Users\Mickley Khoza\AppData\Local\Microsoft\WindowsApps;;C:\Program Files\JetBrains\IntelliJ IDEA 2021.2.1\bin;
USERNAME=Mickley Khoza
OS=Windows_NT
PROCESSOR_IDENTIFIER=Intel64 Family 6 Model 92 Stepping 9, GenuineIntel



---------------  S Y S T E M  ---------------

OS: Windows 10 , 64 bit Build 19041 (10.0.19041.1645)
OS uptime: 0 days 12:03 hours

CPU:total 2 (initial active 2) (2 cores per cpu, 1 threads per core) family 6 model 92 stepping 9 microcode 0x38, cmov, cx8, fxsr, mmx, sse, sse2, sse3, ssse3, sse4.1, sse4.2, popcnt, aes, clmul, erms, 3dnowpref, tsc, tscinvbit, sha

Memory: 4k page, system-wide physical 3927M (432M free)
TotalPageFile size 6598M (AvailPageFile size 5M)
current process WorkingSet (physical memory assigned to process): 336M, peak: 336M
current process commit charge ("private bytes"): 384M, peak: 385M

vm_info: OpenJDK 64-Bit Server VM (11.0.11+9-b60-7590822) for windows-amd64 JRE (11.0.11+9-b60-7590822), built on Jul 29 2021 21:43:44 by "builder" with MS VC++ 14.0 (VS2015)

END.
