#
# There is insufficient memory for the Java Runtime Environment to continue.
# Native memory allocation (mmap) failed to map 27262976 bytes for Failed to commit area from 0x0000000088200000 to 0x0000000089c00000 of length 27262976.
# Possible reasons:
#   The system is out of physical RAM or swap space
#   The process is running with CompressedOops enabled, and the Java Heap may be blocking the growth of the native heap
# Possible solutions:
#   Reduce memory load on the system
#   Increase physical memory or swap space
#   Check if swap backing store is full
#   Decrease Java heap size (-Xmx/-Xms)
#   Decrease number of Java threads
#   Decrease Java thread stack sizes (-Xss)
#   Set larger code cache with -XX:ReservedCodeCacheSize=
#   JVM is running with Unscaled Compressed Oops mode in which the Java heap is
#     placed in the first 4GB address space. The Java Heap base address is the
#     maximum limit for the native heap growth. Please use -XX:HeapBaseMinAddress
#     to set the Java Heap base and to place the Java Heap above 4GB virtual address.
# This output file may be truncated or incomplete.
#
#  Out of Memory Error (./src/hotspot/os/windows/os_windows.cpp:3301), pid=6420, tid=2804
#
# JRE version: OpenJDK Runtime Environment (11.0.11+9) (build 11.0.11+9-b60-7590822)
# Java VM: OpenJDK 64-Bit Server VM (11.0.11+9-b60-7590822, mixed mode, tiered, compressed oops, g1 gc, windows-amd64)
# No core dump will be written. Minidumps are not enabled by default on client versions of Windows
#

---------------  S U M M A R Y ------------

Command Line: --add-opens=java.base/java.util=ALL-UNNAMED --add-opens=java.base/java.lang=ALL-UNNAMED --add-opens=java.base/java.lang.invoke=ALL-UNNAMED --add-opens=java.base/java.util=ALL-UNNAMED --add-opens=java.prefs/java.util.prefs=ALL-UNNAMED --add-opens=java.prefs/java.util.prefs=ALL-UNNAMED --add-opens=java.base/java.nio.charset=ALL-UNNAMED --add-opens=java.base/java.net=ALL-UNNAMED --add-opens=java.base/java.util.concurrent.atomic=ALL-UNNAMED -Xmx2048m -Dfile.encoding=UTF-8 -Duser.country=ZA -Duser.language=en -Duser.variant org.gradle.launcher.daemon.bootstrap.GradleDaemon 7.2

Host: Intel(R) Celeron(R) CPU N3350 @ 1.10GHz, 2 cores, 3G,  Windows 10 , 64 bit Build 19041 (10.0.19041.1645)
Time: Mon May  2 18:10:21 2022 South Africa Standard Time elapsed time: 44.079660 seconds (0d 0h 0m 44s)

---------------  T H R E A D  ---------------

Current thread (0x00000293d41b7800):  VMThread "VM Thread" [stack: 0x000000effe300000,0x000000effe400000] [id=2804]

Stack: [0x000000effe300000,0x000000effe400000]
[error occurred during error reporting (printing stack bounds), id 0xc0000005, EXCEPTION_ACCESS_VIOLATION (0xc0000005) at pc=0x00000293be590f3d]

Native frames: (J=compiled Java code, j=interpreted, Vv=VM code, C=native code)
V  [jvm.dll+0x5f214a]
V  [jvm.dll+0x726fb5]
V  [jvm.dll+0x7285cd]
V  [jvm.dll+0x728be5]
V  [jvm.dll+0x728b9b]
V  [jvm.dll+0x5f14e8]
V  [jvm.dll+0x5f1c78]
C  [ntdll.dll+0xa20cf]
C  [ntdll.dll+0x51454]
C  [ntdll.dll+0xa0bfe]
C  0x00000293be590f3d

VM_Operation (0x000000efff5f70e0): G1CollectForAllocation, mode: safepoint, requested by thread 0x00000293d5edb000


---------------  P R O C E S S  ---------------

Threads class SMR info:
_java_thread_list=0x00000293d7875e40, length=56, elements={
0x00000293baa89000, 0x00000293d41bd000, 0x00000293d41c6800, 0x00000293d4b62800,
0x00000293d41d9800, 0x00000293d41db800, 0x00000293d41de800, 0x00000293d4b9f800,
0x00000293d4ba4800, 0x00000293d4ca0800, 0x00000293d65e3000, 0x00000293d6cd8800,
0x00000293d5f5f800, 0x00000293d6628000, 0x00000293d6f4a800, 0x00000293d5ea2000,
0x00000293d5edb000, 0x00000293d642f800, 0x00000293d6bc6000, 0x00000293d6bf0800,
0x00000293d6bed800, 0x00000293d6bef800, 0x00000293d6bef000, 0x00000293d6bf1800,
0x00000293d6bf2000, 0x00000293d6bf4000, 0x00000293d6bf3000, 0x00000293d6bee000,
0x00000293d7411800, 0x00000293d7413000, 0x00000293d7412800, 0x00000293d7414000,
0x00000293d7411000, 0x00000293d740e800, 0x00000293d7415000, 0x00000293d5993800,
0x00000293d5994000, 0x00000293d598f000, 0x00000293d5990000, 0x00000293d598e800,
0x00000293d5995000, 0x00000293d5996000, 0x00000293d5992800, 0x00000293d5996800,
0x00000293d5991000, 0x00000293d5997800, 0x00000293d5991800, 0x00000293d599c800,
0x00000293d599a000, 0x00000293d599d000, 0x00000293d599a800, 0x00000293d599b800,
0x00000293d5999000, 0x00000293d5998000, 0x00000293d4d47000, 0x00000293d4d49800
}

Java Threads: ( => current thread )
  0x00000293baa89000 JavaThread "main" [_thread_blocked, id=7276, stack(0x000000effdd00000,0x000000effde00000)]
  0x00000293d41bd000 JavaThread "Reference Handler" daemon [_thread_blocked, id=1784, stack(0x000000effe400000,0x000000effe500000)]
  0x00000293d41c6800 JavaThread "Finalizer" daemon [_thread_blocked, id=8296, stack(0x000000effe500000,0x000000effe600000)]
  0x00000293d4b62800 JavaThread "Signal Dispatcher" daemon [_thread_blocked, id=8072, stack(0x000000effe600000,0x000000effe700000)]
  0x00000293d41d9800 JavaThread "Attach Listener" daemon [_thread_blocked, id=7100, stack(0x000000effe700000,0x000000effe800000)]
  0x00000293d41db800 JavaThread "Service Thread" daemon [_thread_blocked, id=2840, stack(0x000000effe800000,0x000000effe900000)]
  0x00000293d41de800 JavaThread "C2 CompilerThread0" daemon [_thread_blocked, id=3728, stack(0x000000effe900000,0x000000effea00000)]
  0x00000293d4b9f800 JavaThread "C1 CompilerThread0" daemon [_thread_blocked, id=3060, stack(0x000000effea00000,0x000000effeb00000)]
  0x00000293d4ba4800 JavaThread "Sweeper thread" daemon [_thread_blocked, id=5976, stack(0x000000effeb00000,0x000000effec00000)]
  0x00000293d4ca0800 JavaThread "Common-Cleaner" daemon [_thread_blocked, id=492, stack(0x000000effec00000,0x000000effed00000)]
  0x00000293d65e3000 JavaThread "Daemon health stats" [_thread_blocked, id=7344, stack(0x000000effef00000,0x000000efff000000)]
  0x00000293d6cd8800 JavaThread "Incoming local TCP Connector on port 57165" [_thread_in_native, id=9308, stack(0x000000efff000000,0x000000efff100000)]
  0x00000293d5f5f800 JavaThread "Daemon periodic checks" [_thread_blocked, id=7380, stack(0x000000efff100000,0x000000efff200000)]
  0x00000293d6628000 JavaThread "Daemon" [_thread_blocked, id=2256, stack(0x000000efff200000,0x000000efff300000)]
  0x00000293d6f4a800 JavaThread "Handler for socket connection from /127.0.0.1:57165 to /127.0.0.1:57166" [_thread_in_native, id=4724, stack(0x000000efff300000,0x000000efff400000)]
  0x00000293d5ea2000 JavaThread "Cancel handler" [_thread_blocked, id=1832, stack(0x000000efff400000,0x000000efff500000)]
  0x00000293d5edb000 JavaThread "Daemon worker" [_thread_blocked, id=4748, stack(0x000000efff500000,0x000000efff600000)]
  0x00000293d642f800 JavaThread "Asynchronous log dispatcher for DefaultDaemonConnection: socket connection from /127.0.0.1:57165 to /127.0.0.1:57166" [_thread_blocked, id=5796, stack(0x000000efff600000,0x000000efff700000)]
  0x00000293d6bc6000 JavaThread "Stdin handler" [_thread_blocked, id=3952, stack(0x000000efff700000,0x000000efff800000)]
  0x00000293d6bf0800 JavaThread "Daemon client event forwarder" [_thread_blocked, id=536, stack(0x000000efff800000,0x000000efff900000)]
  0x00000293d6bed800 JavaThread "Cache worker for journal cache (C:\Users\Mickley Khoza\.gradle\caches\journal-1)" [_thread_blocked, id=8004, stack(0x000000efff900000,0x000000efffa00000)]
  0x00000293d6bef800 JavaThread "File lock request listener" [_thread_in_native, id=10020, stack(0x000000efffa00000,0x000000efffb00000)]
  0x00000293d6bef000 JavaThread "Cache worker for file hash cache (C:\Users\Mickley Khoza\.gradle\caches\7.2\fileHashes)" [_thread_blocked, id=4992, stack(0x000000efffb00000,0x000000efffc00000)]
  0x00000293d6bf1800 JavaThread "Cache worker for file hash cache (C:\Users\Mickley Khoza\AndroidStudioProjects\Practical02\.gradle\7.2\fileHashes)" [_thread_blocked, id=1396, stack(0x000000efffc00000,0x000000efffd00000)]
  0x00000293d6bf2000 JavaThread "File watcher server" daemon [_thread_in_native, id=8064, stack(0x000000efffd00000,0x000000efffe00000)]
  0x00000293d6bf4000 JavaThread "File watcher consumer" daemon [_thread_blocked, id=2644, stack(0x000000efffe00000,0x000000effff00000)]
  0x00000293d6bf3000 JavaThread "Cache worker for checksums cache (C:\Users\Mickley Khoza\AndroidStudioProjects\Practical02\.gradle\checksums)" [_thread_blocked, id=10104, stack(0x000000effff00000,0x000000f000000000)]
  0x00000293d6bee000 JavaThread "Cache worker for cache directory md-supplier (C:\Users\Mickley Khoza\.gradle\caches\7.2\md-supplier)" [_thread_blocked, id=2712, stack(0x000000ef80000000,0x000000ef80100000)]
  0x00000293d7411800 JavaThread "Cache worker for cache directory md-rule (C:\Users\Mickley Khoza\.gradle\caches\7.2\md-rule)" [_thread_blocked, id=524, stack(0x000000ef80100000,0x000000ef80200000)]
  0x00000293d7413000 JavaThread "Cache worker for execution history cache (C:\Users\Mickley Khoza\.gradle\caches\7.2\executionHistory)" [_thread_blocked, id=5612, stack(0x000000ef80200000,0x000000ef80300000)]
  0x00000293d7412800 JavaThread "jar transforms" [_thread_blocked, id=6820, stack(0x000000ef80300000,0x000000ef80400000)]
  0x00000293d7414000 JavaThread "Cache worker for file content cache (C:\Users\Mickley Khoza\.gradle\caches\7.2\fileContent)" [_thread_blocked, id=3944, stack(0x000000ef80400000,0x000000ef80500000)]
  0x00000293d7411000 JavaThread "jar transforms Thread 2" [_thread_blocked, id=9560, stack(0x000000ef80500000,0x000000ef80600000)]
  0x00000293d740e800 JavaThread "Cache worker for dependencies-accessors (C:\Users\Mickley Khoza\AndroidStudioProjects\Practical02\.gradle\7.2\dependencies-accessors)" [_thread_blocked, id=3880, stack(0x000000ef80600000,0x000000ef80700000)]
  0x00000293d7415000 JavaThread "Cache worker for Build Output Cleanup Cache (C:\Users\Mickley Khoza\AndroidStudioProjects\Practical02\.gradle\buildOutputCleanup)" [_thread_blocked, id=7884, stack(0x000000ef80700000,0x000000ef80800000)]
  0x00000293d5993800 JavaThread "Unconstrained build operations" [_thread_blocked, id=9812, stack(0x000000ef80800000,0x000000ef80900000)]
  0x00000293d5994000 JavaThread "Unconstrained build operations Thread 2" [_thread_blocked, id=7060, stack(0x000000ef80900000,0x000000ef80a00000)]
  0x00000293d598f000 JavaThread "Unconstrained build operations Thread 3" [_thread_blocked, id=2472, stack(0x000000ef80a00000,0x000000ef80b00000)]
  0x00000293d5990000 JavaThread "Unconstrained build operations Thread 4" [_thread_blocked, id=6268, stack(0x000000ef80b00000,0x000000ef80c00000)]
  0x00000293d598e800 JavaThread "Unconstrained build operations Thread 5" [_thread_blocked, id=4820, stack(0x000000ef80c00000,0x000000ef80d00000)]
  0x00000293d5995000 JavaThread "Unconstrained build operations Thread 6" [_thread_blocked, id=4624, stack(0x000000ef80d00000,0x000000ef80e00000)]
  0x00000293d5996000 JavaThread "Unconstrained build operations Thread 7" [_thread_blocked, id=7128, stack(0x000000ef80e00000,0x000000ef80f00000)]
  0x00000293d5992800 JavaThread "Unconstrained build operations Thread 8" [_thread_blocked, id=8572, stack(0x000000ef80f00000,0x000000ef81000000)]
  0x00000293d5996800 JavaThread "Unconstrained build operations Thread 9" [_thread_blocked, id=9052, stack(0x000000ef81000000,0x000000ef81100000)]
  0x00000293d5991000 JavaThread "Unconstrained build operations Thread 10" [_thread_blocked, id=7408, stack(0x000000ef81100000,0x000000ef81200000)]
  0x00000293d5997800 JavaThread "Unconstrained build operations Thread 11" [_thread_blocked, id=7112, stack(0x000000ef81200000,0x000000ef81300000)]
  0x00000293d5991800 JavaThread "Unconstrained build operations Thread 12" [_thread_blocked, id=9240, stack(0x000000ef81300000,0x000000ef81400000)]
  0x00000293d599c800 JavaThread "Unconstrained build operations Thread 13" [_thread_blocked, id=7036, stack(0x000000ef81400000,0x000000ef81500000)]
  0x00000293d599a000 JavaThread "Unconstrained build operations Thread 14" [_thread_blocked, id=2392, stack(0x000000ef81500000,0x000000ef81600000)]
  0x00000293d599d000 JavaThread "Unconstrained build operations Thread 15" [_thread_blocked, id=9224, stack(0x000000ef81600000,0x000000ef81700000)]
  0x00000293d599a800 JavaThread "Unconstrained build operations Thread 16" [_thread_blocked, id=1064, stack(0x000000ef81700000,0x000000ef81800000)]
  0x00000293d599b800 JavaThread "Unconstrained build operations Thread 17" [_thread_blocked, id=6292, stack(0x000000ef81800000,0x000000ef81900000)]
  0x00000293d5999000 JavaThread "Unconstrained build operations Thread 18" [_thread_blocked, id=8840, stack(0x000000ef81900000,0x000000ef81a00000)]
  0x00000293d5998000 JavaThread "Unconstrained build operations Thread 19" [_thread_blocked, id=8576, stack(0x000000ef81a00000,0x000000ef81b00000)]
  0x00000293d4d47000 JavaThread "Unconstrained build operations Thread 20" [_thread_blocked, id=5888, stack(0x000000ef81b00000,0x000000ef81c00000)]
  0x00000293d4d49800 JavaThread "Memory manager" [_thread_blocked, id=8724, stack(0x000000ef81c00000,0x000000ef81d00000)]

Other Threads:
=>0x00000293d41b7800 VMThread "VM Thread" [stack: 0x000000effe300000,0x000000effe400000] [id=2804]
  0x00000293d4cc6000 WatcherThread [stack: 0x000000effed00000,0x000000effee00000] [id=7332]
  0x00000293baaa1000 GCTaskThread "GC Thread#0" [stack: 0x000000effde00000,0x000000effdf00000] [id=7548]
  0x00000293d4dc6800 GCTaskThread "GC Thread#1" [stack: 0x000000effee00000,0x000000effef00000] [id=2120]
  0x00000293baad0800 ConcurrentGCThread "G1 Main Marker" [stack: 0x000000effdf00000,0x000000effe000000] [id=7088]
  0x00000293baad5000 ConcurrentGCThread "G1 Conc#0" [stack: 0x000000effe000000,0x000000effe100000] [id=8956]
  0x00000293bab64800 ConcurrentGCThread "G1 Refine#0" [stack: 0x000000effe100000,0x000000effe200000] [id=6688]
  0x00000293bab65800 ConcurrentGCThread "G1 Young RemSet Sampling" [stack: 0x000000effe200000,0x000000effe300000] [id=6924]

Threads with active compile tasks:
C2 CompilerThread0  44099 7990       4       org.gradle.internal.instantiation.generator.AbstractClassGenerator::inspectType (560 bytes)

VM state:at safepoint (normal execution)

VM Mutex/Monitor currently owned by a thread:  ([mutex/lock_event])
[0x00000293baa85ad0] Threads_lock - owner thread: 0x00000293d41b7800
[0x00000293baa85650] Heap_lock - owner thread: 0x00000293d5edb000

Heap address: 0x0000000080000000, size: 2048 MB, Compressed Oops mode: 32-bit
Narrow klass base: 0x0000000000000000, Narrow klass shift: 3
Compressed class space size: 1073741824 Address: 0x0000000100000000

Heap:
 garbage-first heap   total 159744K, used 73040K [0x0000000080000000, 0x0000000100000000)
  region size 1024K, 5 young (5120K), 5 survivors (5120K)
 Metaspace       used 81613K, capacity 83508K, committed 83748K, reserved 1122304K
  class space    used 10582K, capacity 11263K, committed 11264K, reserved 1048576K
Heap Regions: E=young(eden), S=young(survivor), O=old, HS=humongous(starts), HC=humongous(continues), CS=collection set, F=free, A=archive, TAMS=top-at-mark-start (previous, next)
|   0|0x0000000080000000, 0x0000000080100000, 0x0000000080100000|100%| O|  |TAMS 0x0000000080100000, 0x0000000080000000| Untracked 
|   1|0x0000000080100000, 0x0000000080200000, 0x0000000080200000|100%| O|  |TAMS 0x0000000080200000, 0x0000000080100000| Untracked 
|   2|0x0000000080200000, 0x0000000080300000, 0x0000000080300000|100%| O|  |TAMS 0x0000000080300000, 0x0000000080200000| Untracked 
|   3|0x0000000080300000, 0x0000000080400000, 0x0000000080400000|100%| O|  |TAMS 0x0000000080400000, 0x0000000080300000| Untracked 
|   4|0x0000000080400000, 0x0000000080500000, 0x0000000080500000|100%|HS|  |TAMS 0x0000000080500000, 0x0000000080400000| Complete 
|   5|0x0000000080500000, 0x0000000080600000, 0x0000000080600000|100%|HC|  |TAMS 0x0000000080600000, 0x0000000080500000| Complete 
|   6|0x0000000080600000, 0x0000000080700000, 0x0000000080700000|100%|HC|  |TAMS 0x0000000080700000, 0x0000000080600000| Complete 
|   7|0x0000000080700000, 0x0000000080800000, 0x0000000080800000|100%| O|  |TAMS 0x0000000080800000, 0x0000000080700000| Untracked 
|   8|0x0000000080800000, 0x0000000080900000, 0x0000000080900000|100%| O|  |TAMS 0x0000000080900000, 0x0000000080800000| Untracked 
|   9|0x0000000080900000, 0x0000000080a00000, 0x0000000080a00000|100%| O|  |TAMS 0x0000000080a00000, 0x0000000080900000| Untracked 
|  10|0x0000000080a00000, 0x0000000080b00000, 0x0000000080b00000|100%| O|  |TAMS 0x0000000080b00000, 0x0000000080a00000| Untracked 
|  11|0x0000000080b00000, 0x0000000080c00000, 0x0000000080c00000|100%| O|  |TAMS 0x0000000080c00000, 0x0000000080b00000| Untracked 
|  12|0x0000000080c00000, 0x0000000080d00000, 0x0000000080d00000|100%| O|  |TAMS 0x0000000080d00000, 0x0000000080c00000| Untracked 
|  13|0x0000000080d00000, 0x0000000080e00000, 0x0000000080e00000|100%| O|  |TAMS 0x0000000080e00000, 0x0000000080d00000| Untracked 
|  14|0x0000000080e00000, 0x0000000080f00000, 0x0000000080f00000|100%| O|  |TAMS 0x0000000080f00000, 0x0000000080e00000| Untracked 
|  15|0x0000000080f00000, 0x0000000081000000, 0x0000000081000000|100%| O|  |TAMS 0x0000000081000000, 0x0000000080f00000| Untracked 
|  16|0x0000000081000000, 0x0000000081100000, 0x0000000081100000|100%| O|  |TAMS 0x0000000081100000, 0x0000000081000000| Untracked 
|  17|0x0000000081100000, 0x0000000081200000, 0x0000000081200000|100%| O|  |TAMS 0x0000000081200000, 0x0000000081100000| Untracked 
|  18|0x0000000081200000, 0x0000000081300000, 0x0000000081300000|100%| O|  |TAMS 0x0000000081300000, 0x0000000081200000| Untracked 
|  19|0x0000000081300000, 0x0000000081400000, 0x0000000081400000|100%| O|  |TAMS 0x0000000081400000, 0x0000000081300000| Untracked 
|  20|0x0000000081400000, 0x0000000081500000, 0x0000000081500000|100%| O|  |TAMS 0x0000000081500000, 0x0000000081400000| Untracked 
|  21|0x0000000081500000, 0x0000000081600000, 0x0000000081600000|100%| O|  |TAMS 0x0000000081600000, 0x0000000081500000| Untracked 
|  22|0x0000000081600000, 0x0000000081700000, 0x0000000081700000|100%| O|  |TAMS 0x0000000081700000, 0x0000000081600000| Untracked 
|  23|0x0000000081700000, 0x0000000081800000, 0x0000000081800000|100%| O|  |TAMS 0x0000000081800000, 0x0000000081700000| Untracked 
|  24|0x0000000081800000, 0x0000000081900000, 0x0000000081900000|100%| O|  |TAMS 0x0000000081900000, 0x0000000081800000| Untracked 
|  25|0x0000000081900000, 0x0000000081a00000, 0x0000000081a00000|100%| O|  |TAMS 0x0000000081a00000, 0x0000000081900000| Untracked 
|  26|0x0000000081a00000, 0x0000000081b00000, 0x0000000081b00000|100%| O|  |TAMS 0x0000000081b00000, 0x0000000081a00000| Untracked 
|  27|0x0000000081b00000, 0x0000000081c00000, 0x0000000081c00000|100%| O|  |TAMS 0x0000000081c00000, 0x0000000081b00000| Untracked 
|  28|0x0000000081c00000, 0x0000000081d00000, 0x0000000081d00000|100%| O|  |TAMS 0x0000000081d00000, 0x0000000081c00000| Untracked 
|  29|0x0000000081d00000, 0x0000000081e00000, 0x0000000081e00000|100%| O|  |TAMS 0x0000000081e00000, 0x0000000081d00000| Untracked 
|  30|0x0000000081e00000, 0x0000000081f00000, 0x0000000081f00000|100%|HS|  |TAMS 0x0000000081f00000, 0x0000000081e00000| Complete 
|  31|0x0000000081f00000, 0x0000000082000000, 0x0000000082000000|100%|HS|  |TAMS 0x0000000082000000, 0x0000000081f00000| Complete 
|  32|0x0000000082000000, 0x0000000082100000, 0x0000000082100000|100%|HS|  |TAMS 0x0000000082100000, 0x0000000082000000| Complete 
|  33|0x0000000082100000, 0x0000000082200000, 0x0000000082200000|100%|HS|  |TAMS 0x0000000082200000, 0x0000000082100000| Complete 
|  34|0x0000000082200000, 0x0000000082300000, 0x0000000082300000|100%|HS|  |TAMS 0x0000000082300000, 0x0000000082200000| Complete 
|  35|0x0000000082300000, 0x0000000082400000, 0x0000000082400000|100%|HC|  |TAMS 0x0000000082400000, 0x0000000082300000| Complete 
|  36|0x0000000082400000, 0x0000000082500000, 0x0000000082500000|100%|HC|  |TAMS 0x0000000082500000, 0x0000000082400000| Complete 
|  37|0x0000000082500000, 0x0000000082600000, 0x0000000082600000|100%|HS|  |TAMS 0x0000000082600000, 0x0000000082500000| Complete 
|  38|0x0000000082600000, 0x0000000082700000, 0x0000000082700000|100%|HC|  |TAMS 0x0000000082700000, 0x0000000082600000| Complete 
|  39|0x0000000082700000, 0x0000000082800000, 0x0000000082800000|100%| O|  |TAMS 0x0000000082800000, 0x0000000082700000| Untracked 
|  40|0x0000000082800000, 0x0000000082900000, 0x0000000082900000|100%| O|  |TAMS 0x0000000082900000, 0x0000000082800000| Untracked 
|  41|0x0000000082900000, 0x0000000082a00000, 0x0000000082a00000|100%| O|  |TAMS 0x0000000082a00000, 0x0000000082900000| Untracked 
|  42|0x0000000082a00000, 0x0000000082b00000, 0x0000000082b00000|100%| O|  |TAMS 0x0000000082b00000, 0x0000000082a00000| Untracked 
|  43|0x0000000082b00000, 0x0000000082c00000, 0x0000000082c00000|100%| O|  |TAMS 0x0000000082c00000, 0x0000000082b00000| Untracked 
|  44|0x0000000082c00000, 0x0000000082d00000, 0x0000000082d00000|100%| O|  |TAMS 0x0000000082d00000, 0x0000000082c00000| Untracked 
|  45|0x0000000082d00000, 0x0000000082e00000, 0x0000000082e00000|100%| O|  |TAMS 0x0000000082e00000, 0x0000000082d00000| Untracked 
|  46|0x0000000082e00000, 0x0000000082f00000, 0x0000000082f00000|100%| O|  |TAMS 0x0000000082f00000, 0x0000000082e00000| Untracked 
|  47|0x0000000082f00000, 0x0000000083000000, 0x0000000083000000|100%| O|  |TAMS 0x0000000083000000, 0x0000000082f00000| Untracked 
|  48|0x0000000083000000, 0x0000000083100000, 0x0000000083100000|100%| O|  |TAMS 0x0000000083100000, 0x0000000083000000| Untracked 
|  49|0x0000000083100000, 0x0000000083200000, 0x0000000083200000|100%| O|  |TAMS 0x0000000083200000, 0x0000000083100000| Untracked 
|  50|0x0000000083200000, 0x0000000083300000, 0x0000000083300000|100%| O|  |TAMS 0x0000000083300000, 0x0000000083200000| Untracked 
|  51|0x0000000083300000, 0x0000000083400000, 0x0000000083400000|100%| O|  |TAMS 0x0000000083400000, 0x0000000083300000| Untracked 
|  52|0x0000000083400000, 0x0000000083500000, 0x0000000083500000|100%| O|  |TAMS 0x0000000083500000, 0x0000000083400000| Untracked 
|  53|0x0000000083500000, 0x0000000083600000, 0x0000000083600000|100%| O|  |TAMS 0x0000000083600000, 0x0000000083500000| Untracked 
|  54|0x0000000083600000, 0x0000000083700000, 0x0000000083700000|100%| O|  |TAMS 0x0000000083700000, 0x0000000083600000| Untracked 
|  55|0x0000000083700000, 0x0000000083800000, 0x0000000083800000|100%| O|  |TAMS 0x0000000083800000, 0x0000000083700000| Untracked 
|  56|0x0000000083800000, 0x0000000083900000, 0x0000000083900000|100%| O|  |TAMS 0x0000000083900000, 0x0000000083800000| Untracked 
|  57|0x0000000083900000, 0x0000000083a00000, 0x0000000083a00000|100%| O|  |TAMS 0x0000000083a00000, 0x0000000083900000| Untracked 
|  58|0x0000000083a00000, 0x0000000083b00000, 0x0000000083b00000|100%| O|  |TAMS 0x0000000083b00000, 0x0000000083a00000| Untracked 
|  59|0x0000000083b00000, 0x0000000083c00000, 0x0000000083c00000|100%| O|  |TAMS 0x0000000083c00000, 0x0000000083b00000| Untracked 
|  60|0x0000000083c00000, 0x0000000083d00000, 0x0000000083d00000|100%| O|  |TAMS 0x0000000083d00000, 0x0000000083c00000| Untracked 
|  61|0x0000000083d00000, 0x0000000083e00000, 0x0000000083e00000|100%| O|  |TAMS 0x0000000083e00000, 0x0000000083d00000| Untracked 
|  62|0x0000000083e00000, 0x0000000083f00000, 0x0000000083f00000|100%| O|  |TAMS 0x0000000083f00000, 0x0000000083e00000| Untracked 
|  63|0x0000000083f00000, 0x0000000084000000, 0x0000000084000000|100%| O|  |TAMS 0x0000000084000000, 0x0000000083f00000| Untracked 
|  64|0x0000000084000000, 0x0000000084100000, 0x0000000084100000|100%| O|  |TAMS 0x000000008402a600, 0x0000000084000000| Untracked 
|  65|0x0000000084100000, 0x0000000084200000, 0x0000000084200000|100%| O|  |TAMS 0x0000000084100000, 0x0000000084100000| Untracked 
|  66|0x0000000084200000, 0x000000008428c000, 0x0000000084300000| 54%| O|  |TAMS 0x0000000084200000, 0x0000000084200000| Untracked 
|  67|0x0000000084300000, 0x0000000084300000, 0x0000000084400000|  0%| F|  |TAMS 0x0000000084300000, 0x0000000084300000| Untracked 
|  68|0x0000000084400000, 0x0000000084400000, 0x0000000084500000|  0%| F|  |TAMS 0x0000000084400000, 0x0000000084400000| Untracked 
|  69|0x0000000084500000, 0x0000000084500000, 0x0000000084600000|  0%| F|  |TAMS 0x0000000084500000, 0x0000000084500000| Untracked 
|  70|0x0000000084600000, 0x0000000084600000, 0x0000000084700000|  0%| F|  |TAMS 0x0000000084600000, 0x0000000084600000| Untracked 
|  71|0x0000000084700000, 0x0000000084700000, 0x0000000084800000|  0%| F|  |TAMS 0x0000000084700000, 0x0000000084700000| Untracked 
|  72|0x0000000084800000, 0x0000000084800000, 0x0000000084900000|  0%| F|  |TAMS 0x0000000084800000, 0x0000000084800000| Untracked 
|  73|0x0000000084900000, 0x0000000084900000, 0x0000000084a00000|  0%| F|  |TAMS 0x0000000084900000, 0x0000000084900000| Untracked 
|  74|0x0000000084a00000, 0x0000000084a00000, 0x0000000084b00000|  0%| F|  |TAMS 0x0000000084a00000, 0x0000000084a00000| Untracked 
|  75|0x0000000084b00000, 0x0000000084b00000, 0x0000000084c00000|  0%| F|  |TAMS 0x0000000084b00000, 0x0000000084b00000| Untracked 
|  76|0x0000000084c00000, 0x0000000084c00000, 0x0000000084d00000|  0%| F|  |TAMS 0x0000000084c00000, 0x0000000084c00000| Untracked 
|  77|0x0000000084d00000, 0x0000000084d00000, 0x0000000084e00000|  0%| F|  |TAMS 0x0000000084d00000, 0x0000000084d00000| Untracked 
|  78|0x0000000084e00000, 0x0000000084e00000, 0x0000000084f00000|  0%| F|  |TAMS 0x0000000084e00000, 0x0000000084e00000| Untracked 
|  79|0x0000000084f00000, 0x0000000084f00000, 0x0000000085000000|  0%| F|  |TAMS 0x0000000084f00000, 0x0000000084f00000| Untracked 
|  80|0x0000000085000000, 0x0000000085000000, 0x0000000085100000|  0%| F|  |TAMS 0x0000000085000000, 0x0000000085000000| Untracked 
|  81|0x0000000085100000, 0x0000000085100000, 0x0000000085200000|  0%| F|  |TAMS 0x0000000085100000, 0x0000000085100000| Untracked 
|  82|0x0000000085200000, 0x0000000085200000, 0x0000000085300000|  0%| F|  |TAMS 0x0000000085200000, 0x0000000085200000| Untracked 
|  83|0x0000000085300000, 0x0000000085300000, 0x0000000085400000|  0%| F|  |TAMS 0x0000000085300000, 0x0000000085300000| Untracked 
|  84|0x0000000085400000, 0x0000000085400000, 0x0000000085500000|  0%| F|  |TAMS 0x0000000085400000, 0x0000000085400000| Untracked 
|  85|0x0000000085500000, 0x0000000085500000, 0x0000000085600000|  0%| F|  |TAMS 0x0000000085500000, 0x0000000085500000| Untracked 
|  86|0x0000000085600000, 0x00000000856c8100, 0x0000000085700000| 78%| S|CS|TAMS 0x0000000085600000, 0x0000000085600000| Complete 
|  87|0x0000000085700000, 0x0000000085800000, 0x0000000085800000|100%| S|CS|TAMS 0x0000000085700000, 0x0000000085700000| Complete 
|  88|0x0000000085800000, 0x0000000085900000, 0x0000000085900000|100%| S|CS|TAMS 0x0000000085800000, 0x0000000085800000| Complete 
|  89|0x0000000085900000, 0x0000000085a00000, 0x0000000085a00000|100%| S|CS|TAMS 0x0000000085900000, 0x0000000085900000| Complete 
|  90|0x0000000085a00000, 0x0000000085b00000, 0x0000000085b00000|100%| S|CS|TAMS 0x0000000085a00000, 0x0000000085a00000| Complete 
|  91|0x0000000085b00000, 0x0000000085b00000, 0x0000000085c00000|  0%| F|  |TAMS 0x0000000085b00000, 0x0000000085b00000| Untracked 
|  92|0x0000000085c00000, 0x0000000085c00000, 0x0000000085d00000|  0%| F|  |TAMS 0x0000000085c00000, 0x0000000085c00000| Untracked 
|  93|0x0000000085d00000, 0x0000000085d00000, 0x0000000085e00000|  0%| F|  |TAMS 0x0000000085d00000, 0x0000000085d00000| Untracked 
|  94|0x0000000085e00000, 0x0000000085e00000, 0x0000000085f00000|  0%| F|  |TAMS 0x0000000085e00000, 0x0000000085e00000| Untracked 
|  95|0x0000000085f00000, 0x0000000085f00000, 0x0000000086000000|  0%| F|  |TAMS 0x0000000085f00000, 0x0000000085f00000| Untracked 
|  96|0x0000000086000000, 0x0000000086000000, 0x0000000086100000|  0%| F|  |TAMS 0x0000000086000000, 0x0000000086000000| Untracked 
|  97|0x0000000086100000, 0x0000000086100000, 0x0000000086200000|  0%| F|  |TAMS 0x0000000086100000, 0x0000000086100000| Untracked 
|  98|0x0000000086200000, 0x0000000086200000, 0x0000000086300000|  0%| F|  |TAMS 0x0000000086200000, 0x0000000086200000| Untracked 
|  99|0x0000000086300000, 0x0000000086300000, 0x0000000086400000|  0%| F|  |TAMS 0x0000000086300000, 0x0000000086300000| Untracked 
| 100|0x0000000086400000, 0x0000000086400000, 0x0000000086500000|  0%| F|  |TAMS 0x0000000086400000, 0x0000000086400000| Untracked 
| 101|0x0000000086500000, 0x0000000086500000, 0x0000000086600000|  0%| F|  |TAMS 0x0000000086500000, 0x0000000086500000| Untracked 
| 102|0x0000000086600000, 0x0000000086600000, 0x0000000086700000|  0%| F|  |TAMS 0x0000000086600000, 0x0000000086600000| Untracked 
| 103|0x0000000086700000, 0x0000000086700000, 0x0000000086800000|  0%| F|  |TAMS 0x0000000086700000, 0x0000000086700000| Untracked 
| 104|0x0000000086800000, 0x0000000086800000, 0x0000000086900000|  0%| F|  |TAMS 0x0000000086800000, 0x0000000086800000| Untracked 
| 105|0x0000000086900000, 0x0000000086900000, 0x0000000086a00000|  0%| F|  |TAMS 0x0000000086900000, 0x0000000086900000| Untracked 
| 106|0x0000000086a00000, 0x0000000086a00000, 0x0000000086b00000|  0%| F|  |TAMS 0x0000000086a00000, 0x0000000086a00000| Untracked 
| 107|0x0000000086b00000, 0x0000000086b00000, 0x0000000086c00000|  0%| F|  |TAMS 0x0000000086b00000, 0x0000000086b00000| Untracked 
| 108|0x0000000086c00000, 0x0000000086c00000, 0x0000000086d00000|  0%| F|  |TAMS 0x0000000086c00000, 0x0000000086c00000| Untracked 
| 109|0x0000000086d00000, 0x0000000086d00000, 0x0000000086e00000|  0%| F|  |TAMS 0x0000000086d00000, 0x0000000086d00000| Untracked 
| 110|0x0000000086e00000, 0x0000000086e00000, 0x0000000086f00000|  0%| F|  |TAMS 0x0000000086e00000, 0x0000000086e00000| Untracked 
| 111|0x0000000086f00000, 0x0000000086f00000, 0x0000000087000000|  0%| F|  |TAMS 0x0000000086f00000, 0x0000000086f00000| Untracked 
| 112|0x0000000087000000, 0x0000000087000000, 0x0000000087100000|  0%| F|  |TAMS 0x0000000087000000, 0x0000000087000000| Untracked 
| 113|0x0000000087100000, 0x0000000087100000, 0x0000000087200000|  0%| F|  |TAMS 0x0000000087100000, 0x0000000087100000| Untracked 
| 114|0x0000000087200000, 0x0000000087200000, 0x0000000087300000|  0%| F|  |TAMS 0x0000000087200000, 0x0000000087200000| Untracked 
| 115|0x0000000087300000, 0x0000000087300000, 0x0000000087400000|  0%| F|  |TAMS 0x0000000087300000, 0x0000000087300000| Untracked 
| 116|0x0000000087400000, 0x0000000087400000, 0x0000000087500000|  0%| F|  |TAMS 0x0000000087400000, 0x0000000087400000| Untracked 
| 117|0x0000000087500000, 0x0000000087500000, 0x0000000087600000|  0%| F|  |TAMS 0x0000000087500000, 0x0000000087500000| Untracked 
| 118|0x0000000087600000, 0x0000000087600000, 0x0000000087700000|  0%| F|  |TAMS 0x0000000087600000, 0x0000000087600000| Untracked 
| 119|0x0000000087700000, 0x0000000087700000, 0x0000000087800000|  0%| F|  |TAMS 0x0000000087700000, 0x0000000087700000| Untracked 
| 120|0x0000000087800000, 0x0000000087800000, 0x0000000087900000|  0%| F|  |TAMS 0x0000000087800000, 0x0000000087800000| Untracked 
| 121|0x0000000087900000, 0x0000000087900000, 0x0000000087a00000|  0%| F|  |TAMS 0x0000000087900000, 0x0000000087900000| Untracked 
| 122|0x0000000087a00000, 0x0000000087a00000, 0x0000000087b00000|  0%| F|  |TAMS 0x0000000087a00000, 0x0000000087a00000| Untracked 
| 123|0x0000000087b00000, 0x0000000087b00000, 0x0000000087c00000|  0%| F|  |TAMS 0x0000000087b00000, 0x0000000087b00000| Untracked 
| 124|0x0000000087c00000, 0x0000000087c00000, 0x0000000087d00000|  0%| F|  |TAMS 0x0000000087c00000, 0x0000000087c00000| Untracked 
| 125|0x0000000087d00000, 0x0000000087d00000, 0x0000000087e00000|  0%| F|  |TAMS 0x0000000087d00000, 0x0000000087d00000| Untracked 
| 126|0x0000000087e00000, 0x0000000087e00000, 0x0000000087f00000|  0%| F|  |TAMS 0x0000000087e00000, 0x0000000087e00000| Untracked 
| 127|0x0000000087f00000, 0x0000000087f00000, 0x0000000088000000|  0%| F|  |TAMS 0x0000000087f00000, 0x0000000087f00000| Untracked 
| 128|0x0000000088000000, 0x0000000088000000, 0x0000000088100000|  0%| F|  |TAMS 0x0000000088000000, 0x0000000088000000| Untracked 
| 129|0x0000000088100000, 0x0000000088100000, 0x0000000088200000|  0%| F|  |TAMS 0x0000000088100000, 0x0000000088100000| Untracked 

Card table byte_map: [0x00000293cd590000,0x00000293cd990000] _byte_map_base: 0x00000293cd190000

Marking Bits (Prev, Next): (CMBitMap*) 0x00000293baac7d30, (CMBitMap*) 0x00000293baac7cf8
 Prev Bits: [0x00000293cfd90000, 0x00000293d1d90000)
 Next Bits: [0x00000293cdd90000, 0x00000293cfd90000)

Polling page: 0x00000293b88c0000

Metaspace:

Usage:
  Non-class:     70.55 MB capacity,    69.37 MB ( 98%) used,  1009.45 KB (  1%) free+waste,   204.69 KB ( <1%) overhead. 
      Class:     11.00 MB capacity,    10.33 MB ( 94%) used,   587.02 KB (  5%) free+waste,    93.56 KB ( <1%) overhead. 
       Both:     81.55 MB capacity,    79.70 MB ( 98%) used,     1.56 MB (  2%) free+waste,   298.25 KB ( <1%) overhead. 

Virtual space:
  Non-class space:       72.00 MB reserved,      70.79 MB ( 98%) committed 
      Class space:        1.00 GB reserved,      11.00 MB (  1%) committed 
             Both:        1.07 GB reserved,      81.79 MB (  7%) committed 

Chunk freelists:
   Non-Class:  47.00 KB
       Class:  1.00 KB
        Both:  48.00 KB

MaxMetaspaceSize: 17179869184.00 GB
CompressedClassSpaceSize: 1.00 GB

CodeHeap 'non-profiled nmethods': size=120064Kb used=4177Kb max_used=4177Kb free=115887Kb
 bounds [0x00000293c6050000, 0x00000293c6470000, 0x00000293cd590000]
CodeHeap 'profiled nmethods': size=120000Kb used=17498Kb max_used=17498Kb free=102502Kb
 bounds [0x00000293beb20000, 0x00000293bfc40000, 0x00000293c6050000]
CodeHeap 'non-nmethods': size=5696Kb used=2262Kb max_used=2299Kb free=3433Kb
 bounds [0x00000293be590000, 0x00000293be800000, 0x00000293beb20000]
 total_blobs=8880 nmethods=8011 adapters=781
 compilation: enabled
              stopped_count=0, restarted_count=0
 full_count=0

Compilation events (20 events):
Event: 44.008 Thread 0x00000293d4b9f800 8064       1       com.google.common.base.Equivalence$Identity::doEquivalent (2 bytes)
Event: 44.009 Thread 0x00000293d4b9f800 nmethod 8064 0x00000293c6463e10 code [0x00000293c6463fc0, 0x00000293c6464078]
Event: 44.014 Thread 0x00000293d4b9f800 8065       2       org.gradle.api.internal.file.DefaultFileCollectionFactory::resolving (34 bytes)
Event: 44.015 Thread 0x00000293d4b9f800 nmethod 8065 0x00000293bfc34110 code [0x00000293bfc34340, 0x00000293bfc349f8]
Event: 44.016 Thread 0x00000293d4b9f800 8066       2       org.gradle.api.internal.file.CompositeFileCollection::visitContents (11 bytes)
Event: 44.017 Thread 0x00000293d4b9f800 nmethod 8066 0x00000293bfc34c10 code [0x00000293bfc34dc0, 0x00000293bfc34f88]
Event: 44.018 Thread 0x00000293d4b9f800 8067       2       org.gradle.api.internal.file.DefaultFileCollectionFactory$ResolvingFileCollection::visitChildren (31 bytes)
Event: 44.019 Thread 0x00000293d4b9f800 nmethod 8067 0x00000293bfc35090 code [0x00000293bfc35260, 0x00000293bfc35568]
Event: 44.020 Thread 0x00000293d4b9f800 8068       2       org.gradle.api.internal.tasks.properties.PropertyVisitor$Adapter::visitInputProperty (1 bytes)
Event: 44.020 Thread 0x00000293d4b9f800 nmethod 8068 0x00000293bfc35610 code [0x00000293bfc357c0, 0x00000293bfc358b8]
Event: 44.021 Thread 0x00000293d4b9f800 8069       2       com.google.common.collect.RegularImmutableSortedSet::iterator (8 bytes)
Event: 44.021 Thread 0x00000293d4b9f800 nmethod 8069 0x00000293bfc35990 code [0x00000293bfc35b40, 0x00000293bfc35c68]
Event: 44.022 Thread 0x00000293d4b9f800 8070       2       org.gradle.api.internal.file.AbstractOpaqueFileCollection::visitContents (11 bytes)
Event: 44.022 Thread 0x00000293d4b9f800 nmethod 8070 0x00000293bfc35d10 code [0x00000293bfc35ec0, 0x00000293bfc35fe8]
Event: 44.022 Thread 0x00000293d4b9f800 8071       2       org.gradle.api.internal.file.AbstractOpaqueFileCollection::iterator (10 bytes)
Event: 44.022 Thread 0x00000293d4b9f800 nmethod 8071 0x00000293bfc36090 code [0x00000293bfc36260, 0x00000293bfc36398]
Event: 44.032 Thread 0x00000293d4b9f800 8073       1       java.lang.ClassLoader::getName (5 bytes)
Event: 44.033 Thread 0x00000293d4b9f800 nmethod 8073 0x00000293c6464110 code [0x00000293c64642c0, 0x00000293c6464378]
Event: 44.034 Thread 0x00000293d4b9f800 8074       2       org.gradle.internal.service.DefaultServiceRegistry::<init> (9 bytes)
Event: 44.034 Thread 0x00000293d4b9f800 nmethod 8074 0x00000293bfc36490 code [0x00000293bfc36640, 0x00000293bfc36768]

GC Heap History (20 events):
Event: 27.320 GC heap after
{Heap after GC invocations=19 (full 0):
 garbage-first heap   total 110592K, used 52934K [0x0000000080000000, 0x0000000100000000)
  region size 1024K, 2 young (2048K), 2 survivors (2048K)
 Metaspace       used 54719K, capacity 56002K, committed 56188K, reserved 1097728K
  class space    used 6949K, capacity 7423K, committed 7424K, reserved 1048576K
}
Event: 28.677 GC heap before
{Heap before GC invocations=19 (full 0):
 garbage-first heap   total 110592K, used 74438K [0x0000000080000000, 0x0000000100000000)
  region size 1024K, 24 young (24576K), 2 survivors (2048K)
 Metaspace       used 58433K, capacity 59905K, committed 59940K, reserved 1101824K
  class space    used 7388K, capacity 7933K, committed 7936K, reserved 1048576K
}
Event: 28.689 GC heap after
{Heap after GC invocations=20 (full 0):
 garbage-first heap   total 110592K, used 53248K [0x0000000080000000, 0x0000000100000000)
  region size 1024K, 2 young (2048K), 2 survivors (2048K)
 Metaspace       used 58433K, capacity 59905K, committed 59940K, reserved 1101824K
  class space    used 7388K, capacity 7933K, committed 7936K, reserved 1048576K
}
Event: 30.494 GC heap before
{Heap before GC invocations=21 (full 0):
 garbage-first heap   total 110592K, used 86016K [0x0000000080000000, 0x0000000100000000)
  region size 1024K, 35 young (35840K), 2 survivors (2048K)
 Metaspace       used 62064K, capacity 63586K, committed 63780K, reserved 1105920K
  class space    used 7837K, capacity 8407K, committed 8448K, reserved 1048576K
}
Event: 30.515 GC heap after
{Heap after GC invocations=22 (full 0):
 garbage-first heap   total 110592K, used 56416K [0x0000000080000000, 0x0000000100000000)
  region size 1024K, 5 young (5120K), 5 survivors (5120K)
 Metaspace       used 62064K, capacity 63586K, committed 63780K, reserved 1105920K
  class space    used 7837K, capacity 8407K, committed 8448K, reserved 1048576K
}
Event: 31.626 GC heap before
{Heap before GC invocations=22 (full 0):
 garbage-first heap   total 110592K, used 79968K [0x0000000080000000, 0x0000000100000000)
  region size 1024K, 29 young (29696K), 5 survivors (5120K)
 Metaspace       used 64140K, capacity 65653K, committed 65828K, reserved 1105920K
  class space    used 8097K, capacity 8646K, committed 8704K, reserved 1048576K
}
Event: 31.646 GC heap after
{Heap after GC invocations=23 (full 0):
 garbage-first heap   total 110592K, used 58254K [0x0000000080000000, 0x0000000100000000)
  region size 1024K, 2 young (2048K), 2 survivors (2048K)
 Metaspace       used 64140K, capacity 65653K, committed 65828K, reserved 1105920K
  class space    used 8097K, capacity 8646K, committed 8704K, reserved 1048576K
}
Event: 33.320 GC heap before
{Heap before GC invocations=24 (full 0):
 garbage-first heap   total 110592K, used 86926K [0x0000000080000000, 0x0000000100000000)
  region size 1024K, 29 young (29696K), 2 survivors (2048K)
 Metaspace       used 66708K, capacity 68172K, committed 68516K, reserved 1110016K
  class space    used 8415K, capacity 8966K, committed 9088K, reserved 1048576K
}
Event: 33.335 GC heap after
{Heap after GC invocations=25 (full 0):
 garbage-first heap   total 110592K, used 59119K [0x0000000080000000, 0x0000000100000000)
  region size 1024K, 3 young (3072K), 3 survivors (3072K)
 Metaspace       used 66708K, capacity 68172K, committed 68516K, reserved 1110016K
  class space    used 8415K, capacity 8966K, committed 9088K, reserved 1048576K
}
Event: 33.961 GC heap before
{Heap before GC invocations=25 (full 0):
 garbage-first heap   total 110592K, used 86767K [0x0000000080000000, 0x0000000100000000)
  region size 1024K, 30 young (30720K), 3 survivors (3072K)
 Metaspace       used 67133K, capacity 68836K, committed 69156K, reserved 1110016K
  class space    used 8489K, capacity 9102K, committed 9216K, reserved 1048576K
}
Event: 33.983 GC heap after
{Heap after GC invocations=26 (full 0):
 garbage-first heap   total 110592K, used 61732K [0x0000000080000000, 0x0000000100000000)
  region size 1024K, 4 young (4096K), 4 survivors (4096K)
 Metaspace       used 67133K, capacity 68836K, committed 69156K, reserved 1110016K
  class space    used 8489K, capacity 9102K, committed 9216K, reserved 1048576K
}
Event: 34.713 GC heap before
{Heap before GC invocations=27 (full 0):
 garbage-first heap   total 110592K, used 89380K [0x0000000080000000, 0x0000000100000000)
  region size 1024K, 31 young (31744K), 4 survivors (4096K)
 Metaspace       used 67369K, capacity 68969K, committed 69156K, reserved 1110016K
  class space    used 8506K, capacity 9103K, committed 9216K, reserved 1048576K
}
Event: 34.737 GC heap after
{Heap after GC invocations=28 (full 0):
 garbage-first heap   total 133120K, used 64075K [0x0000000080000000, 0x0000000100000000)
  region size 1024K, 3 young (3072K), 3 survivors (3072K)
 Metaspace       used 67369K, capacity 68969K, committed 69156K, reserved 1110016K
  class space    used 8506K, capacity 9103K, committed 9216K, reserved 1048576K
}
Event: 36.847 GC heap before
{Heap before GC invocations=28 (full 0):
 garbage-first heap   total 133120K, used 98891K [0x0000000080000000, 0x0000000100000000)
  region size 1024K, 37 young (37888K), 3 survivors (3072K)
 Metaspace       used 71468K, capacity 73079K, committed 73380K, reserved 1114112K
  class space    used 9200K, capacity 9789K, committed 9856K, reserved 1048576K
}
Event: 36.867 GC heap after
{Heap after GC invocations=29 (full 0):
 garbage-first heap   total 133120K, used 65787K [0x0000000080000000, 0x0000000100000000)
  region size 1024K, 4 young (4096K), 4 survivors (4096K)
 Metaspace       used 71468K, capacity 73079K, committed 73380K, reserved 1114112K
  class space    used 9200K, capacity 9789K, committed 9856K, reserved 1048576K
}
Event: 39.150 GC heap before
{Heap before GC invocations=30 (full 0):
 garbage-first heap   total 133120K, used 101627K [0x0000000080000000, 0x0000000100000000)
  region size 1024K, 39 young (39936K), 4 survivors (4096K)
 Metaspace       used 74567K, capacity 76286K, committed 76452K, reserved 1116160K
  class space    used 9633K, capacity 10252K, committed 10368K, reserved 1048576K
}
Event: 39.194 GC heap after
{Heap after GC invocations=31 (full 0):
 garbage-first heap   total 133120K, used 68520K [0x0000000080000000, 0x0000000100000000)
  region size 1024K, 5 young (5120K), 5 survivors (5120K)
 Metaspace       used 74567K, capacity 76286K, committed 76452K, reserved 1116160K
  class space    used 9633K, capacity 10252K, committed 10368K, reserved 1048576K
}
Event: 41.614 GC heap before
{Heap before GC invocations=31 (full 0):
 garbage-first heap   total 133120K, used 103336K [0x0000000080000000, 0x0000000100000000)
  region size 1024K, 39 young (39936K), 5 survivors (5120K)
 Metaspace       used 78926K, capacity 80692K, committed 80932K, reserved 1120256K
  class space    used 10250K, capacity 10895K, committed 11008K, reserved 1048576K
}
Event: 41.643 GC heap after
{Heap after GC invocations=32 (full 0):
 garbage-first heap   total 133120K, used 69801K [0x0000000080000000, 0x0000000100000000)
  region size 1024K, 4 young (4096K), 4 survivors (4096K)
 Metaspace       used 78926K, capacity 80692K, committed 80932K, reserved 1120256K
  class space    used 10250K, capacity 10895K, committed 11008K, reserved 1048576K
}
Event: 44.039 GC heap before
{Heap before GC invocations=33 (full 0):
 garbage-first heap   total 133120K, used 105641K [0x0000000080000000, 0x0000000100000000)
  region size 1024K, 39 young (39936K), 4 survivors (4096K)
 Metaspace       used 81613K, capacity 83508K, committed 83748K, reserved 1122304K
  class space    used 10582K, capacity 11263K, committed 11264K, reserved 1048576K
}

Deoptimization events (20 events):
Event: 43.816 Thread 0x00000293d5edb000 DEOPT PACKING pc=0x00000293bf78512e sp=0x000000efff5f9250
Event: 43.816 Thread 0x00000293d5edb000 DEOPT UNPACKING pc=0x00000293be5b66bf sp=0x000000efff5f87f0 mode 0
Event: 43.930 Thread 0x00000293d5edb000 Uncommon trap: trap_request=0xffffffc6 fr.pc=0x00000293c6283f1c relative=0x00000000000000dc
Event: 43.930 Thread 0x00000293d5edb000 Uncommon trap: reason=bimorphic_or_optimized_type_check action=maybe_recompile pc=0x00000293c6283f1c method=com.google.common.collect.AbstractIndexedListIterator.next()Ljava/lang/Object; @ 27 c2
Event: 43.930 Thread 0x00000293d5edb000 DEOPT PACKING pc=0x00000293c6283f1c sp=0x000000efff5fb780
Event: 43.930 Thread 0x00000293d5edb000 DEOPT UNPACKING pc=0x00000293be5b62a9 sp=0x000000efff5fb718 mode 2
Event: 43.935 Thread 0x00000293d5edb000 Uncommon trap: trap_request=0xffffffc6 fr.pc=0x00000293c6283f1c relative=0x00000000000000dc
Event: 43.935 Thread 0x00000293d5edb000 Uncommon trap: reason=bimorphic_or_optimized_type_check action=maybe_recompile pc=0x00000293c6283f1c method=com.google.common.collect.AbstractIndexedListIterator.next()Ljava/lang/Object; @ 27 c2
Event: 43.935 Thread 0x00000293d5edb000 DEOPT PACKING pc=0x00000293c6283f1c sp=0x000000efff5fb780
Event: 43.935 Thread 0x00000293d5edb000 DEOPT UNPACKING pc=0x00000293be5b62a9 sp=0x000000efff5fb718 mode 2
Event: 43.935 Thread 0x00000293d5edb000 Uncommon trap: trap_request=0xffffffc6 fr.pc=0x00000293c6283f1c relative=0x00000000000000dc
Event: 43.935 Thread 0x00000293d5edb000 Uncommon trap: reason=bimorphic_or_optimized_type_check action=maybe_recompile pc=0x00000293c6283f1c method=com.google.common.collect.AbstractIndexedListIterator.next()Ljava/lang/Object; @ 27 c2
Event: 43.935 Thread 0x00000293d5edb000 DEOPT PACKING pc=0x00000293c6283f1c sp=0x000000efff5fb780
Event: 43.935 Thread 0x00000293d5edb000 DEOPT UNPACKING pc=0x00000293be5b62a9 sp=0x000000efff5fb718 mode 2
Event: 43.935 Thread 0x00000293d5edb000 Uncommon trap: trap_request=0xffffffc6 fr.pc=0x00000293c6283f1c relative=0x00000000000000dc
Event: 43.935 Thread 0x00000293d5edb000 Uncommon trap: reason=bimorphic_or_optimized_type_check action=maybe_recompile pc=0x00000293c6283f1c method=com.google.common.collect.AbstractIndexedListIterator.next()Ljava/lang/Object; @ 27 c2
Event: 43.935 Thread 0x00000293d5edb000 DEOPT PACKING pc=0x00000293c6283f1c sp=0x000000efff5fb780
Event: 43.935 Thread 0x00000293d5edb000 DEOPT UNPACKING pc=0x00000293be5b62a9 sp=0x000000efff5fb718 mode 2
Event: 43.981 Thread 0x00000293d5edb000 DEOPT PACKING pc=0x00000293bfabacb8 sp=0x000000efff5f9080
Event: 43.981 Thread 0x00000293d5edb000 DEOPT UNPACKING pc=0x00000293be5b66bf sp=0x000000efff5f8588 mode 0

Classes redefined (0 events):
No events

Internal exceptions (20 events):
Event: 37.751 Thread 0x00000293d5edb000 Exception <a 'java/lang/ClassNotFoundException'{0x0000000087647020}: com/android/build/gradle/internal/api/ApkVariantOutputImplBeanInfo> (0x0000000087647020) thrown at [./src/hotspot/share/classfile/systemDictionary.cpp, line 231]
Event: 37.752 Thread 0x00000293d5edb000 Exception <a 'java/lang/ClassNotFoundException'{0x0000000087661fc0}: com/android/build/gradle/internal/api/BaseVariantOutputImplBeanInfo> (0x0000000087661fc0) thrown at [./src/hotspot/share/classfile/systemDictionary.cpp, line 231]
Event: 37.755 Thread 0x00000293d5edb000 Exception <a 'java/lang/ClassNotFoundException'{0x000000008767cfc8}: com/android/build/gradle/internal/api/BaseVariantOutputImplCustomizer> (0x000000008767cfc8) thrown at [./src/hotspot/share/classfile/systemDictionary.cpp, line 231]
Event: 37.758 Thread 0x00000293d5edb000 Exception <a 'java/lang/ClassNotFoundException'{0x00000000876aa8b0}: com/android/build/gradle/internal/api/ApkVariantOutputImplCustomizer> (0x00000000876aa8b0) thrown at [./src/hotspot/share/classfile/systemDictionary.cpp, line 231]
Event: 37.762 Thread 0x00000293d5edb000 Exception <a 'java/lang/ClassNotFoundException'{0x00000000876d45e8}: com/android/build/gradle/internal/api/ApkVariantOutputImpl_DecoratedCustomizer> (0x00000000876d45e8) thrown at [./src/hotspot/share/classfile/systemDictionary.cpp, line 231]
Event: 37.838 Thread 0x00000293d5edb000 Exception <a 'java/lang/ClassNotFoundException'{0x0000000087443430}: com/android/build/gradle/internal/api/ReadOnlyBuildTypeBeanInfo> (0x0000000087443430) thrown at [./src/hotspot/share/classfile/systemDictionary.cpp, line 231]
Event: 37.840 Thread 0x00000293d5edb000 Exception <a 'java/lang/ClassNotFoundException'{0x000000008745d410}: com/android/build/gradle/internal/api/ReadOnlyBaseConfigBeanInfo> (0x000000008745d410) thrown at [./src/hotspot/share/classfile/systemDictionary.cpp, line 231]
Event: 37.842 Thread 0x00000293d5edb000 Exception <a 'java/lang/ClassNotFoundException'{0x0000000087477a80}: com/android/build/gradle/internal/api/ReadOnlyBaseConfigCustomizer> (0x0000000087477a80) thrown at [./src/hotspot/share/classfile/systemDictionary.cpp, line 231]
Event: 37.855 Thread 0x00000293d5edb000 Exception <a 'java/lang/ClassNotFoundException'{0x00000000874a2148}: com/android/build/gradle/internal/api/ReadOnlyBuildTypeCustomizer> (0x00000000874a2148) thrown at [./src/hotspot/share/classfile/systemDictionary.cpp, line 231]
Event: 39.556 Thread 0x00000293d5edb000 Exception <a 'sun/nio/fs/WindowsException'{0x0000000087bfa658}> (0x0000000087bfa658) thrown at [./src/hotspot/share/prims/jni.cpp, line 615]
Event: 39.558 Thread 0x00000293d5edb000 Exception <a 'sun/nio/fs/WindowsException'{0x0000000087bfaa78}> (0x0000000087bfaa78) thrown at [./src/hotspot/share/prims/jni.cpp, line 615]
Event: 40.065 Thread 0x00000293d5edb000 Exception <a 'java/lang/NullPointerException'{0x00000000871bc840}> (0x00000000871bc840) thrown at [./src/hotspot/share/interpreter/linkResolver.cpp, line 1440]
Event: 41.353 Thread 0x00000293d5edb000 Exception <a 'java/lang/NoSuchMethodError'{0x00000000861a52a8}: 'int java.lang.invoke.DirectMethodHandle$Holder.invokeStatic(java.lang.Object, java.lang.Object, int, java.lang.Object)'> (0x00000000861a52a8) thrown at [./src/hotspot/share/interpreter/linkResolver.cpp, line 773]
Event: 41.374 Thread 0x00000293d5edb000 Exception <a 'java/lang/NoSuchMethodError'{0x00000000861ac150}: 'java.lang.Object java.lang.invoke.Invokers$Holder.linkToTargetMethod(java.lang.Object, int, java.lang.Object)'> (0x00000000861ac150) thrown at [./src/hotspot/share/interpreter/linkResolver.cpp, line 773]
Event: 41.593 Thread 0x00000293d5edb000 Exception <a 'sun/nio/fs/WindowsException'{0x00000000860de080}> (0x00000000860de080) thrown at [./src/hotspot/share/prims/jni.cpp, line 615]
Event: 41.594 Thread 0x00000293d5edb000 Exception <a 'sun/nio/fs/WindowsException'{0x00000000860df440}> (0x00000000860df440) thrown at [./src/hotspot/share/prims/jni.cpp, line 615]
Event: 41.597 Thread 0x00000293d5edb000 Exception <a 'sun/nio/fs/WindowsException'{0x00000000860e0838}> (0x00000000860e0838) thrown at [./src/hotspot/share/prims/jni.cpp, line 615]
Event: 41.597 Thread 0x00000293d5edb000 Exception <a 'sun/nio/fs/WindowsException'{0x00000000860e1c30}> (0x00000000860e1c30) thrown at [./src/hotspot/share/prims/jni.cpp, line 615]
Event: 43.469 Thread 0x00000293d5edb000 Exception <a 'java/lang/NoSuchMethodError'{0x0000000086700c10}: 'java.lang.Object java.lang.invoke.Invokers$Holder.linkToTargetMethod(java.lang.Object, int, int, java.lang.Object)'> (0x0000000086700c10) thrown at [./src/hotspot/share/interpreter/linkResolver.cpp, line 773]
Event: 43.974 Thread 0x00000293d5edb000 Exception <a 'java/lang/NoSuchMethodError'{0x0000000085b80a00}: 'java.lang.Object java.lang.invoke.Invokers$Holder.linkToTargetMethod(java.lang.Object, java.lang.Object, java.lang.Object, int, java.lang.Object, java.lang.Object)'> (0x0000000085b80a00) thrown at [./src/hotspot/share/interpreter/linkResolver.cpp, line 773]

Events (20 events):
Event: 43.976 loading class org/gradle/api/internal/tasks/properties/CacheableOutputFilePropertySpec done
Event: 43.976 loading class org/gradle/api/internal/tasks/properties/AbstractFilePropertySpec
Event: 43.976 loading class org/gradle/api/internal/tasks/properties/AbstractFilePropertySpec done
Event: 43.977 loading class org/gradle/api/internal/tasks/properties/AbstractPropertySpec
Event: 43.977 loading class org/gradle/api/internal/tasks/properties/AbstractPropertySpec done
Event: 43.980 loading class org/gradle/internal/fingerprint/OutputNormalizer
Event: 43.980 loading class org/gradle/internal/fingerprint/OutputNormalizer done
Event: 43.982 loading class com/android/build/gradle/internal/attribution/BuildAttributionService$Companion$init$1$1$1$1
Event: 43.982 loading class com/android/build/gradle/internal/attribution/BuildAttributionService$Companion$init$1$1$1$1 done
Event: 44.023 loading class com/android/build/gradle/internal/utils/ResolutionResultUtils$getModuleComponents$1
Event: 44.023 loading class com/android/build/gradle/internal/utils/ResolutionResultUtils$getModuleComponents$1 done
Event: 44.036 loading class com/android/build/gradle/internal/StartParameterUtils
Event: 44.036 loading class com/android/build/gradle/internal/StartParameterUtils done
Event: 44.037 loading class org/gradle/api/internal/StartParameterInternal
Event: 44.037 loading class org/gradle/api/internal/StartParameterInternal done
Event: 44.038 loading class org/gradle/internal/buildoption/BuildOption$Value
Event: 44.038 loading class org/gradle/internal/buildoption/BuildOption$Value done
Event: 44.038 loading class org/gradle/internal/build/event/DefaultBuildEventsListenerRegistry$ForwardingBuildEventConsumer
Event: 44.038 loading class org/gradle/internal/build/event/DefaultBuildEventsListenerRegistry$ForwardingBuildEventConsumer done
Event: 44.038 Executing VM operation: G1CollectForAllocation


Dynamic libraries:
0x00007ff7d4270000 - 0x00007ff7d427a000 	C:\Program Files\Android\Android Studio\jre\bin\java.exe
0x00007ffb43050000 - 0x00007ffb43245000 	C:\WINDOWS\SYSTEM32\ntdll.dll
0x00007ffb42140000 - 0x00007ffb421fe000 	C:\WINDOWS\System32\KERNEL32.DLL
0x00007ffb40c50000 - 0x00007ffb40f18000 	C:\WINDOWS\System32\KERNELBASE.dll
0x00007ffb409f0000 - 0x00007ffb40af0000 	C:\WINDOWS\System32\ucrtbase.dll
0x00007ffb27230000 - 0x00007ffb27249000 	C:\Program Files\Android\Android Studio\jre\bin\jli.dll
0x00007ffb21350000 - 0x00007ffb21367000 	C:\Program Files\Android\Android Studio\jre\bin\VCRUNTIME140.dll
0x00007ffb42de0000 - 0x00007ffb42f80000 	C:\WINDOWS\System32\USER32.dll
0x00007ffb40770000 - 0x00007ffb40792000 	C:\WINDOWS\System32\win32u.dll
0x00007ffb27a10000 - 0x00007ffb27caa000 	C:\WINDOWS\WinSxS\amd64_microsoft.windows.common-controls_6595b64144ccf1df_6.0.19041.1110_none_60b5254171f9507e\COMCTL32.dll
0x00007ffb41b10000 - 0x00007ffb41b3a000 	C:\WINDOWS\System32\GDI32.dll
0x00007ffb42c10000 - 0x00007ffb42cae000 	C:\WINDOWS\System32\msvcrt.dll
0x00007ffb40850000 - 0x00007ffb4095b000 	C:\WINDOWS\System32\gdi32full.dll
0x00007ffb40f20000 - 0x00007ffb40fbd000 	C:\WINDOWS\System32\msvcp_win.dll
0x00007ffb42fe0000 - 0x00007ffb43010000 	C:\WINDOWS\System32\IMM32.DLL
0x00007ffafe570000 - 0x00007ffafe60d000 	C:\Program Files\Android\Android Studio\jre\bin\msvcp140.dll
0x00007ffaf4470000 - 0x00007ffaf4f45000 	C:\Program Files\Android\Android Studio\jre\bin\server\jvm.dll
0x00007ffb410b0000 - 0x00007ffb4115e000 	C:\WINDOWS\System32\ADVAPI32.dll
0x00007ffb42a70000 - 0x00007ffb42b0c000 	C:\WINDOWS\System32\sechost.dll
0x00007ffb42cb0000 - 0x00007ffb42dd5000 	C:\WINDOWS\System32\RPCRT4.dll
0x00007ffb41c40000 - 0x00007ffb41c48000 	C:\WINDOWS\System32\PSAPI.DLL
0x00007ffb3c4a0000 - 0x00007ffb3c4a9000 	C:\WINDOWS\SYSTEM32\WSOCK32.dll
0x00007ffb42ba0000 - 0x00007ffb42c0b000 	C:\WINDOWS\System32\WS2_32.dll
0x00007ffb2a700000 - 0x00007ffb2a727000 	C:\WINDOWS\SYSTEM32\WINMM.dll
0x00007ffb3ef20000 - 0x00007ffb3ef2a000 	C:\WINDOWS\SYSTEM32\VERSION.dll
0x00007ffb3f020000 - 0x00007ffb3f032000 	C:\WINDOWS\SYSTEM32\kernel.appcore.dll
0x00007ffb3c460000 - 0x00007ffb3c471000 	C:\Program Files\Android\Android Studio\jre\bin\verify.dll
0x00007ffb3ba70000 - 0x00007ffb3bc54000 	C:\WINDOWS\SYSTEM32\DBGHELP.DLL
0x00007ffb2f920000 - 0x00007ffb2f94c000 	C:\WINDOWS\SYSTEM32\dbgcore.DLL
0x00007ffb40960000 - 0x00007ffb409e2000 	C:\WINDOWS\System32\bcryptPrimitives.dll
0x00007ffb2e200000 - 0x00007ffb2e229000 	C:\Program Files\Android\Android Studio\jre\bin\java.dll
0x00007ffb3c0d0000 - 0x00007ffb3c0db000 	C:\Program Files\Android\Android Studio\jre\bin\jimage.dll
0x00007ffb39890000 - 0x00007ffb398a8000 	C:\Program Files\Android\Android Studio\jre\bin\zip.dll
0x00007ffb42200000 - 0x00007ffb42944000 	C:\WINDOWS\System32\SHELL32.dll
0x00007ffb3e6d0000 - 0x00007ffb3ee64000 	C:\WINDOWS\SYSTEM32\windows.storage.dll
0x00007ffb415a0000 - 0x00007ffb418f4000 	C:\WINDOWS\System32\combase.dll
0x00007ffb401e0000 - 0x00007ffb4020c000 	C:\WINDOWS\SYSTEM32\Wldp.dll
0x00007ffb41220000 - 0x00007ffb412cd000 	C:\WINDOWS\System32\SHCORE.dll
0x00007ffb412d0000 - 0x00007ffb41325000 	C:\WINDOWS\System32\shlwapi.dll
0x00007ffb406b0000 - 0x00007ffb406cf000 	C:\WINDOWS\SYSTEM32\profapi.dll
0x00007ffb32d40000 - 0x00007ffb32d5a000 	C:\Program Files\Android\Android Studio\jre\bin\net.dll
0x00007ffb31c20000 - 0x00007ffb31d2a000 	C:\WINDOWS\SYSTEM32\WINHTTP.dll
0x00007ffb3ff40000 - 0x00007ffb3ffaa000 	C:\WINDOWS\system32\mswsock.dll
0x00007ffb32ac0000 - 0x00007ffb32ad4000 	C:\Program Files\Android\Android Studio\jre\bin\nio.dll
0x00007ffb16d10000 - 0x00007ffb16d37000 	C:\Users\Mickley Khoza\.gradle\native\e1d6ef7f7dcc3fd88c89a11ec53ec762bb8ba0a96d01ffa2cd45eb1d1d8dd5c5\windows-amd64\native-platform.dll
0x00007ffafbe80000 - 0x00007ffafbfc4000 	C:\Users\Mickley Khoza\.gradle\native\5664cfc778a61ccfe75a443a1ab52a65af34e5dc3c78e0209fed803814484fcb\windows-amd64\native-platform-file-events.dll
0x00007ffb3bf90000 - 0x00007ffb3bf9a000 	C:\Program Files\Android\Android Studio\jre\bin\management.dll
0x00007ffb39920000 - 0x00007ffb3992d000 	C:\Program Files\Android\Android Studio\jre\bin\management_ext.dll
0x00007ffb40140000 - 0x00007ffb40158000 	C:\WINDOWS\SYSTEM32\CRYPTSP.dll
0x00007ffb3f850000 - 0x00007ffb3f884000 	C:\WINDOWS\system32\rsaenh.dll
0x00007ffb41010000 - 0x00007ffb41037000 	C:\WINDOWS\System32\bcrypt.dll
0x00007ffb40670000 - 0x00007ffb4069e000 	C:\WINDOWS\SYSTEM32\USERENV.dll
0x00007ffb40130000 - 0x00007ffb4013c000 	C:\WINDOWS\SYSTEM32\CRYPTBASE.dll
0x00007ffb3fbe0000 - 0x00007ffb3fc1b000 	C:\WINDOWS\SYSTEM32\IPHLPAPI.DLL
0x00007ffb41590000 - 0x00007ffb41598000 	C:\WINDOWS\System32\NSI.dll
0x00007ffb327b0000 - 0x00007ffb327c7000 	C:\WINDOWS\SYSTEM32\dhcpcsvc6.DLL
0x00007ffb32810000 - 0x00007ffb3282d000 	C:\WINDOWS\SYSTEM32\dhcpcsvc.DLL
0x00007ffb3fc20000 - 0x00007ffb3fceb000 	C:\WINDOWS\SYSTEM32\DNSAPI.dll

dbghelp: loaded successfully - version: 4.0.5 - missing functions: none
symbol engine: initialized successfully - sym options: 0x614 - pdb path: .;C:\Program Files\Android\Android Studio\jre\bin;C:\WINDOWS\SYSTEM32;C:\WINDOWS\WinSxS\amd64_microsoft.windows.common-controls_6595b64144ccf1df_6.0.19041.1110_none_60b5254171f9507e;C:\Program Files\Android\Android Studio\jre\bin\server;C:\Users\Mickley Khoza\.gradle\native\e1d6ef7f7dcc3fd88c89a11ec53ec762bb8ba0a96d01ffa2cd45eb1d1d8dd5c5\windows-amd64;C:\Users\Mickley Khoza\.gradle\native\5664cfc778a61ccfe75a443a1ab52a65af34e5dc3c78e0209fed803814484fcb\windows-amd64

VM Arguments:
jvm_args: --add-opens=java.base/java.util=ALL-UNNAMED --add-opens=java.base/java.lang=ALL-UNNAMED --add-opens=java.base/java.lang.invoke=ALL-UNNAMED --add-opens=java.base/java.util=ALL-UNNAMED --add-opens=java.prefs/java.util.prefs=ALL-UNNAMED --add-opens=java.prefs/java.util.prefs=ALL-UNNAMED --add-opens=java.base/java.nio.charset=ALL-UNNAMED --add-opens=java.base/java.net=ALL-UNNAMED --add-opens=java.base/java.util.concurrent.atomic=ALL-UNNAMED -Xmx2048m -Dfile.encoding=UTF-8 -Duser.country=ZA -Duser.language=en -Duser.variant 
java_command: org.gradle.launcher.daemon.bootstrap.GradleDaemon 7.2
java_class_path (initial): C:\Users\Mickley Khoza\.gradle\wrapper\dists\gradle-7.2-bin\2dnblmf4td7x66yl1d74lt32g\gradle-7.2\lib\gradle-launcher-7.2.jar
Launcher Type: SUN_STANDARD

[Global flags]
     intx CICompilerCount                          = 2                                         {product} {ergonomic}
     uint ConcGCThreads                            = 1                                         {product} {ergonomic}
     uint G1ConcRefinementThreads                  = 2                                         {product} {ergonomic}
   size_t G1HeapRegionSize                         = 1048576                                   {product} {ergonomic}
    uintx GCDrainStackTargetSize                   = 64                                        {product} {ergonomic}
   size_t InitialHeapSize                          = 65011712                                  {product} {ergonomic}
   size_t MarkStackSize                            = 4194304                                   {product} {ergonomic}
   size_t MaxHeapSize                              = 2147483648                                {product} {command line}
   size_t MaxNewSize                               = 1287651328                                {product} {ergonomic}
   size_t MinHeapDeltaBytes                        = 1048576                                   {product} {ergonomic}
    uintx NonNMethodCodeHeapSize                   = 5825164                                {pd product} {ergonomic}
    uintx NonProfiledCodeHeapSize                  = 122916538                              {pd product} {ergonomic}
    uintx ProfiledCodeHeapSize                     = 122916538                              {pd product} {ergonomic}
    uintx ReservedCodeCacheSize                    = 251658240                              {pd product} {ergonomic}
     bool SegmentedCodeCache                       = true                                      {product} {ergonomic}
     bool UseCompressedClassPointers               = true                                 {lp64_product} {ergonomic}
     bool UseCompressedOops                        = true                                 {lp64_product} {ergonomic}
     bool UseG1GC                                  = true                                      {product} {ergonomic}
     bool UseLargePagesIndividualAllocation        = false                                  {pd product} {ergonomic}

Logging:
Log output configuration:
 #0: stdout all=warning uptime,level,tags
 #1: stderr all=off uptime,level,tags

Environment Variables:
PATH=C:\Program Files\Common Files\Oracle\Java\javapath;C:\WINDOWS\system32;C:\WINDOWS;C:\WINDOWS\System32\Wbem;C:\WINDOWS\System32\WindowsPowerShell\v1.0\;C:\WINDOWS\System32\OpenSSH\;C:\Users\Administrator\AppData\Local\Microsoft\WindowsApps;C:\Recovery\OEM\Backup\;C:\Program Files\Intel\TXE Components\DAL\;C:\Program Files (x86)\Intel\TXE Components\DAL\;%JAVA_HOME%\bin;C:\Program Files\Git\cmd;C:\WINDOWS\system32;C:\WINDOWS;C:\WINDOWS\System32\Wbem;C:\WINDOWS\System32\WindowsPowerShell\v1.0\;C:\WINDOWS\System32\OpenSSH\;C:\ProgramData\chocolatey\bin;C:\Users\Mickley Khoza\AppData\Local\Microsoft\WindowsApps;;C:\Program Files\JetBrains\IntelliJ IDEA 2021.2.1\bin;
USERNAME=Mickley Khoza
OS=Windows_NT
PROCESSOR_IDENTIFIER=Intel64 Family 6 Model 92 Stepping 9, GenuineIntel



---------------  S Y S T E M  ---------------

OS: Windows 10 , 64 bit Build 19041 (10.0.19041.1645)
OS uptime: 0 days 12:04 hours

CPU:total 2 (initial active 2) (2 cores per cpu, 1 threads per core) family 6 model 92 stepping 9 microcode 0x38, cmov, cx8, fxsr, mmx, sse, sse2, sse3, ssse3, sse4.1, sse4.2, popcnt, aes, clmul, erms, 3dnowpref, tsc, tscinvbit, sha

Memory: 4k page, system-wide physical 3927M (380M free)
TotalPageFile size 6598M (AvailPageFile size 19M)
current process WorkingSet (physical memory assigned to process): 349M, peak: 350M
current process commit charge ("private bytes"): 372M, peak: 398M

vm_info: OpenJDK 64-Bit Server VM (11.0.11+9-b60-7590822) for windows-amd64 JRE (11.0.11+9-b60-7590822), built on Jul 29 2021 21:43:44 by "builder" with MS VC++ 14.0 (VS2015)

END.
