#
# There is insufficient memory for the Java Runtime Environment to continue.
# Native memory allocation (mmap) failed to map 15728640 bytes for Failed to commit area from 0x0000000084b00000 to 0x0000000085a00000 of length 15728640.
# Possible reasons:
#   The system is out of physical RAM or swap space
#   The process is running with CompressedOops enabled, and the Java Heap may be blocking the growth of the native heap
# Possible solutions:
#   Reduce memory load on the system
#   Increase physical memory or swap space
#   Check if swap backing store is full
#   Decrease Java heap size (-Xmx/-Xms)
#   Decrease number of Java threads
#   Decrease Java thread stack sizes (-Xss)
#   Set larger code cache with -XX:ReservedCodeCacheSize=
#   JVM is running with Unscaled Compressed Oops mode in which the Java heap is
#     placed in the first 4GB address space. The Java Heap base address is the
#     maximum limit for the native heap growth. Please use -XX:HeapBaseMinAddress
#     to set the Java Heap base and to place the Java Heap above 4GB virtual address.
# This output file may be truncated or incomplete.
#
#  Out of Memory Error (./src/hotspot/os/windows/os_windows.cpp:3301), pid=10964, tid=1288
#
# JRE version: OpenJDK Runtime Environment (11.0.11+9) (build 11.0.11+9-b60-7590822)
# Java VM: OpenJDK 64-Bit Server VM (11.0.11+9-b60-7590822, mixed mode, tiered, compressed oops, g1 gc, windows-amd64)
# No core dump will be written. Minidumps are not enabled by default on client versions of Windows
#

---------------  S U M M A R Y ------------

Command Line: --add-opens=java.base/java.util=ALL-UNNAMED --add-opens=java.base/java.lang=ALL-UNNAMED --add-opens=java.base/java.lang.invoke=ALL-UNNAMED --add-opens=java.base/java.util=ALL-UNNAMED --add-opens=java.prefs/java.util.prefs=ALL-UNNAMED --add-opens=java.prefs/java.util.prefs=ALL-UNNAMED --add-opens=java.base/java.nio.charset=ALL-UNNAMED --add-opens=java.base/java.net=ALL-UNNAMED --add-opens=java.base/java.util.concurrent.atomic=ALL-UNNAMED -Xmx2048m -Dfile.encoding=UTF-8 -Duser.country=ZA -Duser.language=en -Duser.variant org.gradle.launcher.daemon.bootstrap.GradleDaemon 7.2

Host: Intel(R) Celeron(R) CPU N3350 @ 1.10GHz, 2 cores, 3G,  Windows 10 , 64 bit Build 19041 (10.0.19041.1645)
Time: Sun May  1 18:32:28 2022 South Africa Standard Time elapsed time: 72.694500 seconds (0d 0h 1m 12s)

---------------  T H R E A D  ---------------

Current thread (0x0000025778c4c000):  VMThread "VM Thread" [stack: 0x000000831ea00000,0x000000831eb00000] [id=1288]

Stack: [0x000000831ea00000,0x000000831eb00000]
[error occurred during error reporting (printing stack bounds), id 0xc0000005, EXCEPTION_ACCESS_VIOLATION (0xc0000005) at pc=0x0000025700000f3d]

Native frames: (J=compiled Java code, j=interpreted, Vv=VM code, C=native code)
V  [jvm.dll+0x5f214a]
V  [jvm.dll+0x726fb5]
V  [jvm.dll+0x7285cd]
V  [jvm.dll+0x728be5]
V  [jvm.dll+0x728b9b]
V  [jvm.dll+0x5f14e8]
V  [jvm.dll+0x5f1c78]
C  [ntdll.dll+0xa20cf]
C  [ntdll.dll+0x51454]
C  [ntdll.dll+0xa0bfe]
C  0x0000025700000f3d

VM_Operation (0x000000831fcf56f0): G1CollectForAllocation, mode: safepoint, requested by thread 0x000002577af8c800


---------------  P R O C E S S  ---------------

Threads class SMR info:
_java_thread_list=0x000002577d29fe60, length=55, elements={
0x000002576dd5b000, 0x0000025778c51800, 0x0000025778c52800, 0x0000025778cae800,
0x0000025778cb0000, 0x0000025778cb1000, 0x0000025778cb5000, 0x00000257795f8800,
0x0000025778cde800, 0x0000025779719800, 0x000002577a0c5000, 0x000002577ab91000,
0x000002577af00000, 0x000002577af01000, 0x000002577ab58000, 0x000002577ae7c800,
0x000002577af8c800, 0x000002577af8d000, 0x000002577a9b6000, 0x000002577b5d4000,
0x000002577b5d9000, 0x000002577b5d9800, 0x000002577b5d6800, 0x000002577b5d7000,
0x000002577b5da800, 0x000002577b5d5800, 0x000002577b5d8000, 0x000002577b5d4800,
0x000002577d81d000, 0x000002577d81a800, 0x000002577d81b800, 0x000002577d81c000,
0x000002577d81f800, 0x000002577d81a000, 0x000002577d824800, 0x000002577d825000,
0x000002577d820800, 0x000002577d826000, 0x000002577d821000, 0x000002577d822800,
0x000002577d822000, 0x000002577d828800, 0x000002577d823800, 0x000002577d827000,
0x000002577d827800, 0x000002577be91800, 0x000002577be93000, 0x000002577be8d800,
0x000002577be8f800, 0x000002577be92000, 0x000002577be8f000, 0x000002577be90800,
0x000002577be94000, 0x000002577be8e000, 0x000002577be9a800
}

Java Threads: ( => current thread )
  0x000002576dd5b000 JavaThread "main" [_thread_blocked, id=4176, stack(0x000000831e400000,0x000000831e500000)]
  0x0000025778c51800 JavaThread "Reference Handler" daemon [_thread_blocked, id=7892, stack(0x000000831eb00000,0x000000831ec00000)]
  0x0000025778c52800 JavaThread "Finalizer" daemon [_thread_blocked, id=7828, stack(0x000000831ec00000,0x000000831ed00000)]
  0x0000025778cae800 JavaThread "Signal Dispatcher" daemon [_thread_blocked, id=7336, stack(0x000000831ed00000,0x000000831ee00000)]
  0x0000025778cb0000 JavaThread "Attach Listener" daemon [_thread_blocked, id=9308, stack(0x000000831ee00000,0x000000831ef00000)]
  0x0000025778cb1000 JavaThread "Service Thread" daemon [_thread_blocked, id=7728, stack(0x000000831ef00000,0x000000831f000000)]
  0x0000025778cb5000 JavaThread "C2 CompilerThread0" daemon [_thread_blocked, id=13188, stack(0x000000831f000000,0x000000831f100000)]
  0x00000257795f8800 JavaThread "C1 CompilerThread0" daemon [_thread_blocked, id=6796, stack(0x000000831f100000,0x000000831f200000)]
  0x0000025778cde800 JavaThread "Sweeper thread" daemon [_thread_blocked, id=12764, stack(0x000000831f200000,0x000000831f300000)]
  0x0000025779719800 JavaThread "Common-Cleaner" daemon [_thread_blocked, id=11236, stack(0x000000831f300000,0x000000831f400000)]
  0x000002577a0c5000 JavaThread "Daemon health stats" [_thread_blocked, id=10452, stack(0x000000831f600000,0x000000831f700000)]
  0x000002577ab91000 JavaThread "Incoming local TCP Connector on port 51536" [_thread_in_native, id=6732, stack(0x000000831f700000,0x000000831f800000)]
  0x000002577af00000 JavaThread "Daemon periodic checks" [_thread_blocked, id=1396, stack(0x000000831f800000,0x000000831f900000)]
  0x000002577af01000 JavaThread "Daemon" [_thread_blocked, id=6268, stack(0x000000831f900000,0x000000831fa00000)]
  0x000002577ab58000 JavaThread "Handler for socket connection from /127.0.0.1:51536 to /127.0.0.1:51537" [_thread_in_native, id=11340, stack(0x000000831fa00000,0x000000831fb00000)]
  0x000002577ae7c800 JavaThread "Cancel handler" [_thread_blocked, id=10580, stack(0x000000831fb00000,0x000000831fc00000)]
  0x000002577af8c800 JavaThread "Daemon worker" [_thread_blocked, id=3760, stack(0x000000831fc00000,0x000000831fd00000)]
  0x000002577af8d000 JavaThread "Asynchronous log dispatcher for DefaultDaemonConnection: socket connection from /127.0.0.1:51536 to /127.0.0.1:51537" [_thread_blocked, id=10264, stack(0x000000831fd00000,0x000000831fe00000)]
  0x000002577a9b6000 JavaThread "Stdin handler" [_thread_blocked, id=7140, stack(0x000000831fe00000,0x000000831ff00000)]
  0x000002577b5d4000 JavaThread "Daemon client event forwarder" [_thread_blocked, id=8204, stack(0x000000831ff00000,0x0000008320000000)]
  0x000002577b5d9000 JavaThread "Cache worker for journal cache (C:\Users\Mickley Khoza\.gradle\caches\journal-1)" [_thread_blocked, id=12332, stack(0x0000008320000000,0x0000008320100000)]
  0x000002577b5d9800 JavaThread "File lock request listener" [_thread_in_native, id=6772, stack(0x0000008320100000,0x0000008320200000)]
  0x000002577b5d6800 JavaThread "Cache worker for file hash cache (C:\Users\Mickley Khoza\.gradle\caches\7.2\fileHashes)" [_thread_blocked, id=11820, stack(0x0000008320200000,0x0000008320300000)]
  0x000002577b5d7000 JavaThread "Cache worker for file hash cache (C:\Users\Mickley Khoza\AndroidStudioProjects\Practical02\.gradle\7.2\fileHashes)" [_thread_blocked, id=6272, stack(0x0000008320300000,0x0000008320400000)]
  0x000002577b5da800 JavaThread "File watcher server" daemon [_thread_in_native, id=1640, stack(0x0000008320400000,0x0000008320500000)]
  0x000002577b5d5800 JavaThread "File watcher consumer" daemon [_thread_blocked, id=5492, stack(0x0000008320500000,0x0000008320600000)]
  0x000002577b5d8000 JavaThread "Cache worker for checksums cache (C:\Users\Mickley Khoza\AndroidStudioProjects\Practical02\.gradle\checksums)" [_thread_blocked, id=12400, stack(0x0000008320600000,0x0000008320700000)]
  0x000002577b5d4800 JavaThread "Cache worker for cache directory md-supplier (C:\Users\Mickley Khoza\.gradle\caches\7.2\md-supplier)" [_thread_blocked, id=4632, stack(0x0000008320700000,0x0000008320800000)]
  0x000002577d81d000 JavaThread "Cache worker for cache directory md-rule (C:\Users\Mickley Khoza\.gradle\caches\7.2\md-rule)" [_thread_blocked, id=1888, stack(0x0000008320800000,0x0000008320900000)]
  0x000002577d81a800 JavaThread "Cache worker for execution history cache (C:\Users\Mickley Khoza\.gradle\caches\7.2\executionHistory)" [_thread_blocked, id=5004, stack(0x0000008320900000,0x0000008320a00000)]
  0x000002577d81b800 JavaThread "jar transforms" [_thread_blocked, id=8240, stack(0x0000008320a00000,0x0000008320b00000)]
  0x000002577d81c000 JavaThread "Cache worker for file content cache (C:\Users\Mickley Khoza\.gradle\caches\7.2\fileContent)" [_thread_blocked, id=2916, stack(0x0000008320b00000,0x0000008320c00000)]
  0x000002577d81f800 JavaThread "jar transforms Thread 2" [_thread_blocked, id=872, stack(0x0000008320c00000,0x0000008320d00000)]
  0x000002577d81a000 JavaThread "Cache worker for dependencies-accessors (C:\Users\Mickley Khoza\AndroidStudioProjects\Practical02\.gradle\7.2\dependencies-accessors)" [_thread_blocked, id=7368, stack(0x0000008320d00000,0x0000008320e00000)]
  0x000002577d824800 JavaThread "Cache worker for Build Output Cleanup Cache (C:\Users\Mickley Khoza\AndroidStudioProjects\Practical02\.gradle\buildOutputCleanup)" [_thread_blocked, id=9932, stack(0x0000008321000000,0x0000008321100000)]
  0x000002577d825000 JavaThread "Unconstrained build operations" [_thread_blocked, id=9624, stack(0x0000008321100000,0x0000008321200000)]
  0x000002577d820800 JavaThread "Unconstrained build operations Thread 2" [_thread_blocked, id=8520, stack(0x0000008321200000,0x0000008321300000)]
  0x000002577d826000 JavaThread "Unconstrained build operations Thread 3" [_thread_blocked, id=3856, stack(0x0000008321300000,0x0000008321400000)]
  0x000002577d821000 JavaThread "Unconstrained build operations Thread 4" [_thread_blocked, id=12364, stack(0x0000008321400000,0x0000008321500000)]
  0x000002577d822800 JavaThread "Unconstrained build operations Thread 5" [_thread_blocked, id=9184, stack(0x0000008321500000,0x0000008321600000)]
  0x000002577d822000 JavaThread "Unconstrained build operations Thread 6" [_thread_blocked, id=9576, stack(0x0000008321600000,0x0000008321700000)]
  0x000002577d828800 JavaThread "Unconstrained build operations Thread 7" [_thread_blocked, id=12740, stack(0x0000008321700000,0x0000008321800000)]
  0x000002577d823800 JavaThread "Unconstrained build operations Thread 8" [_thread_blocked, id=9340, stack(0x0000008321800000,0x0000008321900000)]
  0x000002577d827000 JavaThread "Unconstrained build operations Thread 9" [_thread_blocked, id=6912, stack(0x0000008321900000,0x0000008321a00000)]
  0x000002577d827800 JavaThread "Unconstrained build operations Thread 10" [_thread_blocked, id=9032, stack(0x0000008321a00000,0x0000008321b00000)]
  0x000002577be91800 JavaThread "Unconstrained build operations Thread 11" [_thread_blocked, id=6936, stack(0x0000008321b00000,0x0000008321c00000)]
  0x000002577be93000 JavaThread "Unconstrained build operations Thread 12" [_thread_blocked, id=9536, stack(0x0000008321c00000,0x0000008321d00000)]
  0x000002577be8d800 JavaThread "Unconstrained build operations Thread 13" [_thread_blocked, id=6616, stack(0x0000008321d00000,0x0000008321e00000)]
  0x000002577be8f800 JavaThread "Unconstrained build operations Thread 14" [_thread_blocked, id=3292, stack(0x0000008321e00000,0x0000008321f00000)]
  0x000002577be92000 JavaThread "Unconstrained build operations Thread 15" [_thread_blocked, id=3232, stack(0x0000008321f00000,0x0000008322000000)]
  0x000002577be8f000 JavaThread "Unconstrained build operations Thread 16" [_thread_blocked, id=3260, stack(0x0000008322000000,0x0000008322100000)]
  0x000002577be90800 JavaThread "Unconstrained build operations Thread 17" [_thread_blocked, id=3712, stack(0x0000008322100000,0x0000008322200000)]
  0x000002577be94000 JavaThread "Unconstrained build operations Thread 18" [_thread_blocked, id=9328, stack(0x0000008322200000,0x0000008322300000)]
  0x000002577be8e000 JavaThread "Unconstrained build operations Thread 19" [_thread_blocked, id=3764, stack(0x0000008322300000,0x0000008322400000)]
  0x000002577be9a800 JavaThread "Unconstrained build operations Thread 20" [_thread_blocked, id=4680, stack(0x0000008322400000,0x0000008322500000)]

Other Threads:
=>0x0000025778c4c000 VMThread "VM Thread" [stack: 0x000000831ea00000,0x000000831eb00000] [id=1288]
  0x0000025779747800 WatcherThread [stack: 0x000000831f400000,0x000000831f500000] [id=7152]
  0x000002576dd73000 GCTaskThread "GC Thread#0" [stack: 0x000000831e500000,0x000000831e600000] [id=3400]
  0x00000257797f2800 GCTaskThread "GC Thread#1" [stack: 0x000000831f500000,0x000000831f600000] [id=7224]
  0x000002576dda3000 ConcurrentGCThread "G1 Main Marker" [stack: 0x000000831e600000,0x000000831e700000] [id=1928]
  0x000002576dda7000 ConcurrentGCThread "G1 Conc#0" [stack: 0x000000831e700000,0x000000831e800000] [id=10200]
  0x000002576ddf8000 ConcurrentGCThread "G1 Refine#0" [stack: 0x000000831e800000,0x000000831e900000] [id=11012]
  0x000002576ddf9000 ConcurrentGCThread "G1 Young RemSet Sampling" [stack: 0x000000831e900000,0x000000831ea00000] [id=5908]

Threads with active compile tasks:

VM state:at safepoint (normal execution)

VM Mutex/Monitor currently owned by a thread:  ([mutex/lock_event])
[0x000002576dd58360] Threads_lock - owner thread: 0x0000025778c4c000
[0x000002576dd58a20] Heap_lock - owner thread: 0x000002577af8c800

Heap address: 0x0000000080000000, size: 2048 MB, Compressed Oops mode: 32-bit
Narrow klass base: 0x0000000000000000, Narrow klass shift: 3
Compressed class space size: 1073741824 Address: 0x0000000100000000

Heap:
 garbage-first heap   total 92160K, used 52515K [0x0000000080000000, 0x0000000100000000)
  region size 1024K, 2 young (2048K), 2 survivors (2048K)
 Metaspace       used 56294K, capacity 57751K, committed 57980K, reserved 1099776K
  class space    used 7112K, capacity 7620K, committed 7680K, reserved 1048576K
Heap Regions: E=young(eden), S=young(survivor), O=old, HS=humongous(starts), HC=humongous(continues), CS=collection set, F=free, A=archive, TAMS=top-at-mark-start (previous, next)
|   0|0x0000000080000000, 0x0000000080100000, 0x0000000080100000|100%| O|  |TAMS 0x0000000080100000, 0x0000000080000000| Untracked 
|   1|0x0000000080100000, 0x0000000080200000, 0x0000000080200000|100%| O|  |TAMS 0x0000000080200000, 0x0000000080100000| Untracked 
|   2|0x0000000080200000, 0x0000000080300000, 0x0000000080300000|100%| O|  |TAMS 0x0000000080300000, 0x0000000080200000| Untracked 
|   3|0x0000000080300000, 0x0000000080400000, 0x0000000080400000|100%| O|  |TAMS 0x0000000080400000, 0x0000000080300000| Untracked 
|   4|0x0000000080400000, 0x0000000080500000, 0x0000000080500000|100%|HS|  |TAMS 0x0000000080500000, 0x0000000080400000| Complete 
|   5|0x0000000080500000, 0x0000000080600000, 0x0000000080600000|100%|HC|  |TAMS 0x0000000080600000, 0x0000000080500000| Complete 
|   6|0x0000000080600000, 0x0000000080700000, 0x0000000080700000|100%|HC|  |TAMS 0x0000000080700000, 0x0000000080600000| Complete 
|   7|0x0000000080700000, 0x0000000080800000, 0x0000000080800000|100%| O|  |TAMS 0x0000000080800000, 0x0000000080700000| Untracked 
|   8|0x0000000080800000, 0x0000000080900000, 0x0000000080900000|100%| O|  |TAMS 0x0000000080900000, 0x0000000080800000| Untracked 
|   9|0x0000000080900000, 0x0000000080a00000, 0x0000000080a00000|100%| O|  |TAMS 0x0000000080a00000, 0x0000000080900000| Untracked 
|  10|0x0000000080a00000, 0x0000000080b00000, 0x0000000080b00000|100%| O|  |TAMS 0x0000000080b00000, 0x0000000080a00000| Untracked 
|  11|0x0000000080b00000, 0x0000000080c00000, 0x0000000080c00000|100%| O|  |TAMS 0x0000000080c00000, 0x0000000080b00000| Untracked 
|  12|0x0000000080c00000, 0x0000000080d00000, 0x0000000080d00000|100%| O|  |TAMS 0x0000000080d00000, 0x0000000080c00000| Untracked 
|  13|0x0000000080d00000, 0x0000000080e00000, 0x0000000080e00000|100%| O|  |TAMS 0x0000000080e00000, 0x0000000080d00000| Untracked 
|  14|0x0000000080e00000, 0x0000000080f00000, 0x0000000080f00000|100%| O|  |TAMS 0x0000000080f00000, 0x0000000080e00000| Untracked 
|  15|0x0000000080f00000, 0x0000000081000000, 0x0000000081000000|100%| O|  |TAMS 0x0000000081000000, 0x0000000080f00000| Untracked 
|  16|0x0000000081000000, 0x0000000081100000, 0x0000000081100000|100%| O|  |TAMS 0x0000000081100000, 0x0000000081000000| Untracked 
|  17|0x0000000081100000, 0x0000000081200000, 0x0000000081200000|100%| O|  |TAMS 0x0000000081200000, 0x0000000081100000| Untracked 
|  18|0x0000000081200000, 0x0000000081300000, 0x0000000081300000|100%| O|  |TAMS 0x0000000081300000, 0x0000000081200000| Untracked 
|  19|0x0000000081300000, 0x0000000081400000, 0x0000000081400000|100%| O|  |TAMS 0x0000000081400000, 0x0000000081300000| Untracked 
|  20|0x0000000081400000, 0x0000000081500000, 0x0000000081500000|100%| O|  |TAMS 0x0000000081500000, 0x0000000081400000| Untracked 
|  21|0x0000000081500000, 0x0000000081600000, 0x0000000081600000|100%| O|  |TAMS 0x0000000081600000, 0x0000000081500000| Untracked 
|  22|0x0000000081600000, 0x0000000081700000, 0x0000000081700000|100%| O|  |TAMS 0x0000000081700000, 0x0000000081600000| Untracked 
|  23|0x0000000081700000, 0x0000000081800000, 0x0000000081800000|100%| O|  |TAMS 0x0000000081800000, 0x0000000081700000| Untracked 
|  24|0x0000000081800000, 0x0000000081900000, 0x0000000081900000|100%| O|  |TAMS 0x0000000081900000, 0x0000000081800000| Untracked 
|  25|0x0000000081900000, 0x0000000081a00000, 0x0000000081a00000|100%| O|  |TAMS 0x0000000081a00000, 0x0000000081900000| Untracked 
|  26|0x0000000081a00000, 0x0000000081b00000, 0x0000000081b00000|100%| O|  |TAMS 0x0000000081b00000, 0x0000000081a00000| Untracked 
|  27|0x0000000081b00000, 0x0000000081c00000, 0x0000000081c00000|100%| O|  |TAMS 0x0000000081c00000, 0x0000000081b00000| Untracked 
|  28|0x0000000081c00000, 0x0000000081d00000, 0x0000000081d00000|100%| O|  |TAMS 0x0000000081d00000, 0x0000000081c00000| Untracked 
|  29|0x0000000081d00000, 0x0000000081e00000, 0x0000000081e00000|100%| O|  |TAMS 0x0000000081e00000, 0x0000000081d00000| Untracked 
|  30|0x0000000081e00000, 0x0000000081f00000, 0x0000000081f00000|100%| O|  |TAMS 0x0000000081f00000, 0x0000000081e00000| Untracked 
|  31|0x0000000081f00000, 0x0000000082000000, 0x0000000082000000|100%| O|  |TAMS 0x0000000082000000, 0x0000000081f00000| Untracked 
|  32|0x0000000082000000, 0x0000000082100000, 0x0000000082100000|100%|HS|  |TAMS 0x0000000082100000, 0x0000000082000000| Complete 
|  33|0x0000000082100000, 0x0000000082200000, 0x0000000082200000|100%|HS|  |TAMS 0x0000000082200000, 0x0000000082100000| Complete 
|  34|0x0000000082200000, 0x0000000082300000, 0x0000000082300000|100%|HS|  |TAMS 0x0000000082300000, 0x0000000082200000| Complete 
|  35|0x0000000082300000, 0x0000000082400000, 0x0000000082400000|100%| O|  |TAMS 0x0000000082400000, 0x0000000082300000| Untracked 
|  36|0x0000000082400000, 0x0000000082500000, 0x0000000082500000|100%|HS|  |TAMS 0x0000000082500000, 0x0000000082400000| Complete 
|  37|0x0000000082500000, 0x0000000082600000, 0x0000000082600000|100%| O|  |TAMS 0x0000000082600000, 0x0000000082500000| Untracked 
|  38|0x0000000082600000, 0x0000000082700000, 0x0000000082700000|100%| O|  |TAMS 0x0000000082700000, 0x0000000082600000| Untracked 
|  39|0x0000000082700000, 0x0000000082800000, 0x0000000082800000|100%|HS|  |TAMS 0x0000000082800000, 0x0000000082700000| Complete 
|  40|0x0000000082800000, 0x0000000082900000, 0x0000000082900000|100%|HC|  |TAMS 0x0000000082900000, 0x0000000082800000| Complete 
|  41|0x0000000082900000, 0x0000000082a00000, 0x0000000082a00000|100%|HC|  |TAMS 0x0000000082a00000, 0x0000000082900000| Complete 
|  42|0x0000000082a00000, 0x0000000082b00000, 0x0000000082b00000|100%| O|  |TAMS 0x0000000082b00000, 0x0000000082a00000| Untracked 
|  43|0x0000000082b00000, 0x0000000082c00000, 0x0000000082c00000|100%| O|  |TAMS 0x0000000082c00000, 0x0000000082b00000| Untracked 
|  44|0x0000000082c00000, 0x0000000082d00000, 0x0000000082d00000|100%|HS|  |TAMS 0x0000000082d00000, 0x0000000082c00000| Complete 
|  45|0x0000000082d00000, 0x0000000082e00000, 0x0000000082e00000|100%|HC|  |TAMS 0x0000000082e00000, 0x0000000082d00000| Complete 
|  46|0x0000000082e00000, 0x0000000082f00000, 0x0000000082f00000|100%| O|  |TAMS 0x0000000082f00000, 0x0000000082e00000| Untracked 
|  47|0x0000000082f00000, 0x0000000083000000, 0x0000000083000000|100%| O|  |TAMS 0x0000000083000000, 0x0000000082f00000| Untracked 
|  48|0x0000000083000000, 0x0000000083100000, 0x0000000083100000|100%| O|  |TAMS 0x0000000083100000, 0x0000000083000000| Untracked 
|  49|0x0000000083100000, 0x0000000083200000, 0x0000000083200000|100%| O|  |TAMS 0x0000000083191200, 0x0000000083100000| Untracked 
|  50|0x0000000083200000, 0x0000000083228e00, 0x0000000083300000| 15%| O|  |TAMS 0x0000000083200000, 0x0000000083200000| Untracked 
|  51|0x0000000083300000, 0x0000000083300000, 0x0000000083400000|  0%| F|  |TAMS 0x0000000083300000, 0x0000000083300000| Untracked 
|  52|0x0000000083400000, 0x0000000083400000, 0x0000000083500000|  0%| F|  |TAMS 0x0000000083400000, 0x0000000083400000| Untracked 
|  53|0x0000000083500000, 0x0000000083500000, 0x0000000083600000|  0%| F|  |TAMS 0x0000000083500000, 0x0000000083500000| Untracked 
|  54|0x0000000083600000, 0x0000000083600000, 0x0000000083700000|  0%| F|  |TAMS 0x0000000083600000, 0x0000000083600000| Untracked 
|  55|0x0000000083700000, 0x0000000083700000, 0x0000000083800000|  0%| F|  |TAMS 0x0000000083700000, 0x0000000083700000| Untracked 
|  56|0x0000000083800000, 0x0000000083800000, 0x0000000083900000|  0%| F|  |TAMS 0x0000000083800000, 0x0000000083800000| Untracked 
|  57|0x0000000083900000, 0x0000000083900000, 0x0000000083a00000|  0%| F|  |TAMS 0x0000000083900000, 0x0000000083900000| Untracked 
|  58|0x0000000083a00000, 0x0000000083a00000, 0x0000000083b00000|  0%| F|  |TAMS 0x0000000083a00000, 0x0000000083a00000| Untracked 
|  59|0x0000000083b00000, 0x0000000083b00000, 0x0000000083c00000|  0%| F|  |TAMS 0x0000000083b00000, 0x0000000083b00000| Untracked 
|  60|0x0000000083c00000, 0x0000000083c00000, 0x0000000083d00000|  0%| F|  |TAMS 0x0000000083c00000, 0x0000000083c00000| Untracked 
|  61|0x0000000083d00000, 0x0000000083d00000, 0x0000000083e00000|  0%| F|  |TAMS 0x0000000083d00000, 0x0000000083d00000| Untracked 
|  62|0x0000000083e00000, 0x0000000083e20138, 0x0000000083f00000| 12%| S|CS|TAMS 0x0000000083e00000, 0x0000000083e00000| Complete 
|  63|0x0000000083f00000, 0x0000000083f00000, 0x0000000084000000|  0%| F|  |TAMS 0x0000000083f00000, 0x0000000083f00000| Untracked 
|  64|0x0000000084000000, 0x0000000084100000, 0x0000000084100000|100%| S|CS|TAMS 0x0000000084000000, 0x0000000084000000| Complete 
|  65|0x0000000084100000, 0x0000000084100000, 0x0000000084200000|  0%| F|  |TAMS 0x0000000084100000, 0x0000000084100000| Untracked 
|  66|0x0000000084200000, 0x0000000084200000, 0x0000000084300000|  0%| F|  |TAMS 0x0000000084200000, 0x0000000084200000| Untracked 
|  67|0x0000000084300000, 0x0000000084300000, 0x0000000084400000|  0%| F|  |TAMS 0x0000000084300000, 0x0000000084300000| Untracked 
|  68|0x0000000084400000, 0x0000000084400000, 0x0000000084500000|  0%| F|  |TAMS 0x0000000084400000, 0x0000000084400000| Untracked 
|  69|0x0000000084500000, 0x0000000084500000, 0x0000000084600000|  0%| F|  |TAMS 0x0000000084500000, 0x0000000084500000| Untracked 
|  70|0x0000000084600000, 0x0000000084600000, 0x0000000084700000|  0%| F|  |TAMS 0x0000000084600000, 0x0000000084600000| Untracked 
|  71|0x0000000084700000, 0x0000000084700000, 0x0000000084800000|  0%| F|  |TAMS 0x0000000084700000, 0x0000000084700000| Untracked 
|  72|0x0000000084800000, 0x0000000084800000, 0x0000000084900000|  0%| F|  |TAMS 0x0000000084800000, 0x0000000084800000| Untracked 
|  73|0x0000000084900000, 0x0000000084900000, 0x0000000084a00000|  0%| F|  |TAMS 0x0000000084900000, 0x0000000084900000| Untracked 
|  74|0x0000000084a00000, 0x0000000084a00000, 0x0000000084b00000|  0%| F|  |TAMS 0x0000000084a00000, 0x0000000084a00000| Untracked 

Card table byte_map: [0x0000025772070000,0x0000025772470000] _byte_map_base: 0x0000025771c70000

Marking Bits (Prev, Next): (CMBitMap*) 0x000002576dd99f80, (CMBitMap*) 0x000002576dd99f48
 Prev Bits: [0x0000025774870000, 0x0000025776870000)
 Next Bits: [0x0000025772870000, 0x0000025774870000)

Polling page: 0x000002576c440000

Metaspace:

Usage:
  Non-class:     48.96 MB capacity,    48.03 MB ( 98%) used,   804.45 KB (  2%) free+waste,   144.63 KB ( <1%) overhead. 
      Class:      7.44 MB capacity,     6.95 MB ( 93%) used,   439.59 KB (  6%) free+waste,    67.69 KB ( <1%) overhead. 
       Both:     56.40 MB capacity,    54.98 MB ( 97%) used,     1.21 MB (  2%) free+waste,   212.31 KB ( <1%) overhead. 

Virtual space:
  Non-class space:       50.00 MB reserved,      49.12 MB ( 98%) committed 
      Class space:        1.00 GB reserved,       7.50 MB ( <1%) committed 
             Both:        1.05 GB reserved,      56.62 MB (  5%) committed 

Chunk freelists:
   Non-Class:  41.00 KB
       Class:  28.00 KB
        Both:  69.00 KB

MaxMetaspaceSize: 17179869184.00 GB
CompressedClassSpaceSize: 1.00 GB

CodeHeap 'non-profiled nmethods': size=120064Kb used=3173Kb max_used=3173Kb free=116890Kb
 bounds [0x0000025707ac0000, 0x0000025707de0000, 0x000002570f000000]
CodeHeap 'profiled nmethods': size=120000Kb used=12617Kb max_used=12617Kb free=107382Kb
 bounds [0x0000025700590000, 0x00000257011f0000, 0x0000025707ac0000]
CodeHeap 'non-nmethods': size=5696Kb used=2226Kb max_used=2245Kb free=3469Kb
 bounds [0x0000025700000000, 0x0000025700270000, 0x0000025700590000]
 total_blobs=6690 nmethods=5874 adapters=728
 compilation: enabled
              stopped_count=0, restarted_count=0
 full_count=0

Compilation events (20 events):
Event: 72.292 Thread 0x00000257795f8800 5875       3       java.util.concurrent.ConcurrentHashMap$Traverser::<init> (36 bytes)
Event: 72.292 Thread 0x00000257795f8800 nmethod 5875 0x00000257011dc010 code [0x00000257011dc1c0, 0x00000257011dc3b8]
Event: 72.336 Thread 0x00000257795f8800 5876       3       java.util.concurrent.ConcurrentHashMap$BaseIterator::<init> (21 bytes)
Event: 72.336 Thread 0x00000257795f8800 nmethod 5876 0x00000257011dc490 code [0x00000257011dc660, 0x00000257011dc838]
Event: 72.384 Thread 0x00000257795f8800 5877       3       java.lang.invoke.BoundMethodHandle$Species_L::<init> (12 bytes)
Event: 72.384 Thread 0x00000257795f8800 nmethod 5877 0x00000257011dc910 code [0x00000257011dcae0, 0x00000257011dcce8]
Event: 72.466 Thread 0x00000257795f8800 5878       3       com.google.common.reflect.TypeResolver$TypeTable::<init> (12 bytes)
Event: 72.467 Thread 0x00000257795f8800 nmethod 5878 0x00000257011dce10 code [0x00000257011dcfe0, 0x00000257011dd1f8]
Event: 72.467 Thread 0x00000257795f8800 5879       3       com.google.common.reflect.TypeResolver::<init> (10 bytes)
Event: 72.467 Thread 0x00000257795f8800 nmethod 5879 0x00000257011dd310 code [0x00000257011dd4c0, 0x00000257011dd678]
Event: 72.519 Thread 0x0000025778cb5000 5880       4       org.objectweb.asm.ByteVector::putInt (74 bytes)
Event: 72.522 Thread 0x0000025778cb5000 nmethod 5880 0x0000025707dd8a10 code [0x0000025707dd8bc0, 0x0000025707dd8d68]
Event: 72.528 Thread 0x00000257795f8800 5881       3       org.gradle.internal.instantiation.generator.DependencyInjectingInstantiator::convertParameters (126 bytes)
Event: 72.531 Thread 0x00000257795f8800 nmethod 5881 0x00000257011dd710 code [0x00000257011ddae0, 0x00000257011df518]
Event: 72.531 Thread 0x00000257795f8800 5882   !   3       org.gradle.internal.instantiation.generator.AsmBackedClassGenerator$InvokeConstructorStrategy::newInstance (66 bytes)
Event: 72.534 Thread 0x00000257795f8800 nmethod 5882 0x00000257011dfe10 code [0x00000257011e0180, 0x00000257011e19c8]
Event: 72.608 Thread 0x0000025778cb5000 5883       4       sun.net.www.ParseUtil::encodePath (41 bytes)
Event: 72.615 Thread 0x0000025778cb5000 nmethod 5883 0x0000025707dd8e90 code [0x0000025707dd9040, 0x0000025707dd9328]
Event: 72.618 Thread 0x00000257795f8800 5884       3       java.lang.Class::isEnum (27 bytes)
Event: 72.619 Thread 0x00000257795f8800 nmethod 5884 0x00000257011e2290 code [0x00000257011e2460, 0x00000257011e2678]

GC Heap History (20 events):
Event: 62.518 GC heap after
{Heap after GC invocations=38 (full 0):
 garbage-first heap   total 63488K, used 50914K [0x0000000080000000, 0x0000000100000000)
  region size 1024K, 1 young (1024K), 1 survivors (1024K)
 Metaspace       used 49413K, capacity 50720K, committed 50940K, reserved 1093632K
  class space    used 6289K, capacity 6770K, committed 6784K, reserved 1048576K
}
Event: 62.614 GC heap before
{Heap before GC invocations=38 (full 0):
 garbage-first heap   total 63488K, used 52962K [0x0000000080000000, 0x0000000100000000)
  region size 1024K, 3 young (3072K), 1 survivors (1024K)
 Metaspace       used 49716K, capacity 50976K, committed 51196K, reserved 1093632K
  class space    used 6314K, capacity 6770K, committed 6784K, reserved 1048576K
}
Event: 62.620 GC heap after
{Heap after GC invocations=39 (full 0):
 garbage-first heap   total 63488K, used 50929K [0x0000000080000000, 0x0000000100000000)
  region size 1024K, 1 young (1024K), 1 survivors (1024K)
 Metaspace       used 49716K, capacity 50976K, committed 51196K, reserved 1093632K
  class space    used 6314K, capacity 6770K, committed 6784K, reserved 1048576K
}
Event: 62.931 GC heap before
{Heap before GC invocations=40 (full 0):
 garbage-first heap   total 63488K, used 52977K [0x0000000080000000, 0x0000000100000000)
  region size 1024K, 3 young (3072K), 1 survivors (1024K)
 Metaspace       used 50007K, capacity 51264K, committed 51580K, reserved 1093632K
  class space    used 6350K, capacity 6802K, committed 6912K, reserved 1048576K
}
Event: 62.939 GC heap after
{Heap after GC invocations=41 (full 0):
 garbage-first heap   total 63488K, used 51012K [0x0000000080000000, 0x0000000100000000)
  region size 1024K, 1 young (1024K), 1 survivors (1024K)
 Metaspace       used 50007K, capacity 51264K, committed 51580K, reserved 1093632K
  class space    used 6350K, capacity 6802K, committed 6912K, reserved 1048576K
}
Event: 63.106 GC heap before
{Heap before GC invocations=41 (full 0):
 garbage-first heap   total 63488K, used 53060K [0x0000000080000000, 0x0000000100000000)
  region size 1024K, 3 young (3072K), 1 survivors (1024K)
 Metaspace       used 50256K, capacity 51529K, committed 51580K, reserved 1093632K
  class space    used 6388K, capacity 6869K, committed 6912K, reserved 1048576K
}
Event: 63.110 GC heap after
{Heap after GC invocations=42 (full 0):
 garbage-first heap   total 63488K, used 51008K [0x0000000080000000, 0x0000000100000000)
  region size 1024K, 1 young (1024K), 1 survivors (1024K)
 Metaspace       used 50256K, capacity 51529K, committed 51580K, reserved 1093632K
  class space    used 6388K, capacity 6869K, committed 6912K, reserved 1048576K
}
Event: 63.415 GC heap before
{Heap before GC invocations=43 (full 0):
 garbage-first heap   total 63488K, used 53056K [0x0000000080000000, 0x0000000100000000)
  region size 1024K, 3 young (3072K), 1 survivors (1024K)
 Metaspace       used 50525K, capacity 51828K, committed 51836K, reserved 1093632K
  class space    used 6412K, capacity 6906K, committed 6912K, reserved 1048576K
}
Event: 63.421 GC heap after
{Heap after GC invocations=44 (full 0):
 garbage-first heap   total 63488K, used 51243K [0x0000000080000000, 0x0000000100000000)
  region size 1024K, 1 young (1024K), 1 survivors (1024K)
 Metaspace       used 50525K, capacity 51828K, committed 51836K, reserved 1093632K
  class space    used 6412K, capacity 6906K, committed 6912K, reserved 1048576K
}
Event: 63.583 GC heap before
{Heap before GC invocations=44 (full 0):
 garbage-first heap   total 63488K, used 53291K [0x0000000080000000, 0x0000000100000000)
  region size 1024K, 3 young (3072K), 1 survivors (1024K)
 Metaspace       used 50781K, capacity 52087K, committed 52092K, reserved 1095680K
  class space    used 6440K, capacity 6907K, committed 6912K, reserved 1048576K
}
Event: 63.589 GC heap after
{Heap after GC invocations=45 (full 0):
 garbage-first heap   total 63488K, used 51111K [0x0000000080000000, 0x0000000100000000)
  region size 1024K, 1 young (1024K), 1 survivors (1024K)
 Metaspace       used 50781K, capacity 52087K, committed 52092K, reserved 1095680K
  class space    used 6440K, capacity 6907K, committed 6912K, reserved 1048576K
}
Event: 64.516 GC heap before
{Heap before GC invocations=46 (full 0):
 garbage-first heap   total 63488K, used 53159K [0x0000000080000000, 0x0000000100000000)
  region size 1024K, 3 young (3072K), 1 survivors (1024K)
 Metaspace       used 50990K, capacity 52285K, committed 52476K, reserved 1095680K
  class space    used 6471K, capacity 6973K, committed 7040K, reserved 1048576K
}
Event: 64.523 GC heap after
{Heap after GC invocations=47 (full 0):
 garbage-first heap   total 76800K, used 51182K [0x0000000080000000, 0x0000000100000000)
  region size 1024K, 1 young (1024K), 1 survivors (1024K)
 Metaspace       used 50990K, capacity 52285K, committed 52476K, reserved 1095680K
  class space    used 6471K, capacity 6973K, committed 7040K, reserved 1048576K
}
Event: 65.337 GC heap before
{Heap before GC invocations=47 (full 0):
 garbage-first heap   total 76800K, used 58350K [0x0000000080000000, 0x0000000100000000)
  region size 1024K, 9 young (9216K), 1 survivors (1024K)
 Metaspace       used 52030K, capacity 53311K, committed 53628K, reserved 1095680K
  class space    used 6604K, capacity 7077K, committed 7168K, reserved 1048576K
}
Event: 65.346 GC heap after
{Heap after GC invocations=48 (full 0):
 garbage-first heap   total 76800K, used 51431K [0x0000000080000000, 0x0000000100000000)
  region size 1024K, 1 young (1024K), 1 survivors (1024K)
 Metaspace       used 52030K, capacity 53311K, committed 53628K, reserved 1095680K
  class space    used 6604K, capacity 7077K, committed 7168K, reserved 1048576K
}
Event: 67.061 GC heap before
{Heap before GC invocations=49 (full 0):
 garbage-first heap   total 76800K, used 60647K [0x0000000080000000, 0x0000000100000000)
  region size 1024K, 10 young (10240K), 1 survivors (1024K)
 Metaspace       used 53246K, capacity 54594K, committed 54780K, reserved 1097728K
  class space    used 6755K, capacity 7272K, committed 7296K, reserved 1048576K
}
Event: 67.070 GC heap after
{Heap after GC invocations=50 (full 0):
 garbage-first heap   total 76800K, used 51778K [0x0000000080000000, 0x0000000100000000)
  region size 1024K, 1 young (1024K), 1 survivors (1024K)
 Metaspace       used 53246K, capacity 54594K, committed 54780K, reserved 1097728K
  class space    used 6755K, capacity 7272K, committed 7296K, reserved 1048576K
}
Event: 70.676 GC heap before
{Heap before GC invocations=50 (full 0):
 garbage-first heap   total 76800K, used 60994K [0x0000000080000000, 0x0000000100000000)
  region size 1024K, 10 young (10240K), 1 survivors (1024K)
 Metaspace       used 54543K, capacity 55939K, committed 56188K, reserved 1097728K
  class space    used 6937K, capacity 7420K, committed 7424K, reserved 1048576K
}
Event: 70.686 GC heap after
{Heap after GC invocations=51 (full 0):
 garbage-first heap   total 76800K, used 52219K [0x0000000080000000, 0x0000000100000000)
  region size 1024K, 2 young (2048K), 2 survivors (2048K)
 Metaspace       used 54543K, capacity 55939K, committed 56188K, reserved 1097728K
  class space    used 6937K, capacity 7420K, committed 7424K, reserved 1048576K
}
Event: 72.668 GC heap before
{Heap before GC invocations=52 (full 0):
 garbage-first heap   total 76800K, used 61435K [0x0000000080000000, 0x0000000100000000)
  region size 1024K, 11 young (11264K), 2 survivors (2048K)
 Metaspace       used 56294K, capacity 57751K, committed 57980K, reserved 1099776K
  class space    used 7112K, capacity 7620K, committed 7680K, reserved 1048576K
}

Deoptimization events (20 events):
Event: 63.349 Thread 0x000002577af8c800 Uncommon trap: trap_request=0xffffff45 fr.pc=0x0000025707c7f8d4 relative=0x0000000000000cb4
Event: 63.349 Thread 0x000002577af8c800 Uncommon trap: reason=unstable_fused_if action=reinterpret pc=0x0000025707c7f8d4 method=org.objectweb.asm.ByteVector.putUTF8(Ljava/lang/String;)Lorg/objectweb/asm/ByteVector; @ 93 c2
Event: 63.349 Thread 0x000002577af8c800 DEOPT PACKING pc=0x0000025707c7f8d4 sp=0x000000831fcf7920
Event: 63.349 Thread 0x000002577af8c800 DEOPT UNPACKING pc=0x00000257000262a9 sp=0x000000831fcf7878 mode 2
Event: 63.514 Thread 0x000002577af8c800 Uncommon trap: trap_request=0xffffff45 fr.pc=0x0000025707bf6974 relative=0x0000000000000214
Event: 63.514 Thread 0x000002577af8c800 Uncommon trap: reason=unstable_fused_if action=reinterpret pc=0x0000025707bf6974 method=org.objectweb.asm.ByteVector.putUTF8(Ljava/lang/String;)Lorg/objectweb/asm/ByteVector; @ 93 c2
Event: 63.514 Thread 0x000002577af8c800 DEOPT PACKING pc=0x0000025707bf6974 sp=0x000000831fcf7c50
Event: 63.514 Thread 0x000002577af8c800 DEOPT UNPACKING pc=0x00000257000262a9 sp=0x000000831fcf7bd0 mode 2
Event: 65.347 Thread 0x0000025779719800 Uncommon trap: trap_request=0xffffffde fr.pc=0x0000025707bf99ec relative=0x000000000000052c
Event: 65.347 Thread 0x0000025779719800 Uncommon trap: reason=class_check action=maybe_recompile pc=0x0000025707bf99ec method=jdk.internal.ref.PhantomCleanable.clean()V @ 12 c2
Event: 65.347 Thread 0x0000025779719800 DEOPT PACKING pc=0x0000025707bf99ec sp=0x000000831f3ff350
Event: 65.347 Thread 0x0000025779719800 DEOPT UNPACKING pc=0x00000257000262a9 sp=0x000000831f3ff330 mode 2
Event: 67.778 Thread 0x000002577af8c800 DEOPT PACKING pc=0x0000025701162463 sp=0x000000831fcf6090
Event: 67.778 Thread 0x000002577af8c800 DEOPT UNPACKING pc=0x00000257000266bf sp=0x000000831fcf5540 mode 0
Event: 67.779 Thread 0x000002577af8c800 DEOPT PACKING pc=0x0000025701162463 sp=0x000000831fcf6090
Event: 67.779 Thread 0x000002577af8c800 DEOPT UNPACKING pc=0x00000257000266bf sp=0x000000831fcf5540 mode 0
Event: 67.799 Thread 0x000002577af8c800 DEOPT PACKING pc=0x0000025700a43b97 sp=0x000000831fcf6390
Event: 67.799 Thread 0x000002577af8c800 DEOPT UNPACKING pc=0x00000257000266bf sp=0x000000831fcf5918 mode 0
Event: 67.884 Thread 0x000002577af8c800 DEOPT PACKING pc=0x0000025700a43b97 sp=0x000000831fcf6470
Event: 67.884 Thread 0x000002577af8c800 DEOPT UNPACKING pc=0x00000257000266bf sp=0x000000831fcf59f8 mode 0

Classes redefined (0 events):
No events

Internal exceptions (20 events):
Event: 61.235 Thread 0x000002577af8c800 Exception <a 'java/lang/ClassNotFoundException'{0x0000000083ab1c60}: org/gradle/api/tasks/Delete_DecoratedCustomizer> (0x0000000083ab1c60) thrown at [./src/hotspot/share/classfile/systemDictionary.cpp, line 231]
Event: 61.314 Thread 0x000002577af8c800 Exception <a 'java/lang/NoSuchMethodError'{0x0000000083dd40e0}: 'long java.lang.invoke.DirectMethodHandle$Holder.invokeVirtual(java.lang.Object, java.lang.Object)'> (0x0000000083dd40e0) thrown at [./src/hotspot/share/interpreter/linkResolver.cpp, line 773]
Event: 61.345 Thread 0x000002577b5d4000 Exception <a 'java/lang/NoSuchMethodError'{0x0000000083c09200}: <clinit>> (0x0000000083c09200) thrown at [./src/hotspot/share/prims/jni.cpp, line 1362]
Event: 61.358 Thread 0x000002577b5d4000 Exception <a 'java/lang/NoSuchMethodError'{0x0000000083c368b8}: <clinit>> (0x0000000083c368b8) thrown at [./src/hotspot/share/prims/jni.cpp, line 1362]
Event: 61.358 Thread 0x000002577b5d4000 Exception <a 'java/lang/NoSuchMethodError'{0x0000000083c37e58}: <clinit>> (0x0000000083c37e58) thrown at [./src/hotspot/share/prims/jni.cpp, line 1362]
Event: 61.358 Thread 0x000002577b5d4000 Exception <a 'java/lang/NoSuchMethodError'{0x0000000083c39600}: <clinit>> (0x0000000083c39600) thrown at [./src/hotspot/share/prims/jni.cpp, line 1362]
Event: 61.359 Thread 0x000002577b5d4000 Exception <a 'java/lang/NoSuchMethodError'{0x0000000083c3aac8}: <clinit>> (0x0000000083c3aac8) thrown at [./src/hotspot/share/prims/jni.cpp, line 1362]
Event: 61.395 Thread 0x000002577b5d4000 Exception <a 'java/lang/NoSuchMethodError'{0x0000000083c751a8}: <clinit>> (0x0000000083c751a8) thrown at [./src/hotspot/share/prims/jni.cpp, line 1362]
Event: 61.404 Thread 0x000002577b5d4000 Exception <a 'java/lang/NoSuchMethodError'{0x0000000083c81cd8}: <clinit>> (0x0000000083c81cd8) thrown at [./src/hotspot/share/prims/jni.cpp, line 1362]
Event: 61.415 Thread 0x000002577b5d4000 Exception <a 'java/lang/NoSuchMethodError'{0x0000000083c9a808}: <clinit>> (0x0000000083c9a808) thrown at [./src/hotspot/share/prims/jni.cpp, line 1362]
Event: 61.659 Thread 0x000002577af8c800 Exception <a 'java/lang/ClassNotFoundException'{0x0000000083d22ac8}: build_7jces40fm9iml0lyi55bhv85sBeanInfo> (0x0000000083d22ac8) thrown at [./src/hotspot/share/classfile/systemDictionary.cpp, line 231]
Event: 61.659 Thread 0x000002577af8c800 Exception <a 'java/lang/ClassNotFoundException'{0x0000000083d2df98}: build_7jces40fm9iml0lyi55bhv85sCustomizer> (0x0000000083d2df98) thrown at [./src/hotspot/share/classfile/systemDictionary.cpp, line 231]
Event: 61.814 Thread 0x000002577af8c800 Exception <a 'java/lang/ClassNotFoundException'{0x0000000083ce1220}: org/gradle/api/internal/plugins/DefaultObjectConfigurationActionBeanInfo> (0x0000000083ce1220) thrown at [./src/hotspot/share/classfile/systemDictionary.cpp, line 231]
Event: 61.826 Thread 0x000002577af8c800 Exception <a 'java/lang/ClassNotFoundException'{0x0000000083d18a20}: org/gradle/api/internal/plugins/DefaultObjectConfigurationActionCustomizer> (0x0000000083d18a20) thrown at [./src/hotspot/share/classfile/systemDictionary.cpp, line 231]
Event: 63.294 Thread 0x000002577af8c800 Exception <a 'java/lang/NoSuchMethodError'{0x0000000083da2588}: 'java.lang.Object java.lang.invoke.DirectMethodHandle$Holder.invokeStatic(java.lang.Object, java.lang.Object, java.lang.Object, java.lang.Object, int)'> (0x0000000083da2588) thrown at [./src/hotspot/share/interpreter/linkResolver.cpp, line 773]
Event: 63.295 Thread 0x000002577af8c800 Exception <a 'java/lang/NoSuchMethodError'{0x0000000083da6f80}: 'java.lang.Object java.lang.invoke.DirectMethodHandle$Holder.invokeSpecial(java.lang.Object, java.lang.Object, java.lang.Object, java.lang.Object, java.lang.Object, int)'> (0x0000000083da6f80) thrown at [./src/hotspot/share/interpreter/linkResolver.cpp, line 773]
Event: 63.296 Thread 0x000002577af8c800 Exception <a 'java/lang/NoSuchMethodError'{0x0000000083dab800}: 'java.lang.Object java.lang.invoke.Invokers$Holder.linkToTargetMethod(java.lang.Object, java.lang.Object, java.lang.Object, int, java.lang.Object)'> (0x0000000083dab800) thrown at [./src/hotspot/share/interpreter/linkResolver.cpp, line 773]
Event: 65.845 Thread 0x000002577af8c800 Exception <a 'java/lang/NoSuchMethodError'{0x0000000084820570}: 'java.lang.Object java.lang.invoke.DirectMethodHandle$Holder.invokeSpecial(java.lang.Object, java.lang.Object, int, int, java.lang.Object, java.lang.Object, java.lang.Object)'> (0x0000000084820570) thrown at [./src/hotspot/share/interpreter/linkResolver.cpp, line 773]
Event: 65.892 Thread 0x000002577af8c800 Exception <a 'java/lang/NoSuchMethodError'{0x0000000084824af0}: 'java.lang.Object java.lang.invoke.DelegatingMethodHandle$Holder.reinvoke_L(java.lang.Object, int, int, java.lang.Object, java.lang.Object, java.lang.Object)'> (0x0000000084824af0) thrown at [./src/hotspot/share/interpreter/linkResolver.cpp, line 773]
Event: 70.358 Thread 0x000002577af8c800 Exception <a 'java/lang/NoSuchMethodError'{0x000000008441fa58}: 'int java.lang.invoke.DirectMethodHandle$Holder.invokeInterface(java.lang.Object, java.lang.Object, java.lang.Object, java.lang.Object)'> (0x000000008441fa58) thrown at [./src/hotspot/share/interpreter/linkResolver.cpp, line 773]

Events (20 events):
Event: 72.612 loading class com/android/build/gradle/internal/ide/dependencies/MavenCoordinatesCacheBuildService$RegistrationAction done
Event: 72.614 loading class com/android/build/gradle/internal/ide/dependencies/MavenCoordinatesCacheBuildService
Event: 72.614 loading class com/android/build/gradle/internal/ide/dependencies/MavenCoordinatesCacheBuildService done
Event: 72.616 loading class com/android/build/gradle/internal/ide/dependencies/MavenCoordinatesCacheBuildService$Parameters
Event: 72.616 loading class com/android/build/gradle/internal/ide/dependencies/MavenCoordinatesCacheBuildService$Parameters done
Event: 72.627 loading class com/android/build/gradle/internal/ide/dependencies/LibraryDependencyCacheBuildService$RegistrationAction
Event: 72.627 loading class com/android/build/gradle/internal/ide/dependencies/LibraryDependencyCacheBuildService$RegistrationAction done
Event: 72.651 loading class com/android/build/gradle/internal/ide/dependencies/LibraryDependencyCacheBuildService
Event: 72.651 loading class com/android/build/gradle/internal/ide/dependencies/LibraryDependencyCacheBuildService done
Event: 72.653 loading class com/android/build/gradle/internal/ide/dependencies/LibraryDependencyCacheBuildService$Parameters
Event: 72.653 loading class com/android/build/gradle/internal/ide/dependencies/LibraryDependencyCacheBuildService$Parameters done
Event: 72.662 loading class com/android/build/gradle/internal/ide/v2/GlobalLibraryBuildService$RegistrationAction
Event: 72.662 loading class com/android/build/gradle/internal/ide/v2/GlobalLibraryBuildService$RegistrationAction done
Event: 72.664 loading class com/android/build/gradle/internal/ide/v2/GlobalLibraryBuildService
Event: 72.664 loading class com/android/build/gradle/internal/ide/v2/GlobalLibraryBuildService done
Event: 72.666 loading class com/android/build/gradle/internal/ide/dependencies/LibraryService
Event: 72.666 loading class com/android/build/gradle/internal/ide/dependencies/LibraryService done
Event: 72.668 loading class com/android/build/gradle/internal/ide/v2/GlobalLibraryBuildService$Parameters
Event: 72.668 loading class com/android/build/gradle/internal/ide/v2/GlobalLibraryBuildService$Parameters done
Event: 72.668 Executing VM operation: G1CollectForAllocation


Dynamic libraries:
0x00007ff737a30000 - 0x00007ff737a3a000 	C:\Program Files\Android\Android Studio\jre\bin\java.exe
0x00007ffeb38b0000 - 0x00007ffeb3aa5000 	C:\WINDOWS\SYSTEM32\ntdll.dll
0x00007ffeb2c50000 - 0x00007ffeb2d0e000 	C:\WINDOWS\System32\KERNEL32.DLL
0x00007ffeb0fd0000 - 0x00007ffeb1298000 	C:\WINDOWS\System32\KERNELBASE.dll
0x00007ffeb16e0000 - 0x00007ffeb17e0000 	C:\WINDOWS\System32\ucrtbase.dll
0x00007ffea36f0000 - 0x00007ffea3709000 	C:\Program Files\Android\Android Studio\jre\bin\jli.dll
0x00007ffea3530000 - 0x00007ffea3547000 	C:\Program Files\Android\Android Studio\jre\bin\VCRUNTIME140.dll
0x00007ffeb1a70000 - 0x00007ffeb1c10000 	C:\WINDOWS\System32\USER32.dll
0x00007ffeb1550000 - 0x00007ffeb1572000 	C:\WINDOWS\System32\win32u.dll
0x00007ffeb20a0000 - 0x00007ffeb20ca000 	C:\WINDOWS\System32\GDI32.dll
0x00007ffeb1440000 - 0x00007ffeb154b000 	C:\WINDOWS\System32\gdi32full.dll
0x00007ffeb13a0000 - 0x00007ffeb143d000 	C:\WINDOWS\System32\msvcp_win.dll
0x00007ffe990a0000 - 0x00007ffe9933a000 	C:\WINDOWS\WinSxS\amd64_microsoft.windows.common-controls_6595b64144ccf1df_6.0.19041.1110_none_60b5254171f9507e\COMCTL32.dll
0x00007ffeb2d10000 - 0x00007ffeb2dae000 	C:\WINDOWS\System32\msvcrt.dll
0x00007ffeb2db0000 - 0x00007ffeb2de0000 	C:\WINDOWS\System32\IMM32.DLL
0x00007ffe84950000 - 0x00007ffe849ed000 	C:\Program Files\Android\Android Studio\jre\bin\msvcp140.dll
0x00007ffe66960000 - 0x00007ffe67435000 	C:\Program Files\Android\Android Studio\jre\bin\server\jvm.dll
0x00007ffeb1910000 - 0x00007ffeb19be000 	C:\WINDOWS\System32\ADVAPI32.dll
0x00007ffeb2bb0000 - 0x00007ffeb2c4c000 	C:\WINDOWS\System32\sechost.dll
0x00007ffeb1c10000 - 0x00007ffeb1d35000 	C:\WINDOWS\System32\RPCRT4.dll
0x00007ffeb2f00000 - 0x00007ffeb2f08000 	C:\WINDOWS\System32\PSAPI.DLL
0x00007ffe8ee90000 - 0x00007ffe8eeb7000 	C:\WINDOWS\SYSTEM32\WINMM.dll
0x00007ffea2fe0000 - 0x00007ffea2fea000 	C:\WINDOWS\SYSTEM32\VERSION.dll
0x00007ffea38a0000 - 0x00007ffea38a9000 	C:\WINDOWS\SYSTEM32\WSOCK32.dll
0x00007ffeb3720000 - 0x00007ffeb378b000 	C:\WINDOWS\System32\WS2_32.dll
0x00007ffeaf8d0000 - 0x00007ffeaf8e2000 	C:\WINDOWS\SYSTEM32\kernel.appcore.dll
0x00007ffea3230000 - 0x00007ffea3241000 	C:\Program Files\Android\Android Studio\jre\bin\verify.dll
0x00007ffeaf5b0000 - 0x00007ffeaf794000 	C:\WINDOWS\SYSTEM32\DBGHELP.DLL
0x00007ffe9f5a0000 - 0x00007ffe9f5cc000 	C:\WINDOWS\SYSTEM32\dbgcore.DLL
0x00007ffeb17e0000 - 0x00007ffeb1862000 	C:\WINDOWS\System32\bcryptPrimitives.dll
0x00007ffea3200000 - 0x00007ffea3229000 	C:\Program Files\Android\Android Studio\jre\bin\java.dll
0x00007ffea3860000 - 0x00007ffea386b000 	C:\Program Files\Android\Android Studio\jre\bin\jimage.dll
0x00007ffea31e0000 - 0x00007ffea31f8000 	C:\Program Files\Android\Android Studio\jre\bin\zip.dll
0x00007ffeb2f20000 - 0x00007ffeb3664000 	C:\WINDOWS\System32\SHELL32.dll
0x00007ffeaed40000 - 0x00007ffeaf4d4000 	C:\WINDOWS\SYSTEM32\windows.storage.dll
0x00007ffeb1d40000 - 0x00007ffeb2094000 	C:\WINDOWS\System32\combase.dll
0x00007ffeb0a40000 - 0x00007ffeb0a6c000 	C:\WINDOWS\SYSTEM32\Wldp.dll
0x00007ffeb3670000 - 0x00007ffeb371d000 	C:\WINDOWS\System32\SHCORE.dll
0x00007ffeb2210000 - 0x00007ffeb2265000 	C:\WINDOWS\System32\shlwapi.dll
0x00007ffeb0f10000 - 0x00007ffeb0f2f000 	C:\WINDOWS\SYSTEM32\profapi.dll
0x00007ffe9ee40000 - 0x00007ffe9ee5a000 	C:\Program Files\Android\Android Studio\jre\bin\net.dll
0x00007ffea1c40000 - 0x00007ffea1d4a000 	C:\WINDOWS\SYSTEM32\WINHTTP.dll
0x00007ffeb07a0000 - 0x00007ffeb080a000 	C:\WINDOWS\system32\mswsock.dll
0x00007ffe9eba0000 - 0x00007ffe9ebb4000 	C:\Program Files\Android\Android Studio\jre\bin\nio.dll
0x00007ffe87240000 - 0x00007ffe87267000 	C:\Users\Mickley Khoza\.gradle\native\e1d6ef7f7dcc3fd88c89a11ec53ec762bb8ba0a96d01ffa2cd45eb1d1d8dd5c5\windows-amd64\native-platform.dll
0x00007ffe72190000 - 0x00007ffe722d4000 	C:\Users\Mickley Khoza\.gradle\native\5664cfc778a61ccfe75a443a1ab52a65af34e5dc3c78e0209fed803814484fcb\windows-amd64\native-platform-file-events.dll
0x00007ffea3500000 - 0x00007ffea350a000 	C:\Program Files\Android\Android Studio\jre\bin\management.dll
0x00007ffe9ed00000 - 0x00007ffe9ed0d000 	C:\Program Files\Android\Android Studio\jre\bin\management_ext.dll
0x00007ffeb0990000 - 0x00007ffeb09a8000 	C:\WINDOWS\SYSTEM32\CRYPTSP.dll
0x00007ffeb00b0000 - 0x00007ffeb00e4000 	C:\WINDOWS\system32\rsaenh.dll
0x00007ffeb1870000 - 0x00007ffeb1897000 	C:\WINDOWS\System32\bcrypt.dll
0x00007ffeb0ed0000 - 0x00007ffeb0efe000 	C:\WINDOWS\SYSTEM32\USERENV.dll
0x00007ffeb09b0000 - 0x00007ffeb09bc000 	C:\WINDOWS\SYSTEM32\CRYPTBASE.dll
0x00007ffeb0440000 - 0x00007ffeb047b000 	C:\WINDOWS\SYSTEM32\IPHLPAPI.DLL
0x00007ffeb2f10000 - 0x00007ffeb2f18000 	C:\WINDOWS\System32\NSI.dll
0x00007ffea2ba0000 - 0x00007ffea2bb7000 	C:\WINDOWS\SYSTEM32\dhcpcsvc6.DLL
0x00007ffea2f50000 - 0x00007ffea2f6d000 	C:\WINDOWS\SYSTEM32\dhcpcsvc.DLL
0x00007ffeb0490000 - 0x00007ffeb055b000 	C:\WINDOWS\SYSTEM32\DNSAPI.dll

dbghelp: loaded successfully - version: 4.0.5 - missing functions: none
symbol engine: initialized successfully - sym options: 0x614 - pdb path: .;C:\Program Files\Android\Android Studio\jre\bin;C:\WINDOWS\SYSTEM32;C:\WINDOWS\WinSxS\amd64_microsoft.windows.common-controls_6595b64144ccf1df_6.0.19041.1110_none_60b5254171f9507e;C:\Program Files\Android\Android Studio\jre\bin\server;C:\Users\Mickley Khoza\.gradle\native\e1d6ef7f7dcc3fd88c89a11ec53ec762bb8ba0a96d01ffa2cd45eb1d1d8dd5c5\windows-amd64;C:\Users\Mickley Khoza\.gradle\native\5664cfc778a61ccfe75a443a1ab52a65af34e5dc3c78e0209fed803814484fcb\windows-amd64

VM Arguments:
jvm_args: --add-opens=java.base/java.util=ALL-UNNAMED --add-opens=java.base/java.lang=ALL-UNNAMED --add-opens=java.base/java.lang.invoke=ALL-UNNAMED --add-opens=java.base/java.util=ALL-UNNAMED --add-opens=java.prefs/java.util.prefs=ALL-UNNAMED --add-opens=java.prefs/java.util.prefs=ALL-UNNAMED --add-opens=java.base/java.nio.charset=ALL-UNNAMED --add-opens=java.base/java.net=ALL-UNNAMED --add-opens=java.base/java.util.concurrent.atomic=ALL-UNNAMED -Xmx2048m -Dfile.encoding=UTF-8 -Duser.country=ZA -Duser.language=en -Duser.variant 
java_command: org.gradle.launcher.daemon.bootstrap.GradleDaemon 7.2
java_class_path (initial): C:\Users\Mickley Khoza\.gradle\wrapper\dists\gradle-7.2-bin\2dnblmf4td7x66yl1d74lt32g\gradle-7.2\lib\gradle-launcher-7.2.jar
Launcher Type: SUN_STANDARD

[Global flags]
     intx CICompilerCount                          = 2                                         {product} {ergonomic}
     uint ConcGCThreads                            = 1                                         {product} {ergonomic}
     uint G1ConcRefinementThreads                  = 2                                         {product} {ergonomic}
   size_t G1HeapRegionSize                         = 1048576                                   {product} {ergonomic}
    uintx GCDrainStackTargetSize                   = 64                                        {product} {ergonomic}
   size_t InitialHeapSize                          = 65011712                                  {product} {ergonomic}
   size_t MarkStackSize                            = 4194304                                   {product} {ergonomic}
   size_t MaxHeapSize                              = 2147483648                                {product} {command line}
   size_t MaxNewSize                               = 1287651328                                {product} {ergonomic}
   size_t MinHeapDeltaBytes                        = 1048576                                   {product} {ergonomic}
    uintx NonNMethodCodeHeapSize                   = 5825164                                {pd product} {ergonomic}
    uintx NonProfiledCodeHeapSize                  = 122916538                              {pd product} {ergonomic}
    uintx ProfiledCodeHeapSize                     = 122916538                              {pd product} {ergonomic}
    uintx ReservedCodeCacheSize                    = 251658240                              {pd product} {ergonomic}
     bool SegmentedCodeCache                       = true                                      {product} {ergonomic}
     bool UseCompressedClassPointers               = true                                 {lp64_product} {ergonomic}
     bool UseCompressedOops                        = true                                 {lp64_product} {ergonomic}
     bool UseG1GC                                  = true                                      {product} {ergonomic}
     bool UseLargePagesIndividualAllocation        = false                                  {pd product} {ergonomic}

Logging:
Log output configuration:
 #0: stdout all=warning uptime,level,tags
 #1: stderr all=off uptime,level,tags

Environment Variables:
PATH=C:\Program Files\Common Files\Oracle\Java\javapath;C:\WINDOWS\system32;C:\WINDOWS;C:\WINDOWS\System32\Wbem;C:\WINDOWS\System32\WindowsPowerShell\v1.0\;C:\WINDOWS\System32\OpenSSH\;C:\Users\Administrator\AppData\Local\Microsoft\WindowsApps;C:\Recovery\OEM\Backup\;C:\Program Files\Intel\TXE Components\DAL\;C:\Program Files (x86)\Intel\TXE Components\DAL\;%JAVA_HOME%\bin;C:\Program Files\Git\cmd;C:\WINDOWS\system32;C:\WINDOWS;C:\WINDOWS\System32\Wbem;C:\WINDOWS\System32\WindowsPowerShell\v1.0\;C:\WINDOWS\System32\OpenSSH\;C:\ProgramData\chocolatey\bin;C:\Users\Mickley Khoza\AppData\Local\Microsoft\WindowsApps;;C:\Program Files\JetBrains\IntelliJ IDEA 2021.2.1\bin;
USERNAME=Mickley Khoza
OS=Windows_NT
PROCESSOR_IDENTIFIER=Intel64 Family 6 Model 92 Stepping 9, GenuineIntel



---------------  S Y S T E M  ---------------

OS: Windows 10 , 64 bit Build 19041 (10.0.19041.1645)
OS uptime: 2 days 19:07 hours

CPU:total 2 (initial active 2) (2 cores per cpu, 1 threads per core) family 6 model 92 stepping 9 microcode 0x38, cmov, cx8, fxsr, mmx, sse, sse2, sse3, ssse3, sse4.1, sse4.2, popcnt, aes, clmul, erms, 3dnowpref, tsc, tscinvbit, sha

Memory: 4k page, system-wide physical 3927M (253M free)
TotalPageFile size 9460M (AvailPageFile size 5M)
current process WorkingSet (physical memory assigned to process): 225M, peak: 237M
current process commit charge ("private bytes"): 254M, peak: 269M

vm_info: OpenJDK 64-Bit Server VM (11.0.11+9-b60-7590822) for windows-amd64 JRE (11.0.11+9-b60-7590822), built on Jul 29 2021 21:43:44 by "builder" with MS VC++ 14.0 (VS2015)

END.
