#
# There is insufficient memory for the Java Runtime Environment to continue.
# Native memory allocation (malloc) failed to allocate 1330736 bytes for Chunk::new
# Possible reasons:
#   The system is out of physical RAM or swap space
#   The process is running with CompressedOops enabled, and the Java Heap may be blocking the growth of the native heap
# Possible solutions:
#   Reduce memory load on the system
#   Increase physical memory or swap space
#   Check if swap backing store is full
#   Decrease Java heap size (-Xmx/-Xms)
#   Decrease number of Java threads
#   Decrease Java thread stack sizes (-Xss)
#   Set larger code cache with -XX:ReservedCodeCacheSize=
#   JVM is running with Unscaled Compressed Oops mode in which the Java heap is
#     placed in the first 4GB address space. The Java Heap base address is the
#     maximum limit for the native heap growth. Please use -XX:HeapBaseMinAddress
#     to set the Java Heap base and to place the Java Heap above 4GB virtual address.
# This output file may be truncated or incomplete.
#
#  Out of Memory Error (./src/hotspot/share/memory/arena.cpp:197), pid=9340, tid=9824
#
# JRE version: OpenJDK Runtime Environment (11.0.11+9) (build 11.0.11+9-b60-7590822)
# Java VM: OpenJDK 64-Bit Server VM (11.0.11+9-b60-7590822, mixed mode, tiered, compressed oops, g1 gc, windows-amd64)
# No core dump will be written. Minidumps are not enabled by default on client versions of Windows
#

---------------  S U M M A R Y ------------

Command Line: --add-opens=java.base/java.util=ALL-UNNAMED --add-opens=java.base/java.lang=ALL-UNNAMED --add-opens=java.base/java.lang.invoke=ALL-UNNAMED --add-opens=java.base/java.util=ALL-UNNAMED --add-opens=java.prefs/java.util.prefs=ALL-UNNAMED --add-opens=java.prefs/java.util.prefs=ALL-UNNAMED --add-opens=java.base/java.nio.charset=ALL-UNNAMED --add-opens=java.base/java.net=ALL-UNNAMED --add-opens=java.base/java.util.concurrent.atomic=ALL-UNNAMED -Xmx2048m -Dfile.encoding=UTF-8 -Duser.country=ZA -Duser.language=en -Duser.variant org.gradle.launcher.daemon.bootstrap.GradleDaemon 7.2

Host: Intel(R) Celeron(R) CPU N3350 @ 1.10GHz, 2 cores, 3G,  Windows 10 , 64 bit Build 19041 (10.0.19041.1645)
Time: Mon May  2 17:54:39 2022 South Africa Standard Time elapsed time: 1014.389653 seconds (0d 0h 16m 54s)

---------------  T H R E A D  ---------------

Current thread (0x0000025f78ff4000):  JavaThread "C2 CompilerThread0" daemon [_thread_in_native, id=9824, stack(0x0000008798900000,0x0000008798a00000)]


Current CompileTask:
C2:1014389 16623   !   4       org.gradle.internal.classloader.CachingClassLoader::loadClass (85 bytes)

Stack: [0x0000008798900000,0x0000008798a00000]
Native frames: (J=compiled Java code, j=interpreted, Vv=VM code, C=native code)
V  [jvm.dll+0x5f214a]
V  [jvm.dll+0x726fb5]
V  [jvm.dll+0x7285cd]
V  [jvm.dll+0x728c83]
V  [jvm.dll+0x243278]
V  [jvm.dll+0xbc53c]
V  [jvm.dll+0xbca3c]
V  [jvm.dll+0x353e7d]
V  [jvm.dll+0x321893]
V  [jvm.dll+0x320d8a]
V  [jvm.dll+0x1fc1e2]
V  [jvm.dll+0x1fb3d4]
V  [jvm.dll+0x183d6c]
V  [jvm.dll+0x209a57]
V  [jvm.dll+0x2082a1]
V  [jvm.dll+0x6ef58f]
V  [jvm.dll+0x6e80b5]
V  [jvm.dll+0x5f1036]
C  [ucrtbase.dll+0x21bb2]
C  [KERNEL32.DLL+0x17034]
C  [ntdll.dll+0x52651]


---------------  P R O C E S S  ---------------

Threads class SMR info:
_java_thread_list=0x0000025f02c39720, length=69, elements={
0x0000025f5f8fa800, 0x0000025f78f8e000, 0x0000025f78f8f800, 0x0000025f78fec800,
0x0000025f78fed800, 0x0000025f78ff0000, 0x0000025f78ff4000, 0x0000025f78ffc000,
0x0000025f79009000, 0x0000025f79a5c000, 0x0000025f7ac07800, 0x0000025f7b424800,
0x0000025f7b498000, 0x0000025f7ac6e000, 0x0000025f7ac6a800, 0x0000025f7ac6a000,
0x0000025f7ac6b800, 0x0000025f7ac69000, 0x0000025f7c8ad800, 0x0000025f7c8aa800,
0x0000025f7c8ae800, 0x0000025f7c8a9800, 0x0000025f7d79e000, 0x0000025f7c3b7800,
0x0000025f7c3b9000, 0x0000025f03db6800, 0x0000025f03db5000, 0x0000025f03db5800,
0x0000025f03db8000, 0x0000025f03db7000, 0x0000025f03db9000, 0x0000025f03db9800,
0x0000025f03dbc000, 0x0000025f03dc0000, 0x0000025f03dbe000, 0x0000025f03dbf800,
0x0000025f03dba800, 0x0000025f03dbd000, 0x0000025f03dbe800, 0x0000025f03dc1000,
0x0000025f03dbb800, 0x0000025f03dc2000, 0x0000025f03dc2800, 0x0000025f7d7a1000,
0x0000025f7d7a0800, 0x0000025f7d79e800, 0x0000025f7d7a2800, 0x0000025f7d7a2000,
0x0000025f7d79d000, 0x0000025f7d7a3800, 0x0000025f7d7a4800, 0x0000025f7d79f800,
0x0000025f7d7a8800, 0x0000025f7d7a7000, 0x0000025f7d7ab000, 0x0000025f7d7a5000,
0x0000025f7d7ab800, 0x0000025f7d7a6000, 0x0000025f7d7a7800, 0x0000025f7d7aa000,
0x0000025f7d7a9800, 0x0000025f7c3ae800, 0x0000025f7c3ac000, 0x0000025f7c3af000,
0x0000025f7c3aa800, 0x0000025f7c3b0000, 0x0000025f7c3ac800, 0x0000025f7c3b1000,
0x0000025f7c3ab000
}

Java Threads: ( => current thread )
  0x0000025f5f8fa800 JavaThread "main" [_thread_blocked, id=3236, stack(0x0000008797d00000,0x0000008797e00000)]
  0x0000025f78f8e000 JavaThread "Reference Handler" daemon [_thread_blocked, id=444, stack(0x0000008798400000,0x0000008798500000)]
  0x0000025f78f8f800 JavaThread "Finalizer" daemon [_thread_blocked, id=9224, stack(0x0000008798500000,0x0000008798600000)]
  0x0000025f78fec800 JavaThread "Signal Dispatcher" daemon [_thread_blocked, id=6644, stack(0x0000008798600000,0x0000008798700000)]
  0x0000025f78fed800 JavaThread "Attach Listener" daemon [_thread_blocked, id=7680, stack(0x0000008798700000,0x0000008798800000)]
  0x0000025f78ff0000 JavaThread "Service Thread" daemon [_thread_blocked, id=512, stack(0x0000008798800000,0x0000008798900000)]
=>0x0000025f78ff4000 JavaThread "C2 CompilerThread0" daemon [_thread_in_native, id=9824, stack(0x0000008798900000,0x0000008798a00000)]
  0x0000025f78ffc000 JavaThread "C1 CompilerThread0" daemon [_thread_blocked, id=6132, stack(0x0000008798a00000,0x0000008798b00000)]
  0x0000025f79009000 JavaThread "Sweeper thread" daemon [_thread_blocked, id=7948, stack(0x0000008798b00000,0x0000008798c00000)]
  0x0000025f79a5c000 JavaThread "Common-Cleaner" daemon [_thread_blocked, id=4484, stack(0x0000008798c00000,0x0000008798d00000)]
  0x0000025f7ac07800 JavaThread "Daemon health stats" [_thread_blocked, id=2892, stack(0x0000008798f00000,0x0000008799000000)]
  0x0000025f7b424800 JavaThread "Incoming local TCP Connector on port 64089" [_thread_in_native, id=9928, stack(0x0000008799000000,0x0000008799100000)]
  0x0000025f7b498000 JavaThread "Daemon periodic checks" [_thread_blocked, id=9996, stack(0x0000008799100000,0x0000008799200000)]
  0x0000025f7ac6e000 JavaThread "Cache worker for journal cache (C:\Users\Mickley Khoza\.gradle\caches\journal-1)" [_thread_blocked, id=1784, stack(0x0000008799900000,0x0000008799a00000)]
  0x0000025f7ac6a800 JavaThread "File lock request listener" [_thread_in_native, id=3752, stack(0x0000008799a00000,0x0000008799b00000)]
  0x0000025f7ac6a000 JavaThread "Cache worker for file hash cache (C:\Users\Mickley Khoza\.gradle\caches\7.2\fileHashes)" [_thread_blocked, id=6140, stack(0x0000008799b00000,0x0000008799c00000)]
  0x0000025f7ac6b800 JavaThread "File watcher server" daemon [_thread_in_native, id=6260, stack(0x0000008799d00000,0x0000008799e00000)]
  0x0000025f7ac69000 JavaThread "File watcher consumer" daemon [_thread_blocked, id=4704, stack(0x0000008799e00000,0x0000008799f00000)]
  0x0000025f7c8ad800 JavaThread "Cache worker for execution history cache (C:\Users\Mickley Khoza\.gradle\caches\7.2\executionHistory)" [_thread_blocked, id=2488, stack(0x000000879a200000,0x000000879a300000)]
  0x0000025f7c8aa800 JavaThread "jar transforms" [_thread_blocked, id=8156, stack(0x000000879a300000,0x000000879a400000)]
  0x0000025f7c8ae800 JavaThread "Cache worker for file content cache (C:\Users\Mickley Khoza\.gradle\caches\7.2\fileContent)" [_thread_blocked, id=9808, stack(0x000000879a400000,0x000000879a500000)]
  0x0000025f7c8a9800 JavaThread "jar transforms Thread 2" [_thread_blocked, id=3976, stack(0x000000879a500000,0x000000879a600000)]
  0x0000025f7d79e000 JavaThread "Memory manager" [_thread_blocked, id=8276, stack(0x000000879be00000,0x000000879bf00000)]
  0x0000025f7c3b7800 JavaThread "RMI Scheduler(0)" daemon [_thread_blocked, id=8428, stack(0x000000879c600000,0x000000879c700000)]
  0x0000025f7c3b9000 JavaThread "RMI GC Daemon" daemon [_thread_blocked, id=8748, stack(0x000000879c800000,0x000000879c900000)]
  0x0000025f03db6800 JavaThread "RMI TCP Accept-0" daemon [_thread_in_native, id=6204, stack(0x000000879c900000,0x000000879ca00000)]
  0x0000025f03db5000 JavaThread "RMI Reaper" [_thread_blocked, id=468, stack(0x000000879ca00000,0x000000879cb00000)]
  0x0000025f03db5800 JavaThread "Daemon Thread 3" [_thread_blocked, id=2752, stack(0x0000008797b00000,0x0000008797c00000)]
  0x0000025f03db8000 JavaThread "Handler for socket connection from /127.0.0.1:64089 to /127.0.0.1:64969" [_thread_in_native, id=2588, stack(0x0000008797c00000,0x0000008797d00000)]
  0x0000025f03db7000 JavaThread "Cancel handler" [_thread_blocked, id=9572, stack(0x0000008799200000,0x0000008799300000)]
  0x0000025f03db9000 JavaThread "Daemon worker Thread 3" [_thread_blocked, id=7120, stack(0x0000008799300000,0x0000008799400000)]
  0x0000025f03db9800 JavaThread "Asynchronous log dispatcher for DefaultDaemonConnection: socket connection from /127.0.0.1:64089 to /127.0.0.1:64969" [_thread_blocked, id=4520, stack(0x0000008799400000,0x0000008799500000)]
  0x0000025f03dbc000 JavaThread "Daemon client event forwarder" [_thread_blocked, id=8164, stack(0x0000008799600000,0x0000008799700000)]
  0x0000025f03dc0000 JavaThread "Cache worker for file hash cache (C:\Users\Mickley Khoza\AndroidStudioProjects\Practical02\.gradle\7.2\fileHashes)" [_thread_blocked, id=8052, stack(0x0000008799700000,0x0000008799800000)]
  0x0000025f03dbe000 JavaThread "Cache worker for checksums cache (C:\Users\Mickley Khoza\AndroidStudioProjects\Practical02\.gradle\checksums)" [_thread_blocked, id=3656, stack(0x0000008799800000,0x0000008799900000)]
  0x0000025f03dbf800 JavaThread "Cache worker for cache directory md-supplier (C:\Users\Mickley Khoza\.gradle\caches\7.2\md-supplier)" [_thread_blocked, id=8712, stack(0x0000008799c00000,0x0000008799d00000)]
  0x0000025f03dba800 JavaThread "Cache worker for cache directory md-rule (C:\Users\Mickley Khoza\.gradle\caches\7.2\md-rule)" [_thread_blocked, id=3048, stack(0x0000008799f00000,0x000000879a000000)]
  0x0000025f03dbd000 JavaThread "Cache worker for dependencies-accessors (C:\Users\Mickley Khoza\AndroidStudioProjects\Practical02\.gradle\7.2\dependencies-accessors)" [_thread_blocked, id=336, stack(0x000000879a000000,0x000000879a100000)]
  0x0000025f03dbe800 JavaThread "Cache worker for Build Output Cleanup Cache (C:\Users\Mickley Khoza\AndroidStudioProjects\Practical02\.gradle\buildOutputCleanup)" [_thread_blocked, id=7276, stack(0x000000879a100000,0x000000879a200000)]
  0x0000025f03dc1000 JavaThread "Unconstrained build operations" [_thread_blocked, id=6136, stack(0x000000879a600000,0x000000879a700000)]
  0x0000025f03dbb800 JavaThread "Unconstrained build operations Thread 2" [_thread_blocked, id=7992, stack(0x000000879a700000,0x000000879a800000)]
  0x0000025f03dc2000 JavaThread "Unconstrained build operations Thread 3" [_thread_blocked, id=9344, stack(0x000000879a800000,0x000000879a900000)]
  0x0000025f03dc2800 JavaThread "Unconstrained build operations Thread 4" [_thread_blocked, id=9736, stack(0x000000879a900000,0x000000879aa00000)]
  0x0000025f7d7a1000 JavaThread "Unconstrained build operations Thread 5" [_thread_blocked, id=2396, stack(0x000000879aa00000,0x000000879ab00000)]
  0x0000025f7d7a0800 JavaThread "Unconstrained build operations Thread 6" [_thread_blocked, id=2336, stack(0x000000879ab00000,0x000000879ac00000)]
  0x0000025f7d79e800 JavaThread "Unconstrained build operations Thread 7" [_thread_blocked, id=9484, stack(0x000000879ac00000,0x000000879ad00000)]
  0x0000025f7d7a2800 JavaThread "Unconstrained build operations Thread 8" [_thread_blocked, id=1828, stack(0x000000879ad00000,0x000000879ae00000)]
  0x0000025f7d7a2000 JavaThread "Unconstrained build operations Thread 9" [_thread_blocked, id=9812, stack(0x000000879ae00000,0x000000879af00000)]
  0x0000025f7d79d000 JavaThread "Unconstrained build operations Thread 10" [_thread_blocked, id=8148, stack(0x000000879af00000,0x000000879b000000)]
  0x0000025f7d7a3800 JavaThread "Unconstrained build operations Thread 11" [_thread_blocked, id=2720, stack(0x000000879b000000,0x000000879b100000)]
  0x0000025f7d7a4800 JavaThread "Unconstrained build operations Thread 12" [_thread_blocked, id=4148, stack(0x000000879b100000,0x000000879b200000)]
  0x0000025f7d79f800 JavaThread "Unconstrained build operations Thread 13" [_thread_blocked, id=564, stack(0x000000879b200000,0x000000879b300000)]
  0x0000025f7d7a8800 JavaThread "Unconstrained build operations Thread 14" [_thread_blocked, id=2592, stack(0x000000879b300000,0x000000879b400000)]
  0x0000025f7d7a7000 JavaThread "Unconstrained build operations Thread 15" [_thread_blocked, id=4424, stack(0x000000879b400000,0x000000879b500000)]
  0x0000025f7d7ab000 JavaThread "Unconstrained build operations Thread 16" [_thread_blocked, id=8268, stack(0x000000879b500000,0x000000879b600000)]
  0x0000025f7d7a5000 JavaThread "Unconstrained build operations Thread 17" [_thread_blocked, id=804, stack(0x000000879b600000,0x000000879b700000)]
  0x0000025f7d7ab800 JavaThread "Unconstrained build operations Thread 18" [_thread_blocked, id=6228, stack(0x000000879b700000,0x000000879b800000)]
  0x0000025f7d7a6000 JavaThread "Unconstrained build operations Thread 19" [_thread_blocked, id=2536, stack(0x000000879b800000,0x000000879b900000)]
  0x0000025f7d7a7800 JavaThread "Unconstrained build operations Thread 20" [_thread_blocked, id=2460, stack(0x000000879b900000,0x000000879ba00000)]
  0x0000025f7d7aa000 JavaThread "build event listener" [_thread_blocked, id=8040, stack(0x000000879ba00000,0x000000879bb00000)]
  0x0000025f7d7a9800 JavaThread "Execution worker for ':'" [_thread_blocked, id=10152, stack(0x000000879bb00000,0x000000879bc00000)]
  0x0000025f7c3ae800 JavaThread "Cache worker for execution history cache (C:\Users\Mickley Khoza\AndroidStudioProjects\Practical02\.gradle\7.2\executionHistory)" [_thread_blocked, id=1396, stack(0x000000879bc00000,0x000000879bd00000)]
  0x0000025f7c3ac000 JavaThread "RMI RenewClean-[127.0.0.1:17558,org.jetbrains.kotlin.daemon.common.LoopbackNetworkInterface$ClientLoopbackSocketFactory@2994d081]" daemon [_thread_blocked, id=1044, stack(0x000000879bd00000,0x000000879be00000)]
  0x0000025f7c3af000 JavaThread "RMI TCP Connection(3)-127.0.0.1" daemon [_thread_in_native, id=9676, stack(0x000000879bf00000,0x000000879c000000)]
  0x0000025f7c3aa800 JavaThread "Cache worker for Java compile cache (C:\Users\Mickley Khoza\.gradle\caches\7.2\javaCompile)" [_thread_blocked, id=3432, stack(0x0000008799500000,0x0000008799600000)]
  0x0000025f7c3b0000 JavaThread "Build operations" [_thread_blocked, id=2908, stack(0x000000879c000000,0x000000879c100000)]
  0x0000025f7c3ac800 JavaThread "Build operations Thread 2" [_thread_blocked, id=4812, stack(0x000000879c100000,0x000000879c200000)]
  0x0000025f7c3b1000 JavaThread "WorkerExecutor Queue" [_thread_in_vm, id=10080, stack(0x000000879c200000,0x000000879c300000)]
  0x0000025f7c3ab000 JavaThread "WorkerExecutor Queue Thread 2" [_thread_blocked, id=7620, stack(0x000000879c300000,0x000000879c400000)]

Other Threads:
  0x0000025f78f86000 VMThread "VM Thread" [stack: 0x0000008798300000,0x0000008798400000] [id=3092]
  0x0000025f79aba000 WatcherThread [stack: 0x0000008798d00000,0x0000008798e00000] [id=4100]
  0x0000025f5f912000 GCTaskThread "GC Thread#0" [stack: 0x0000008797e00000,0x0000008797f00000] [id=2732]
  0x0000025f79b4c800 GCTaskThread "GC Thread#1" [stack: 0x0000008798e00000,0x0000008798f00000] [id=8120]
  0x0000025f5f941000 ConcurrentGCThread "G1 Main Marker" [stack: 0x0000008797f00000,0x0000008798000000] [id=6056]
  0x0000025f5f945800 ConcurrentGCThread "G1 Conc#0" [stack: 0x0000008798000000,0x0000008798100000] [id=2712]
  0x0000025f5f996000 ConcurrentGCThread "G1 Refine#0" [stack: 0x0000008798100000,0x0000008798200000] [id=2288]
  0x0000025f5f998000 ConcurrentGCThread "G1 Young RemSet Sampling" [stack: 0x0000008798200000,0x0000008798300000] [id=8068]

Threads with active compile tasks:
C2 CompilerThread01014467 16623   !   4       org.gradle.internal.classloader.CachingClassLoader::loadClass (85 bytes)

VM state:not at safepoint (normal execution)

VM Mutex/Monitor currently owned by a thread: None

Heap address: 0x0000000080000000, size: 2048 MB, Compressed Oops mode: 32-bit
Narrow klass base: 0x0000000000000000, Narrow klass shift: 3
Compressed class space size: 1073741824 Address: 0x0000000100000000

Heap:
 garbage-first heap   total 159744K, used 120089K [0x0000000080000000, 0x0000000100000000)
  region size 1024K, 18 young (18432K), 3 survivors (3072K)
 Metaspace       used 114457K, capacity 117352K, committed 117628K, reserved 1150976K
  class space    used 14423K, capacity 15508K, committed 15616K, reserved 1048576K
Heap Regions: E=young(eden), S=young(survivor), O=old, HS=humongous(starts), HC=humongous(continues), CS=collection set, F=free, A=archive, TAMS=top-at-mark-start (previous, next)
|   0|0x0000000080000000, 0x0000000080100000, 0x0000000080100000|100%| O|  |TAMS 0x0000000080100000, 0x0000000080000000| Untracked 
|   1|0x0000000080100000, 0x0000000080200000, 0x0000000080200000|100%| O|  |TAMS 0x0000000080200000, 0x0000000080100000| Untracked 
|   2|0x0000000080200000, 0x0000000080300000, 0x0000000080300000|100%| O|  |TAMS 0x0000000080300000, 0x0000000080200000| Untracked 
|   3|0x0000000080300000, 0x0000000080400000, 0x0000000080400000|100%| O|  |TAMS 0x0000000080400000, 0x0000000080300000| Untracked 
|   4|0x0000000080400000, 0x0000000080500000, 0x0000000080500000|100%|HS|  |TAMS 0x0000000080500000, 0x0000000080400000| Complete 
|   5|0x0000000080500000, 0x0000000080600000, 0x0000000080600000|100%|HC|  |TAMS 0x0000000080600000, 0x0000000080500000| Complete 
|   6|0x0000000080600000, 0x0000000080700000, 0x0000000080700000|100%|HC|  |TAMS 0x0000000080700000, 0x0000000080600000| Complete 
|   7|0x0000000080700000, 0x0000000080800000, 0x0000000080800000|100%| O|  |TAMS 0x0000000080800000, 0x0000000080700000| Untracked 
|   8|0x0000000080800000, 0x0000000080900000, 0x0000000080900000|100%| O|  |TAMS 0x0000000080900000, 0x0000000080800000| Untracked 
|   9|0x0000000080900000, 0x0000000080a00000, 0x0000000080a00000|100%| O|  |TAMS 0x0000000080a00000, 0x0000000080900000| Untracked 
|  10|0x0000000080a00000, 0x0000000080b00000, 0x0000000080b00000|100%| O|  |TAMS 0x0000000080b00000, 0x0000000080a00000| Untracked 
|  11|0x0000000080b00000, 0x0000000080c00000, 0x0000000080c00000|100%| O|  |TAMS 0x0000000080c00000, 0x0000000080b00000| Untracked 
|  12|0x0000000080c00000, 0x0000000080d00000, 0x0000000080d00000|100%| O|  |TAMS 0x0000000080c00000, 0x0000000080c00000| Untracked 
|  13|0x0000000080d00000, 0x0000000080e00000, 0x0000000080e00000|100%| O|  |TAMS 0x0000000080e00000, 0x0000000080d00000| Untracked 
|  14|0x0000000080e00000, 0x0000000080f00000, 0x0000000080f00000|100%| O|  |TAMS 0x0000000080f00000, 0x0000000080e00000| Untracked 
|  15|0x0000000080f00000, 0x0000000081000000, 0x0000000081000000|100%| O|  |TAMS 0x0000000081000000, 0x0000000080f00000| Untracked 
|  16|0x0000000081000000, 0x0000000081100000, 0x0000000081100000|100%| O|  |TAMS 0x0000000081100000, 0x0000000081000000| Untracked 
|  17|0x0000000081100000, 0x0000000081200000, 0x0000000081200000|100%| O|  |TAMS 0x0000000081200000, 0x0000000081100000| Untracked 
|  18|0x0000000081200000, 0x0000000081300000, 0x0000000081300000|100%| O|  |TAMS 0x0000000081300000, 0x0000000081200000| Untracked 
|  19|0x0000000081300000, 0x0000000081400000, 0x0000000081400000|100%| O|  |TAMS 0x0000000081400000, 0x0000000081300000| Untracked 
|  20|0x0000000081400000, 0x0000000081500000, 0x0000000081500000|100%| O|  |TAMS 0x0000000081500000, 0x0000000081400000| Untracked 
|  21|0x0000000081500000, 0x0000000081600000, 0x0000000081600000|100%| O|  |TAMS 0x0000000081600000, 0x0000000081500000| Untracked 
|  22|0x0000000081600000, 0x0000000081700000, 0x0000000081700000|100%| O|  |TAMS 0x0000000081700000, 0x0000000081600000| Untracked 
|  23|0x0000000081700000, 0x0000000081800000, 0x0000000081800000|100%| O|  |TAMS 0x0000000081800000, 0x0000000081700000| Untracked 
|  24|0x0000000081800000, 0x0000000081900000, 0x0000000081900000|100%| O|  |TAMS 0x0000000081900000, 0x0000000081800000| Untracked 
|  25|0x0000000081900000, 0x0000000081a00000, 0x0000000081a00000|100%| O|  |TAMS 0x0000000081a00000, 0x0000000081900000| Untracked 
|  26|0x0000000081a00000, 0x0000000081b00000, 0x0000000081b00000|100%| O|  |TAMS 0x0000000081b00000, 0x0000000081a00000| Untracked 
|  27|0x0000000081b00000, 0x0000000081c00000, 0x0000000081c00000|100%| O|  |TAMS 0x0000000081c00000, 0x0000000081b00000| Untracked 
|  28|0x0000000081c00000, 0x0000000081d00000, 0x0000000081d00000|100%|HS|  |TAMS 0x0000000081d00000, 0x0000000081c00000| Complete 
|  29|0x0000000081d00000, 0x0000000081e00000, 0x0000000081e00000|100%|HS|  |TAMS 0x0000000081e00000, 0x0000000081d00000| Complete 
|  30|0x0000000081e00000, 0x0000000081f00000, 0x0000000081f00000|100%|HS|  |TAMS 0x0000000081f00000, 0x0000000081e00000| Complete 
|  31|0x0000000081f00000, 0x0000000082000000, 0x0000000082000000|100%|HS|  |TAMS 0x0000000082000000, 0x0000000081f00000| Complete 
|  32|0x0000000082000000, 0x0000000082100000, 0x0000000082100000|100%| O|  |TAMS 0x0000000082100000, 0x0000000082000000| Untracked 
|  33|0x0000000082100000, 0x0000000082200000, 0x0000000082200000|100%| O|  |TAMS 0x0000000082200000, 0x0000000082100000| Untracked 
|  34|0x0000000082200000, 0x0000000082300000, 0x0000000082300000|100%| O|  |TAMS 0x0000000082300000, 0x0000000082200000| Untracked 
|  35|0x0000000082300000, 0x0000000082400000, 0x0000000082400000|100%| O|  |TAMS 0x0000000082400000, 0x0000000082300000| Untracked 
|  36|0x0000000082400000, 0x0000000082500000, 0x0000000082500000|100%| O|  |TAMS 0x0000000082500000, 0x0000000082400000| Untracked 
|  37|0x0000000082500000, 0x0000000082600000, 0x0000000082600000|100%|HS|  |TAMS 0x0000000082600000, 0x0000000082500000| Complete 
|  38|0x0000000082600000, 0x0000000082700000, 0x0000000082700000|100%|HC|  |TAMS 0x0000000082700000, 0x0000000082600000| Complete 
|  39|0x0000000082700000, 0x0000000082800000, 0x0000000082800000|100%|HC|  |TAMS 0x0000000082800000, 0x0000000082700000| Complete 
|  40|0x0000000082800000, 0x0000000082900000, 0x0000000082900000|100%| O|  |TAMS 0x0000000082900000, 0x0000000082800000| Untracked 
|  41|0x0000000082900000, 0x0000000082a00000, 0x0000000082a00000|100%| O|  |TAMS 0x0000000082a00000, 0x0000000082900000| Untracked 
|  42|0x0000000082a00000, 0x0000000082b00000, 0x0000000082b00000|100%| O|  |TAMS 0x0000000082b00000, 0x0000000082a00000| Untracked 
|  43|0x0000000082b00000, 0x0000000082c00000, 0x0000000082c00000|100%|HS|  |TAMS 0x0000000082c00000, 0x0000000082b00000| Complete 
|  44|0x0000000082c00000, 0x0000000082d00000, 0x0000000082d00000|100%|HC|  |TAMS 0x0000000082d00000, 0x0000000082c00000| Complete 
|  45|0x0000000082d00000, 0x0000000082e00000, 0x0000000082e00000|100%| O|  |TAMS 0x0000000082d00000, 0x0000000082d00000| Untracked 
|  46|0x0000000082e00000, 0x0000000082f00000, 0x0000000082f00000|100%| O|  |TAMS 0x0000000082f00000, 0x0000000082e00000| Untracked 
|  47|0x0000000082f00000, 0x0000000083000000, 0x0000000083000000|100%| O|  |TAMS 0x0000000082f00000, 0x0000000082f00000| Untracked 
|  48|0x0000000083000000, 0x0000000083100000, 0x0000000083100000|100%| O|  |TAMS 0x0000000083100000, 0x0000000083000000| Untracked 
|  49|0x0000000083100000, 0x0000000083200000, 0x0000000083200000|100%| O|  |TAMS 0x0000000083200000, 0x0000000083100000| Untracked 
|  50|0x0000000083200000, 0x0000000083300000, 0x0000000083300000|100%| O|  |TAMS 0x0000000083300000, 0x0000000083200000| Untracked 
|  51|0x0000000083300000, 0x0000000083400000, 0x0000000083400000|100%| O|  |TAMS 0x0000000083400000, 0x0000000083300000| Untracked 
|  52|0x0000000083400000, 0x0000000083500000, 0x0000000083500000|100%| O|  |TAMS 0x0000000083500000, 0x0000000083400000| Untracked 
|  53|0x0000000083500000, 0x0000000083600000, 0x0000000083600000|100%| O|  |TAMS 0x0000000083600000, 0x0000000083500000| Untracked 
|  54|0x0000000083600000, 0x0000000083700000, 0x0000000083700000|100%| O|  |TAMS 0x0000000083700000, 0x0000000083600000| Untracked 
|  55|0x0000000083700000, 0x0000000083800000, 0x0000000083800000|100%| O|  |TAMS 0x0000000083800000, 0x0000000083700000| Untracked 
|  56|0x0000000083800000, 0x0000000083900000, 0x0000000083900000|100%| O|  |TAMS 0x0000000083900000, 0x0000000083800000| Untracked 
|  57|0x0000000083900000, 0x0000000083a00000, 0x0000000083a00000|100%| O|  |TAMS 0x0000000083a00000, 0x0000000083900000| Untracked 
|  58|0x0000000083a00000, 0x0000000083b00000, 0x0000000083b00000|100%| O|  |TAMS 0x0000000083b00000, 0x0000000083a00000| Untracked 
|  59|0x0000000083b00000, 0x0000000083c00000, 0x0000000083c00000|100%| O|  |TAMS 0x0000000083c00000, 0x0000000083b00000| Untracked 
|  60|0x0000000083c00000, 0x0000000083d00000, 0x0000000083d00000|100%| O|  |TAMS 0x0000000083d00000, 0x0000000083c00000| Untracked 
|  61|0x0000000083d00000, 0x0000000083e00000, 0x0000000083e00000|100%| O|  |TAMS 0x0000000083e00000, 0x0000000083d00000| Untracked 
|  62|0x0000000083e00000, 0x0000000083f00000, 0x0000000083f00000|100%| O|  |TAMS 0x0000000083f00000, 0x0000000083e00000| Untracked 
|  63|0x0000000083f00000, 0x0000000084000000, 0x0000000084000000|100%| O|  |TAMS 0x0000000083f00000, 0x0000000083f00000| Untracked 
|  64|0x0000000084000000, 0x0000000084100000, 0x0000000084100000|100%| O|  |TAMS 0x0000000084100000, 0x0000000084000000| Untracked 
|  65|0x0000000084100000, 0x0000000084200000, 0x0000000084200000|100%| O|  |TAMS 0x0000000084200000, 0x0000000084100000| Untracked 
|  66|0x0000000084200000, 0x00000000842aca00, 0x0000000084300000| 67%| O|  |TAMS 0x0000000084200000, 0x0000000084200000| Untracked 
|  67|0x0000000084300000, 0x0000000084400000, 0x0000000084400000|100%| O|  |TAMS 0x0000000084400000, 0x0000000084300000| Untracked 
|  68|0x0000000084400000, 0x0000000084500000, 0x0000000084500000|100%| O|  |TAMS 0x0000000084500000, 0x0000000084400000| Untracked 
|  69|0x0000000084500000, 0x0000000084600000, 0x0000000084600000|100%| O|  |TAMS 0x0000000084600000, 0x0000000084500000| Untracked 
|  70|0x0000000084600000, 0x0000000084700000, 0x0000000084700000|100%| O|  |TAMS 0x0000000084700000, 0x0000000084600000| Untracked 
|  71|0x0000000084700000, 0x0000000084800000, 0x0000000084800000|100%| O|  |TAMS 0x0000000084800000, 0x0000000084700000| Untracked 
|  72|0x0000000084800000, 0x0000000084900000, 0x0000000084900000|100%| O|  |TAMS 0x0000000084900000, 0x0000000084800000| Untracked 
|  73|0x0000000084900000, 0x0000000084a00000, 0x0000000084a00000|100%| O|  |TAMS 0x0000000084a00000, 0x0000000084900000| Untracked 
|  74|0x0000000084a00000, 0x0000000084b00000, 0x0000000084b00000|100%| O|  |TAMS 0x0000000084b00000, 0x0000000084a00000| Untracked 
|  75|0x0000000084b00000, 0x0000000084c00000, 0x0000000084c00000|100%| O|  |TAMS 0x0000000084c00000, 0x0000000084b00000| Untracked 
|  76|0x0000000084c00000, 0x0000000084d00000, 0x0000000084d00000|100%| O|  |TAMS 0x0000000084d00000, 0x0000000084c00000| Untracked 
|  77|0x0000000084d00000, 0x0000000084e00000, 0x0000000084e00000|100%| O|  |TAMS 0x0000000084e00000, 0x0000000084d00000| Untracked 
|  78|0x0000000084e00000, 0x0000000084f00000, 0x0000000084f00000|100%| O|  |TAMS 0x0000000084f00000, 0x0000000084e00000| Untracked 
|  79|0x0000000084f00000, 0x0000000085000000, 0x0000000085000000|100%| O|  |TAMS 0x0000000085000000, 0x0000000084f00000| Untracked 
|  80|0x0000000085000000, 0x0000000085100000, 0x0000000085100000|100%| O|  |TAMS 0x0000000085100000, 0x0000000085000000| Untracked 
|  81|0x0000000085100000, 0x0000000085200000, 0x0000000085200000|100%| O|  |TAMS 0x0000000085200000, 0x0000000085100000| Untracked 
|  82|0x0000000085200000, 0x0000000085300000, 0x0000000085300000|100%| O|  |TAMS 0x0000000085300000, 0x0000000085200000| Untracked 
|  83|0x0000000085300000, 0x0000000085400000, 0x0000000085400000|100%| O|  |TAMS 0x0000000085400000, 0x0000000085300000| Untracked 
|  84|0x0000000085400000, 0x0000000085500000, 0x0000000085500000|100%| O|  |TAMS 0x0000000085500000, 0x0000000085400000| Untracked 
|  85|0x0000000085500000, 0x0000000085600000, 0x0000000085600000|100%| O|  |TAMS 0x0000000085600000, 0x0000000085500000| Untracked 
|  86|0x0000000085600000, 0x0000000085700000, 0x0000000085700000|100%| O|  |TAMS 0x0000000085700000, 0x0000000085600000| Untracked 
|  87|0x0000000085700000, 0x0000000085800000, 0x0000000085800000|100%| O|  |TAMS 0x0000000085800000, 0x0000000085700000| Untracked 
|  88|0x0000000085800000, 0x0000000085900000, 0x0000000085900000|100%| O|  |TAMS 0x0000000085900000, 0x0000000085800000| Untracked 
|  89|0x0000000085900000, 0x0000000085a00000, 0x0000000085a00000|100%| O|  |TAMS 0x0000000085a00000, 0x0000000085900000| Untracked 
|  90|0x0000000085a00000, 0x0000000085b00000, 0x0000000085b00000|100%| O|  |TAMS 0x0000000085b00000, 0x0000000085a00000| Untracked 
|  91|0x0000000085b00000, 0x0000000085c00000, 0x0000000085c00000|100%| O|  |TAMS 0x0000000085c00000, 0x0000000085b00000| Untracked 
|  92|0x0000000085c00000, 0x0000000085c00000, 0x0000000085d00000|  0%| F|  |TAMS 0x0000000085c00000, 0x0000000085c00000| Untracked 
|  93|0x0000000085d00000, 0x0000000085e00000, 0x0000000085e00000|100%| O|  |TAMS 0x0000000085d00000, 0x0000000085d00000| Untracked 
|  94|0x0000000085e00000, 0x0000000085f00000, 0x0000000085f00000|100%| O|  |TAMS 0x0000000085e00000, 0x0000000085e00000| Untracked 
|  95|0x0000000085f00000, 0x0000000086000000, 0x0000000086000000|100%| O|  |TAMS 0x0000000085f00000, 0x0000000085f00000| Untracked 
|  96|0x0000000086000000, 0x0000000086100000, 0x0000000086100000|100%| O|  |TAMS 0x0000000086000000, 0x0000000086000000| Untracked 
|  97|0x0000000086100000, 0x0000000086200000, 0x0000000086200000|100%| O|  |TAMS 0x0000000086100000, 0x0000000086100000| Untracked 
|  98|0x0000000086200000, 0x0000000086300000, 0x0000000086300000|100%| O|  |TAMS 0x0000000086200000, 0x0000000086200000| Untracked 
|  99|0x0000000086300000, 0x0000000086400000, 0x0000000086400000|100%| O|  |TAMS 0x0000000086300000, 0x0000000086300000| Untracked 
| 100|0x0000000086400000, 0x0000000086500000, 0x0000000086500000|100%| O|  |TAMS 0x0000000086400000, 0x0000000086400000| Untracked 
| 101|0x0000000086500000, 0x0000000086600000, 0x0000000086600000|100%| O|  |TAMS 0x0000000086500000, 0x0000000086500000| Untracked 
| 102|0x0000000086600000, 0x0000000086600000, 0x0000000086700000|  0%| F|  |TAMS 0x0000000086600000, 0x0000000086600000| Untracked 
| 103|0x0000000086700000, 0x0000000086700000, 0x0000000086800000|  0%| F|  |TAMS 0x0000000086700000, 0x0000000086700000| Untracked 
| 104|0x0000000086800000, 0x0000000086800000, 0x0000000086900000|  0%| F|  |TAMS 0x0000000086800000, 0x0000000086800000| Untracked 
| 105|0x0000000086900000, 0x0000000086900000, 0x0000000086a00000|  0%| F|  |TAMS 0x0000000086900000, 0x0000000086900000| Untracked 
| 106|0x0000000086a00000, 0x0000000086a00000, 0x0000000086b00000|  0%| F|  |TAMS 0x0000000086a00000, 0x0000000086a00000| Untracked 
| 107|0x0000000086b00000, 0x0000000086b00000, 0x0000000086c00000|  0%| F|  |TAMS 0x0000000086b00000, 0x0000000086b00000| Untracked 
| 108|0x0000000086c00000, 0x0000000086c00000, 0x0000000086d00000|  0%| F|  |TAMS 0x0000000086c00000, 0x0000000086c00000| Untracked 
| 109|0x0000000086d00000, 0x0000000086d00000, 0x0000000086e00000|  0%| F|  |TAMS 0x0000000086d00000, 0x0000000086d00000| Untracked 
| 110|0x0000000086e00000, 0x0000000086e00000, 0x0000000086f00000|  0%| F|  |TAMS 0x0000000086e00000, 0x0000000086e00000| Untracked 
| 111|0x0000000086f00000, 0x0000000086f00000, 0x0000000087000000|  0%| F|  |TAMS 0x0000000086f00000, 0x0000000086f00000| Untracked 
| 112|0x0000000087000000, 0x0000000087000000, 0x0000000087100000|  0%| F|  |TAMS 0x0000000087000000, 0x0000000087000000| Untracked 
| 113|0x0000000087100000, 0x0000000087100000, 0x0000000087200000|  0%| F|  |TAMS 0x0000000087100000, 0x0000000087100000| Untracked 
| 114|0x0000000087200000, 0x0000000087200000, 0x0000000087300000|  0%| F|  |TAMS 0x0000000087200000, 0x0000000087200000| Untracked 
| 115|0x0000000087300000, 0x0000000087300000, 0x0000000087400000|  0%| F|  |TAMS 0x0000000087300000, 0x0000000087300000| Untracked 
| 116|0x0000000087400000, 0x0000000087400000, 0x0000000087500000|  0%| F|  |TAMS 0x0000000087400000, 0x0000000087400000| Untracked 
| 117|0x0000000087500000, 0x0000000087500000, 0x0000000087600000|  0%| F|  |TAMS 0x0000000087500000, 0x0000000087500000| Untracked 
| 118|0x0000000087600000, 0x0000000087600000, 0x0000000087700000|  0%| F|  |TAMS 0x0000000087600000, 0x0000000087600000| Untracked 
| 119|0x0000000087700000, 0x0000000087700000, 0x0000000087800000|  0%| F|  |TAMS 0x0000000087700000, 0x0000000087700000| Untracked 
| 120|0x0000000087800000, 0x0000000087800000, 0x0000000087900000|  0%| F|  |TAMS 0x0000000087800000, 0x0000000087800000| Untracked 
| 121|0x0000000087900000, 0x0000000087900000, 0x0000000087a00000|  0%| F|  |TAMS 0x0000000087900000, 0x0000000087900000| Untracked 
| 122|0x0000000087a00000, 0x0000000087a00000, 0x0000000087b00000|  0%| F|  |TAMS 0x0000000087a00000, 0x0000000087a00000| Untracked 
| 123|0x0000000087b00000, 0x0000000087b99ae0, 0x0000000087c00000| 60%| S|CS|TAMS 0x0000000087b00000, 0x0000000087b00000| Complete 
| 124|0x0000000087c00000, 0x0000000087d00000, 0x0000000087d00000|100%| S|CS|TAMS 0x0000000087c00000, 0x0000000087c00000| Complete 
| 125|0x0000000087d00000, 0x0000000087e00000, 0x0000000087e00000|100%| S|CS|TAMS 0x0000000087d00000, 0x0000000087d00000| Complete 
| 126|0x0000000087e00000, 0x0000000087e00000, 0x0000000087f00000|  0%| F|  |TAMS 0x0000000087e00000, 0x0000000087e00000| Untracked 
| 127|0x0000000087f00000, 0x0000000087f00000, 0x0000000088000000|  0%| F|  |TAMS 0x0000000087f00000, 0x0000000087f00000| Untracked 
| 128|0x0000000088000000, 0x0000000088000000, 0x0000000088100000|  0%| F|  |TAMS 0x0000000088000000, 0x0000000088000000| Untracked 
| 129|0x0000000088100000, 0x0000000088100000, 0x0000000088200000|  0%| F|  |TAMS 0x0000000088100000, 0x0000000088100000| Untracked 
| 130|0x0000000088200000, 0x0000000088200000, 0x0000000088300000|  0%| F|  |TAMS 0x0000000088200000, 0x0000000088200000| Untracked 
| 131|0x0000000088300000, 0x0000000088300000, 0x0000000088400000|  0%| F|  |TAMS 0x0000000088300000, 0x0000000088300000| Untracked 
| 132|0x0000000088400000, 0x0000000088400000, 0x0000000088500000|  0%| F|  |TAMS 0x0000000088400000, 0x0000000088400000| Untracked 
| 133|0x0000000088500000, 0x0000000088500000, 0x0000000088600000|  0%| F|  |TAMS 0x0000000088500000, 0x0000000088500000| Untracked 
| 134|0x0000000088600000, 0x0000000088600000, 0x0000000088700000|  0%| F|  |TAMS 0x0000000088600000, 0x0000000088600000| Untracked 
| 135|0x0000000088700000, 0x0000000088700000, 0x0000000088800000|  0%| F|  |TAMS 0x0000000088700000, 0x0000000088700000| Untracked 
| 136|0x0000000088800000, 0x0000000088800000, 0x0000000088900000|  0%| F|  |TAMS 0x0000000088800000, 0x0000000088800000| Untracked 
| 137|0x0000000088900000, 0x0000000088900000, 0x0000000088a00000|  0%| F|  |TAMS 0x0000000088900000, 0x0000000088900000| Untracked 
| 138|0x0000000088a00000, 0x0000000088a00000, 0x0000000088b00000|  0%| F|  |TAMS 0x0000000088a00000, 0x0000000088a00000| Untracked 
| 139|0x0000000088b00000, 0x0000000088b00000, 0x0000000088c00000|  0%| F|  |TAMS 0x0000000088b00000, 0x0000000088b00000| Untracked 
| 140|0x0000000088c00000, 0x0000000088c00000, 0x0000000088d00000|  0%| F|  |TAMS 0x0000000088c00000, 0x0000000088c00000| Untracked 
| 141|0x0000000088d00000, 0x0000000088dae370, 0x0000000088e00000| 68%| E|  |TAMS 0x0000000088d00000, 0x0000000088d00000| Complete 
| 142|0x0000000088e00000, 0x0000000088f00000, 0x0000000088f00000|100%| E|CS|TAMS 0x0000000088e00000, 0x0000000088e00000| Complete 
| 143|0x0000000088f00000, 0x0000000089000000, 0x0000000089000000|100%| E|CS|TAMS 0x0000000088f00000, 0x0000000088f00000| Complete 
| 144|0x0000000089000000, 0x0000000089100000, 0x0000000089100000|100%| E|CS|TAMS 0x0000000089000000, 0x0000000089000000| Complete 
| 145|0x0000000089100000, 0x0000000089200000, 0x0000000089200000|100%| E|CS|TAMS 0x0000000089100000, 0x0000000089100000| Complete 
| 146|0x0000000089200000, 0x0000000089300000, 0x0000000089300000|100%| E|CS|TAMS 0x0000000089200000, 0x0000000089200000| Complete 
| 147|0x0000000089300000, 0x0000000089400000, 0x0000000089400000|100%| E|CS|TAMS 0x0000000089300000, 0x0000000089300000| Complete 
| 148|0x0000000089400000, 0x0000000089500000, 0x0000000089500000|100%| E|CS|TAMS 0x0000000089400000, 0x0000000089400000| Complete 
| 149|0x0000000089500000, 0x0000000089600000, 0x0000000089600000|100%| E|CS|TAMS 0x0000000089500000, 0x0000000089500000| Complete 
| 150|0x0000000089600000, 0x0000000089700000, 0x0000000089700000|100%| E|CS|TAMS 0x0000000089600000, 0x0000000089600000| Complete 
| 151|0x0000000089700000, 0x0000000089800000, 0x0000000089800000|100%| E|CS|TAMS 0x0000000089700000, 0x0000000089700000| Complete 
| 152|0x0000000089800000, 0x0000000089900000, 0x0000000089900000|100%| E|CS|TAMS 0x0000000089800000, 0x0000000089800000| Complete 
| 153|0x0000000089900000, 0x0000000089a00000, 0x0000000089a00000|100%| E|CS|TAMS 0x0000000089900000, 0x0000000089900000| Complete 
| 154|0x0000000089a00000, 0x0000000089b00000, 0x0000000089b00000|100%| E|CS|TAMS 0x0000000089a00000, 0x0000000089a00000| Complete 
| 155|0x0000000089b00000, 0x0000000089c00000, 0x0000000089c00000|100%| E|CS|TAMS 0x0000000089b00000, 0x0000000089b00000| Complete 

Card table byte_map: [0x0000025f72400000,0x0000025f72800000] _byte_map_base: 0x0000025f72000000

Marking Bits (Prev, Next): (CMBitMap*) 0x0000025f5f938518, (CMBitMap*) 0x0000025f5f938550
 Prev Bits: [0x0000025f72c00000, 0x0000025f74c00000)
 Next Bits: [0x0000025f74c00000, 0x0000025f76c00000)

Polling page: 0x0000025f5d690000

Metaspace:

Usage:
  Non-class:     99.52 MB capacity,    97.70 MB ( 98%) used,     1.48 MB (  1%) free+waste,   351.00 KB ( <1%) overhead. 
      Class:     15.15 MB capacity,    14.09 MB ( 93%) used,   922.16 KB (  6%) free+waste,   157.56 KB (  1%) overhead. 
       Both:    114.67 MB capacity,   111.80 MB ( 97%) used,     2.38 MB (  2%) free+waste,   508.56 KB ( <1%) overhead. 

Virtual space:
  Non-class space:      100.00 MB reserved,      99.62 MB (>99%) committed 
      Class space:        1.00 GB reserved,      15.25 MB (  1%) committed 
             Both:        1.10 GB reserved,     114.87 MB ( 10%) committed 

Chunk freelists:
   Non-Class:  36.00 KB
       Class:  9.00 KB
        Both:  45.00 KB

MaxMetaspaceSize: 17179869184.00 GB
CompressedClassSpaceSize: 1.00 GB

CodeHeap 'non-profiled nmethods': size=120064Kb used=9847Kb max_used=9847Kb free=110217Kb
 bounds [0x0000025f6aec0000, 0x0000025f6b860000, 0x0000025f72400000]
CodeHeap 'profiled nmethods': size=120000Kb used=38189Kb max_used=38189Kb free=81810Kb
 bounds [0x0000025f63990000, 0x0000025f65ee0000, 0x0000025f6aec0000]
CodeHeap 'non-nmethods': size=5696Kb used=2348Kb max_used=2378Kb free=3347Kb
 bounds [0x0000025f63400000, 0x0000025f63670000, 0x0000025f63990000]
 total_blobs=17480 nmethods=16492 adapters=900
 compilation: enabled
              stopped_count=0, restarted_count=0
 full_count=0

Compilation events (20 events):
Event: 1014.060 Thread 0x0000025f78ff4000 nmethod 16613 0x0000025f6b85c010 code [0x0000025f6b85c1a0, 0x0000025f6b85c1f8]
Event: 1014.060 Thread 0x0000025f78ff4000 16559       4       java.lang.invoke.MemberName::initResolved (53 bytes)
Event: 1014.062 Thread 0x0000025f78ff4000 nmethod 16559 0x0000025f6b85c290 code [0x0000025f6b85c420, 0x0000025f6b85c538]
Event: 1014.062 Thread 0x0000025f78ff4000 16599       4       com.android.tools.r8.graph.S0::B (2 bytes)
Event: 1014.063 Thread 0x0000025f78ff4000 nmethod 16599 0x0000025f6b85c590 code [0x0000025f6b85c720, 0x0000025f6b85c778]
Event: 1014.067 Thread 0x0000025f78ffc000 16618       3       com.android.tools.r8.graph.P2::<init> (7 bytes)
Event: 1014.068 Thread 0x0000025f78ffc000 nmethod 16618 0x0000025f65ed5a10 code [0x0000025f65ed5bc0, 0x0000025f65ed5ce8]
Event: 1014.068 Thread 0x0000025f78ffc000 16619       3       com.android.tools.r8.graph.K::<init> (89 bytes)
Event: 1014.068 Thread 0x0000025f78ffc000 nmethod 16619 0x0000025f65ed5d90 code [0x0000025f65ed5f40, 0x0000025f65ed60a8]
Event: 1014.094 Thread 0x0000025f78ff4000 16620       4       jdk.internal.org.objectweb.asm.MethodVisitor::<init> (35 bytes)
Event: 1014.096 Thread 0x0000025f78ff4000 nmethod 16620 0x0000025f6b85c810 code [0x0000025f6b85c9a0, 0x0000025f6b85caf8]
Event: 1014.097 Thread 0x0000025f78ffc000 16621       3       com.android.tools.r8.graph.o2::N (53 bytes)
Event: 1014.099 Thread 0x0000025f78ffc000 nmethod 16621 0x0000025f65ed6190 code [0x0000025f65ed6420, 0x0000025f65ed7018]
Event: 1014.115 Thread 0x0000025f78ff4000 16622   !   4       com.google.common.collect.MapMakerInternalMap$Segment::get (58 bytes)
Event: 1014.124 Thread 0x0000025f78ffc000 16625   !   3       org.gradle.internal.concurrent.ManagedExecutorImpl$1::run (57 bytes)
Event: 1014.128 Thread 0x0000025f78ffc000 nmethod 16625 0x0000025f65ed7490 code [0x0000025f65ed78e0, 0x0000025f65ed9538]
Event: 1014.131 Thread 0x0000025f78ff4000 nmethod 16622 0x0000025f6b85cb90 code [0x0000025f6b85cd80, 0x0000025f6b85d2b8]
Event: 1014.132 Thread 0x0000025f78ff4000 16623   !   4       org.gradle.internal.classloader.CachingClassLoader::loadClass (85 bytes)
Event: 1014.367 Thread 0x0000025f78ffc000 16628       3       com.android.tools.r8.internal.AV0::c (47 bytes)
Event: 1014.369 Thread 0x0000025f78ffc000 nmethod 16628 0x0000025f65eda410 code [0x0000025f65eda660, 0x0000025f65edb008]

GC Heap History (20 events):
Event: 366.466 GC heap before
{Heap before GC invocations=57 (full 0):
 garbage-first heap   total 159744K, used 131266K [0x0000000080000000, 0x0000000100000000)
  region size 1024K, 45 young (46080K), 3 survivors (3072K)
 Metaspace       used 98826K, capacity 101155K, committed 101500K, reserved 1138688K
  class space    used 12339K, capacity 13202K, committed 13312K, reserved 1048576K
}
Event: 366.490 GC heap after
{Heap after GC invocations=58 (full 0):
 garbage-first heap   total 159744K, used 89058K [0x0000000080000000, 0x0000000100000000)
  region size 1024K, 3 young (3072K), 3 survivors (3072K)
 Metaspace       used 98826K, capacity 101155K, committed 101500K, reserved 1138688K
  class space    used 12339K, capacity 13202K, committed 13312K, reserved 1048576K
}
Event: 366.989 GC heap before
{Heap before GC invocations=58 (full 0):
 garbage-first heap   total 159744K, used 93154K [0x0000000080000000, 0x0000000100000000)
  region size 1024K, 7 young (7168K), 3 survivors (3072K)
 Metaspace       used 99057K, capacity 101353K, committed 101500K, reserved 1138688K
  class space    used 12345K, capacity 13202K, committed 13312K, reserved 1048576K
}
Event: 367.030 GC heap after
{Heap after GC invocations=59 (full 0):
 garbage-first heap   total 159744K, used 88327K [0x0000000080000000, 0x0000000100000000)
  region size 1024K, 1 young (1024K), 1 survivors (1024K)
 Metaspace       used 99057K, capacity 101353K, committed 101500K, reserved 1138688K
  class space    used 12345K, capacity 13202K, committed 13312K, reserved 1048576K
}
Event: 373.785 GC heap before
{Heap before GC invocations=59 (full 0):
 garbage-first heap   total 159744K, used 130311K [0x0000000080000000, 0x0000000100000000)
  region size 1024K, 43 young (44032K), 1 survivors (1024K)
 Metaspace       used 101792K, capacity 104183K, committed 104316K, reserved 1140736K
  class space    used 12655K, capacity 13508K, committed 13568K, reserved 1048576K
}
Event: 373.818 GC heap after
{Heap after GC invocations=60 (full 0):
 garbage-first heap   total 159744K, used 91666K [0x0000000080000000, 0x0000000100000000)
  region size 1024K, 5 young (5120K), 5 survivors (5120K)
 Metaspace       used 101792K, capacity 104183K, committed 104316K, reserved 1140736K
  class space    used 12655K, capacity 13508K, committed 13568K, reserved 1048576K
}
Event: 444.452 GC heap before
{Heap before GC invocations=61 (full 0):
 garbage-first heap   total 159744K, used 132626K [0x0000000080000000, 0x0000000100000000)
  region size 1024K, 45 young (46080K), 5 survivors (5120K)
 Metaspace       used 105093K, capacity 107659K, committed 108028K, reserved 1142784K
  class space    used 13132K, capacity 14088K, committed 14208K, reserved 1048576K
}
Event: 444.511 GC heap after
{Heap after GC invocations=62 (full 0):
 garbage-first heap   total 159744K, used 95383K [0x0000000080000000, 0x0000000100000000)
  region size 1024K, 4 young (4096K), 4 survivors (4096K)
 Metaspace       used 105093K, capacity 107659K, committed 108028K, reserved 1142784K
  class space    used 13132K, capacity 14088K, committed 14208K, reserved 1048576K
}
Event: 445.244 GC heap before
{Heap before GC invocations=62 (full 0):
 garbage-first heap   total 159744K, used 98455K [0x0000000080000000, 0x0000000100000000)
  region size 1024K, 7 young (7168K), 4 survivors (4096K)
 Metaspace       used 105111K, capacity 107660K, committed 108028K, reserved 1142784K
  class space    used 13133K, capacity 14088K, committed 14208K, reserved 1048576K
}
Event: 445.283 GC heap after
{Heap after GC invocations=63 (full 0):
 garbage-first heap   total 159744K, used 94863K [0x0000000080000000, 0x0000000100000000)
  region size 1024K, 1 young (1024K), 1 survivors (1024K)
 Metaspace       used 105111K, capacity 107660K, committed 108028K, reserved 1142784K
  class space    used 13133K, capacity 14088K, committed 14208K, reserved 1048576K
}
Event: 934.733 GC heap before
{Heap before GC invocations=63 (full 0):
 garbage-first heap   total 159744K, used 132751K [0x0000000080000000, 0x0000000100000000)
  region size 1024K, 39 young (39936K), 1 survivors (1024K)
 Metaspace       used 105432K, capacity 107960K, committed 108284K, reserved 1142784K
  class space    used 13154K, capacity 14113K, committed 14208K, reserved 1048576K
}
Event: 934.783 GC heap after
{Heap after GC invocations=64 (full 0):
 garbage-first heap   total 159744K, used 96818K [0x0000000080000000, 0x0000000100000000)
  region size 1024K, 3 young (3072K), 3 survivors (3072K)
 Metaspace       used 105432K, capacity 107960K, committed 108284K, reserved 1142784K
  class space    used 13154K, capacity 14113K, committed 14208K, reserved 1048576K
}
Event: 1007.600 GC heap before
{Heap before GC invocations=65 (full 0):
 garbage-first heap   total 159744K, used 133682K [0x0000000080000000, 0x0000000100000000)
  region size 1024K, 40 young (40960K), 3 survivors (3072K)
 Metaspace       used 105929K, capacity 108476K, committed 108796K, reserved 1144832K
  class space    used 13185K, capacity 14125K, committed 14208K, reserved 1048576K
}
Event: 1007.678 GC heap after
{Heap after GC invocations=66 (full 0):
 garbage-first heap   total 159744K, used 100906K [0x0000000080000000, 0x0000000100000000)
  region size 1024K, 5 young (5120K), 5 survivors (5120K)
 Metaspace       used 105929K, capacity 108476K, committed 108796K, reserved 1144832K
  class space    used 13185K, capacity 14125K, committed 14208K, reserved 1048576K
}
Event: 1007.917 GC heap before
{Heap before GC invocations=66 (full 0):
 garbage-first heap   total 159744K, used 101930K [0x0000000080000000, 0x0000000100000000)
  region size 1024K, 7 young (7168K), 5 survivors (5120K)
 Metaspace       used 105998K, capacity 108540K, committed 108796K, reserved 1144832K
  class space    used 13189K, capacity 14125K, committed 14208K, reserved 1048576K
}
Event: 1008.046 GC heap after
{Heap after GC invocations=67 (full 0):
 garbage-first heap   total 159744K, used 100197K [0x0000000080000000, 0x0000000100000000)
  region size 1024K, 1 young (1024K), 1 survivors (1024K)
 Metaspace       used 105998K, capacity 108540K, committed 108796K, reserved 1144832K
  class space    used 13189K, capacity 14125K, committed 14208K, reserved 1048576K
}
Event: 1009.803 GC heap before
{Heap before GC invocations=67 (full 0):
 garbage-first heap   total 159744K, used 133989K [0x0000000080000000, 0x0000000100000000)
  region size 1024K, 34 young (34816K), 1 survivors (1024K)
 Metaspace       used 107070K, capacity 109791K, committed 109948K, reserved 1144832K
  class space    used 13315K, capacity 14285K, committed 14336K, reserved 1048576K
}
Event: 1009.837 GC heap after
{Heap after GC invocations=68 (full 0):
 garbage-first heap   total 159744K, used 103189K [0x0000000080000000, 0x0000000100000000)
  region size 1024K, 4 young (4096K), 4 survivors (4096K)
 Metaspace       used 107070K, capacity 109791K, committed 109948K, reserved 1144832K
  class space    used 13315K, capacity 14285K, committed 14336K, reserved 1048576K
}
Event: 1013.140 GC heap before
{Heap before GC invocations=68 (full 0):
 garbage-first heap   total 159744K, used 132885K [0x0000000080000000, 0x0000000100000000)
  region size 1024K, 34 young (34816K), 4 survivors (4096K)
 Metaspace       used 111200K, capacity 113990K, committed 114172K, reserved 1148928K
  class space    used 13892K, capacity 14894K, committed 14976K, reserved 1048576K
}
Event: 1013.176 GC heap after
{Heap after GC invocations=69 (full 0):
 garbage-first heap   total 159744K, used 105753K [0x0000000080000000, 0x0000000100000000)
  region size 1024K, 3 young (3072K), 3 survivors (3072K)
 Metaspace       used 111200K, capacity 113990K, committed 114172K, reserved 1148928K
  class space    used 13892K, capacity 14894K, committed 14976K, reserved 1048576K
}

Deoptimization events (20 events):
Event: 1013.450 Thread 0x0000025f7c3b1000 Uncommon trap: trap_request=0xffffffbe fr.pc=0x0000025f6b84c8f0 relative=0x0000000000000a90
Event: 1013.450 Thread 0x0000025f7c3b1000 Uncommon trap: reason=profile_predicate action=maybe_recompile pc=0x0000025f6b84c8f0 method=com.android.tools.r8.graph.W0.R()Z @ 53 c2
Event: 1013.450 Thread 0x0000025f7c3b1000 DEOPT PACKING pc=0x0000025f6b84c8f0 sp=0x000000879c2fc5f0
Event: 1013.450 Thread 0x0000025f7c3b1000 DEOPT UNPACKING pc=0x0000025f634262a9 sp=0x000000879c2fc5a8 mode 2
Event: 1013.450 Thread 0x0000025f7c3b1000 Uncommon trap: trap_request=0xffffffbe fr.pc=0x0000025f6b84c8f0 relative=0x0000000000000a90
Event: 1013.450 Thread 0x0000025f7c3b1000 Uncommon trap: reason=profile_predicate action=maybe_recompile pc=0x0000025f6b84c8f0 method=com.android.tools.r8.graph.W0.R()Z @ 53 c2
Event: 1013.450 Thread 0x0000025f7c3b1000 DEOPT PACKING pc=0x0000025f6b84c8f0 sp=0x000000879c2fc5f0
Event: 1013.450 Thread 0x0000025f7c3b1000 DEOPT UNPACKING pc=0x0000025f634262a9 sp=0x000000879c2fc5a8 mode 2
Event: 1013.450 Thread 0x0000025f7c3b1000 Uncommon trap: trap_request=0xffffffbe fr.pc=0x0000025f6b84c8f0 relative=0x0000000000000a90
Event: 1013.450 Thread 0x0000025f7c3b1000 Uncommon trap: reason=profile_predicate action=maybe_recompile pc=0x0000025f6b84c8f0 method=com.android.tools.r8.graph.W0.R()Z @ 53 c2
Event: 1013.450 Thread 0x0000025f7c3b1000 DEOPT PACKING pc=0x0000025f6b84c8f0 sp=0x000000879c2fc5f0
Event: 1013.450 Thread 0x0000025f7c3b1000 DEOPT UNPACKING pc=0x0000025f634262a9 sp=0x000000879c2fc5a8 mode 2
Event: 1013.451 Thread 0x0000025f7c3b1000 Uncommon trap: trap_request=0xffffffbe fr.pc=0x0000025f6b84c8f0 relative=0x0000000000000a90
Event: 1013.451 Thread 0x0000025f7c3b1000 Uncommon trap: reason=profile_predicate action=maybe_recompile pc=0x0000025f6b84c8f0 method=com.android.tools.r8.graph.W0.R()Z @ 53 c2
Event: 1013.451 Thread 0x0000025f7c3b1000 DEOPT PACKING pc=0x0000025f6b84c8f0 sp=0x000000879c2fc5f0
Event: 1013.451 Thread 0x0000025f7c3b1000 DEOPT UNPACKING pc=0x0000025f634262a9 sp=0x000000879c2fc5a8 mode 2
Event: 1014.289 Thread 0x0000025f7c3ab000 Uncommon trap: trap_request=0xffffff4d fr.pc=0x0000025f6b850a28 relative=0x0000000000000088
Event: 1014.289 Thread 0x0000025f7c3ab000 Uncommon trap: reason=unstable_if action=reinterpret pc=0x0000025f6b850a28 method=java.lang.Integer.compare(II)I @ 11 c2
Event: 1014.289 Thread 0x0000025f7c3ab000 DEOPT PACKING pc=0x0000025f6b850a28 sp=0x000000879c3fc890
Event: 1014.290 Thread 0x0000025f7c3ab000 DEOPT UNPACKING pc=0x0000025f634262a9 sp=0x000000879c3fc7c0 mode 2

Classes redefined (0 events):
No events

Internal exceptions (20 events):
Event: 936.446 Thread 0x0000025f03db9000 Exception <a 'sun/nio/fs/WindowsException'{0x00000000892f6b90}> (0x00000000892f6b90) thrown at [./src/hotspot/share/prims/jni.cpp, line 615]
Event: 940.815 Thread 0x0000025f03db9000 Exception <a 'java/net/ConnectException'{0x0000000087d3a858}: Connection refused: connect> (0x0000000087d3a858) thrown at [./src/hotspot/share/prims/jni.cpp, line 636]
Event: 942.869 Thread 0x0000025f03db9000 Exception <a 'java/net/ConnectException'{0x0000000087d3c578}: Connection refused: connect> (0x0000000087d3c578) thrown at [./src/hotspot/share/prims/jni.cpp, line 636]
Event: 944.941 Thread 0x0000025f03db9000 Exception <a 'java/net/ConnectException'{0x0000000087d3e298}: Connection refused: connect> (0x0000000087d3e298) thrown at [./src/hotspot/share/prims/jni.cpp, line 636]
Event: 949.961 Thread 0x0000025f03db9000 Exception <a 'java/net/ConnectException'{0x0000000087d85668}: Connection refused: connect> (0x0000000087d85668) thrown at [./src/hotspot/share/prims/jni.cpp, line 636]
Event: 952.038 Thread 0x0000025f03db9000 Exception <a 'java/net/ConnectException'{0x0000000087d87388}: Connection refused: connect> (0x0000000087d87388) thrown at [./src/hotspot/share/prims/jni.cpp, line 636]
Event: 954.116 Thread 0x0000025f03db9000 Exception <a 'java/net/ConnectException'{0x0000000087d890a8}: Connection refused: connect> (0x0000000087d890a8) thrown at [./src/hotspot/share/prims/jni.cpp, line 636]
Event: 954.379 Thread 0x0000025f7c3ac000 Exception <a 'java/lang/InterruptedException'{0x0000000087ddb770}> (0x0000000087ddb770) thrown at [./src/hotspot/share/runtime/objectMonitor.cpp, line 1635]
Event: 1009.410 Thread 0x0000025f03dbc000 Exception <a 'java/lang/NoSuchMethodError'{0x0000000087d293e0}: <clinit>> (0x0000000087d293e0) thrown at [./src/hotspot/share/prims/jni.cpp, line 1362]
Event: 1010.880 Thread 0x0000025f03db9000 Exception <a 'sun/nio/fs/WindowsException'{0x0000000089042460}> (0x0000000089042460) thrown at [./src/hotspot/share/prims/jni.cpp, line 615]
Event: 1010.958 Thread 0x0000025f03db9000 Exception <a 'java/lang/NoSuchMethodError'{0x0000000088f1f990}: <clinit>> (0x0000000088f1f990) thrown at [./src/hotspot/share/prims/jni.cpp, line 1362]
Event: 1011.924 Thread 0x0000025f7c3b1000 Exception <a 'sun/nio/fs/WindowsException'{0x0000000088a804a0}> (0x0000000088a804a0) thrown at [./src/hotspot/share/prims/jni.cpp, line 615]
Event: 1012.444 Thread 0x0000025f7c3ab000 Exception <a 'java/lang/NoSuchMethodError'{0x00000000885e4a88}: 'java.lang.Object java.lang.invoke.DirectMethodHandle$Holder.invokeStaticInit(java.lang.Object, java.lang.Object, java.lang.Object, java.lang.Object, java.lang.Object, java.lang.Object, java.lang.Object, java.lang.Object, java.lang.Object, java.lang.Object, java.lang.Object, java.lang.Object, java.lang.Object, java.lang.Object, java.lang.Object, java.lang.Object, java.lang.Object, java.lang.Object, int, java.lang.Object, java.lang.Object)'> (0
Event: 1012.538 Thread 0x0000025f7c3b1000 Exception <a 'java/lang/IncompatibleClassChangeError'{0x00000000884e3368}: Found class java.lang.Object, but interface was expected> (0x00000000884e3368) thrown at [./src/hotspot/share/interpreter/linkResolver.cpp, line 839]
Event: 1013.096 Thread 0x0000025f7c3ab000 Exception <a 'java/lang/NoSuchMethodError'{0x0000000087e56f80}: 'int java.lang.invoke.DirectMethodHandle$Holder.invokeVirtual(java.lang.Object, java.lang.Object, java.lang.Object, java.lang.Object)'> (0x0000000087e56f80) thrown at [./src/hotspot/share/interpreter/linkResolver.cpp, line 773]
Event: 1013.098 Thread 0x0000025f7c3b1000 Exception <a 'java/lang/NoSuchMethodError'{0x0000000087e65b20}: 'int java.lang.invoke.DirectMethodHandle$Holder.invokeVirtual(java.lang.Object, java.lang.Object, java.lang.Object, java.lang.Object)'> (0x0000000087e65b20) thrown at [./src/hotspot/share/interpreter/linkResolver.cpp, line 773]
Event: 1013.246 Thread 0x0000025f7c3b1000 Exception <a 'java/lang/IncompatibleClassChangeError'{0x0000000089b841f0}: Found class java.lang.Object, but interface was expected> (0x0000000089b841f0) thrown at [./src/hotspot/share/interpreter/linkResolver.cpp, line 839]
Event: 1013.246 Thread 0x0000025f7c3ab000 Exception <a 'java/lang/IncompatibleClassChangeError'{0x0000000089bd6b88}: Found class java.lang.Object, but interface was expected> (0x0000000089bd6b88) thrown at [./src/hotspot/share/interpreter/linkResolver.cpp, line 839]
Event: 1013.814 Thread 0x0000025f7c3b1000 Exception <a 'java/lang/NoSuchMethodError'{0x0000000089338980}: 'java.lang.Object java.lang.invoke.DirectMethodHandle$Holder.invokeStatic(java.lang.Object, int, java.lang.Object, java.lang.Object)'> (0x0000000089338980) thrown at [./src/hotspot/share/interpreter/linkResolver.cpp, line 773]
Event: 1014.365 Thread 0x0000025f7c3ab000 Exception <a 'java/lang/NoSuchMethodError'{0x0000000088e972d0}: 'java.lang.Object java.lang.invoke.DirectMethodHandle$Holder.invokeVirtual(java.lang.Object, java.lang.Object, int, java.lang.Object)'> (0x0000000088e972d0) thrown at [./src/hotspot/share/interpreter/linkResolver.cpp, line 773]

Events (20 events):
Event: 1014.369 loading class com/android/tools/r8/internal/SR0
Event: 1014.369 loading class com/android/tools/r8/internal/SR0 done
Event: 1014.373 loading class com/android/tools/r8/internal/PR0
Event: 1014.373 loading class com/android/tools/r8/internal/PR0 done
Event: 1014.374 loading class com/android/tools/r8/internal/QR0
Event: 1014.374 loading class com/android/tools/r8/internal/QR0 done
Event: 1014.376 loading class com/android/tools/r8/graph/X0
Event: 1014.376 loading class com/android/tools/r8/graph/X0 done
Event: 1014.376 loading class com/android/tools/r8/graph/X0
Event: 1014.376 loading class com/android/tools/r8/graph/X0 done
Event: 1014.376 loading class com/android/tools/r8/graph/p0
Event: 1014.376 loading class com/android/tools/r8/graph/p0 done
Event: 1014.377 loading class com/android/tools/r8/internal/lk1
Event: 1014.377 loading class com/android/tools/r8/internal/lk1 done
Event: 1014.379 loading class com/android/tools/r8/internal/sW0
Event: 1014.379 loading class com/android/tools/r8/internal/sW0 done
Event: 1014.380 loading class com/android/tools/r8/graph/X0
Event: 1014.380 loading class com/android/tools/r8/graph/X0 done
Event: 1014.380 loading class com/android/tools/r8/internal/Fa1
Event: 1014.380 loading class com/android/tools/r8/internal/Fa1 done


Dynamic libraries:
0x00007ff7d4270000 - 0x00007ff7d427a000 	C:\Program Files\Android\Android Studio\jre\bin\java.exe
0x00007ffb43050000 - 0x00007ffb43245000 	C:\WINDOWS\SYSTEM32\ntdll.dll
0x00007ffb42140000 - 0x00007ffb421fe000 	C:\WINDOWS\System32\KERNEL32.DLL
0x00007ffb40c50000 - 0x00007ffb40f18000 	C:\WINDOWS\System32\KERNELBASE.dll
0x00007ffb409f0000 - 0x00007ffb40af0000 	C:\WINDOWS\System32\ucrtbase.dll
0x00007ffb27230000 - 0x00007ffb27249000 	C:\Program Files\Android\Android Studio\jre\bin\jli.dll
0x00007ffb42de0000 - 0x00007ffb42f80000 	C:\WINDOWS\System32\USER32.dll
0x00007ffb40770000 - 0x00007ffb40792000 	C:\WINDOWS\System32\win32u.dll
0x00007ffb41b10000 - 0x00007ffb41b3a000 	C:\WINDOWS\System32\GDI32.dll
0x00007ffb40850000 - 0x00007ffb4095b000 	C:\WINDOWS\System32\gdi32full.dll
0x00007ffb40f20000 - 0x00007ffb40fbd000 	C:\WINDOWS\System32\msvcp_win.dll
0x00007ffb21350000 - 0x00007ffb21367000 	C:\Program Files\Android\Android Studio\jre\bin\VCRUNTIME140.dll
0x00007ffb27a10000 - 0x00007ffb27caa000 	C:\WINDOWS\WinSxS\amd64_microsoft.windows.common-controls_6595b64144ccf1df_6.0.19041.1110_none_60b5254171f9507e\COMCTL32.dll
0x00007ffb42c10000 - 0x00007ffb42cae000 	C:\WINDOWS\System32\msvcrt.dll
0x00007ffb42fe0000 - 0x00007ffb43010000 	C:\WINDOWS\System32\IMM32.DLL
0x00007ffafe570000 - 0x00007ffafe60d000 	C:\Program Files\Android\Android Studio\jre\bin\msvcp140.dll
0x00007ffaf4470000 - 0x00007ffaf4f45000 	C:\Program Files\Android\Android Studio\jre\bin\server\jvm.dll
0x00007ffb410b0000 - 0x00007ffb4115e000 	C:\WINDOWS\System32\ADVAPI32.dll
0x00007ffb42a70000 - 0x00007ffb42b0c000 	C:\WINDOWS\System32\sechost.dll
0x00007ffb42cb0000 - 0x00007ffb42dd5000 	C:\WINDOWS\System32\RPCRT4.dll
0x00007ffb41c40000 - 0x00007ffb41c48000 	C:\WINDOWS\System32\PSAPI.DLL
0x00007ffb3c4a0000 - 0x00007ffb3c4a9000 	C:\WINDOWS\SYSTEM32\WSOCK32.dll
0x00007ffb42ba0000 - 0x00007ffb42c0b000 	C:\WINDOWS\System32\WS2_32.dll
0x00007ffb2a700000 - 0x00007ffb2a727000 	C:\WINDOWS\SYSTEM32\WINMM.dll
0x00007ffb3ef20000 - 0x00007ffb3ef2a000 	C:\WINDOWS\SYSTEM32\VERSION.dll
0x00007ffb3f020000 - 0x00007ffb3f032000 	C:\WINDOWS\SYSTEM32\kernel.appcore.dll
0x00007ffb3c460000 - 0x00007ffb3c471000 	C:\Program Files\Android\Android Studio\jre\bin\verify.dll
0x00007ffb3ba70000 - 0x00007ffb3bc54000 	C:\WINDOWS\SYSTEM32\DBGHELP.DLL
0x00007ffb2f920000 - 0x00007ffb2f94c000 	C:\WINDOWS\SYSTEM32\dbgcore.DLL
0x00007ffb40960000 - 0x00007ffb409e2000 	C:\WINDOWS\System32\bcryptPrimitives.dll
0x00007ffb2e200000 - 0x00007ffb2e229000 	C:\Program Files\Android\Android Studio\jre\bin\java.dll
0x00007ffb3c0d0000 - 0x00007ffb3c0db000 	C:\Program Files\Android\Android Studio\jre\bin\jimage.dll
0x00007ffb39890000 - 0x00007ffb398a8000 	C:\Program Files\Android\Android Studio\jre\bin\zip.dll
0x00007ffb42200000 - 0x00007ffb42944000 	C:\WINDOWS\System32\SHELL32.dll
0x00007ffb3e6d0000 - 0x00007ffb3ee64000 	C:\WINDOWS\SYSTEM32\windows.storage.dll
0x00007ffb415a0000 - 0x00007ffb418f4000 	C:\WINDOWS\System32\combase.dll
0x00007ffb401e0000 - 0x00007ffb4020c000 	C:\WINDOWS\SYSTEM32\Wldp.dll
0x00007ffb41220000 - 0x00007ffb412cd000 	C:\WINDOWS\System32\SHCORE.dll
0x00007ffb412d0000 - 0x00007ffb41325000 	C:\WINDOWS\System32\shlwapi.dll
0x00007ffb406b0000 - 0x00007ffb406cf000 	C:\WINDOWS\SYSTEM32\profapi.dll
0x00007ffb32d40000 - 0x00007ffb32d5a000 	C:\Program Files\Android\Android Studio\jre\bin\net.dll
0x00007ffb31c20000 - 0x00007ffb31d2a000 	C:\WINDOWS\SYSTEM32\WINHTTP.dll
0x00007ffb3ff40000 - 0x00007ffb3ffaa000 	C:\WINDOWS\system32\mswsock.dll
0x00007ffb32ac0000 - 0x00007ffb32ad4000 	C:\Program Files\Android\Android Studio\jre\bin\nio.dll
0x00007ffb16d10000 - 0x00007ffb16d37000 	C:\Users\Mickley Khoza\.gradle\native\e1d6ef7f7dcc3fd88c89a11ec53ec762bb8ba0a96d01ffa2cd45eb1d1d8dd5c5\windows-amd64\native-platform.dll
0x00007ffaef010000 - 0x00007ffaef154000 	C:\Users\Mickley Khoza\.gradle\native\5664cfc778a61ccfe75a443a1ab52a65af34e5dc3c78e0209fed803814484fcb\windows-amd64\native-platform-file-events.dll
0x00007ffb3bf90000 - 0x00007ffb3bf9a000 	C:\Program Files\Android\Android Studio\jre\bin\management.dll
0x00007ffb39920000 - 0x00007ffb3992d000 	C:\Program Files\Android\Android Studio\jre\bin\management_ext.dll
0x00007ffb40140000 - 0x00007ffb40158000 	C:\WINDOWS\SYSTEM32\CRYPTSP.dll
0x00007ffb3f850000 - 0x00007ffb3f884000 	C:\WINDOWS\system32\rsaenh.dll
0x00007ffb41010000 - 0x00007ffb41037000 	C:\WINDOWS\System32\bcrypt.dll
0x00007ffb40670000 - 0x00007ffb4069e000 	C:\WINDOWS\SYSTEM32\USERENV.dll
0x00007ffb40130000 - 0x00007ffb4013c000 	C:\WINDOWS\SYSTEM32\CRYPTBASE.dll
0x00007ffb3fbe0000 - 0x00007ffb3fc1b000 	C:\WINDOWS\SYSTEM32\IPHLPAPI.DLL
0x00007ffb41590000 - 0x00007ffb41598000 	C:\WINDOWS\System32\NSI.dll
0x00007ffb327b0000 - 0x00007ffb327c7000 	C:\WINDOWS\SYSTEM32\dhcpcsvc6.DLL
0x00007ffb32810000 - 0x00007ffb3282d000 	C:\WINDOWS\SYSTEM32\dhcpcsvc.DLL
0x00007ffb3fc20000 - 0x00007ffb3fceb000 	C:\WINDOWS\SYSTEM32\DNSAPI.dll
0x00007ffb3f4c0000 - 0x00007ffb3f4f3000 	C:\WINDOWS\SYSTEM32\ntmarta.dll
0x00007ffb38c90000 - 0x00007ffb38cae000 	C:\Users\Mickley Khoza\AppData\Local\Temp\native-platform14177106725907975406dir\native-platform.dll
0x00007ffb39ce0000 - 0x00007ffb39ce8000 	C:\Program Files\Android\Android Studio\jre\bin\rmi.dll

dbghelp: loaded successfully - version: 4.0.5 - missing functions: none
symbol engine: initialized successfully - sym options: 0x614 - pdb path: .;C:\Program Files\Android\Android Studio\jre\bin;C:\WINDOWS\SYSTEM32;C:\WINDOWS\WinSxS\amd64_microsoft.windows.common-controls_6595b64144ccf1df_6.0.19041.1110_none_60b5254171f9507e;C:\Program Files\Android\Android Studio\jre\bin\server;C:\Users\Mickley Khoza\.gradle\native\e1d6ef7f7dcc3fd88c89a11ec53ec762bb8ba0a96d01ffa2cd45eb1d1d8dd5c5\windows-amd64;C:\Users\Mickley Khoza\.gradle\native\5664cfc778a61ccfe75a443a1ab52a65af34e5dc3c78e0209fed803814484fcb\windows-amd64;C:\Users\Mickley Khoza\AppData\Local\Temp\native-platform14177106725907975406dir

VM Arguments:
jvm_args: --add-opens=java.base/java.util=ALL-UNNAMED --add-opens=java.base/java.lang=ALL-UNNAMED --add-opens=java.base/java.lang.invoke=ALL-UNNAMED --add-opens=java.base/java.util=ALL-UNNAMED --add-opens=java.prefs/java.util.prefs=ALL-UNNAMED --add-opens=java.prefs/java.util.prefs=ALL-UNNAMED --add-opens=java.base/java.nio.charset=ALL-UNNAMED --add-opens=java.base/java.net=ALL-UNNAMED --add-opens=java.base/java.util.concurrent.atomic=ALL-UNNAMED -Xmx2048m -Dfile.encoding=UTF-8 -Duser.country=ZA -Duser.language=en -Duser.variant 
java_command: org.gradle.launcher.daemon.bootstrap.GradleDaemon 7.2
java_class_path (initial): C:\Users\Mickley Khoza\.gradle\wrapper\dists\gradle-7.2-bin\2dnblmf4td7x66yl1d74lt32g\gradle-7.2\lib\gradle-launcher-7.2.jar
Launcher Type: SUN_STANDARD

[Global flags]
     intx CICompilerCount                          = 2                                         {product} {ergonomic}
     uint ConcGCThreads                            = 1                                         {product} {ergonomic}
     uint G1ConcRefinementThreads                  = 2                                         {product} {ergonomic}
   size_t G1HeapRegionSize                         = 1048576                                   {product} {ergonomic}
    uintx GCDrainStackTargetSize                   = 64                                        {product} {ergonomic}
   size_t InitialHeapSize                          = 65011712                                  {product} {ergonomic}
   size_t MarkStackSize                            = 4194304                                   {product} {ergonomic}
   size_t MaxHeapSize                              = 2147483648                                {product} {command line}
   size_t MaxNewSize                               = 1287651328                                {product} {ergonomic}
   size_t MinHeapDeltaBytes                        = 1048576                                   {product} {ergonomic}
    uintx NonNMethodCodeHeapSize                   = 5825164                                {pd product} {ergonomic}
    uintx NonProfiledCodeHeapSize                  = 122916538                              {pd product} {ergonomic}
    uintx ProfiledCodeHeapSize                     = 122916538                              {pd product} {ergonomic}
    uintx ReservedCodeCacheSize                    = 251658240                              {pd product} {ergonomic}
     bool SegmentedCodeCache                       = true                                      {product} {ergonomic}
     bool UseCompressedClassPointers               = true                                 {lp64_product} {ergonomic}
     bool UseCompressedOops                        = true                                 {lp64_product} {ergonomic}
     bool UseG1GC                                  = true                                      {product} {ergonomic}
     bool UseLargePagesIndividualAllocation        = false                                  {pd product} {ergonomic}

Logging:
Log output configuration:
 #0: stdout all=warning uptime,level,tags
 #1: stderr all=off uptime,level,tags

Environment Variables:
PATH=C:\Program Files\Common Files\Oracle\Java\javapath;C:\WINDOWS\system32;C:\WINDOWS;C:\WINDOWS\System32\Wbem;C:\WINDOWS\System32\WindowsPowerShell\v1.0\;C:\WINDOWS\System32\OpenSSH\;C:\Users\Administrator\AppData\Local\Microsoft\WindowsApps;C:\Recovery\OEM\Backup\;C:\Program Files\Intel\TXE Components\DAL\;C:\Program Files (x86)\Intel\TXE Components\DAL\;%JAVA_HOME%\bin;C:\Program Files\Git\cmd;C:\WINDOWS\system32;C:\WINDOWS;C:\WINDOWS\System32\Wbem;C:\WINDOWS\System32\WindowsPowerShell\v1.0\;C:\WINDOWS\System32\OpenSSH\;C:\ProgramData\chocolatey\bin;C:\Users\Mickley Khoza\AppData\Local\Microsoft\WindowsApps;;C:\Program Files\JetBrains\IntelliJ IDEA 2021.2.1\bin;
USERNAME=Mickley Khoza
OS=Windows_NT
PROCESSOR_IDENTIFIER=Intel64 Family 6 Model 92 Stepping 9, GenuineIntel



---------------  S Y S T E M  ---------------

OS: Windows 10 , 64 bit Build 19041 (10.0.19041.1645)
OS uptime: 0 days 11:48 hours

CPU:total 2 (initial active 2) (2 cores per cpu, 1 threads per core) family 6 model 92 stepping 9 microcode 0x38, cmov, cx8, fxsr, mmx, sse, sse2, sse3, ssse3, sse4.1, sse4.2, popcnt, aes, clmul, erms, 3dnowpref, tsc, tscinvbit, sha

Memory: 4k page, system-wide physical 3927M (282M free)
TotalPageFile size 6598M (AvailPageFile size 6M)
current process WorkingSet (physical memory assigned to process): 324M, peak: 404M
current process commit charge ("private bytes"): 473M, peak: 474M

vm_info: OpenJDK 64-Bit Server VM (11.0.11+9-b60-7590822) for windows-amd64 JRE (11.0.11+9-b60-7590822), built on Jul 29 2021 21:43:44 by "builder" with MS VC++ 14.0 (VS2015)

END.
