#
# There is insufficient memory for the Java Runtime Environment to continue.
# Native memory allocation (malloc) failed to allocate 32744 bytes for ChunkPool::allocate
# Possible reasons:
#   The system is out of physical RAM or swap space
#   The process is running with CompressedOops enabled, and the Java Heap may be blocking the growth of the native heap
# Possible solutions:
#   Reduce memory load on the system
#   Increase physical memory or swap space
#   Check if swap backing store is full
#   Decrease Java heap size (-Xmx/-Xms)
#   Decrease number of Java threads
#   Decrease Java thread stack sizes (-Xss)
#   Set larger code cache with -XX:ReservedCodeCacheSize=
#   JVM is running with Unscaled Compressed Oops mode in which the Java heap is
#     placed in the first 4GB address space. The Java Heap base address is the
#     maximum limit for the native heap growth. Please use -XX:HeapBaseMinAddress
#     to set the Java Heap base and to place the Java Heap above 4GB virtual address.
# This output file may be truncated or incomplete.
#
#  Out of Memory Error (./src/hotspot/share/memory/arena.cpp:81), pid=2644, tid=5520
#
# JRE version: OpenJDK Runtime Environment (11.0.11+9) (build 11.0.11+9-b60-7590822)
# Java VM: OpenJDK 64-Bit Server VM (11.0.11+9-b60-7590822, mixed mode, tiered, compressed oops, g1 gc, windows-amd64)
# No core dump will be written. Minidumps are not enabled by default on client versions of Windows
#

---------------  S U M M A R Y ------------

Command Line: org.jetbrains.kotlin.cli.jvm.K2JVMCompiler @C:\Users\Mickley Khoza\AndroidStudioProjects\Practical02\app\build\20220502_4152791793412926111.compiler.options

Host: Intel(R) Celeron(R) CPU N3350 @ 1.10GHz, 2 cores, 3G,  Windows 10 , 64 bit Build 19041 (10.0.19041.1645)
Time: Mon May  2 17:45:09 2022 South Africa Standard Time elapsed time: 31.203399 seconds (0d 0h 0m 31s)

---------------  T H R E A D  ---------------

Current thread (0x000001ae7d076000):  JavaThread "C2 CompilerThread0" daemon [_thread_in_native, id=5520, stack(0x0000004ce4e00000,0x0000004ce4f00000)]


Current CompileTask:
C2:  31203 7932       4       org.jetbrains.kotlin.types.TypeUtils::contains (298 bytes)

Stack: [0x0000004ce4e00000,0x0000004ce4f00000]
Native frames: (J=compiled Java code, j=interpreted, Vv=VM code, C=native code)
V  [jvm.dll+0x5f214a]
V  [jvm.dll+0x726fb5]
V  [jvm.dll+0x7285cd]
V  [jvm.dll+0x728c83]
V  [jvm.dll+0x243278]
V  [jvm.dll+0xbc78b]
V  [jvm.dll+0xbca3c]
V  [jvm.dll+0xbc638]
V  [jvm.dll+0x5d14e0]
V  [jvm.dll+0x62212e]
V  [jvm.dll+0x198a28]
V  [jvm.dll+0x1fc2ee]
V  [jvm.dll+0x1fb3d4]
V  [jvm.dll+0x183d6c]
V  [jvm.dll+0x209a57]
V  [jvm.dll+0x2082a1]
V  [jvm.dll+0x6ef58f]
V  [jvm.dll+0x6e80b5]
V  [jvm.dll+0x5f1036]
C  [ucrtbase.dll+0x21bb2]
C  [KERNEL32.DLL+0x17034]
C  [ntdll.dll+0x52651]


---------------  P R O C E S S  ---------------

Threads class SMR info:
_java_thread_list=0x000001ae7db12580, length=10, elements={
0x000001ae660ef800, 0x000001ae7d050000, 0x000001ae7d051000, 0x000001ae7d06f000,
0x000001ae7d070000, 0x000001ae7d073000, 0x000001ae7d076000, 0x000001ae7da18000,
0x000001ae7da2d800, 0x000001ae7db19800
}

Java Threads: ( => current thread )
  0x000001ae660ef800 JavaThread "main" [_thread_in_Java, id=8336, stack(0x0000004ce4200000,0x0000004ce4300000)]
  0x000001ae7d050000 JavaThread "Reference Handler" daemon [_thread_blocked, id=8972, stack(0x0000004ce4900000,0x0000004ce4a00000)]
  0x000001ae7d051000 JavaThread "Finalizer" daemon [_thread_blocked, id=2912, stack(0x0000004ce4a00000,0x0000004ce4b00000)]
  0x000001ae7d06f000 JavaThread "Signal Dispatcher" daemon [_thread_blocked, id=10064, stack(0x0000004ce4b00000,0x0000004ce4c00000)]
  0x000001ae7d070000 JavaThread "Attach Listener" daemon [_thread_blocked, id=8756, stack(0x0000004ce4c00000,0x0000004ce4d00000)]
  0x000001ae7d073000 JavaThread "Service Thread" daemon [_thread_blocked, id=1224, stack(0x0000004ce4d00000,0x0000004ce4e00000)]
=>0x000001ae7d076000 JavaThread "C2 CompilerThread0" daemon [_thread_in_native, id=5520, stack(0x0000004ce4e00000,0x0000004ce4f00000)]
  0x000001ae7da18000 JavaThread "C1 CompilerThread0" daemon [_thread_in_native, id=5524, stack(0x0000004ce4f00000,0x0000004ce5000000)]
  0x000001ae7da2d800 JavaThread "Sweeper thread" daemon [_thread_blocked, id=5736, stack(0x0000004ce5000000,0x0000004ce5100000)]
  0x000001ae7db19800 JavaThread "Common-Cleaner" daemon [_thread_blocked, id=536, stack(0x0000004ce5200000,0x0000004ce5300000)]

Other Threads:
  0x000001ae7d02b800 VMThread "VM Thread" [stack: 0x0000004ce4800000,0x0000004ce4900000] [id=10056]
  0x000001ae7db10800 WatcherThread [stack: 0x0000004ce5100000,0x0000004ce5200000] [id=7408]
  0x000001ae66142800 GCTaskThread "GC Thread#0" [stack: 0x0000004ce4300000,0x0000004ce4400000] [id=6376]
  0x000001ae7dcc5000 GCTaskThread "GC Thread#1" [stack: 0x0000004ce5300000,0x0000004ce5400000] [id=4256]
  0x000001ae6615c800 ConcurrentGCThread "G1 Main Marker" [stack: 0x0000004ce4400000,0x0000004ce4500000] [id=4316]
  0x000001ae66160000 ConcurrentGCThread "G1 Conc#0" [stack: 0x0000004ce4500000,0x0000004ce4600000] [id=5552]
  0x000001ae66194000 ConcurrentGCThread "G1 Refine#0" [stack: 0x0000004ce4600000,0x0000004ce4700000] [id=9592]
  0x000001ae66195000 ConcurrentGCThread "G1 Young RemSet Sampling" [stack: 0x0000004ce4700000,0x0000004ce4800000] [id=9848]

Threads with active compile tasks:
C2 CompilerThread0  31249 7932       4       org.jetbrains.kotlin.types.TypeUtils::contains (298 bytes)
C1 CompilerThread0  31249 8041       3       org.jetbrains.kotlin.psi2ir.generators.FunctionGenerator::generateValueParameterDeclarations (647 bytes)

VM state:not at safepoint (normal execution)

VM Mutex/Monitor currently owned by a thread: None

Heap address: 0x00000000c2a00000, size: 982 MB, Compressed Oops mode: 32-bit
Narrow klass base: 0x0000000000000000, Narrow klass shift: 3
Compressed class space size: 1073741824 Address: 0x0000000100000000

Heap:
 garbage-first heap   total 92160K, used 65850K [0x00000000c2a00000, 0x0000000100000000)
  region size 1024K, 17 young (17408K), 2 survivors (2048K)
 Metaspace       used 61003K, capacity 61677K, committed 61824K, reserved 1103872K
  class space    used 6703K, capacity 6951K, committed 7040K, reserved 1048576K
Heap Regions: E=young(eden), S=young(survivor), O=old, HS=humongous(starts), HC=humongous(continues), CS=collection set, F=free, A=archive, TAMS=top-at-mark-start (previous, next)
|   0|0x00000000c2a00000, 0x00000000c2b00000, 0x00000000c2b00000|100%|HS|  |TAMS 0x00000000c2b00000, 0x00000000c2a00000| Complete 
|   1|0x00000000c2b00000, 0x00000000c2c00000, 0x00000000c2c00000|100%|HC|  |TAMS 0x00000000c2c00000, 0x00000000c2b00000| Complete 
|   2|0x00000000c2c00000, 0x00000000c2d00000, 0x00000000c2d00000|100%|HC|  |TAMS 0x00000000c2d00000, 0x00000000c2c00000| Complete 
|   3|0x00000000c2d00000, 0x00000000c2e00000, 0x00000000c2e00000|100%| O|  |TAMS 0x00000000c2e00000, 0x00000000c2d00000| Untracked 
|   4|0x00000000c2e00000, 0x00000000c2f00000, 0x00000000c2f00000|100%| O|  |TAMS 0x00000000c2f00000, 0x00000000c2e00000| Untracked 
|   5|0x00000000c2f00000, 0x00000000c3000000, 0x00000000c3000000|100%| O|  |TAMS 0x00000000c3000000, 0x00000000c2f00000| Untracked 
|   6|0x00000000c3000000, 0x00000000c3100000, 0x00000000c3100000|100%| O|  |TAMS 0x00000000c3100000, 0x00000000c3000000| Untracked 
|   7|0x00000000c3100000, 0x00000000c3200000, 0x00000000c3200000|100%| O|  |TAMS 0x00000000c3200000, 0x00000000c3100000| Untracked 
|   8|0x00000000c3200000, 0x00000000c3300000, 0x00000000c3300000|100%| O|  |TAMS 0x00000000c3300000, 0x00000000c3200000| Untracked 
|   9|0x00000000c3300000, 0x00000000c3400000, 0x00000000c3400000|100%|HS|  |TAMS 0x00000000c3400000, 0x00000000c3300000| Complete 
|  10|0x00000000c3400000, 0x00000000c3500000, 0x00000000c3500000|100%|HC|  |TAMS 0x00000000c3500000, 0x00000000c3400000| Complete 
|  11|0x00000000c3500000, 0x00000000c3600000, 0x00000000c3600000|100%|HC|  |TAMS 0x00000000c3600000, 0x00000000c3500000| Complete 
|  12|0x00000000c3600000, 0x00000000c3700000, 0x00000000c3700000|100%|HS|  |TAMS 0x00000000c3700000, 0x00000000c3600000| Complete 
|  13|0x00000000c3700000, 0x00000000c3800000, 0x00000000c3800000|100%|HC|  |TAMS 0x00000000c3800000, 0x00000000c3700000| Complete 
|  14|0x00000000c3800000, 0x00000000c3900000, 0x00000000c3900000|100%|HC|  |TAMS 0x00000000c3900000, 0x00000000c3800000| Complete 
|  15|0x00000000c3900000, 0x00000000c3a00000, 0x00000000c3a00000|100%| O|  |TAMS 0x00000000c3a00000, 0x00000000c3900000| Untracked 
|  16|0x00000000c3a00000, 0x00000000c3b00000, 0x00000000c3b00000|100%| O|  |TAMS 0x00000000c3b00000, 0x00000000c3a00000| Untracked 
|  17|0x00000000c3b00000, 0x00000000c3c00000, 0x00000000c3c00000|100%| O|  |TAMS 0x00000000c3c00000, 0x00000000c3b00000| Untracked 
|  18|0x00000000c3c00000, 0x00000000c3d00000, 0x00000000c3d00000|100%| O|  |TAMS 0x00000000c3d00000, 0x00000000c3c00000| Untracked 
|  19|0x00000000c3d00000, 0x00000000c3e00000, 0x00000000c3e00000|100%| O|  |TAMS 0x00000000c3e00000, 0x00000000c3d00000| Untracked 
|  20|0x00000000c3e00000, 0x00000000c3f00000, 0x00000000c3f00000|100%| O|  |TAMS 0x00000000c3f00000, 0x00000000c3e00000| Untracked 
|  21|0x00000000c3f00000, 0x00000000c4000000, 0x00000000c4000000|100%| O|  |TAMS 0x00000000c4000000, 0x00000000c3f00000| Untracked 
|  22|0x00000000c4000000, 0x00000000c4100000, 0x00000000c4100000|100%| O|  |TAMS 0x00000000c4100000, 0x00000000c4000000| Untracked 
|  23|0x00000000c4100000, 0x00000000c4200000, 0x00000000c4200000|100%| O|  |TAMS 0x00000000c4200000, 0x00000000c4100000| Untracked 
|  24|0x00000000c4200000, 0x00000000c4300000, 0x00000000c4300000|100%|HS|  |TAMS 0x00000000c4300000, 0x00000000c4200000| Complete 
|  25|0x00000000c4300000, 0x00000000c4400000, 0x00000000c4400000|100%|HC|  |TAMS 0x00000000c4400000, 0x00000000c4300000| Complete 
|  26|0x00000000c4400000, 0x00000000c4500000, 0x00000000c4500000|100%| O|  |TAMS 0x00000000c4500000, 0x00000000c4400000| Untracked 
|  27|0x00000000c4500000, 0x00000000c4600000, 0x00000000c4600000|100%| O|  |TAMS 0x00000000c4600000, 0x00000000c4500000| Untracked 
|  28|0x00000000c4600000, 0x00000000c4700000, 0x00000000c4700000|100%| O|  |TAMS 0x00000000c4700000, 0x00000000c4600000| Untracked 
|  29|0x00000000c4700000, 0x00000000c4800000, 0x00000000c4800000|100%| O|  |TAMS 0x00000000c4800000, 0x00000000c4700000| Untracked 
|  30|0x00000000c4800000, 0x00000000c4900000, 0x00000000c4900000|100%| O|  |TAMS 0x00000000c4900000, 0x00000000c4800000| Untracked 
|  31|0x00000000c4900000, 0x00000000c4a00000, 0x00000000c4a00000|100%| O|  |TAMS 0x00000000c4a00000, 0x00000000c4900000| Untracked 
|  32|0x00000000c4a00000, 0x00000000c4b00000, 0x00000000c4b00000|100%| O|  |TAMS 0x00000000c4b00000, 0x00000000c4a00000| Untracked 
|  33|0x00000000c4b00000, 0x00000000c4c00000, 0x00000000c4c00000|100%| O|  |TAMS 0x00000000c4c00000, 0x00000000c4b00000| Untracked 
|  34|0x00000000c4c00000, 0x00000000c4d00000, 0x00000000c4d00000|100%| O|  |TAMS 0x00000000c4d00000, 0x00000000c4c00000| Untracked 
|  35|0x00000000c4d00000, 0x00000000c4e00000, 0x00000000c4e00000|100%| O|  |TAMS 0x00000000c4e00000, 0x00000000c4d00000| Untracked 
|  36|0x00000000c4e00000, 0x00000000c4f00000, 0x00000000c4f00000|100%| O|  |TAMS 0x00000000c4f00000, 0x00000000c4e00000| Untracked 
|  37|0x00000000c4f00000, 0x00000000c5000000, 0x00000000c5000000|100%| O|  |TAMS 0x00000000c5000000, 0x00000000c4f00000| Untracked 
|  38|0x00000000c5000000, 0x00000000c5100000, 0x00000000c5100000|100%| O|  |TAMS 0x00000000c5100000, 0x00000000c5000000| Untracked 
|  39|0x00000000c5100000, 0x00000000c5200000, 0x00000000c5200000|100%| O|  |TAMS 0x00000000c5200000, 0x00000000c5100000| Untracked 
|  40|0x00000000c5200000, 0x00000000c5300000, 0x00000000c5300000|100%| O|  |TAMS 0x00000000c5300000, 0x00000000c5200000| Untracked 
|  41|0x00000000c5300000, 0x00000000c5400000, 0x00000000c5400000|100%| O|  |TAMS 0x00000000c5400000, 0x00000000c5300000| Untracked 
|  42|0x00000000c5400000, 0x00000000c5500000, 0x00000000c5500000|100%| O|  |TAMS 0x00000000c5500000, 0x00000000c5400000| Untracked 
|  43|0x00000000c5500000, 0x00000000c5600000, 0x00000000c5600000|100%| O|  |TAMS 0x00000000c5600000, 0x00000000c5500000| Untracked 
|  44|0x00000000c5600000, 0x00000000c5700000, 0x00000000c5700000|100%| O|  |TAMS 0x00000000c5700000, 0x00000000c5600000| Untracked 
|  45|0x00000000c5700000, 0x00000000c5800000, 0x00000000c5800000|100%| O|  |TAMS 0x00000000c5800000, 0x00000000c5700000| Untracked 
|  46|0x00000000c5800000, 0x00000000c5900000, 0x00000000c5900000|100%| O|  |TAMS 0x00000000c5900000, 0x00000000c5800000| Untracked 
|  47|0x00000000c5900000, 0x00000000c5a00000, 0x00000000c5a00000|100%| O|  |TAMS 0x00000000c5a00000, 0x00000000c5900000| Untracked 
|  48|0x00000000c5a00000, 0x00000000c5ac3400, 0x00000000c5b00000| 76%| O|  |TAMS 0x00000000c5ac3400, 0x00000000c5a00000| Untracked 
|  49|0x00000000c5b00000, 0x00000000c5b00000, 0x00000000c5c00000|  0%| F|  |TAMS 0x00000000c5b00000, 0x00000000c5b00000| Untracked 
|  50|0x00000000c5c00000, 0x00000000c5c00000, 0x00000000c5d00000|  0%| F|  |TAMS 0x00000000c5c00000, 0x00000000c5c00000| Untracked 
|  51|0x00000000c5d00000, 0x00000000c5d00000, 0x00000000c5e00000|  0%| F|  |TAMS 0x00000000c5d00000, 0x00000000c5d00000| Untracked 
|  52|0x00000000c5e00000, 0x00000000c5e00000, 0x00000000c5f00000|  0%| F|  |TAMS 0x00000000c5e00000, 0x00000000c5e00000| Untracked 
|  53|0x00000000c5f00000, 0x00000000c5f00000, 0x00000000c6000000|  0%| F|  |TAMS 0x00000000c5f00000, 0x00000000c5f00000| Untracked 
|  54|0x00000000c6000000, 0x00000000c6000000, 0x00000000c6100000|  0%| F|  |TAMS 0x00000000c6000000, 0x00000000c6000000| Untracked 
|  55|0x00000000c6100000, 0x00000000c6100000, 0x00000000c6200000|  0%| F|  |TAMS 0x00000000c6100000, 0x00000000c6100000| Untracked 
|  56|0x00000000c6200000, 0x00000000c6200000, 0x00000000c6300000|  0%| F|  |TAMS 0x00000000c6200000, 0x00000000c6200000| Untracked 
|  57|0x00000000c6300000, 0x00000000c6300000, 0x00000000c6400000|  0%| F|  |TAMS 0x00000000c6300000, 0x00000000c6300000| Untracked 
|  58|0x00000000c6400000, 0x00000000c6400000, 0x00000000c6500000|  0%| F|  |TAMS 0x00000000c6400000, 0x00000000c6400000| Untracked 
|  59|0x00000000c6500000, 0x00000000c6500000, 0x00000000c6600000|  0%| F|  |TAMS 0x00000000c6500000, 0x00000000c6500000| Untracked 
|  60|0x00000000c6600000, 0x00000000c6600000, 0x00000000c6700000|  0%| F|  |TAMS 0x00000000c6600000, 0x00000000c6600000| Untracked 
|  61|0x00000000c6700000, 0x00000000c6700000, 0x00000000c6800000|  0%| F|  |TAMS 0x00000000c6700000, 0x00000000c6700000| Untracked 
|  62|0x00000000c6800000, 0x00000000c6800000, 0x00000000c6900000|  0%| F|  |TAMS 0x00000000c6800000, 0x00000000c6800000| Untracked 
|  63|0x00000000c6900000, 0x00000000c6900000, 0x00000000c6a00000|  0%| F|  |TAMS 0x00000000c6900000, 0x00000000c6900000| Untracked 
|  64|0x00000000c6a00000, 0x00000000c6a00000, 0x00000000c6b00000|  0%| F|  |TAMS 0x00000000c6a00000, 0x00000000c6a00000| Untracked 
|  65|0x00000000c6b00000, 0x00000000c6b00000, 0x00000000c6c00000|  0%| F|  |TAMS 0x00000000c6b00000, 0x00000000c6b00000| Untracked 
|  66|0x00000000c6c00000, 0x00000000c6c8b440, 0x00000000c6d00000| 54%| S|CS|TAMS 0x00000000c6c00000, 0x00000000c6c00000| Complete 
|  67|0x00000000c6d00000, 0x00000000c6e00000, 0x00000000c6e00000|100%| S|CS|TAMS 0x00000000c6d00000, 0x00000000c6d00000| Complete 
|  68|0x00000000c6e00000, 0x00000000c6e00000, 0x00000000c6f00000|  0%| F|  |TAMS 0x00000000c6e00000, 0x00000000c6e00000| Untracked 
|  69|0x00000000c6f00000, 0x00000000c6f00000, 0x00000000c7000000|  0%| F|  |TAMS 0x00000000c6f00000, 0x00000000c6f00000| Untracked 
|  70|0x00000000c7000000, 0x00000000c7000000, 0x00000000c7100000|  0%| F|  |TAMS 0x00000000c7000000, 0x00000000c7000000| Untracked 
|  71|0x00000000c7100000, 0x00000000c7100000, 0x00000000c7200000|  0%| F|  |TAMS 0x00000000c7100000, 0x00000000c7100000| Untracked 
|  72|0x00000000c7200000, 0x00000000c7200000, 0x00000000c7300000|  0%| F|  |TAMS 0x00000000c7200000, 0x00000000c7200000| Untracked 
|  73|0x00000000c7300000, 0x00000000c7300000, 0x00000000c7400000|  0%| F|  |TAMS 0x00000000c7300000, 0x00000000c7300000| Untracked 
|  74|0x00000000c7400000, 0x00000000c7400000, 0x00000000c7500000|  0%| F|  |TAMS 0x00000000c7400000, 0x00000000c7400000| Untracked 
|  75|0x00000000c7500000, 0x00000000c756b330, 0x00000000c7600000| 41%| E|  |TAMS 0x00000000c7500000, 0x00000000c7500000| Complete 
|  76|0x00000000c7600000, 0x00000000c7700000, 0x00000000c7700000|100%| E|CS|TAMS 0x00000000c7600000, 0x00000000c7600000| Complete 
|  77|0x00000000c7700000, 0x00000000c7800000, 0x00000000c7800000|100%| E|CS|TAMS 0x00000000c7700000, 0x00000000c7700000| Complete 
|  78|0x00000000c7800000, 0x00000000c7900000, 0x00000000c7900000|100%| E|CS|TAMS 0x00000000c7800000, 0x00000000c7800000| Complete 
|  79|0x00000000c7900000, 0x00000000c7a00000, 0x00000000c7a00000|100%| E|CS|TAMS 0x00000000c7900000, 0x00000000c7900000| Complete 
|  80|0x00000000c7a00000, 0x00000000c7b00000, 0x00000000c7b00000|100%| E|CS|TAMS 0x00000000c7a00000, 0x00000000c7a00000| Complete 
|  81|0x00000000c7b00000, 0x00000000c7c00000, 0x00000000c7c00000|100%| E|CS|TAMS 0x00000000c7b00000, 0x00000000c7b00000| Complete 
|  82|0x00000000c7c00000, 0x00000000c7d00000, 0x00000000c7d00000|100%| E|CS|TAMS 0x00000000c7c00000, 0x00000000c7c00000| Complete 
|  83|0x00000000c7d00000, 0x00000000c7e00000, 0x00000000c7e00000|100%| E|CS|TAMS 0x00000000c7d00000, 0x00000000c7d00000| Complete 
|  84|0x00000000c7e00000, 0x00000000c7f00000, 0x00000000c7f00000|100%| E|CS|TAMS 0x00000000c7e00000, 0x00000000c7e00000| Complete 
|  85|0x00000000c7f00000, 0x00000000c8000000, 0x00000000c8000000|100%| E|CS|TAMS 0x00000000c7f00000, 0x00000000c7f00000| Complete 
|  86|0x00000000c8000000, 0x00000000c8100000, 0x00000000c8100000|100%| E|CS|TAMS 0x00000000c8000000, 0x00000000c8000000| Complete 
|  87|0x00000000c8100000, 0x00000000c8200000, 0x00000000c8200000|100%| E|CS|TAMS 0x00000000c8100000, 0x00000000c8100000| Complete 
|  88|0x00000000c8200000, 0x00000000c8300000, 0x00000000c8300000|100%| E|CS|TAMS 0x00000000c8200000, 0x00000000c8200000| Complete 
|  89|0x00000000c8300000, 0x00000000c8400000, 0x00000000c8400000|100%| E|CS|TAMS 0x00000000c8300000, 0x00000000c8300000| Complete 

Card table byte_map: [0x000001ae65ec0000,0x000001ae660b0000] _byte_map_base: 0x000001ae658ab000

Marking Bits (Prev, Next): (CMBitMap*) 0x000001ae66157ed0, (CMBitMap*) 0x000001ae66157e98
 Prev Bits: [0x000001ae79d40000, 0x000001ae7ac98000)
 Next Bits: [0x000001ae78de0000, 0x000001ae79d38000)

Polling page: 0x000001ae63ed0000

Metaspace:

Usage:
  Non-class:     53.44 MB capacity,    53.03 MB (>99%) used,   339.60 KB ( <1%) free+waste,    86.06 KB ( <1%) overhead. 
      Class:      6.79 MB capacity,     6.55 MB ( 96%) used,   213.95 KB (  3%) free+waste,    33.63 KB ( <1%) overhead. 
       Both:     60.23 MB capacity,    59.57 MB ( 99%) used,   553.55 KB ( <1%) free+waste,   119.69 KB ( <1%) overhead. 

Virtual space:
  Non-class space:       54.00 MB reserved,      53.50 MB (>99%) committed 
      Class space:        1.00 GB reserved,       6.88 MB ( <1%) committed 
             Both:        1.05 GB reserved,      60.38 MB (  6%) committed 

Chunk freelists:
   Non-Class:  58.00 KB
       Class:  25.00 KB
        Both:  83.00 KB

MaxMetaspaceSize: 17179869184.00 GB
CompressedClassSpaceSize: 1.00 GB

CodeHeap 'non-profiled nmethods': size=120064Kb used=3330Kb max_used=3330Kb free=116733Kb
 bounds [0x000001ae716b0000, 0x000001ae71a00000, 0x000001ae78bf0000]
CodeHeap 'profiled nmethods': size=120000Kb used=22147Kb max_used=22147Kb free=97852Kb
 bounds [0x000001ae6a180000, 0x000001ae6b730000, 0x000001ae716b0000]
CodeHeap 'non-nmethods': size=5696Kb used=1237Kb max_used=1256Kb free=4458Kb
 bounds [0x000001ae69bf0000, 0x000001ae69e60000, 0x000001ae6a180000]
 total_blobs=8619 nmethods=8007 adapters=521
 compilation: enabled
              stopped_count=0, restarted_count=0
 full_count=0

Compilation events (20 events):
Event: 31.095 Thread 0x000001ae7da18000 nmethod 8029 0x000001ae6b710710 code [0x000001ae6b7108c0, 0x000001ae6b710ad8]
Event: 31.095 Thread 0x000001ae7da18000 8030       3       org.jetbrains.kotlin.types.AbstractTypeApproximator::getReferenceApproximateToSuperType (12 bytes)
Event: 31.096 Thread 0x000001ae7da18000 nmethod 8030 0x000001ae6b710c10 code [0x000001ae6b710de0, 0x000001ae6b711088]
Event: 31.099 Thread 0x000001ae7da18000 8031       3       org.jetbrains.kotlin.codegen.VariableAsmNameManglingUtils::getNameForDestructuredParameterOrNull (53 bytes)
Event: 31.102 Thread 0x000001ae7da18000 nmethod 8031 0x000001ae6b711190 code [0x000001ae6b711520, 0x000001ae6b712a98]
Event: 31.108 Thread 0x000001ae7da18000 8033       3       org.jetbrains.kotlin.backend.common.serialization.mangle.descriptor.DescriptorMangleComputer::access$mangleType (7 bytes)
Event: 31.109 Thread 0x000001ae7da18000 nmethod 8033 0x000001ae6b713110 code [0x000001ae6b7132c0, 0x000001ae6b7133c8]
Event: 31.121 Thread 0x000001ae7da18000 8034       3       org.jetbrains.kotlin.backend.jvm.serialization.JvmIdSignatureDescriptor$JvmDescriptorBasedSignatureBuilder::isCapturingTypeParameter (159 bytes)
Event: 31.125 Thread 0x000001ae7da18000 nmethod 8034 0x000001ae6b713490 code [0x000001ae6b713940, 0x000001ae6b715d18]
Event: 31.144 Thread 0x000001ae7da18000 8035       3       org.jetbrains.kotlin.ir.declarations.impl.IrFactoryImpl::createFunction (83 bytes)
Event: 31.148 Thread 0x000001ae7da18000 nmethod 8035 0x000001ae6b716810 code [0x000001ae6b716ca0, 0x000001ae6b718a48]
Event: 31.148 Thread 0x000001ae7da18000 8036       3       org.jetbrains.kotlin.ir.declarations.impl.IrFunctionCommonImpl::<init> (149 bytes)
Event: 31.151 Thread 0x000001ae7da18000 nmethod 8036 0x000001ae6b719690 code [0x000001ae6b719aa0, 0x000001ae6b71b5f8]
Event: 31.175 Thread 0x000001ae7da18000 8037       3       org.jetbrains.kotlin.psi2ir.generators.BodyGenerator::<init> (64 bytes)
Event: 31.178 Thread 0x000001ae7da18000 nmethod 8037 0x000001ae6b71bf90 code [0x000001ae6b71c300, 0x000001ae6b71d718]
Event: 31.189 Thread 0x000001ae7da18000 8039       3       org.jetbrains.kotlin.ir.util.SymbolTable::enterScope (65 bytes)
Event: 31.192 Thread 0x000001ae7da18000 nmethod 8039 0x000001ae6b71de10 code [0x000001ae6b71e160, 0x000001ae6b71f448]
Event: 31.192 Thread 0x000001ae7da18000 8042       3       org.jetbrains.kotlin.ir.util.SymbolTable::leaveScope (65 bytes)
Event: 31.194 Thread 0x000001ae7da18000 nmethod 8042 0x000001ae6b71fa90 code [0x000001ae6b71fd40, 0x000001ae6b720a48]
Event: 31.194 Thread 0x000001ae7da18000 8041       3       org.jetbrains.kotlin.psi2ir.generators.FunctionGenerator::generateValueParameterDeclarations (647 bytes)

GC Heap History (20 events):
Event: 10.442 GC heap before
{Heap before GC invocations=6 (full 0):
 garbage-first heap   total 63488K, used 41257K [0x00000000c2a00000, 0x0000000100000000)
  region size 1024K, 22 young (22528K), 4 survivors (4096K)
 Metaspace       used 35366K, capacity 35779K, committed 35840K, reserved 1081344K
  class space    used 4117K, capacity 4291K, committed 4352K, reserved 1048576K
}
Event: 10.464 GC heap after
{Heap after GC invocations=7 (full 0):
 garbage-first heap   total 76800K, used 24494K [0x00000000c2a00000, 0x0000000100000000)
  region size 1024K, 3 young (3072K), 3 survivors (3072K)
 Metaspace       used 35366K, capacity 35779K, committed 35840K, reserved 1081344K
  class space    used 4117K, capacity 4291K, committed 4352K, reserved 1048576K
}
Event: 12.061 GC heap before
{Heap before GC invocations=8 (full 0):
 garbage-first heap   total 76800K, used 49070K [0x00000000c2a00000, 0x0000000100000000)
  region size 1024K, 28 young (28672K), 3 survivors (3072K)
 Metaspace       used 40418K, capacity 40827K, committed 41088K, reserved 1085440K
  class space    used 4747K, capacity 4903K, committed 4992K, reserved 1048576K
}
Event: 12.078 GC heap after
{Heap after GC invocations=9 (full 0):
 garbage-first heap   total 76800K, used 26535K [0x00000000c2a00000, 0x0000000100000000)
  region size 1024K, 3 young (3072K), 3 survivors (3072K)
 Metaspace       used 40418K, capacity 40827K, committed 41088K, reserved 1085440K
  class space    used 4747K, capacity 4903K, committed 4992K, reserved 1048576K
}
Event: 14.915 GC heap before
{Heap before GC invocations=9 (full 0):
 garbage-first heap   total 76800K, used 54183K [0x00000000c2a00000, 0x0000000100000000)
  region size 1024K, 28 young (28672K), 3 survivors (3072K)
 Metaspace       used 45661K, capacity 46141K, committed 46336K, reserved 1089536K
  class space    used 5349K, capacity 5521K, committed 5632K, reserved 1048576K
}
Event: 14.935 GC heap after
{Heap after GC invocations=10 (full 0):
 garbage-first heap   total 76800K, used 32151K [0x00000000c2a00000, 0x0000000100000000)
  region size 1024K, 4 young (4096K), 4 survivors (4096K)
 Metaspace       used 45661K, capacity 46141K, committed 46336K, reserved 1089536K
  class space    used 5349K, capacity 5521K, committed 5632K, reserved 1048576K
}
Event: 17.366 GC heap before
{Heap before GC invocations=10 (full 0):
 garbage-first heap   total 76800K, used 54679K [0x00000000c2a00000, 0x0000000100000000)
  region size 1024K, 27 young (27648K), 4 survivors (4096K)
 Metaspace       used 49721K, capacity 50331K, committed 50560K, reserved 1093632K
  class space    used 5700K, capacity 5914K, committed 6016K, reserved 1048576K
}
Event: 17.391 GC heap after
{Heap after GC invocations=11 (full 0):
 garbage-first heap   total 76800K, used 35924K [0x00000000c2a00000, 0x0000000100000000)
  region size 1024K, 4 young (4096K), 4 survivors (4096K)
 Metaspace       used 49721K, capacity 50331K, committed 50560K, reserved 1093632K
  class space    used 5700K, capacity 5914K, committed 6016K, reserved 1048576K
}
Event: 18.606 GC heap before
{Heap before GC invocations=11 (full 0):
 garbage-first heap   total 76800K, used 58452K [0x00000000c2a00000, 0x0000000100000000)
  region size 1024K, 25 young (25600K), 4 survivors (4096K)
 Metaspace       used 50142K, capacity 50716K, committed 51072K, reserved 1093632K
  class space    used 5710K, capacity 5914K, committed 6016K, reserved 1048576K
}
Event: 18.626 GC heap after
{Heap after GC invocations=12 (full 0):
 garbage-first heap   total 76800K, used 37808K [0x00000000c2a00000, 0x0000000100000000)
  region size 1024K, 2 young (2048K), 2 survivors (2048K)
 Metaspace       used 50142K, capacity 50716K, committed 51072K, reserved 1093632K
  class space    used 5710K, capacity 5914K, committed 6016K, reserved 1048576K
}
Event: 20.156 GC heap before
{Heap before GC invocations=12 (full 0):
 garbage-first heap   total 76800K, used 59312K [0x00000000c2a00000, 0x0000000100000000)
  region size 1024K, 23 young (23552K), 2 survivors (2048K)
 Metaspace       used 50447K, capacity 50973K, committed 51328K, reserved 1095680K
  class space    used 5717K, capacity 5914K, committed 6016K, reserved 1048576K
}
Event: 20.181 GC heap after
{Heap after GC invocations=13 (full 0):
 garbage-first heap   total 76800K, used 40874K [0x00000000c2a00000, 0x0000000100000000)
  region size 1024K, 3 young (3072K), 3 survivors (3072K)
 Metaspace       used 50447K, capacity 50973K, committed 51328K, reserved 1095680K
  class space    used 5717K, capacity 5914K, committed 6016K, reserved 1048576K
}
Event: 22.015 GC heap before
{Heap before GC invocations=14 (full 0):
 garbage-first heap   total 76800K, used 60330K [0x00000000c2a00000, 0x0000000100000000)
  region size 1024K, 22 young (22528K), 3 survivors (3072K)
 Metaspace       used 52565K, capacity 53189K, committed 53376K, reserved 1095680K
  class space    used 5951K, capacity 6160K, committed 6272K, reserved 1048576K
}
Event: 22.039 GC heap after
{Heap after GC invocations=15 (full 0):
 garbage-first heap   total 92160K, used 43488K [0x00000000c2a00000, 0x0000000100000000)
  region size 1024K, 3 young (3072K), 3 survivors (3072K)
 Metaspace       used 52565K, capacity 53189K, committed 53376K, reserved 1095680K
  class space    used 5951K, capacity 6160K, committed 6272K, reserved 1048576K
}
Event: 23.358 GC heap before
{Heap before GC invocations=15 (full 0):
 garbage-first heap   total 92160K, used 67040K [0x00000000c2a00000, 0x0000000100000000)
  region size 1024K, 26 young (26624K), 3 survivors (3072K)
 Metaspace       used 53249K, capacity 53865K, committed 54144K, reserved 1097728K
  class space    used 5999K, capacity 6231K, committed 6272K, reserved 1048576K
}
Event: 23.387 GC heap after
{Heap after GC invocations=16 (full 0):
 garbage-first heap   total 92160K, used 46573K [0x00000000c2a00000, 0x0000000100000000)
  region size 1024K, 3 young (3072K), 3 survivors (3072K)
 Metaspace       used 53249K, capacity 53865K, committed 54144K, reserved 1097728K
  class space    used 5999K, capacity 6231K, committed 6272K, reserved 1048576K
}
Event: 26.910 GC heap before
{Heap before GC invocations=17 (full 0):
 garbage-first heap   total 92160K, used 69101K [0x00000000c2a00000, 0x0000000100000000)
  region size 1024K, 26 young (26624K), 3 survivors (3072K)
 Metaspace       used 55101K, capacity 55768K, committed 55808K, reserved 1099776K
  class space    used 6132K, capacity 6393K, committed 6400K, reserved 1048576K
}
Event: 26.936 GC heap after
{Heap after GC invocations=18 (full 0):
 garbage-first heap   total 92160K, used 49806K [0x00000000c2a00000, 0x0000000100000000)
  region size 1024K, 3 young (3072K), 3 survivors (3072K)
 Metaspace       used 55101K, capacity 55768K, committed 55808K, reserved 1099776K
  class space    used 6132K, capacity 6393K, committed 6400K, reserved 1048576K
}
Event: 29.357 GC heap before
{Heap before GC invocations=18 (full 0):
 garbage-first heap   total 92160K, used 71310K [0x00000000c2a00000, 0x0000000100000000)
  region size 1024K, 25 young (25600K), 3 survivors (3072K)
 Metaspace       used 59284K, capacity 59910K, committed 60160K, reserved 1101824K
  class space    used 6545K, capacity 6789K, committed 6912K, reserved 1048576K
}
Event: 29.377 GC heap after
{Heap after GC invocations=19 (full 0):
 garbage-first heap   total 92160K, used 51514K [0x00000000c2a00000, 0x0000000100000000)
  region size 1024K, 2 young (2048K), 2 survivors (2048K)
 Metaspace       used 59284K, capacity 59910K, committed 60160K, reserved 1101824K
  class space    used 6545K, capacity 6789K, committed 6912K, reserved 1048576K
}

Deoptimization events (20 events):
Event: 29.938 Thread 0x000001ae660ef800 DEOPT PACKING pc=0x000001ae71938abc sp=0x0000004ce42fa5d0
Event: 29.938 Thread 0x000001ae660ef800 DEOPT UNPACKING pc=0x000001ae69c162a9 sp=0x0000004ce42fa550 mode 2
Event: 29.942 Thread 0x000001ae660ef800 DEOPT PACKING pc=0x000001ae6b55ebd0 sp=0x0000004ce42f9bb0
Event: 29.943 Thread 0x000001ae660ef800 DEOPT UNPACKING pc=0x000001ae69c166bf sp=0x0000004ce42f9038 mode 0
Event: 30.302 Thread 0x000001ae660ef800 Uncommon trap: trap_request=0xffffff6e fr.pc=0x000001ae719dc9f4 relative=0x0000000000000ad4
Event: 30.302 Thread 0x000001ae660ef800 Uncommon trap: reason=speculate_class_check action=maybe_recompile pc=0x000001ae719dc9f4 method=org.jetbrains.kotlin.types.checker.ClassicTypeSystemContext$DefaultImpls.asSimpleType(Lorg/jetbrains/kotlin/types/checker/ClassicTypeSystemContext;Lorg/jetbrai
Event: 30.302 Thread 0x000001ae660ef800 DEOPT PACKING pc=0x000001ae719dc9f4 sp=0x0000004ce42fd680
Event: 30.302 Thread 0x000001ae660ef800 DEOPT UNPACKING pc=0x000001ae69c162a9 sp=0x0000004ce42fd3e0 mode 2
Event: 30.303 Thread 0x000001ae660ef800 Uncommon trap: trap_request=0xffffff6e fr.pc=0x000001ae719dc9f4 relative=0x0000000000000ad4
Event: 30.303 Thread 0x000001ae660ef800 Uncommon trap: reason=speculate_class_check action=maybe_recompile pc=0x000001ae719dc9f4 method=org.jetbrains.kotlin.types.checker.ClassicTypeSystemContext$DefaultImpls.asSimpleType(Lorg/jetbrains/kotlin/types/checker/ClassicTypeSystemContext;Lorg/jetbrai
Event: 30.303 Thread 0x000001ae660ef800 DEOPT PACKING pc=0x000001ae719dc9f4 sp=0x0000004ce42fd760
Event: 30.303 Thread 0x000001ae660ef800 DEOPT UNPACKING pc=0x000001ae69c162a9 sp=0x0000004ce42fd4c0 mode 2
Event: 30.521 Thread 0x000001ae660ef800 DEOPT PACKING pc=0x000001ae6b55ebd0 sp=0x0000004ce42fd510
Event: 30.521 Thread 0x000001ae660ef800 DEOPT UNPACKING pc=0x000001ae69c166bf sp=0x0000004ce42fc998 mode 0
Event: 30.558 Thread 0x000001ae660ef800 DEOPT PACKING pc=0x000001ae6b55ebd0 sp=0x0000004ce42fd470
Event: 30.558 Thread 0x000001ae660ef800 DEOPT UNPACKING pc=0x000001ae69c166bf sp=0x0000004ce42fc8f8 mode 0
Event: 30.643 Thread 0x000001ae660ef800 DEOPT PACKING pc=0x000001ae6b55ebd0 sp=0x0000004ce42fd490
Event: 30.643 Thread 0x000001ae660ef800 DEOPT UNPACKING pc=0x000001ae69c166bf sp=0x0000004ce42fc918 mode 0
Event: 30.674 Thread 0x000001ae660ef800 DEOPT PACKING pc=0x000001ae6b55ebd0 sp=0x0000004ce42fd560
Event: 30.674 Thread 0x000001ae660ef800 DEOPT UNPACKING pc=0x000001ae69c166bf sp=0x0000004ce42fc9e8 mode 0

Classes redefined (0 events):
No events

Internal exceptions (20 events):
Event: 6.170 Thread 0x000001ae660ef800 Exception <a 'java/lang/NoSuchMethodError'{0x00000000c53b4bc0}: 'void java.lang.invoke.DirectMethodHandle$Holder.invokeInterface(java.lang.Object, java.lang.Object)'> (0x00000000c53b4bc0) thrown at [./src/hotspot/share/interpreter/linkResolver.cpp, line 773]
Event: 6.885 Thread 0x000001ae660ef800 Exception <a 'java/lang/NoSuchMethodError'{0x00000000c4e69998}: 'void java.lang.invoke.DirectMethodHandle$Holder.invokeVirtual(java.lang.Object, java.lang.Object)'> (0x00000000c4e69998) thrown at [./src/hotspot/share/interpreter/linkResolver.cpp, line 773]
Event: 6.922 Thread 0x000001ae660ef800 Exception <a 'java/lang/NoSuchMethodError'{0x00000000c4ee0960}: 'int java.lang.invoke.DirectMethodHandle$Holder.invokeVirtual(java.lang.Object, java.lang.Object)'> (0x00000000c4ee0960) thrown at [./src/hotspot/share/interpreter/linkResolver.cpp, line 773]
Event: 9.620 Thread 0x000001ae660ef800 Exception <a 'java/lang/NoSuchMethodError'{0x00000000c623c070}: 'java.lang.Object java.lang.invoke.DirectMethodHandle$Holder.invokeVirtual(java.lang.Object, java.lang.Object, java.lang.Object)'> (0x00000000c623c070) thrown at [./src/hotspot/share/interpreter/linkResolver.cpp, line 773]
Event: 12.484 Thread 0x000001ae660ef800 Exception <a 'java/lang/NoSuchMethodError'{0x00000000c72dfe48}: 'java.lang.Object java.lang.invoke.Invokers$Holder.linkToTargetMethod(java.lang.Object, int, java.lang.Object)'> (0x00000000c72dfe48) thrown at [./src/hotspot/share/interpreter/linkResolver.cpp, line 773]
Event: 12.611 Thread 0x000001ae660ef800 Implicit null exception at 0x000001ae717cd4f0 to 0x000001ae717cd5b0
Event: 12.655 Thread 0x000001ae660ef800 Implicit null exception at 0x000001ae717d09cc to 0x000001ae717d0aa8
Event: 12.851 Thread 0x000001ae660ef800 Exception <a 'java/lang/NoSuchMethodError'{0x00000000c6ff0010}: 'java.lang.Object java.lang.invoke.DirectMethodHandle$Holder.invokeStatic(java.lang.Object, java.lang.Object, java.lang.Object, int)'> (0x00000000c6ff0010) thrown at [./src/hotspot/share/interpreter/linkResolver.cpp, line 773]
Event: 12.853 Thread 0x000001ae660ef800 Exception <a 'java/lang/NoSuchMethodError'{0x00000000c6ff3c80}: 'java.lang.Object java.lang.invoke.DirectMethodHandle$Holder.invokeSpecial(java.lang.Object, java.lang.Object, java.lang.Object, java.lang.Object, int)'> (0x00000000c6ff3c80) thrown at [./src/hotspot/share/interpreter/linkResolver.cpp, line 773]
Event: 12.853 Thread 0x000001ae660ef800 Exception <a 'java/lang/NoSuchMethodError'{0x00000000c6ff6f90}: 'java.lang.Object java.lang.invoke.Invokers$Holder.linkToTargetMethod(java.lang.Object, java.lang.Object, int, java.lang.Object)'> (0x00000000c6ff6f90) thrown at [./src/hotspot/share/interpreter/linkResolver.cpp, line 773]
Event: 16.347 Thread 0x000001ae660ef800 Exception <a 'java/lang/NoSuchMethodError'{0x00000000c6469ef0}: 'java.lang.Object java.lang.invoke.DirectMethodHandle$Holder.invokeStaticInit(java.lang.Object, java.lang.Object, java.lang.Object)'> (0x00000000c6469ef0) thrown at [./src/hotspot/share/interpreter/linkResolver.cpp, line 773]
Event: 20.770 Thread 0x000001ae660ef800 Exception <a 'java/lang/NoSuchMethodError'{0x00000000c7025f88}: 'java.lang.Object java.lang.invoke.Invokers$Holder.linkToTargetMethod(java.lang.Object, java.lang.Object, java.lang.Object, java.lang.Object, java.lang.Object, java.lang.Object)'> (0x00000000c7025f88) thrown at [./src/hotspot/share/interpreter/linkResolver.cpp, line 773]
Event: 20.785 Thread 0x000001ae660ef800 Exception <a 'java/lang/NoSuchMethodError'{0x00000000c70804f0}: 'int java.lang.invoke.DirectMethodHandle$Holder.invokeStaticInit(java.lang.Object, int)'> (0x00000000c70804f0) thrown at [./src/hotspot/share/interpreter/linkResolver.cpp, line 773]
Event: 22.604 Thread 0x000001ae660ef800 Implicit null exception at 0x000001ae7170875e to 0x000001ae71708eca
Event: 22.604 Thread 0x000001ae660ef800 Implicit null exception at 0x000001ae7174c52f to 0x000001ae7174c59d
Event: 25.053 Thread 0x000001ae660ef800 Implicit null exception at 0x000001ae719355af to 0x000001ae719356e8
Event: 25.053 Thread 0x000001ae660ef800 Implicit null exception at 0x000001ae71935c43 to 0x000001ae71935dbc
Event: 27.924 Thread 0x000001ae660ef800 Exception <a 'java/lang/NoSuchMethodError'{0x00000000c7e4a270}: 'java.lang.Object java.lang.invoke.Invokers$Holder.linkToTargetMethod(java.lang.Object, java.lang.Object, java.lang.Object, java.lang.Object, java.lang.Object, java.lang.Object, java.lang.Object)'> (0x00000000c7e4a270) thrown at [./src/hotspot/share/interpreter/linkResolver.cpp, line 773]
Event: 28.141 Thread 0x000001ae660ef800 Implicit null exception at 0x000001ae71707075 to 0x000001ae7170723c
Event: 29.348 Thread 0x000001ae660ef800 Implicit null exception at 0x000001ae7194e852 to 0x000001ae7194eafc

Events (20 events):
Event: 30.468 loading class org/jetbrains/kotlin/ir/util/OriginalDescriptorsKt
Event: 30.468 loading class org/jetbrains/kotlin/ir/util/OriginalDescriptorsKt done
Event: 30.469 loading class org/jetbrains/kotlin/ir/util/ScopedTypeParametersResolver
Event: 30.469 loading class org/jetbrains/kotlin/ir/util/ScopedTypeParametersResolver done
Event: 30.471 loading class org/jetbrains/kotlin/ir/util/TypeParametersResolver
Event: 30.471 loading class org/jetbrains/kotlin/ir/util/TypeParametersResolver done
Event: 30.484 loading class org/jetbrains/kotlin/resolve/descriptorUtil/DescriptorUtilsKt$overriddenTreeAsSequence$1$1
Event: 30.484 loading class org/jetbrains/kotlin/resolve/descriptorUtil/DescriptorUtilsKt$overriddenTreeAsSequence$1$1 done
Event: 30.485 loading class org/jetbrains/kotlin/backend/jvm/serialization/JvmIdSignatureDescriptor$JvmDescriptorBasedSignatureBuilder$keepTrackOfOverridesForPossiblyClashingFakeOverride$capturingOverrides$1
Event: 30.485 loading class org/jetbrains/kotlin/backend/jvm/serialization/JvmIdSignatureDescriptor$JvmDescriptorBasedSignatureBuilder$keepTrackOfOverridesForPossiblyClashingFakeOverride$capturingOverrides$1 done
Event: 30.486 loading class org/jetbrains/kotlin/backend/jvm/serialization/JvmIdSignatureDescriptor$JvmDescriptorBasedSignatureBuilder$containsTypeParametersOf$1
Event: 30.486 loading class org/jetbrains/kotlin/backend/jvm/serialization/JvmIdSignatureDescriptor$JvmDescriptorBasedSignatureBuilder$containsTypeParametersOf$1 done
Event: 30.499 loading class org/jetbrains/kotlin/ir/types/impl/IrTypeProjectionImpl
Event: 30.499 loading class org/jetbrains/kotlin/ir/types/impl/IrTypeProjectionImpl done
Event: 30.636 loading class org/jetbrains/kotlin/psi2ir/generators/PropertyGenerator
Event: 30.636 loading class org/jetbrains/kotlin/psi2ir/generators/PropertyGenerator done
Event: 31.059 loading class org/jetbrains/kotlin/ir/types/impl/IrStarProjectionImpl
Event: 31.059 loading class org/jetbrains/kotlin/ir/types/impl/IrStarProjectionImpl done
Event: 31.059 loading class org/jetbrains/kotlin/ir/types/IrStarProjection
Event: 31.059 loading class org/jetbrains/kotlin/ir/types/IrStarProjection done


Dynamic libraries:
0x00007ff7d4270000 - 0x00007ff7d427a000 	C:\Program Files\Android\Android Studio\jre\bin\java.exe
0x00007ffb43050000 - 0x00007ffb43245000 	C:\WINDOWS\SYSTEM32\ntdll.dll
0x00007ffb42140000 - 0x00007ffb421fe000 	C:\WINDOWS\System32\KERNEL32.DLL
0x00007ffb40c50000 - 0x00007ffb40f18000 	C:\WINDOWS\System32\KERNELBASE.dll
0x00007ffb409f0000 - 0x00007ffb40af0000 	C:\WINDOWS\System32\ucrtbase.dll
0x00007ffb27230000 - 0x00007ffb27249000 	C:\Program Files\Android\Android Studio\jre\bin\jli.dll
0x00007ffb21350000 - 0x00007ffb21367000 	C:\Program Files\Android\Android Studio\jre\bin\VCRUNTIME140.dll
0x00007ffb42de0000 - 0x00007ffb42f80000 	C:\WINDOWS\System32\USER32.dll
0x00007ffb40770000 - 0x00007ffb40792000 	C:\WINDOWS\System32\win32u.dll
0x00007ffb27a10000 - 0x00007ffb27caa000 	C:\WINDOWS\WinSxS\amd64_microsoft.windows.common-controls_6595b64144ccf1df_6.0.19041.1110_none_60b5254171f9507e\COMCTL32.dll
0x00007ffb41b10000 - 0x00007ffb41b3a000 	C:\WINDOWS\System32\GDI32.dll
0x00007ffb42c10000 - 0x00007ffb42cae000 	C:\WINDOWS\System32\msvcrt.dll
0x00007ffb40850000 - 0x00007ffb4095b000 	C:\WINDOWS\System32\gdi32full.dll
0x00007ffb40f20000 - 0x00007ffb40fbd000 	C:\WINDOWS\System32\msvcp_win.dll
0x00007ffb42fe0000 - 0x00007ffb43010000 	C:\WINDOWS\System32\IMM32.DLL
0x00007ffafe570000 - 0x00007ffafe60d000 	C:\Program Files\Android\Android Studio\jre\bin\msvcp140.dll
0x00007ffaf4470000 - 0x00007ffaf4f45000 	C:\Program Files\Android\Android Studio\jre\bin\server\jvm.dll
0x00007ffb410b0000 - 0x00007ffb4115e000 	C:\WINDOWS\System32\ADVAPI32.dll
0x00007ffb42a70000 - 0x00007ffb42b0c000 	C:\WINDOWS\System32\sechost.dll
0x00007ffb42cb0000 - 0x00007ffb42dd5000 	C:\WINDOWS\System32\RPCRT4.dll
0x00007ffb41c40000 - 0x00007ffb41c48000 	C:\WINDOWS\System32\PSAPI.DLL
0x00007ffb3c4a0000 - 0x00007ffb3c4a9000 	C:\WINDOWS\SYSTEM32\WSOCK32.dll
0x00007ffb42ba0000 - 0x00007ffb42c0b000 	C:\WINDOWS\System32\WS2_32.dll
0x00007ffb2a700000 - 0x00007ffb2a727000 	C:\WINDOWS\SYSTEM32\WINMM.dll
0x00007ffb3ef20000 - 0x00007ffb3ef2a000 	C:\WINDOWS\SYSTEM32\VERSION.dll
0x00007ffb3f020000 - 0x00007ffb3f032000 	C:\WINDOWS\SYSTEM32\kernel.appcore.dll
0x00007ffb3c460000 - 0x00007ffb3c471000 	C:\Program Files\Android\Android Studio\jre\bin\verify.dll
0x00007ffb3ba70000 - 0x00007ffb3bc54000 	C:\WINDOWS\SYSTEM32\DBGHELP.DLL
0x00007ffb2f920000 - 0x00007ffb2f94c000 	C:\WINDOWS\SYSTEM32\dbgcore.DLL
0x00007ffb40960000 - 0x00007ffb409e2000 	C:\WINDOWS\System32\bcryptPrimitives.dll
0x00007ffb2e200000 - 0x00007ffb2e229000 	C:\Program Files\Android\Android Studio\jre\bin\java.dll
0x00007ffb3c0d0000 - 0x00007ffb3c0db000 	C:\Program Files\Android\Android Studio\jre\bin\jimage.dll
0x00007ffb39890000 - 0x00007ffb398a8000 	C:\Program Files\Android\Android Studio\jre\bin\zip.dll
0x00007ffb42200000 - 0x00007ffb42944000 	C:\WINDOWS\System32\SHELL32.dll
0x00007ffb3e6d0000 - 0x00007ffb3ee64000 	C:\WINDOWS\SYSTEM32\windows.storage.dll
0x00007ffb415a0000 - 0x00007ffb418f4000 	C:\WINDOWS\System32\combase.dll
0x00007ffb401e0000 - 0x00007ffb4020c000 	C:\WINDOWS\SYSTEM32\Wldp.dll
0x00007ffb41220000 - 0x00007ffb412cd000 	C:\WINDOWS\System32\SHCORE.dll
0x00007ffb412d0000 - 0x00007ffb41325000 	C:\WINDOWS\System32\shlwapi.dll
0x00007ffb406b0000 - 0x00007ffb406cf000 	C:\WINDOWS\SYSTEM32\profapi.dll
0x00007ffb32d40000 - 0x00007ffb32d5a000 	C:\Program Files\Android\Android Studio\jre\bin\net.dll
0x00007ffb31c20000 - 0x00007ffb31d2a000 	C:\WINDOWS\SYSTEM32\WINHTTP.dll
0x00007ffb3ff40000 - 0x00007ffb3ffaa000 	C:\WINDOWS\system32\mswsock.dll
0x00007ffb32ac0000 - 0x00007ffb32ad4000 	C:\Program Files\Android\Android Studio\jre\bin\nio.dll

dbghelp: loaded successfully - version: 4.0.5 - missing functions: none
symbol engine: initialized successfully - sym options: 0x614 - pdb path: .;C:\Program Files\Android\Android Studio\jre\bin;C:\WINDOWS\SYSTEM32;C:\WINDOWS\WinSxS\amd64_microsoft.windows.common-controls_6595b64144ccf1df_6.0.19041.1110_none_60b5254171f9507e;C:\Program Files\Android\Android Studio\jre\bin\server

VM Arguments:
java_command: org.jetbrains.kotlin.cli.jvm.K2JVMCompiler @C:\Users\Mickley Khoza\AndroidStudioProjects\Practical02\app\build\20220502_4152791793412926111.compiler.options
java_class_path (initial): C:\Users\Mickley Khoza\.gradle\caches\modules-2\files-2.1\org.jetbrains.kotlin\kotlin-compiler-embeddable\1.5.21\40ddbcae9ff100473f95370c2d589ba3fc48eed5\kotlin-compiler-embeddable-1.5.21.jar;C:\Users\Mickley Khoza\.gradle\caches\modules-2\files-2.1\org.jetbrains.kotlin\kotlin-reflect\1.5.21\802f1f39735ae1eb2b75714a40fa19bb2e687e96\kotlin-reflect-1.5.21.jar;C:\Users\Mickley Khoza\.gradle\caches\modules-2\files-2.1\org.jetbrains.kotlin\kotlin-stdlib\1.5.21\2f537cad7e9eeb9da73738c8812e1e4cf9b62e4e\kotlin-stdlib-1.5.21.jar;C:\Users\Mickley Khoza\.gradle\caches\modules-2\files-2.1\org.jetbrains.kotlin\kotlin-script-runtime\1.5.21\96d49e89873fde985750af354b6eabb60cfa999b\kotlin-script-runtime-1.5.21.jar;C:\Users\Mickley Khoza\.gradle\caches\modules-2\files-2.1\org.jetbrains.kotlin\kotlin-daemon-embeddable\1.5.21\17255809e66a940dfdf6289bccbdfb5a09f3145\kotlin-daemon-embeddable-1.5.21.jar;C:\Users\Mickley Khoza\.gradle\caches\modules-2\files-2.1\org.jetbrains.intellij.deps\trove4j\1.0.20181211\216c2e14b070f334479d800987affe4054cd563f\trove4j-1.0.20181211.jar;C:\Users\Mickley Khoza\.gradle\caches\modules-2\files-2.1\org.jetbrains\annotations\13.0\919f0dfe192fb4e063e7dacadee7f8bb9a2672a9\annotations-13.0.jar;C:\Users\Mickley Khoza\.gradle\caches\modules-2\files-2.1\org.jetbrains.kotlin\kotlin-stdlib-common\1.5.21\cc8bf3586fd2ebcf234058b9440bb406e62dfacb\kotlin-stdlib-common-1.5.21.jar
Launcher Type: SUN_STANDARD

[Global flags]
     intx CICompilerCount                          = 2                                         {product} {ergonomic}
     uint ConcGCThreads                            = 1                                         {product} {ergonomic}
     uint G1ConcRefinementThreads                  = 2                                         {product} {ergonomic}
   size_t G1HeapRegionSize                         = 1048576                                   {product} {ergonomic}
    uintx GCDrainStackTargetSize                   = 64                                        {product} {ergonomic}
   size_t InitialHeapSize                          = 65011712                                  {product} {ergonomic}
   size_t MarkStackSize                            = 4194304                                   {product} {ergonomic}
   size_t MaxHeapSize                              = 1029701632                                {product} {ergonomic}
   size_t MaxNewSize                               = 617611264                                 {product} {ergonomic}
   size_t MinHeapDeltaBytes                        = 1048576                                   {product} {ergonomic}
    uintx NonNMethodCodeHeapSize                   = 5825164                                {pd product} {ergonomic}
    uintx NonProfiledCodeHeapSize                  = 122916538                              {pd product} {ergonomic}
    uintx ProfiledCodeHeapSize                     = 122916538                              {pd product} {ergonomic}
    uintx ReservedCodeCacheSize                    = 251658240                              {pd product} {ergonomic}
     bool SegmentedCodeCache                       = true                                      {product} {ergonomic}
     bool UseCompressedClassPointers               = true                                 {lp64_product} {ergonomic}
     bool UseCompressedOops                        = true                                 {lp64_product} {ergonomic}
     bool UseG1GC                                  = true                                      {product} {ergonomic}
     bool UseLargePagesIndividualAllocation        = false                                  {pd product} {ergonomic}

Logging:
Log output configuration:
 #0: stdout all=warning uptime,level,tags
 #1: stderr all=off uptime,level,tags

Environment Variables:
PATH=C:\Program Files\Common Files\Oracle\Java\javapath;C:\WINDOWS\system32;C:\WINDOWS;C:\WINDOWS\System32\Wbem;C:\WINDOWS\System32\WindowsPowerShell\v1.0\;C:\WINDOWS\System32\OpenSSH\;C:\Users\Administrator\AppData\Local\Microsoft\WindowsApps;C:\Recovery\OEM\Backup\;C:\Program Files\Intel\TXE Components\DAL\;C:\Program Files (x86)\Intel\TXE Components\DAL\;%JAVA_HOME%\bin;C:\Program Files\Git\cmd;C:\WINDOWS\system32;C:\WINDOWS;C:\WINDOWS\System32\Wbem;C:\WINDOWS\System32\WindowsPowerShell\v1.0\;C:\WINDOWS\System32\OpenSSH\;C:\ProgramData\chocolatey\bin;C:\Users\Mickley Khoza\AppData\Local\Microsoft\WindowsApps;;C:\Program Files\JetBrains\IntelliJ IDEA 2021.2.1\bin;
USERNAME=Mickley Khoza
OS=Windows_NT
PROCESSOR_IDENTIFIER=Intel64 Family 6 Model 92 Stepping 9, GenuineIntel



---------------  S Y S T E M  ---------------

OS: Windows 10 , 64 bit Build 19041 (10.0.19041.1645)
OS uptime: 0 days 11:39 hours

CPU:total 2 (initial active 2) (2 cores per cpu, 1 threads per core) family 6 model 92 stepping 9 microcode 0x38, cmov, cx8, fxsr, mmx, sse, sse2, sse3, ssse3, sse4.1, sse4.2, popcnt, aes, clmul, erms, 3dnowpref, tsc, tscinvbit, sha

Memory: 4k page, system-wide physical 3927M (297M free)
TotalPageFile size 6598M (AvailPageFile size 2M)
current process WorkingSet (physical memory assigned to process): 249M, peak: 249M
current process commit charge ("private bytes"): 275M, peak: 275M

vm_info: OpenJDK 64-Bit Server VM (11.0.11+9-b60-7590822) for windows-amd64 JRE (11.0.11+9-b60-7590822), built on Jul 29 2021 21:43:44 by "builder" with MS VC++ 14.0 (VS2015)

END.
